#
# There is insufficient memory for the Java Runtime Environment to continue.
# Native memory allocation (malloc) failed to allocate 1638096 bytes for Chunk::new
# Possible reasons:
#   The system is out of physical RAM or swap space
#   The process is running with CompressedOops enabled, and the Java Heap may be blocking the growth of the native heap
# Possible solutions:
#   Reduce memory load on the system
#   Increase physical memory or swap space
#   Check if swap backing store is full
#   Decrease Java heap size (-Xmx/-Xms)
#   Decrease number of Java threads
#   Decrease Java thread stack sizes (-Xss)
#   Set larger code cache with -XX:ReservedCodeCacheSize=
#   JVM is running with Unscaled Compressed Oops mode in which the Java heap is
#     placed in the first 4GB address space. The Java Heap base address is the
#     maximum limit for the native heap growth. Please use -XX:HeapBaseMinAddress
#     to set the Java Heap base and to place the Java Heap above 4GB virtual address.
# This output file may be truncated or incomplete.
#
#  Out of Memory Error (./src/hotspot/share/memory/arena.cpp:197), pid=7332, tid=6068
#
# JRE version: OpenJDK Runtime Environment (11.0.10) (build 11.0.10+0-b96-7249189)
# Java VM: OpenJDK 64-Bit Server VM (11.0.10+0-b96-7249189, mixed mode, tiered, compressed oops, g1 gc, windows-amd64)
# No core dump will be written. Minidumps are not enabled by default on client versions of Windows
#

---------------  S U M M A R Y ------------

Command Line: --add-opens=java.base/java.util=ALL-UNNAMED --add-opens=java.base/java.lang=ALL-UNNAMED --add-opens=java.base/java.lang.invoke=ALL-UNNAMED --add-opens=java.base/java.util=ALL-UNNAMED --add-opens=java.prefs/java.util.prefs=ALL-UNNAMED --add-opens=java.prefs/java.util.prefs=ALL-UNNAMED --add-opens=java.base/java.nio.charset=ALL-UNNAMED --add-opens=java.base/java.net=ALL-UNNAMED --add-opens=java.base/java.util.concurrent.atomic=ALL-UNNAMED -Xmx1500m -Dfile.encoding=UTF-8 -Duser.country=US -Duser.language=en -Duser.variant org.gradle.launcher.daemon.bootstrap.GradleDaemon 7.0.2

Host: AMD Ryzen 7 4700U with Radeon Graphics         , 8 cores, 7G,  Windows 10 , 64 bit Build 22000 (10.0.22000.318)
Time: Wed Dec 15 23:19:52 2021 Pakistan Standard Time elapsed time: 7.895318 seconds (0d 0h 0m 7s)

---------------  T H R E A D  ---------------

Current thread (0x000001c979efa000):  JavaThread "C2 CompilerThread2" daemon [_thread_in_native, id=6068, stack(0x000000b9d7c00000,0x000000b9d7d00000)]


Current CompileTask:
C2:   7895 8903       4       com.google.common.collect.LinkedListMultimap$DistinctKeyIterator::next (81 bytes)

Stack: [0x000000b9d7c00000,0x000000b9d7d00000]
Native frames: (J=compiled Java code, j=interpreted, Vv=VM code, C=native code)
V  [jvm.dll+0x5ecfaa]
V  [jvm.dll+0x722bd5]
V  [jvm.dll+0x72412d]
V  [jvm.dll+0x7247e3]
V  [jvm.dll+0x242928]
V  [jvm.dll+0xbc4fc]
V  [jvm.dll+0xbca0c]
V  [jvm.dll+0x352d3b]
V  [jvm.dll+0x320ad3]
V  [jvm.dll+0x31ffca]
V  [jvm.dll+0x1fb602]
V  [jvm.dll+0x1fa7f4]
V  [jvm.dll+0x18354c]
V  [jvm.dll+0x208ee7]
V  [jvm.dll+0x207731]
V  [jvm.dll+0x6eb1cf]
V  [jvm.dll+0x6e3d45]
V  [jvm.dll+0x5ebe96]
C  [ucrtbase.dll+0x26c0c]
C  [KERNEL32.DLL+0x154e0]
C  [ntdll.dll+0x485b]


---------------  P R O C E S S  ---------------

Threads class SMR info:
_java_thread_list=0x000001c900554c70, length=63, elements={
0x000001c95b90f000, 0x000001c974908800, 0x000001c97490b800, 0x000001c974916800,
0x000001c9752a2800, 0x000001c97492b000, 0x000001c97492c000, 0x000001c97492f800,
0x000001c974933800, 0x000001c9753e4000, 0x000001c9766a6800, 0x000001c9754b9800,
0x000001c9756f7000, 0x000001c976852000, 0x000001c9772b2800, 0x000001c97748f000,
0x000001c97746f000, 0x000001c9766d0800, 0x000001c9772fb000, 0x000001c9773cd000,
0x000001c9773ce800, 0x000001c9773d0800, 0x000001c9773cf800, 0x000001c977caf800,
0x000001c9773ce000, 0x000001c9773cc000, 0x000001c9773d2800, 0x000001c9773d1000,
0x000001c9773d2000, 0x000001c979efa000, 0x000001c97a74c800, 0x000001c97a74a800,
0x000001c97a74b800, 0x000001c97a74d000, 0x000001c97a74e000, 0x000001c97a753800,
0x000001c97a750800, 0x000001c97a74e800, 0x000001c97a752000, 0x000001c97a753000,
0x000001c97a755800, 0x000001c97a74f800, 0x000001c97a756000, 0x000001c97a757000,
0x000001c97a751000, 0x000001c97a757800, 0x000001c977b81800, 0x000001c977b85800,
0x000001c977b87000, 0x000001c977b88000, 0x000001c977b84000, 0x000001c977b85000,
0x000001c977b86800, 0x000001c977b89000, 0x000001c977b83000, 0x000001c977b8f800,
0x000001c977b8b800, 0x000001c977b8c000, 0x000001c977b89800, 0x000001c977b8d000,
0x000001c977b8e000, 0x000001c977b8e800, 0x000001c977b90000
}

Java Threads: ( => current thread )
  0x000001c95b90f000 JavaThread "main" [_thread_blocked, id=7748, stack(0x000000b9d4f00000,0x000000b9d5000000)]
  0x000001c974908800 JavaThread "Reference Handler" daemon [_thread_blocked, id=15572, stack(0x000000b9d5600000,0x000000b9d5700000)]
  0x000001c97490b800 JavaThread "Finalizer" daemon [_thread_blocked, id=14304, stack(0x000000b9d5700000,0x000000b9d5800000)]
  0x000001c974916800 JavaThread "Signal Dispatcher" daemon [_thread_blocked, id=7624, stack(0x000000b9d5800000,0x000000b9d5900000)]
  0x000001c9752a2800 JavaThread "Attach Listener" daemon [_thread_blocked, id=14568, stack(0x000000b9d5900000,0x000000b9d5a00000)]
  0x000001c97492b000 JavaThread "Service Thread" daemon [_thread_blocked, id=8556, stack(0x000000b9d5a00000,0x000000b9d5b00000)]
  0x000001c97492c000 JavaThread "C2 CompilerThread0" daemon [_thread_in_native, id=16256, stack(0x000000b9d5b00000,0x000000b9d5c00000)]
  0x000001c97492f800 JavaThread "C1 CompilerThread0" daemon [_thread_blocked, id=520, stack(0x000000b9d5c00000,0x000000b9d5d00000)]
  0x000001c974933800 JavaThread "Sweeper thread" daemon [_thread_blocked, id=8592, stack(0x000000b9d5d00000,0x000000b9d5e00000)]
  0x000001c9753e4000 JavaThread "Common-Cleaner" daemon [_thread_blocked, id=12500, stack(0x000000b9d5e00000,0x000000b9d5f00000)]
  0x000001c9766a6800 JavaThread "Daemon health stats" [_thread_blocked, id=10580, stack(0x000000b9d6300000,0x000000b9d6400000)]
  0x000001c9754b9800 JavaThread "Incoming local TCP Connector on port 51500" [_thread_in_native, id=9200, stack(0x000000b9d6000000,0x000000b9d6100000)]
  0x000001c9756f7000 JavaThread "Daemon periodic checks" [_thread_blocked, id=6252, stack(0x000000b9d6100000,0x000000b9d6200000)]
  0x000001c976852000 JavaThread "Daemon" [_thread_blocked, id=17064, stack(0x000000b9d6400000,0x000000b9d6500000)]
  0x000001c9772b2800 JavaThread "Handler for socket connection from /127.0.0.1:51500 to /127.0.0.1:51501" [_thread_in_native, id=2836, stack(0x000000b9d6500000,0x000000b9d6600000)]
  0x000001c97748f000 JavaThread "Cancel handler" [_thread_blocked, id=17224, stack(0x000000b9d6600000,0x000000b9d6700000)]
  0x000001c97746f000 JavaThread "Daemon worker" [_thread_blocked, id=16804, stack(0x000000b9d6700000,0x000000b9d6800000)]
  0x000001c9766d0800 JavaThread "Asynchronous log dispatcher for DefaultDaemonConnection: socket connection from /127.0.0.1:51500 to /127.0.0.1:51501" [_thread_blocked, id=4600, stack(0x000000b9d6800000,0x000000b9d6900000)]
  0x000001c9772fb000 JavaThread "Stdin handler" [_thread_blocked, id=3116, stack(0x000000b9d6900000,0x000000b9d6a00000)]
  0x000001c9773cd000 JavaThread "Daemon client event forwarder" [_thread_blocked, id=17400, stack(0x000000b9d6a00000,0x000000b9d6b00000)]
  0x000001c9773ce800 JavaThread "Cache worker for file hash cache (C:\Users\DELL\.gradle\caches\7.0.2\fileHashes)" [_thread_blocked, id=15124, stack(0x000000b9d7200000,0x000000b9d7300000)]
  0x000001c9773d0800 JavaThread "File lock request listener" [_thread_in_native, id=16796, stack(0x000000b9d7300000,0x000000b9d7400000)]
  0x000001c9773cf800 JavaThread "Cache worker for journal cache (C:\Users\DELL\.gradle\caches\journal-1)" [_thread_blocked, id=2064, stack(0x000000b9d7500000,0x000000b9d7600000)]
  0x000001c977caf800 JavaThread "C2 CompilerThread1" daemon [_thread_in_native, id=16324, stack(0x000000b9d7600000,0x000000b9d7700000)]
  0x000001c9773ce000 JavaThread "Cache worker for file hash cache (D:\TRA\.gradle\7.0.2\fileHashes)" [_thread_blocked, id=10476, stack(0x000000b9d7700000,0x000000b9d7800000)]
  0x000001c9773cc000 JavaThread "File watcher server" daemon [_thread_in_native, id=14492, stack(0x000000b9d7800000,0x000000b9d7900000)]
  0x000001c9773d2800 JavaThread "File watcher consumer" daemon [_thread_blocked, id=13560, stack(0x000000b9d7900000,0x000000b9d7a00000)]
  0x000001c9773d1000 JavaThread "Cache worker for checksums cache (D:\TRA\.gradle\checksums)" [_thread_blocked, id=16220, stack(0x000000b9d7a00000,0x000000b9d7b00000)]
  0x000001c9773d2000 JavaThread "Cache worker for cache directory md-supplier (C:\Users\DELL\.gradle\caches\7.0.2\md-supplier)" [_thread_blocked, id=7560, stack(0x000000b9d7b00000,0x000000b9d7c00000)]
=>0x000001c979efa000 JavaThread "C2 CompilerThread2" daemon [_thread_in_native, id=6068, stack(0x000000b9d7c00000,0x000000b9d7d00000)]
  0x000001c97a74c800 JavaThread "Cache worker for cache directory md-rule (C:\Users\DELL\.gradle\caches\7.0.2\md-rule)" [_thread_blocked, id=14664, stack(0x000000b9d7d00000,0x000000b9d7e00000)]
  0x000001c97a74a800 JavaThread "Cache worker for execution history cache (C:\Users\DELL\.gradle\caches\7.0.2\executionHistory)" [_thread_blocked, id=6792, stack(0x000000b9d7e00000,0x000000b9d7f00000)]
  0x000001c97a74b800 JavaThread "jar transforms" [_thread_blocked, id=17204, stack(0x000000b9d7f00000,0x000000b9d8000000)]
  0x000001c97a74d000 JavaThread "jar transforms Thread 2" [_thread_blocked, id=10612, stack(0x000000b9d8000000,0x000000b9d8100000)]
  0x000001c97a74e000 JavaThread "Cache worker for file content cache (C:\Users\DELL\.gradle\caches\7.0.2\fileContent)" [_thread_blocked, id=13232, stack(0x000000b9d8100000,0x000000b9d8200000)]
  0x000001c97a753800 JavaThread "Cache worker for dependencies-accessors (D:\TRA\.gradle\7.0.2\dependencies-accessors)" [_thread_blocked, id=13684, stack(0x000000b9d8200000,0x000000b9d8300000)]
  0x000001c97a750800 JavaThread "jar transforms Thread 3" [_thread_blocked, id=9376, stack(0x000000b9d8300000,0x000000b9d8400000)]
  0x000001c97a74e800 JavaThread "Cache worker for Build Output Cleanup Cache (D:\TRA\.gradle\buildOutputCleanup)" [_thread_blocked, id=16624, stack(0x000000b9d8400000,0x000000b9d8500000)]
  0x000001c97a752000 JavaThread "Build operations" [_thread_blocked, id=10532, stack(0x000000b9d8500000,0x000000b9d8600000)]
  0x000001c97a753000 JavaThread "Build operations Thread 2" [_thread_blocked, id=7308, stack(0x000000b9d8600000,0x000000b9d8700000)]
  0x000001c97a755800 JavaThread "Build operations Thread 3" [_thread_blocked, id=15320, stack(0x000000b9d8700000,0x000000b9d8800000)]
  0x000001c97a74f800 JavaThread "Build operations Thread 4" [_thread_blocked, id=13168, stack(0x000000b9d8800000,0x000000b9d8900000)]
  0x000001c97a756000 JavaThread "Build operations Thread 5" [_thread_blocked, id=16312, stack(0x000000b9d8900000,0x000000b9d8a00000)]
  0x000001c97a757000 JavaThread "Build operations Thread 6" [_thread_blocked, id=6796, stack(0x000000b9d8a00000,0x000000b9d8b00000)]
  0x000001c97a751000 JavaThread "Build operations Thread 7" [_thread_blocked, id=10392, stack(0x000000b9d8b00000,0x000000b9d8c00000)]
  0x000001c97a757800 JavaThread "Build operations Thread 8" [_thread_blocked, id=14400, stack(0x000000b9d8c00000,0x000000b9d8d00000)]
  0x000001c977b81800 JavaThread "jar transforms Thread 4" [_thread_blocked, id=12376, stack(0x000000b9d8d00000,0x000000b9d8e00000)]
  0x000001c977b85800 JavaThread "jar transforms Thread 5" [_thread_blocked, id=1080, stack(0x000000b9d8e00000,0x000000b9d8f00000)]
  0x000001c977b87000 JavaThread "jar transforms Thread 6" [_thread_blocked, id=14132, stack(0x000000b9d8f00000,0x000000b9d9000000)]
  0x000001c977b88000 JavaThread "jar transforms Thread 7" [_thread_blocked, id=17156, stack(0x000000b9d9000000,0x000000b9d9100000)]
  0x000001c977b84000 JavaThread "jar transforms Thread 8" [_thread_blocked, id=14724, stack(0x000000b9d9100000,0x000000b9d9200000)]
  0x000001c977b85000 JavaThread "Memory manager" [_thread_blocked, id=12228, stack(0x000000b9d9200000,0x000000b9d9300000)]
  0x000001c977b86800 JavaThread "build event listener" [_thread_blocked, id=14320, stack(0x000000b9d9300000,0x000000b9d9400000)]
  0x000001c977b89000 JavaThread "pool-3-thread-1" [_thread_blocked, id=3972, stack(0x000000b9d9400000,0x000000b9d9500000)]
  0x000001c977b83000 JavaThread "build event listener" [_thread_blocked, id=15880, stack(0x000000b9d9500000,0x000000b9d9600000)]
  0x000001c977b8f800 JavaThread "Execution worker for ':'" [_thread_blocked, id=3024, stack(0x000000b9d9600000,0x000000b9d9700000)]
  0x000001c977b8b800 JavaThread "Execution worker for ':' Thread 2" [_thread_blocked, id=13416, stack(0x000000b9d9700000,0x000000b9d9800000)]
  0x000001c977b8c000 JavaThread "Execution worker for ':' Thread 3" [_thread_blocked, id=11092, stack(0x000000b9d9800000,0x000000b9d9900000)]
  0x000001c977b89800 JavaThread "Execution worker for ':' Thread 4" [_thread_blocked, id=16480, stack(0x000000b9d9900000,0x000000b9d9a00000)]
  0x000001c977b8d000 JavaThread "Execution worker for ':' Thread 5" [_thread_blocked, id=15560, stack(0x000000b9d9a00000,0x000000b9d9b00000)]
  0x000001c977b8e000 JavaThread "Execution worker for ':' Thread 6" [_thread_blocked, id=10272, stack(0x000000b9d9b00000,0x000000b9d9c00000)]
  0x000001c977b8e800 JavaThread "Execution worker for ':' Thread 7" [_thread_in_native, id=16244, stack(0x000000b9d9c00000,0x000000b9d9d00000)]
  0x000001c977b90000 JavaThread "Cache worker for execution history cache (D:\TRA\.gradle\7.0.2\executionHistory)" [_thread_blocked, id=16788, stack(0x000000b9d9d00000,0x000000b9d9e00000)]

Other Threads:
  0x000001c9748e6800 VMThread "VM Thread" [stack: 0x000000b9d5500000,0x000000b9d5600000] [id=7080]
  0x000001c97541d000 WatcherThread [stack: 0x000000b9d5f00000,0x000000b9d6000000] [id=3780]
  0x000001c95b926800 GCTaskThread "GC Thread#0" [stack: 0x000000b9d5000000,0x000000b9d5100000] [id=8316]
  0x000001c9761c5800 GCTaskThread "GC Thread#1" [stack: 0x000000b9d6200000,0x000000b9d6300000] [id=14444]
  0x000001c976d75000 GCTaskThread "GC Thread#2" [stack: 0x000000b9d6b00000,0x000000b9d6c00000] [id=16636]
  0x000001c977148800 GCTaskThread "GC Thread#3" [stack: 0x000000b9d6c00000,0x000000b9d6d00000] [id=16612]
  0x000001c9777cb800 GCTaskThread "GC Thread#4" [stack: 0x000000b9d6d00000,0x000000b9d6e00000] [id=15740]
  0x000001c9777cc800 GCTaskThread "GC Thread#5" [stack: 0x000000b9d6e00000,0x000000b9d6f00000] [id=1960]
  0x000001c977460000 GCTaskThread "GC Thread#6" [stack: 0x000000b9d6f00000,0x000000b9d7000000] [id=7088]
  0x000001c977461000 GCTaskThread "GC Thread#7" [stack: 0x000000b9d7000000,0x000000b9d7100000] [id=3724]
  0x000001c95b94d800 ConcurrentGCThread "G1 Main Marker" [stack: 0x000000b9d5100000,0x000000b9d5200000] [id=15028]
  0x000001c95b94f800 ConcurrentGCThread "G1 Conc#0" [stack: 0x000000b9d5200000,0x000000b9d5300000] [id=14856]
  0x000001c9765a3000 ConcurrentGCThread "G1 Conc#1" [stack: 0x000000b9d7400000,0x000000b9d7500000] [id=12512]
  0x000001c95b9e1000 ConcurrentGCThread "G1 Refine#0" [stack: 0x000000b9d5300000,0x000000b9d5400000] [id=15504]
  0x000001c977200800 ConcurrentGCThread "G1 Refine#1" [stack: 0x000000b9d7100000,0x000000b9d7200000] [id=14564]
  0x000001c95b9e2000 ConcurrentGCThread "G1 Young RemSet Sampling" [stack: 0x000000b9d5400000,0x000000b9d5500000] [id=14548]

Threads with active compile tasks:
C2 CompilerThread0   7909 8907       4       com.google.common.collect.ArrayListMultimap::putAll (7 bytes)
C2 CompilerThread1   7909 8902       4       com.google.common.collect.TransformedIterator::next (14 bytes)
C2 CompilerThread2   7909 8903       4       com.google.common.collect.LinkedListMultimap$DistinctKeyIterator::next (81 bytes)

VM state:not at safepoint (normal execution)

VM Mutex/Monitor currently owned by a thread: None

Heap address: 0x00000000a2400000, size: 1500 MB, Compressed Oops mode: 32-bit
Narrow klass base: 0x0000000000000000, Narrow klass shift: 3
Compressed class space size: 1073741824 Address: 0x0000000100000000

Heap:
 garbage-first heap   total 175104K, used 114993K [0x00000000a2400000, 0x0000000100000000)
  region size 1024K, 59 young (60416K), 10 survivors (10240K)
 Metaspace       used 82924K, capacity 85157K, committed 85376K, reserved 1122304K
  class space    used 10748K, capacity 11541K, committed 11648K, reserved 1048576K
Heap Regions: E=young(eden), S=young(survivor), O=old, HS=humongous(starts), HC=humongous(continues), CS=collection set, F=free, A=archive, TAMS=top-at-mark-start (previous, next)
|   0|0x00000000a2400000, 0x00000000a2500000, 0x00000000a2500000|100%| O|  |TAMS 0x00000000a2500000, 0x00000000a2400000| Untracked 
|   1|0x00000000a2500000, 0x00000000a2600000, 0x00000000a2600000|100%| O|  |TAMS 0x00000000a2600000, 0x00000000a2500000| Untracked 
|   2|0x00000000a2600000, 0x00000000a2700000, 0x00000000a2700000|100%| O|  |TAMS 0x00000000a2700000, 0x00000000a2600000| Untracked 
|   3|0x00000000a2700000, 0x00000000a2800000, 0x00000000a2800000|100%|HS|  |TAMS 0x00000000a2800000, 0x00000000a2700000| Complete 
|   4|0x00000000a2800000, 0x00000000a2900000, 0x00000000a2900000|100%|HC|  |TAMS 0x00000000a2900000, 0x00000000a2800000| Complete 
|   5|0x00000000a2900000, 0x00000000a2a00000, 0x00000000a2a00000|100%|HC|  |TAMS 0x00000000a2a00000, 0x00000000a2900000| Complete 
|   6|0x00000000a2a00000, 0x00000000a2b00000, 0x00000000a2b00000|100%| O|  |TAMS 0x00000000a2b00000, 0x00000000a2a00000| Untracked 
|   7|0x00000000a2b00000, 0x00000000a2c00000, 0x00000000a2c00000|100%| O|  |TAMS 0x00000000a2c00000, 0x00000000a2b00000| Untracked 
|   8|0x00000000a2c00000, 0x00000000a2d00000, 0x00000000a2d00000|100%| O|  |TAMS 0x00000000a2d00000, 0x00000000a2c00000| Untracked 
|   9|0x00000000a2d00000, 0x00000000a2e00000, 0x00000000a2e00000|100%| O|  |TAMS 0x00000000a2e00000, 0x00000000a2d00000| Untracked 
|  10|0x00000000a2e00000, 0x00000000a2f00000, 0x00000000a2f00000|100%| O|  |TAMS 0x00000000a2f00000, 0x00000000a2e00000| Untracked 
|  11|0x00000000a2f00000, 0x00000000a3000000, 0x00000000a3000000|100%| O|  |TAMS 0x00000000a3000000, 0x00000000a2f00000| Untracked 
|  12|0x00000000a3000000, 0x00000000a3100000, 0x00000000a3100000|100%| O|  |TAMS 0x00000000a3100000, 0x00000000a3000000| Untracked 
|  13|0x00000000a3100000, 0x00000000a3200000, 0x00000000a3200000|100%| O|  |TAMS 0x00000000a3200000, 0x00000000a3100000| Untracked 
|  14|0x00000000a3200000, 0x00000000a3300000, 0x00000000a3300000|100%| O|  |TAMS 0x00000000a3300000, 0x00000000a3200000| Untracked 
|  15|0x00000000a3300000, 0x00000000a3400000, 0x00000000a3400000|100%| O|  |TAMS 0x00000000a3400000, 0x00000000a3300000| Untracked 
|  16|0x00000000a3400000, 0x00000000a3500000, 0x00000000a3500000|100%| O|  |TAMS 0x00000000a3500000, 0x00000000a3400000| Untracked 
|  17|0x00000000a3500000, 0x00000000a3600000, 0x00000000a3600000|100%|HS|  |TAMS 0x00000000a3600000, 0x00000000a3500000| Complete 
|  18|0x00000000a3600000, 0x00000000a3700000, 0x00000000a3700000|100%| O|  |TAMS 0x00000000a3700000, 0x00000000a3600000| Untracked 
|  19|0x00000000a3700000, 0x00000000a3800000, 0x00000000a3800000|100%| O|  |TAMS 0x00000000a3800000, 0x00000000a3700000| Untracked 
|  20|0x00000000a3800000, 0x00000000a3900000, 0x00000000a3900000|100%| O|  |TAMS 0x00000000a3900000, 0x00000000a3800000| Untracked 
|  21|0x00000000a3900000, 0x00000000a3a00000, 0x00000000a3a00000|100%| O|  |TAMS 0x00000000a3a00000, 0x00000000a3900000| Untracked 
|  22|0x00000000a3a00000, 0x00000000a3b00000, 0x00000000a3b00000|100%| O|  |TAMS 0x00000000a3b00000, 0x00000000a3a00000| Untracked 
|  23|0x00000000a3b00000, 0x00000000a3c00000, 0x00000000a3c00000|100%| O|  |TAMS 0x00000000a3c00000, 0x00000000a3b00000| Untracked 
|  24|0x00000000a3c00000, 0x00000000a3d00000, 0x00000000a3d00000|100%|HS|  |TAMS 0x00000000a3d00000, 0x00000000a3c00000| Complete 
|  25|0x00000000a3d00000, 0x00000000a3e00000, 0x00000000a3e00000|100%|HS|  |TAMS 0x00000000a3e00000, 0x00000000a3d00000| Complete 
|  26|0x00000000a3e00000, 0x00000000a3f00000, 0x00000000a3f00000|100%|HC|  |TAMS 0x00000000a3f00000, 0x00000000a3e00000| Complete 
|  27|0x00000000a3f00000, 0x00000000a4000000, 0x00000000a4000000|100%| O|  |TAMS 0x00000000a4000000, 0x00000000a3f00000| Untracked 
|  28|0x00000000a4000000, 0x00000000a4100000, 0x00000000a4100000|100%| O|  |TAMS 0x00000000a4100000, 0x00000000a4000000| Untracked 
|  29|0x00000000a4100000, 0x00000000a4200000, 0x00000000a4200000|100%| O|  |TAMS 0x00000000a4200000, 0x00000000a4100000| Untracked 
|  30|0x00000000a4200000, 0x00000000a4300000, 0x00000000a4300000|100%| O|  |TAMS 0x00000000a4300000, 0x00000000a4200000| Untracked 
|  31|0x00000000a4300000, 0x00000000a4400000, 0x00000000a4400000|100%| O|  |TAMS 0x00000000a4400000, 0x00000000a4300000| Untracked 
|  32|0x00000000a4400000, 0x00000000a4500000, 0x00000000a4500000|100%| O|  |TAMS 0x00000000a4500000, 0x00000000a4400000| Untracked 
|  33|0x00000000a4500000, 0x00000000a4600000, 0x00000000a4600000|100%| O|  |TAMS 0x00000000a4600000, 0x00000000a4500000| Untracked 
|  34|0x00000000a4600000, 0x00000000a4700000, 0x00000000a4700000|100%| O|  |TAMS 0x00000000a4700000, 0x00000000a4600000| Untracked 
|  35|0x00000000a4700000, 0x00000000a4800000, 0x00000000a4800000|100%| O|  |TAMS 0x00000000a4800000, 0x00000000a4700000| Untracked 
|  36|0x00000000a4800000, 0x00000000a4900000, 0x00000000a4900000|100%| O|  |TAMS 0x00000000a4900000, 0x00000000a4800000| Untracked 
|  37|0x00000000a4900000, 0x00000000a4a00000, 0x00000000a4a00000|100%| O|  |TAMS 0x00000000a4a00000, 0x00000000a4900000| Untracked 
|  38|0x00000000a4a00000, 0x00000000a4b00000, 0x00000000a4b00000|100%| O|  |TAMS 0x00000000a4b00000, 0x00000000a4a00000| Untracked 
|  39|0x00000000a4b00000, 0x00000000a4c00000, 0x00000000a4c00000|100%| O|  |TAMS 0x00000000a4bc1600, 0x00000000a4b00000| Untracked 
|  40|0x00000000a4c00000, 0x00000000a4d00000, 0x00000000a4d00000|100%| O|  |TAMS 0x00000000a4c00000, 0x00000000a4c00000| Untracked 
|  41|0x00000000a4d00000, 0x00000000a4e00000, 0x00000000a4e00000|100%| O|  |TAMS 0x00000000a4d00000, 0x00000000a4d00000| Untracked 
|  42|0x00000000a4e00000, 0x00000000a4f00000, 0x00000000a4f00000|100%| O|  |TAMS 0x00000000a4e00000, 0x00000000a4e00000| Untracked 
|  43|0x00000000a4f00000, 0x00000000a5000000, 0x00000000a5000000|100%| O|  |TAMS 0x00000000a4f00000, 0x00000000a4f00000| Untracked 
|  44|0x00000000a5000000, 0x00000000a5100000, 0x00000000a5100000|100%| O|  |TAMS 0x00000000a5000000, 0x00000000a5000000| Untracked 
|  45|0x00000000a5100000, 0x00000000a5200000, 0x00000000a5200000|100%| O|  |TAMS 0x00000000a5100000, 0x00000000a5100000| Untracked 
|  46|0x00000000a5200000, 0x00000000a5300000, 0x00000000a5300000|100%| O|  |TAMS 0x00000000a5200000, 0x00000000a5200000| Untracked 
|  47|0x00000000a5300000, 0x00000000a5400000, 0x00000000a5400000|100%| O|  |TAMS 0x00000000a5300000, 0x00000000a5300000| Untracked 
|  48|0x00000000a5400000, 0x00000000a5500000, 0x00000000a5500000|100%| O|  |TAMS 0x00000000a5400000, 0x00000000a5400000| Untracked 
|  49|0x00000000a5500000, 0x00000000a5600000, 0x00000000a5600000|100%| O|  |TAMS 0x00000000a5500000, 0x00000000a5500000| Untracked 
|  50|0x00000000a5600000, 0x00000000a5700000, 0x00000000a5700000|100%| O|  |TAMS 0x00000000a5600000, 0x00000000a5600000| Untracked 
|  51|0x00000000a5700000, 0x00000000a5800000, 0x00000000a5800000|100%| O|  |TAMS 0x00000000a5700000, 0x00000000a5700000| Untracked 
|  52|0x00000000a5800000, 0x00000000a5900000, 0x00000000a5900000|100%| O|  |TAMS 0x00000000a5800000, 0x00000000a5800000| Untracked 
|  53|0x00000000a5900000, 0x00000000a594c400, 0x00000000a5a00000| 29%| O|  |TAMS 0x00000000a5900000, 0x00000000a5900000| Untracked 
|  54|0x00000000a5a00000, 0x00000000a5b00000, 0x00000000a5b00000|100%|HS|  |TAMS 0x00000000a5a00000, 0x00000000a5a00000| Complete 
|  55|0x00000000a5b00000, 0x00000000a5c00000, 0x00000000a5c00000|100%|HC|  |TAMS 0x00000000a5b00000, 0x00000000a5b00000| Complete 
|  56|0x00000000a5c00000, 0x00000000a5c00000, 0x00000000a5d00000|  0%| F|  |TAMS 0x00000000a5c00000, 0x00000000a5c00000| Untracked 
|  57|0x00000000a5d00000, 0x00000000a5d00000, 0x00000000a5e00000|  0%| F|  |TAMS 0x00000000a5d00000, 0x00000000a5d00000| Untracked 
|  58|0x00000000a5e00000, 0x00000000a5e00000, 0x00000000a5f00000|  0%| F|  |TAMS 0x00000000a5e00000, 0x00000000a5e00000| Untracked 
|  59|0x00000000a5f00000, 0x00000000a5f00000, 0x00000000a6000000|  0%| F|  |TAMS 0x00000000a5f00000, 0x00000000a5f00000| Untracked 
|  60|0x00000000a6000000, 0x00000000a6000000, 0x00000000a6100000|  0%| F|  |TAMS 0x00000000a6000000, 0x00000000a6000000| Untracked 
|  61|0x00000000a6100000, 0x00000000a6100000, 0x00000000a6200000|  0%| F|  |TAMS 0x00000000a6100000, 0x00000000a6100000| Untracked 
|  62|0x00000000a6200000, 0x00000000a6200000, 0x00000000a6300000|  0%| F|  |TAMS 0x00000000a6200000, 0x00000000a6200000| Untracked 
|  63|0x00000000a6300000, 0x00000000a6300000, 0x00000000a6400000|  0%| F|  |TAMS 0x00000000a6300000, 0x00000000a6300000| Untracked 
|  64|0x00000000a6400000, 0x00000000a6400000, 0x00000000a6500000|  0%| F|  |TAMS 0x00000000a6400000, 0x00000000a6400000| Untracked 
|  65|0x00000000a6500000, 0x00000000a6500000, 0x00000000a6600000|  0%| F|  |TAMS 0x00000000a6500000, 0x00000000a6500000| Untracked 
|  66|0x00000000a6600000, 0x00000000a6600000, 0x00000000a6700000|  0%| F|  |TAMS 0x00000000a6600000, 0x00000000a6600000| Untracked 
|  67|0x00000000a6700000, 0x00000000a6700000, 0x00000000a6800000|  0%| F|  |TAMS 0x00000000a6700000, 0x00000000a6700000| Untracked 
|  68|0x00000000a6800000, 0x00000000a6800000, 0x00000000a6900000|  0%| F|  |TAMS 0x00000000a6800000, 0x00000000a6800000| Untracked 
|  69|0x00000000a6900000, 0x00000000a6900000, 0x00000000a6a00000|  0%| F|  |TAMS 0x00000000a6900000, 0x00000000a6900000| Untracked 
|  70|0x00000000a6a00000, 0x00000000a6a00000, 0x00000000a6b00000|  0%| F|  |TAMS 0x00000000a6a00000, 0x00000000a6a00000| Untracked 
|  71|0x00000000a6b00000, 0x00000000a6b00000, 0x00000000a6c00000|  0%| F|  |TAMS 0x00000000a6b00000, 0x00000000a6b00000| Untracked 
|  72|0x00000000a6c00000, 0x00000000a6c00000, 0x00000000a6d00000|  0%| F|  |TAMS 0x00000000a6c00000, 0x00000000a6c00000| Untracked 
|  73|0x00000000a6d00000, 0x00000000a6d00000, 0x00000000a6e00000|  0%| F|  |TAMS 0x00000000a6d00000, 0x00000000a6d00000| Untracked 
|  74|0x00000000a6e00000, 0x00000000a6e00000, 0x00000000a6f00000|  0%| F|  |TAMS 0x00000000a6e00000, 0x00000000a6e00000| Untracked 
|  75|0x00000000a6f00000, 0x00000000a6f00000, 0x00000000a7000000|  0%| F|  |TAMS 0x00000000a6f00000, 0x00000000a6f00000| Untracked 
|  76|0x00000000a7000000, 0x00000000a7000000, 0x00000000a7100000|  0%| F|  |TAMS 0x00000000a7000000, 0x00000000a7000000| Untracked 
|  77|0x00000000a7100000, 0x00000000a7100000, 0x00000000a7200000|  0%| F|  |TAMS 0x00000000a7100000, 0x00000000a7100000| Untracked 
|  78|0x00000000a7200000, 0x00000000a7200000, 0x00000000a7300000|  0%| F|  |TAMS 0x00000000a7200000, 0x00000000a7200000| Untracked 
|  79|0x00000000a7300000, 0x00000000a7300000, 0x00000000a7400000|  0%| F|  |TAMS 0x00000000a7300000, 0x00000000a7300000| Untracked 
|  80|0x00000000a7400000, 0x00000000a7400000, 0x00000000a7500000|  0%| F|  |TAMS 0x00000000a7400000, 0x00000000a7400000| Untracked 
|  81|0x00000000a7500000, 0x00000000a7500000, 0x00000000a7600000|  0%| F|  |TAMS 0x00000000a7500000, 0x00000000a7500000| Untracked 
|  82|0x00000000a7600000, 0x00000000a7600000, 0x00000000a7700000|  0%| F|  |TAMS 0x00000000a7600000, 0x00000000a7600000| Untracked 
|  83|0x00000000a7700000, 0x00000000a7700000, 0x00000000a7800000|  0%| F|  |TAMS 0x00000000a7700000, 0x00000000a7700000| Untracked 
|  84|0x00000000a7800000, 0x00000000a7800000, 0x00000000a7900000|  0%| F|  |TAMS 0x00000000a7800000, 0x00000000a7800000| Untracked 
|  85|0x00000000a7900000, 0x00000000a7900000, 0x00000000a7a00000|  0%| F|  |TAMS 0x00000000a7900000, 0x00000000a7900000| Untracked 
|  86|0x00000000a7a00000, 0x00000000a7b00000, 0x00000000a7b00000|100%| S|CS|TAMS 0x00000000a7a00000, 0x00000000a7a00000| Complete 
|  87|0x00000000a7b00000, 0x00000000a7c00000, 0x00000000a7c00000|100%| S|CS|TAMS 0x00000000a7b00000, 0x00000000a7b00000| Complete 
|  88|0x00000000a7c00000, 0x00000000a7d00000, 0x00000000a7d00000|100%| S|CS|TAMS 0x00000000a7c00000, 0x00000000a7c00000| Complete 
|  89|0x00000000a7d00000, 0x00000000a7e00000, 0x00000000a7e00000|100%| S|CS|TAMS 0x00000000a7d00000, 0x00000000a7d00000| Complete 
|  90|0x00000000a7e00000, 0x00000000a7f00000, 0x00000000a7f00000|100%| S|CS|TAMS 0x00000000a7e00000, 0x00000000a7e00000| Complete 
|  91|0x00000000a7f00000, 0x00000000a8000000, 0x00000000a8000000|100%| S|CS|TAMS 0x00000000a7f00000, 0x00000000a7f00000| Complete 
|  92|0x00000000a8000000, 0x00000000a8000000, 0x00000000a8100000|  0%| F|  |TAMS 0x00000000a8000000, 0x00000000a8000000| Untracked 
|  93|0x00000000a8100000, 0x00000000a8100000, 0x00000000a8200000|  0%| F|  |TAMS 0x00000000a8100000, 0x00000000a8100000| Untracked 
|  94|0x00000000a8200000, 0x00000000a8200000, 0x00000000a8300000|  0%| F|  |TAMS 0x00000000a8200000, 0x00000000a8200000| Untracked 
|  95|0x00000000a8300000, 0x00000000a8300000, 0x00000000a8400000|  0%| F|  |TAMS 0x00000000a8300000, 0x00000000a8300000| Untracked 
|  96|0x00000000a8400000, 0x00000000a8400000, 0x00000000a8500000|  0%| F|  |TAMS 0x00000000a8400000, 0x00000000a8400000| Untracked 
|  97|0x00000000a8500000, 0x00000000a8500000, 0x00000000a8600000|  0%| F|  |TAMS 0x00000000a8500000, 0x00000000a8500000| Untracked 
|  98|0x00000000a8600000, 0x00000000a8600000, 0x00000000a8700000|  0%| F|  |TAMS 0x00000000a8600000, 0x00000000a8600000| Untracked 
|  99|0x00000000a8700000, 0x00000000a8700000, 0x00000000a8800000|  0%| F|  |TAMS 0x00000000a8700000, 0x00000000a8700000| Untracked 
| 100|0x00000000a8800000, 0x00000000a8800000, 0x00000000a8900000|  0%| F|  |TAMS 0x00000000a8800000, 0x00000000a8800000| Untracked 
| 101|0x00000000a8900000, 0x00000000a8a00000, 0x00000000a8a00000|100%| S|CS|TAMS 0x00000000a8900000, 0x00000000a8900000| Complete 
| 102|0x00000000a8a00000, 0x00000000a8b00000, 0x00000000a8b00000|100%| S|CS|TAMS 0x00000000a8a00000, 0x00000000a8a00000| Complete 
| 103|0x00000000a8b00000, 0x00000000a8c00000, 0x00000000a8c00000|100%| S|CS|TAMS 0x00000000a8b00000, 0x00000000a8b00000| Complete 
| 104|0x00000000a8c00000, 0x00000000a8d00000, 0x00000000a8d00000|100%| S|CS|TAMS 0x00000000a8c00000, 0x00000000a8c00000| Complete 
| 105|0x00000000a8d00000, 0x00000000a8d00000, 0x00000000a8e00000|  0%| F|  |TAMS 0x00000000a8d00000, 0x00000000a8d00000| Untracked 
| 106|0x00000000a8e00000, 0x00000000a8e00000, 0x00000000a8f00000|  0%| F|  |TAMS 0x00000000a8e00000, 0x00000000a8e00000| Untracked 
| 107|0x00000000a8f00000, 0x00000000a8f00000, 0x00000000a9000000|  0%| F|  |TAMS 0x00000000a8f00000, 0x00000000a8f00000| Untracked 
| 108|0x00000000a9000000, 0x00000000a9000000, 0x00000000a9100000|  0%| F|  |TAMS 0x00000000a9000000, 0x00000000a9000000| Untracked 
| 109|0x00000000a9100000, 0x00000000a9100000, 0x00000000a9200000|  0%| F|  |TAMS 0x00000000a9100000, 0x00000000a9100000| Untracked 
| 110|0x00000000a9200000, 0x00000000a9200000, 0x00000000a9300000|  0%| F|  |TAMS 0x00000000a9200000, 0x00000000a9200000| Untracked 
| 111|0x00000000a9300000, 0x00000000a9300000, 0x00000000a9400000|  0%| F|  |TAMS 0x00000000a9300000, 0x00000000a9300000| Untracked 
| 112|0x00000000a9400000, 0x00000000a9400000, 0x00000000a9500000|  0%| F|  |TAMS 0x00000000a9400000, 0x00000000a9400000| Untracked 
| 113|0x00000000a9500000, 0x00000000a9500000, 0x00000000a9600000|  0%| F|  |TAMS 0x00000000a9500000, 0x00000000a9500000| Untracked 
| 114|0x00000000a9600000, 0x00000000a9600000, 0x00000000a9700000|  0%| F|  |TAMS 0x00000000a9600000, 0x00000000a9600000| Untracked 
| 115|0x00000000a9700000, 0x00000000a9700000, 0x00000000a9800000|  0%| F|  |TAMS 0x00000000a9700000, 0x00000000a9700000| Untracked 
| 116|0x00000000a9800000, 0x00000000a9800000, 0x00000000a9900000|  0%| F|  |TAMS 0x00000000a9800000, 0x00000000a9800000| Untracked 
| 117|0x00000000a9900000, 0x00000000a9900000, 0x00000000a9a00000|  0%| F|  |TAMS 0x00000000a9900000, 0x00000000a9900000| Untracked 
| 118|0x00000000a9a00000, 0x00000000a9a00000, 0x00000000a9b00000|  0%| F|  |TAMS 0x00000000a9a00000, 0x00000000a9a00000| Untracked 
| 119|0x00000000a9b00000, 0x00000000a9b00000, 0x00000000a9c00000|  0%| F|  |TAMS 0x00000000a9b00000, 0x00000000a9b00000| Untracked 
| 120|0x00000000a9c00000, 0x00000000a9c00000, 0x00000000a9d00000|  0%| F|  |TAMS 0x00000000a9c00000, 0x00000000a9c00000| Untracked 
| 121|0x00000000a9d00000, 0x00000000a9d00000, 0x00000000a9e00000|  0%| F|  |TAMS 0x00000000a9d00000, 0x00000000a9d00000| Untracked 
| 122|0x00000000a9e00000, 0x00000000a9e81678, 0x00000000a9f00000| 50%| E|  |TAMS 0x00000000a9e00000, 0x00000000a9e00000| Complete 
| 123|0x00000000a9f00000, 0x00000000aa000000, 0x00000000aa000000|100%| E|CS|TAMS 0x00000000a9f00000, 0x00000000a9f00000| Complete 
| 124|0x00000000aa000000, 0x00000000aa100000, 0x00000000aa100000|100%| E|CS|TAMS 0x00000000aa000000, 0x00000000aa000000| Complete 
| 125|0x00000000aa100000, 0x00000000aa200000, 0x00000000aa200000|100%| E|CS|TAMS 0x00000000aa100000, 0x00000000aa100000| Complete 
| 126|0x00000000aa200000, 0x00000000aa300000, 0x00000000aa300000|100%| E|CS|TAMS 0x00000000aa200000, 0x00000000aa200000| Complete 
| 127|0x00000000aa300000, 0x00000000aa400000, 0x00000000aa400000|100%| E|CS|TAMS 0x00000000aa300000, 0x00000000aa300000| Complete 
| 128|0x00000000aa400000, 0x00000000aa500000, 0x00000000aa500000|100%| E|CS|TAMS 0x00000000aa400000, 0x00000000aa400000| Complete 
| 129|0x00000000aa500000, 0x00000000aa600000, 0x00000000aa600000|100%| E|CS|TAMS 0x00000000aa500000, 0x00000000aa500000| Complete 
| 130|0x00000000aa600000, 0x00000000aa700000, 0x00000000aa700000|100%| E|CS|TAMS 0x00000000aa600000, 0x00000000aa600000| Complete 
| 131|0x00000000aa700000, 0x00000000aa800000, 0x00000000aa800000|100%| E|CS|TAMS 0x00000000aa700000, 0x00000000aa700000| Complete 
| 132|0x00000000aa800000, 0x00000000aa900000, 0x00000000aa900000|100%| E|CS|TAMS 0x00000000aa800000, 0x00000000aa800000| Complete 
| 133|0x00000000aa900000, 0x00000000aaa00000, 0x00000000aaa00000|100%| E|CS|TAMS 0x00000000aa900000, 0x00000000aa900000| Complete 
| 134|0x00000000aaa00000, 0x00000000aab00000, 0x00000000aab00000|100%| E|CS|TAMS 0x00000000aaa00000, 0x00000000aaa00000| Complete 
| 135|0x00000000aab00000, 0x00000000aac00000, 0x00000000aac00000|100%| E|CS|TAMS 0x00000000aab00000, 0x00000000aab00000| Complete 
| 136|0x00000000aac00000, 0x00000000aad00000, 0x00000000aad00000|100%| E|CS|TAMS 0x00000000aac00000, 0x00000000aac00000| Complete 
| 137|0x00000000aad00000, 0x00000000aae00000, 0x00000000aae00000|100%| E|CS|TAMS 0x00000000aad00000, 0x00000000aad00000| Complete 
| 138|0x00000000aae00000, 0x00000000aaf00000, 0x00000000aaf00000|100%| E|CS|TAMS 0x00000000aae00000, 0x00000000aae00000| Complete 
| 139|0x00000000aaf00000, 0x00000000ab000000, 0x00000000ab000000|100%| E|CS|TAMS 0x00000000aaf00000, 0x00000000aaf00000| Complete 
| 140|0x00000000ab000000, 0x00000000ab100000, 0x00000000ab100000|100%| E|CS|TAMS 0x00000000ab000000, 0x00000000ab000000| Complete 
| 141|0x00000000ab100000, 0x00000000ab200000, 0x00000000ab200000|100%| E|CS|TAMS 0x00000000ab100000, 0x00000000ab100000| Complete 
| 142|0x00000000ab200000, 0x00000000ab300000, 0x00000000ab300000|100%| E|CS|TAMS 0x00000000ab200000, 0x00000000ab200000| Complete 
| 143|0x00000000ab300000, 0x00000000ab400000, 0x00000000ab400000|100%| E|CS|TAMS 0x00000000ab300000, 0x00000000ab300000| Complete 
| 144|0x00000000ab400000, 0x00000000ab500000, 0x00000000ab500000|100%| E|CS|TAMS 0x00000000ab400000, 0x00000000ab400000| Complete 
| 145|0x00000000ab500000, 0x00000000ab600000, 0x00000000ab600000|100%| E|CS|TAMS 0x00000000ab500000, 0x00000000ab500000| Complete 
| 146|0x00000000ab600000, 0x00000000ab700000, 0x00000000ab700000|100%| E|CS|TAMS 0x00000000ab600000, 0x00000000ab600000| Complete 
| 147|0x00000000ab700000, 0x00000000ab800000, 0x00000000ab800000|100%| E|CS|TAMS 0x00000000ab700000, 0x00000000ab700000| Complete 
| 148|0x00000000ab800000, 0x00000000ab900000, 0x00000000ab900000|100%| E|CS|TAMS 0x00000000ab800000, 0x00000000ab800000| Complete 
| 149|0x00000000ab900000, 0x00000000aba00000, 0x00000000aba00000|100%| E|CS|TAMS 0x00000000ab900000, 0x00000000ab900000| Complete 
| 150|0x00000000aba00000, 0x00000000abb00000, 0x00000000abb00000|100%| E|CS|TAMS 0x00000000aba00000, 0x00000000aba00000| Complete 
| 151|0x00000000abb00000, 0x00000000abc00000, 0x00000000abc00000|100%| E|CS|TAMS 0x00000000abb00000, 0x00000000abb00000| Complete 
| 152|0x00000000abc00000, 0x00000000abd00000, 0x00000000abd00000|100%| E|CS|TAMS 0x00000000abc00000, 0x00000000abc00000| Complete 
| 153|0x00000000abd00000, 0x00000000abe00000, 0x00000000abe00000|100%| E|CS|TAMS 0x00000000abd00000, 0x00000000abd00000| Complete 
| 154|0x00000000abe00000, 0x00000000abf00000, 0x00000000abf00000|100%| E|CS|TAMS 0x00000000abe00000, 0x00000000abe00000| Complete 
| 155|0x00000000abf00000, 0x00000000ac000000, 0x00000000ac000000|100%| E|CS|TAMS 0x00000000abf00000, 0x00000000abf00000| Complete 
| 156|0x00000000ac000000, 0x00000000ac100000, 0x00000000ac100000|100%| E|CS|TAMS 0x00000000ac000000, 0x00000000ac000000| Complete 
| 157|0x00000000ac100000, 0x00000000ac200000, 0x00000000ac200000|100%| E|CS|TAMS 0x00000000ac100000, 0x00000000ac100000| Complete 
| 158|0x00000000ac200000, 0x00000000ac300000, 0x00000000ac300000|100%| E|CS|TAMS 0x00000000ac200000, 0x00000000ac200000| Complete 
| 159|0x00000000ac300000, 0x00000000ac400000, 0x00000000ac400000|100%| E|CS|TAMS 0x00000000ac300000, 0x00000000ac300000| Complete 
| 160|0x00000000ac400000, 0x00000000ac500000, 0x00000000ac500000|100%| E|CS|TAMS 0x00000000ac400000, 0x00000000ac400000| Complete 
| 161|0x00000000ac500000, 0x00000000ac600000, 0x00000000ac600000|100%| E|CS|TAMS 0x00000000ac500000, 0x00000000ac500000| Complete 
| 162|0x00000000ac600000, 0x00000000ac700000, 0x00000000ac700000|100%| E|  |TAMS 0x00000000ac600000, 0x00000000ac600000| Complete 
| 163|0x00000000ac700000, 0x00000000ac800000, 0x00000000ac800000|100%| E|CS|TAMS 0x00000000ac700000, 0x00000000ac700000| Complete 
| 164|0x00000000ac800000, 0x00000000ac900000, 0x00000000ac900000|100%| E|CS|TAMS 0x00000000ac800000, 0x00000000ac800000| Complete 
| 165|0x00000000ac900000, 0x00000000aca00000, 0x00000000aca00000|100%| E|CS|TAMS 0x00000000ac900000, 0x00000000ac900000| Complete 
| 166|0x00000000aca00000, 0x00000000acb00000, 0x00000000acb00000|100%| E|CS|TAMS 0x00000000aca00000, 0x00000000aca00000| Complete 
| 167|0x00000000acb00000, 0x00000000acc00000, 0x00000000acc00000|100%| E|CS|TAMS 0x00000000acb00000, 0x00000000acb00000| Complete 
| 168|0x00000000acc00000, 0x00000000acd00000, 0x00000000acd00000|100%| E|CS|TAMS 0x00000000acc00000, 0x00000000acc00000| Complete 
| 169|0x00000000acd00000, 0x00000000ace00000, 0x00000000ace00000|100%| E|CS|TAMS 0x00000000acd00000, 0x00000000acd00000| Complete 
| 170|0x00000000ace00000, 0x00000000acf00000, 0x00000000acf00000|100%| E|CS|TAMS 0x00000000ace00000, 0x00000000ace00000| Complete 

Card table byte_map: [0x000001c96ea20000,0x000001c96ed10000] _byte_map_base: 0x000001c96e50e000

Marking Bits (Prev, Next): (CMBitMap*) 0x000001c95b946e60, (CMBitMap*) 0x000001c95b946e28
 Prev Bits: [0x000001c970770000, 0x000001c971ee0000)
 Next Bits: [0x000001c96f000000, 0x000001c970770000)

Polling page: 0x000001c959900000

Metaspace:

Usage:
  Non-class:     71.89 MB capacity,    70.48 MB ( 98%) used,     1.17 MB (  2%) free+waste,   239.38 KB ( <1%) overhead. 
      Class:     11.27 MB capacity,    10.50 MB ( 93%) used,   680.98 KB (  6%) free+waste,   111.25 KB ( <1%) overhead. 
       Both:     83.16 MB capacity,    80.98 MB ( 97%) used,     1.84 MB (  2%) free+waste,   350.63 KB ( <1%) overhead. 

Virtual space:
  Non-class space:       72.00 MB reserved,      72.00 MB (100%) committed 
      Class space:        1.00 GB reserved,      11.38 MB (  1%) committed 
             Both:        1.07 GB reserved,      83.38 MB (  8%) committed 

Chunk freelists:
   Non-Class:  48.00 KB
       Class:  11.00 KB
        Both:  59.00 KB

MaxMetaspaceSize: 17179869184.00 GB
CompressedClassSpaceSize: 1.00 GB

CodeHeap 'non-profiled nmethods': size=120000Kb used=5546Kb max_used=5546Kb free=114453Kb
 bounds [0x000001c966ed0000, 0x000001c967440000, 0x000001c96e400000]
CodeHeap 'profiled nmethods': size=120000Kb used=18836Kb max_used=18836Kb free=101163Kb
 bounds [0x000001c95f9a0000, 0x000001c960c10000, 0x000001c966ed0000]
CodeHeap 'non-nmethods': size=5760Kb used=2274Kb max_used=2337Kb free=3485Kb
 bounds [0x000001c95f400000, 0x000001c95f670000, 0x000001c95f9a0000]
 total_blobs=9808 nmethods=8934 adapters=785
 compilation: enabled
              stopped_count=0, restarted_count=0
 full_count=0

Compilation events (20 events):
Event: 7.877 Thread 0x000001c97492f800 8966       3       com.android.ide.common.resources.ResourceMerger::requiresMerge (29 bytes)
Event: 7.877 Thread 0x000001c97492f800 nmethod 8966 0x000001c960bf2110 code [0x000001c960bf2380, 0x000001c960bf2b98]
Event: 7.877 Thread 0x000001c97492f800 8967   !   3       java.util.AbstractSequentialList::get (39 bytes)
Event: 7.878 Thread 0x000001c97492f800 nmethod 8967 0x000001c960bf2f10 code [0x000001c960bf31a0, 0x000001c960bf3b78]
Event: 7.878 Thread 0x000001c97492f800 8969       3       com.android.ide.common.resources.MergedResourceWriter::ignoreItemInMerge (5 bytes)
Event: 7.878 Thread 0x000001c97492f800 nmethod 8969 0x000001c960bf3f90 code [0x000001c960bf4140, 0x000001c960bf42d8]
Event: 7.878 Thread 0x000001c97492f800 8968       3       com.android.ide.common.resources.MergedResourceWriter::ignoreItemInMerge (9 bytes)
Event: 7.878 Thread 0x000001c97492f800 nmethod 8968 0x000001c960bf4390 code [0x000001c960bf4560, 0x000001c960bf4858]
Event: 7.878 Thread 0x000001c97492f800 8970       3       com.android.ide.common.resources.MergedResourceWriter::addItem (9 bytes)
Event: 7.878 Thread 0x000001c97492f800 nmethod 8970 0x000001c960bf4990 code [0x000001c960bf4b60, 0x000001c960bf4d88]
Event: 7.878 Thread 0x000001c97492f800 8971   !   3       com.android.ide.common.resources.MergedResourceWriter::addItem (200 bytes)
Event: 7.879 Thread 0x000001c97492f800 nmethod 8971 0x000001c960bf4e90 code [0x000001c960bf51c0, 0x000001c960bf65b8]
Event: 7.879 Thread 0x000001c97492f800 8974       3       com.android.ide.common.resources.ResourceMerger::filterAccept (36 bytes)
Event: 7.879 Thread 0x000001c97492f800 nmethod 8974 0x000001c960bf6d10 code [0x000001c960bf6f00, 0x000001c960bf7268]
Event: 7.879 Thread 0x000001c97492f800 8972       3       com.android.ide.common.resources.DataItem::isWritten (16 bytes)
Event: 7.879 Thread 0x000001c97492f800 nmethod 8972 0x000001c960bf7390 code [0x000001c960bf7540, 0x000001c960bf7698]
Event: 7.879 Thread 0x000001c97492f800 8973       3       com.android.ide.common.resources.ResourceMerger::filterAccept (9 bytes)
Event: 7.879 Thread 0x000001c97492f800 nmethod 8973 0x000001c960bf7710 code [0x000001c960bf78e0, 0x000001c960bf7b08]
Event: 7.892 Thread 0x000001c97492f800 8981   !   3       jdk.internal.loader.Resource::getBytes (242 bytes)
Event: 7.893 Thread 0x000001c97492f800 nmethod 8981 0x000001c960bf7c10 code [0x000001c960bf7f60, 0x000001c960bf9908]

GC Heap History (20 events):
Event: 2.493 GC heap before
{Heap before GC invocations=6 (full 0):
 garbage-first heap   total 120832K, used 31033K [0x00000000a2400000, 0x0000000100000000)
  region size 1024K, 16 young (16384K), 5 survivors (5120K)
 Metaspace       used 34996K, capacity 35798K, committed 35840K, reserved 1081344K
  class space    used 4537K, capacity 4832K, committed 4864K, reserved 1048576K
}
Event: 2.500 GC heap after
{Heap after GC invocations=7 (full 0):
 garbage-first heap   total 120832K, used 22505K [0x00000000a2400000, 0x0000000100000000)
  region size 1024K, 6 young (6144K), 6 survivors (6144K)
 Metaspace       used 34996K, capacity 35798K, committed 35840K, reserved 1081344K
  class space    used 4537K, capacity 4832K, committed 4864K, reserved 1048576K
}
Event: 2.878 GC heap before
{Heap before GC invocations=8 (full 0):
 garbage-first heap   total 120832K, used 72681K [0x00000000a2400000, 0x0000000100000000)
  region size 1024K, 53 young (54272K), 6 survivors (6144K)
 Metaspace       used 38586K, capacity 39502K, committed 39680K, reserved 1083392K
  class space    used 4922K, capacity 5251K, committed 5376K, reserved 1048576K
}
Event: 2.886 GC heap after
{Heap after GC invocations=9 (full 0):
 garbage-first heap   total 145408K, used 26260K [0x00000000a2400000, 0x0000000100000000)
  region size 1024K, 7 young (7168K), 7 survivors (7168K)
 Metaspace       used 38586K, capacity 39502K, committed 39680K, reserved 1083392K
  class space    used 4922K, capacity 5251K, committed 5376K, reserved 1048576K
}
Event: 3.406 GC heap before
{Heap before GC invocations=9 (full 0):
 garbage-first heap   total 145408K, used 87700K [0x00000000a2400000, 0x0000000100000000)
  region size 1024K, 66 young (67584K), 7 survivors (7168K)
 Metaspace       used 43773K, capacity 44906K, committed 44928K, reserved 1087488K
  class space    used 5621K, capacity 6003K, committed 6016K, reserved 1048576K
}
Event: 3.418 GC heap after
{Heap after GC invocations=10 (full 0):
 garbage-first heap   total 145408K, used 29194K [0x00000000a2400000, 0x0000000100000000)
  region size 1024K, 7 young (7168K), 7 survivors (7168K)
 Metaspace       used 43773K, capacity 44906K, committed 44928K, reserved 1087488K
  class space    used 5621K, capacity 6003K, committed 6016K, reserved 1048576K
}
Event: 3.968 GC heap before
{Heap before GC invocations=10 (full 0):
 garbage-first heap   total 145408K, used 95754K [0x00000000a2400000, 0x0000000100000000)
  region size 1024K, 68 young (69632K), 7 survivors (7168K)
 Metaspace       used 47288K, capacity 48575K, committed 48768K, reserved 1091584K
  class space    used 6062K, capacity 6515K, committed 6528K, reserved 1048576K
}
Event: 3.975 GC heap after
{Heap after GC invocations=11 (full 0):
 garbage-first heap   total 145408K, used 40441K [0x00000000a2400000, 0x0000000100000000)
  region size 1024K, 9 young (9216K), 9 survivors (9216K)
 Metaspace       used 47288K, capacity 48575K, committed 48768K, reserved 1091584K
  class space    used 6062K, capacity 6515K, committed 6528K, reserved 1048576K
}
Event: 4.526 GC heap before
{Heap before GC invocations=11 (full 0):
 garbage-first heap   total 145408K, used 98809K [0x00000000a2400000, 0x0000000100000000)
  region size 1024K, 66 young (67584K), 9 survivors (9216K)
 Metaspace       used 55405K, capacity 56753K, committed 56960K, reserved 1099776K
  class space    used 7026K, capacity 7527K, committed 7552K, reserved 1048576K
}
Event: 4.534 GC heap after
{Heap after GC invocations=12 (full 0):
 garbage-first heap   total 145408K, used 43695K [0x00000000a2400000, 0x0000000100000000)
  region size 1024K, 3 young (3072K), 3 survivors (3072K)
 Metaspace       used 55405K, capacity 56753K, committed 56960K, reserved 1099776K
  class space    used 7026K, capacity 7527K, committed 7552K, reserved 1048576K
}
Event: 4.771 GC heap before
{Heap before GC invocations=12 (full 0):
 garbage-first heap   total 145408K, used 62127K [0x00000000a2400000, 0x0000000100000000)
  region size 1024K, 22 young (22528K), 3 survivors (3072K)
 Metaspace       used 58524K, capacity 59998K, committed 60160K, reserved 1101824K
  class space    used 7407K, capacity 7943K, committed 8064K, reserved 1048576K
}
Event: 4.777 GC heap after
{Heap after GC invocations=13 (full 0):
 garbage-first heap   total 175104K, used 44350K [0x00000000a2400000, 0x0000000100000000)
  region size 1024K, 4 young (4096K), 4 survivors (4096K)
 Metaspace       used 58524K, capacity 59998K, committed 60160K, reserved 1101824K
  class space    used 7407K, capacity 7943K, committed 8064K, reserved 1048576K
}
Event: 5.399 GC heap before
{Heap before GC invocations=14 (full 0):
 garbage-first heap   total 175104K, used 111934K [0x00000000a2400000, 0x0000000100000000)
  region size 1024K, 70 young (71680K), 4 survivors (4096K)
 Metaspace       used 64122K, capacity 65591K, committed 65792K, reserved 1105920K
  class space    used 8123K, capacity 8662K, committed 8704K, reserved 1048576K
}
Event: 5.405 GC heap after
{Heap after GC invocations=15 (full 0):
 garbage-first heap   total 175104K, used 49863K [0x00000000a2400000, 0x0000000100000000)
  region size 1024K, 9 young (9216K), 9 survivors (9216K)
 Metaspace       used 64122K, capacity 65591K, committed 65792K, reserved 1105920K
  class space    used 8123K, capacity 8662K, committed 8704K, reserved 1048576K
}
Event: 6.132 GC heap before
{Heap before GC invocations=15 (full 0):
 garbage-first heap   total 175104K, used 117447K [0x00000000a2400000, 0x0000000100000000)
  region size 1024K, 75 young (76800K), 9 survivors (9216K)
 Metaspace       used 70631K, capacity 72241K, committed 72448K, reserved 1112064K
  class space    used 9116K, capacity 9715K, committed 9728K, reserved 1048576K
}
Event: 6.142 GC heap after
{Heap after GC invocations=16 (full 0):
 garbage-first heap   total 175104K, used 54719K [0x00000000a2400000, 0x0000000100000000)
  region size 1024K, 5 young (5120K), 5 survivors (5120K)
 Metaspace       used 70631K, capacity 72241K, committed 72448K, reserved 1112064K
  class space    used 9116K, capacity 9715K, committed 9728K, reserved 1048576K
}
Event: 6.831 GC heap before
{Heap before GC invocations=16 (full 0):
 garbage-first heap   total 175104K, used 121279K [0x00000000a2400000, 0x0000000100000000)
  region size 1024K, 71 young (72704K), 5 survivors (5120K)
 Metaspace       used 77641K, capacity 79503K, committed 79616K, reserved 1118208K
  class space    used 10057K, capacity 10706K, committed 10752K, reserved 1048576K
}
Event: 6.838 GC heap after
{Heap after GC invocations=17 (full 0):
 garbage-first heap   total 175104K, used 58877K [0x00000000a2400000, 0x0000000100000000)
  region size 1024K, 9 young (9216K), 9 survivors (9216K)
 Metaspace       used 77641K, capacity 79503K, committed 79616K, reserved 1118208K
  class space    used 10057K, capacity 10706K, committed 10752K, reserved 1048576K
}
Event: 7.449 GC heap before
{Heap before GC invocations=17 (full 0):
 garbage-first heap   total 175104K, used 125437K [0x00000000a2400000, 0x0000000100000000)
  region size 1024K, 75 young (76800K), 9 survivors (9216K)
 Metaspace       used 81384K, capacity 83516K, committed 83584K, reserved 1122304K
  class space    used 10560K, capacity 11337K, committed 11392K, reserved 1048576K
}
Event: 7.463 GC heap after
{Heap after GC invocations=18 (full 0):
 garbage-first heap   total 175104K, used 64817K [0x00000000a2400000, 0x0000000100000000)
  region size 1024K, 10 young (10240K), 10 survivors (10240K)
 Metaspace       used 81384K, capacity 83516K, committed 83584K, reserved 1122304K
  class space    used 10560K, capacity 11337K, committed 11392K, reserved 1048576K
}

Deoptimization events (20 events):
Event: 7.682 Thread 0x000001c977b8e800 DEOPT PACKING pc=0x000001c960b3b317 sp=0x000000b9d9cf9a30
Event: 7.682 Thread 0x000001c977b8e800 DEOPT UNPACKING pc=0x000001c95f4276ce sp=0x000000b9d9cf8fb8 mode 0
Event: 7.683 Thread 0x000001c977b8e800 DEOPT PACKING pc=0x000001c960b3b317 sp=0x000000b9d9cf9a30
Event: 7.683 Thread 0x000001c977b8e800 DEOPT UNPACKING pc=0x000001c95f4276ce sp=0x000000b9d9cf8fb8 mode 0
Event: 7.689 Thread 0x000001c977b8e800 DEOPT PACKING pc=0x000001c960b3b317 sp=0x000000b9d9cf9a30
Event: 7.689 Thread 0x000001c977b8e800 DEOPT UNPACKING pc=0x000001c95f4276ce sp=0x000000b9d9cf8fb8 mode 0
Event: 7.692 Thread 0x000001c977b8e800 Uncommon trap: trap_request=0xffffff4d fr.pc=0x000001c967238a10 relative=0x0000000000004590
Event: 7.692 Thread 0x000001c977b8e800 Uncommon trap: reason=unstable_if action=reinterpret pc=0x000001c967238a10 method=jdk.internal.loader.Resource.getBytes()[B @ 197 c2
Event: 7.692 Thread 0x000001c977b8e800 DEOPT PACKING pc=0x000001c967238a10 sp=0x000000b9d9cf8150
Event: 7.692 Thread 0x000001c977b8e800 DEOPT UNPACKING pc=0x000001c95f4278af sp=0x000000b9d9cf8178 mode 2
Event: 7.715 Thread 0x000001c977b8e800 Uncommon trap: trap_request=0xffffff4d fr.pc=0x000001c96739b3f0 relative=0x00000000000001f0
Event: 7.715 Thread 0x000001c977b8e800 Uncommon trap: reason=unstable_if action=reinterpret pc=0x000001c96739b3f0 method=sun.invoke.util.VerifyAccess.isTypeVisible(Ljava/lang/Class;Ljava/lang/Class;)Z @ 77 c2
Event: 7.715 Thread 0x000001c977b8e800 DEOPT PACKING pc=0x000001c96739b3f0 sp=0x000000b9d9cf93e0
Event: 7.715 Thread 0x000001c977b8e800 DEOPT UNPACKING pc=0x000001c95f4278af sp=0x000000b9d9cf9360 mode 2
Event: 7.748 Thread 0x000001c977b8e800 DEOPT PACKING pc=0x000001c960b7a2ce sp=0x000000b9d9cfa270
Event: 7.748 Thread 0x000001c977b8e800 DEOPT UNPACKING pc=0x000001c95f4276ce sp=0x000000b9d9cf9730 mode 0
Event: 7.849 Thread 0x000001c977b8e800 Uncommon trap: trap_request=0xffffff4d fr.pc=0x000001c966f36038 relative=0x0000000000000a58
Event: 7.849 Thread 0x000001c977b8e800 Uncommon trap: reason=unstable_if action=reinterpret pc=0x000001c966f36038 method=java.util.Properties$LineReader.readLine()I @ 117 c2
Event: 7.849 Thread 0x000001c977b8e800 DEOPT PACKING pc=0x000001c966f36038 sp=0x000000b9d9cfa740
Event: 7.849 Thread 0x000001c977b8e800 DEOPT UNPACKING pc=0x000001c95f4278af sp=0x000000b9d9cfa6e8 mode 2

Classes redefined (0 events):
No events

Internal exceptions (20 events):
Event: 6.947 Thread 0x000001c9773cd000 Exception <a 'java/lang/NoSuchMethodError'{0x00000000ac205160}: <clinit>> (0x00000000ac205160) thrown at [./src/hotspot/share/prims/jni.cpp, line 1362]
Event: 6.951 Thread 0x000001c9773cd000 Exception <a 'java/lang/NoSuchMethodError'{0x00000000ac255f50}: <clinit>> (0x00000000ac255f50) thrown at [./src/hotspot/share/prims/jni.cpp, line 1362]
Event: 6.953 Thread 0x000001c9773cd000 Exception <a 'java/lang/NoSuchMethodError'{0x00000000ac287c40}: <clinit>> (0x00000000ac287c40) thrown at [./src/hotspot/share/prims/jni.cpp, line 1362]
Event: 6.953 Thread 0x000001c9773cd000 Exception <a 'java/lang/NoSuchMethodError'{0x00000000ac289158}: <clinit>> (0x00000000ac289158) thrown at [./src/hotspot/share/prims/jni.cpp, line 1362]
Event: 6.968 Thread 0x000001c977b86800 Exception <a 'java/lang/NoSuchMethodError'{0x00000000ac00f548}: <clinit>> (0x00000000ac00f548) thrown at [./src/hotspot/share/prims/jni.cpp, line 1362]
Event: 6.975 Thread 0x000001c977b86800 Exception <a 'java/lang/NoSuchMethodError'{0x00000000ac054058}: <clinit>> (0x00000000ac054058) thrown at [./src/hotspot/share/prims/jni.cpp, line 1362]
Event: 6.988 Thread 0x000001c977b86800 Exception <a 'java/lang/NoSuchMethodError'{0x00000000ac09f948}: <clinit>> (0x00000000ac09f948) thrown at [./src/hotspot/share/prims/jni.cpp, line 1362]
Event: 7.018 Thread 0x000001c9773cd000 Exception <a 'java/lang/NoSuchMethodError'{0x00000000abd4ea60}: <clinit>> (0x00000000abd4ea60) thrown at [./src/hotspot/share/prims/jni.cpp, line 1362]
Event: 7.046 Thread 0x000001c977b8e800 Exception <a 'java/lang/NoSuchMethodError'{0x00000000abc648a0}: 'java.lang.Object java.lang.invoke.Invokers$Holder.linkToTargetMethod(java.lang.Object, java.lang.Object, java.lang.Object, int, java.lang.Object, java.lang.Object)'> (0x00000000abc648a0) thrown at [./src/hotspot/share/interpreter/linkResolver.cpp, line 773]
Event: 7.053 Thread 0x000001c977b8e800 Exception <a 'java/lang/IncompatibleClassChangeError'{0x00000000abcc38c0}: Found class java.lang.Object, but interface was expected> (0x00000000abcc38c0) thrown at [./src/hotspot/share/interpreter/linkResolver.cpp, line 839]
Event: 7.065 Thread 0x000001c977b8e800 Exception <a 'java/lang/NoSuchMethodError'{0x00000000aba7d8b0}: 'int java.lang.invoke.DirectMethodHandle$Holder.invokeStaticInit(java.lang.Object, java.lang.Object, java.lang.Object, java.lang.Object, java.lang.Object)'> (0x00000000aba7d8b0) thrown at [./src/hotspot/share/interpreter/linkResolver.cpp, line 773]
Event: 7.215 Thread 0x000001c97a757000 Exception <a 'java/lang/NoSuchMethodError'{0x00000000aaee11d0}: 'java.lang.Object java.lang.invoke.DirectMethodHandle$Holder.invokeSpecialIFC(java.lang.Object, java.lang.Object, java.lang.Object)'> (0x00000000aaee11d0) thrown at [./src/hotspot/share/interpreter/linkResolver.cpp, line 773]
Event: 7.215 Thread 0x000001c97a753000 Exception <a 'java/lang/NoSuchMethodError'{0x00000000aaefeb20}: 'java.lang.Object java.lang.invoke.DirectMethodHandle$Holder.invokeSpecialIFC(java.lang.Object, java.lang.Object, java.lang.Object)'> (0x00000000aaefeb20) thrown at [./src/hotspot/share/interpreter/linkResolver.cpp, line 773]
Event: 7.215 Thread 0x000001c97a757800 Exception <a 'java/lang/NoSuchMethodError'{0x00000000aaeb1e78}: 'java.lang.Object java.lang.invoke.DirectMethodHandle$Holder.invokeSpecialIFC(java.lang.Object, java.lang.Object, java.lang.Object)'> (0x00000000aaeb1e78) thrown at [./src/hotspot/share/interpreter/linkResolver.cpp, line 773]
Event: 7.216 Thread 0x000001c97a74f800 Exception <a 'java/lang/NoSuchMethodError'{0x00000000aae57860}: 'java.lang.Object java.lang.invoke.DirectMethodHandle$Holder.invokeSpecialIFC(java.lang.Object, java.lang.Object, java.lang.Object)'> (0x00000000aae57860) thrown at [./src/hotspot/share/interpreter/linkResolver.cpp, line 773]
Event: 7.215 Thread 0x000001c97a751000 Exception <a 'java/lang/NoSuchMethodError'{0x00000000aaecc9d8}: 'java.lang.Object java.lang.invoke.DirectMethodHandle$Holder.invokeSpecialIFC(java.lang.Object, java.lang.Object, java.lang.Object)'> (0x00000000aaecc9d8) thrown at [./src/hotspot/share/interpreter/linkResolver.cpp, line 773]
Event: 7.215 Thread 0x000001c97a752000 Exception <a 'java/lang/NoSuchMethodError'{0x00000000aad13188}: 'java.lang.Object java.lang.invoke.DirectMethodHandle$Holder.invokeSpecialIFC(java.lang.Object, java.lang.Object, java.lang.Object)'> (0x00000000aad13188) thrown at [./src/hotspot/share/interpreter/linkResolver.cpp, line 773]
Event: 7.216 Thread 0x000001c97a755800 Exception <a 'java/lang/NoSuchMethodError'{0x00000000aad1b308}: 'java.lang.Object java.lang.invoke.DirectMethodHandle$Holder.invokeSpecialIFC(java.lang.Object, java.lang.Object, java.lang.Object)'> (0x00000000aad1b308) thrown at [./src/hotspot/share/interpreter/linkResolver.cpp, line 773]
Event: 7.335 Thread 0x000001c97a751000 Exception <a 'java/lang/NoSuchMethodError'{0x00000000a9ad3628}: 'void java.lang.invoke.DirectMethodHandle$Holder.invokeVirtual(java.lang.Object, java.lang.Object)'> (0x00000000a9ad3628) thrown at [./src/hotspot/share/interpreter/linkResolver.cpp, line 773]
Event: 7.336 Thread 0x000001c977b8e800 Exception <a 'java/lang/NoSuchMethodError'{0x00000000a9cbbcc0}: 'void java.lang.invoke.DirectMethodHandle$Holder.invokeVirtual(java.lang.Object, java.lang.Object)'> (0x00000000a9cbbcc0) thrown at [./src/hotspot/share/interpreter/linkResolver.cpp, line 773]

Events (20 events):
Event: 7.861 loading class com/google/common/collect/HashBasedTable$Factory
Event: 7.861 loading class com/google/common/collect/HashBasedTable$Factory done
Event: 7.861 loading class com/google/common/collect/LinkedListMultimap$1ValuesImpl
Event: 7.861 loading class com/google/common/collect/LinkedListMultimap$1ValuesImpl done
Event: 7.862 loading class com/google/common/collect/LinkedListMultimap$NodeIterator
Event: 7.862 loading class com/google/common/collect/LinkedListMultimap$NodeIterator done
Event: 7.862 loading class com/google/common/collect/LinkedListMultimap$1ValuesImpl$1
Event: 7.862 loading class com/google/common/collect/LinkedListMultimap$1ValuesImpl$1 done
Event: 7.862 loading class com/google/common/collect/TransformedListIterator
Event: 7.862 loading class com/google/common/collect/TransformedListIterator done
Event: 7.863 Executing VM operation: Deoptimize
Event: 7.864 Executing VM operation: Deoptimize done
Event: 7.874 loading class com/google/common/collect/StandardTable$RowMap
Event: 7.874 loading class com/google/common/collect/StandardTable$RowMap done
Event: 7.875 loading class com/google/common/collect/StandardTable$Row
Event: 7.875 loading class com/google/common/collect/StandardTable$Row done
Event: 7.890 loading class com/android/ide/common/resources/CompileResourceRequest
Event: 7.890 loading class com/android/ide/common/resources/CompileResourceRequest done
Event: 7.892 loading class com/android/ide/common/resources/CompileResourceRequest$sourcePath$2
Event: 7.892 loading class com/android/ide/common/resources/CompileResourceRequest$sourcePath$2 done


Dynamic libraries:
0x00007ff732110000 - 0x00007ff73211a000 	C:\Program Files\Android\Android Studio\jre\bin\java.exe
0x00007ffd2e0e0000 - 0x00007ffd2e2e7000 	C:\WINDOWS\SYSTEM32\ntdll.dll
0x00007ffd2d440000 - 0x00007ffd2d4fd000 	C:\WINDOWS\System32\KERNEL32.DLL
0x00007ffd2bb50000 - 0x00007ffd2bec4000 	C:\WINDOWS\System32\KERNELBASE.dll
0x00007ffd2b900000 - 0x00007ffd2ba11000 	C:\WINDOWS\System32\ucrtbase.dll
0x00007ffd29370000 - 0x00007ffd29387000 	C:\Program Files\Android\Android Studio\jre\bin\VCRUNTIME140.dll
0x00007ffd28b00000 - 0x00007ffd28b19000 	C:\Program Files\Android\Android Studio\jre\bin\jli.dll
0x00007ffd2d520000 - 0x00007ffd2d6cc000 	C:\WINDOWS\System32\USER32.dll
0x00007ffd2b8d0000 - 0x00007ffd2b8f6000 	C:\WINDOWS\System32\win32u.dll
0x00007ffd18fa0000 - 0x00007ffd19245000 	C:\WINDOWS\WinSxS\amd64_microsoft.windows.common-controls_6595b64144ccf1df_6.0.22000.120_none_9d947278b86cc467\COMCTL32.dll
0x00007ffd2bf70000 - 0x00007ffd2bf99000 	C:\WINDOWS\System32\GDI32.dll
0x00007ffd2dea0000 - 0x00007ffd2df43000 	C:\WINDOWS\System32\msvcrt.dll
0x00007ffd2b5c0000 - 0x00007ffd2b6d2000 	C:\WINDOWS\System32\gdi32full.dll
0x00007ffd2bed0000 - 0x00007ffd2bf6d000 	C:\WINDOWS\System32\msvcp_win.dll
0x00007ffd2c880000 - 0x00007ffd2c8b1000 	C:\WINDOWS\System32\IMM32.DLL
0x00007ffcff5c0000 - 0x00007ffcff65d000 	C:\Program Files\Android\Android Studio\jre\bin\msvcp140.dll
0x00007ffcd7830000 - 0x00007ffcd82ff000 	C:\Program Files\Android\Android Studio\jre\bin\server\jvm.dll
0x00007ffd2c5c0000 - 0x00007ffd2c66c000 	C:\WINDOWS\System32\ADVAPI32.dll
0x00007ffd2d850000 - 0x00007ffd2d8ed000 	C:\WINDOWS\System32\sechost.dll
0x00007ffd2c430000 - 0x00007ffd2c551000 	C:\WINDOWS\System32\RPCRT4.dll
0x00007ffd2e000000 - 0x00007ffd2e008000 	C:\WINDOWS\System32\PSAPI.DLL
0x00007ffd14f10000 - 0x00007ffd14f19000 	C:\WINDOWS\SYSTEM32\WSOCK32.dll
0x00007ffd2c8c0000 - 0x00007ffd2c92f000 	C:\WINDOWS\System32\WS2_32.dll
0x00007ffd29170000 - 0x00007ffd291a3000 	C:\WINDOWS\SYSTEM32\WINMM.dll
0x00007ffd21b30000 - 0x00007ffd21b3a000 	C:\WINDOWS\SYSTEM32\VERSION.dll
0x00007ffd2a750000 - 0x00007ffd2a768000 	C:\WINDOWS\SYSTEM32\kernel.appcore.dll
0x00007ffd29280000 - 0x00007ffd29291000 	C:\Program Files\Android\Android Studio\jre\bin\verify.dll
0x00007ffd28e50000 - 0x00007ffd29071000 	C:\WINDOWS\SYSTEM32\DBGHELP.DLL
0x00007ffd28cf0000 - 0x00007ffd28d21000 	C:\WINDOWS\SYSTEM32\dbgcore.DLL
0x00007ffd2b6e0000 - 0x00007ffd2b760000 	C:\WINDOWS\System32\bcryptPrimitives.dll
0x00007ffd27690000 - 0x00007ffd276b9000 	C:\Program Files\Android\Android Studio\jre\bin\java.dll
0x00007ffd291e0000 - 0x00007ffd291eb000 	C:\Program Files\Android\Android Studio\jre\bin\jimage.dll
0x00007ffd277a0000 - 0x00007ffd277b8000 	C:\Program Files\Android\Android Studio\jre\bin\zip.dll
0x00007ffd2c930000 - 0x00007ffd2d0da000 	C:\WINDOWS\System32\SHELL32.dll
0x00007ffd29760000 - 0x00007ffd29fc2000 	C:\WINDOWS\SYSTEM32\windows.storage.dll
0x00007ffd2d8f0000 - 0x00007ffd2dc68000 	C:\WINDOWS\System32\combase.dll
0x00007ffd295f0000 - 0x00007ffd29756000 	C:\WINDOWS\SYSTEM32\wintypes.dll
0x00007ffd2c790000 - 0x00007ffd2c87a000 	C:\WINDOWS\System32\SHCORE.dll
0x00007ffd2de40000 - 0x00007ffd2de9d000 	C:\WINDOWS\System32\shlwapi.dll
0x00007ffd2b4f0000 - 0x00007ffd2b511000 	C:\WINDOWS\SYSTEM32\profapi.dll
0x00007ffd001a0000 - 0x00007ffd001ba000 	C:\Program Files\Android\Android Studio\jre\bin\net.dll
0x00007ffd26720000 - 0x00007ffd2682c000 	C:\WINDOWS\SYSTEM32\WINHTTP.dll
0x00007ffd2ab70000 - 0x00007ffd2abd7000 	C:\WINDOWS\system32\mswsock.dll
0x00007ffd00180000 - 0x00007ffd00194000 	C:\Program Files\Android\Android Studio\jre\bin\nio.dll
0x00007ffd27720000 - 0x00007ffd27747000 	C:\Users\DELL\.gradle\native\8bec1ad78214c89d9ad589b4d07fe93259594b29d510b10fafb7a158f7737e5d\windows-amd64\native-platform.dll
0x00007ffceffe0000 - 0x00007ffcf011d000 	C:\Users\DELL\.gradle\native\53dbd7edfb1c66fb8903c78663c9afc45aea4f116125fa6feffd364cf09443e8\windows-amd64\native-platform-file-events.dll
0x00007ffd291c0000 - 0x00007ffd291ca000 	C:\Program Files\Android\Android Studio\jre\bin\management.dll
0x00007ffd28ad0000 - 0x00007ffd28adc000 	C:\Program Files\Android\Android Studio\jre\bin\management_ext.dll
0x00007ffd2ae20000 - 0x00007ffd2ae38000 	C:\WINDOWS\SYSTEM32\CRYPTSP.dll
0x00007ffd2a6b0000 - 0x00007ffd2a6e5000 	C:\WINDOWS\system32\rsaenh.dll
0x00007ffd2acd0000 - 0x00007ffd2acf9000 	C:\WINDOWS\SYSTEM32\USERENV.dll
0x00007ffd2afa0000 - 0x00007ffd2afc7000 	C:\WINDOWS\SYSTEM32\bcrypt.dll
0x00007ffd2ae40000 - 0x00007ffd2ae4c000 	C:\WINDOWS\SYSTEM32\CRYPTBASE.dll
0x00007ffd2a210000 - 0x00007ffd2a23d000 	C:\WINDOWS\SYSTEM32\IPHLPAPI.DLL
0x00007ffd2bfa0000 - 0x00007ffd2bfa9000 	C:\WINDOWS\System32\NSI.dll
0x00007ffd25ee0000 - 0x00007ffd25ef9000 	C:\WINDOWS\SYSTEM32\dhcpcsvc6.DLL
0x00007ffd25fb0000 - 0x00007ffd25fce000 	C:\WINDOWS\SYSTEM32\dhcpcsvc.DLL
0x00007ffd2a240000 - 0x00007ffd2a327000 	C:\WINDOWS\SYSTEM32\DNSAPI.dll

dbghelp: loaded successfully - version: 4.0.5 - missing functions: none
symbol engine: initialized successfully - sym options: 0x614 - pdb path: .;C:\Program Files\Android\Android Studio\jre\bin;C:\WINDOWS\SYSTEM32;C:\WINDOWS\WinSxS\amd64_microsoft.windows.common-controls_6595b64144ccf1df_6.0.22000.120_none_9d947278b86cc467;C:\Program Files\Android\Android Studio\jre\bin\server;C:\Users\DELL\.gradle\native\8bec1ad78214c89d9ad589b4d07fe93259594b29d510b10fafb7a158f7737e5d\windows-amd64;C:\Users\DELL\.gradle\native\53dbd7edfb1c66fb8903c78663c9afc45aea4f116125fa6feffd364cf09443e8\windows-amd64

VM Arguments:
jvm_args: --add-opens=java.base/java.util=ALL-UNNAMED --add-opens=java.base/java.lang=ALL-UNNAMED --add-opens=java.base/java.lang.invoke=ALL-UNNAMED --add-opens=java.base/java.util=ALL-UNNAMED --add-opens=java.prefs/java.util.prefs=ALL-UNNAMED --add-opens=java.prefs/java.util.prefs=ALL-UNNAMED --add-opens=java.base/java.nio.charset=ALL-UNNAMED --add-opens=java.base/java.net=ALL-UNNAMED --add-opens=java.base/java.util.concurrent.atomic=ALL-UNNAMED -Xmx1500m -Dfile.encoding=UTF-8 -Duser.country=US -Duser.language=en -Duser.variant 
java_command: org.gradle.launcher.daemon.bootstrap.GradleDaemon 7.0.2
java_class_path (initial): C:\Users\DELL\.gradle\wrapper\dists\gradle-7.0.2-bin\857tjihv64xamwrf0h14cai3r\gradle-7.0.2\lib\gradle-launcher-7.0.2.jar
Launcher Type: SUN_STANDARD

[Global flags]
     intx CICompilerCount                          = 4                                         {product} {ergonomic}
     uint ConcGCThreads                            = 2                                         {product} {ergonomic}
     uint G1ConcRefinementThreads                  = 8                                         {product} {ergonomic}
   size_t G1HeapRegionSize                         = 1048576                                   {product} {ergonomic}
    uintx GCDrainStackTargetSize                   = 64                                        {product} {ergonomic}
   size_t InitialHeapSize                          = 123731968                                 {product} {ergonomic}
   size_t MarkStackSize                            = 4194304                                   {product} {ergonomic}
   size_t MaxHeapSize                              = 1572864000                                {product} {command line}
   size_t MaxNewSize                               = 943718400                                 {product} {ergonomic}
   size_t MinHeapDeltaBytes                        = 1048576                                   {product} {ergonomic}
    uintx NonNMethodCodeHeapSize                   = 5836300                                {pd product} {ergonomic}
    uintx NonProfiledCodeHeapSize                  = 122910970                              {pd product} {ergonomic}
    uintx ProfiledCodeHeapSize                     = 122910970                              {pd product} {ergonomic}
    uintx ReservedCodeCacheSize                    = 251658240                              {pd product} {ergonomic}
     bool SegmentedCodeCache                       = true                                      {product} {ergonomic}
     bool UseCompressedClassPointers               = true                                 {lp64_product} {ergonomic}
     bool UseCompressedOops                        = true                                 {lp64_product} {ergonomic}
     bool UseG1GC                                  = true                                      {product} {ergonomic}
     bool UseLargePagesIndividualAllocation        = false                                  {pd product} {ergonomic}

Logging:
Log output configuration:
 #0: stdout all=warning uptime,level,tags
 #1: stderr all=off uptime,level,tags

Environment Variables:
PATH=C:\app\DELL\product\21c\dbhomeXE\bin;D:\db_home\bin;C:\db_home\bin;C:\Program Files (x86)\VMware\VMware Player\bin\;C:\Program Files\Python39\Scripts\;C:\Program Files\Python39\;C:\Program Files\Common Files\Oracle\Java\javapath;C:\WINDOWS\system32;C:\WINDOWS;C:\WINDOWS\System32\Wbem;C:\WINDOWS\System32\WindowsPowerShell\v1.0\;C:\WINDOWS\System32\OpenSSH\;C:\Program Files\Git\cmd;C:\Program Files (x86)\dotnet\;C:\Users\DELL\AppData\Local\Microsoft\WindowsApps;C:\Users\DELL\AppData\Local\Programs\Microsoft VS Code\bin;C:\Program Files\CodeBlocks\MinGW\bin;C:\Program Files\JetBrains\PyCharm Community Edition 2021.2.1\bin;C:\Users\DELL\AppData\Local\atom\bin;%USERPROFILE%\AppData\Local\Microsoft\WindowsApps;
USERNAME=DELL
OS=Windows_NT
PROCESSOR_IDENTIFIER=AMD64 Family 23 Model 96 Stepping 1, AuthenticAMD



---------------  S Y S T E M  ---------------

OS: Windows 10 , 64 bit Build 22000 (10.0.22000.318)
OS uptime: 1 days 7:16 hours

CPU:total 8 (initial active 8) (8 cores per cpu, 1 threads per core) family 23 model 96 stepping 1 microcode 0x0, cmov, cx8, fxsr, mmx, sse, sse2, sse3, ssse3, sse4.1, sse4.2, popcnt, avx, avx2, aes, clmul, mmxext, 3dnowpref, lzcnt, sse4a, tsc, tscinvbit, tscinv, bmi1, bmi2, adx, sha, 

Memory: 4k page, system-wide physical 7545M (629M free)
TotalPageFile size 7545M (AvailPageFile size 9M)
current process WorkingSet (physical memory assigned to process): 423M, peak: 426M
current process commit charge ("private bytes"): 460M, peak: 463M

vm_info: OpenJDK 64-Bit Server VM (11.0.10+0-b96-7249189) for windows-amd64 JRE (11.0.10+0-b96-7249189), built on Mar 31 2021 21:44:00 by "builder" with MS VC++ 14.0 (VS2015)

END.
