#
# There is insufficient memory for the Java Runtime Environment to continue.
# Native memory allocation (mmap) failed to map 83886080 bytes for Failed to commit area from 0x0000000088e00000 to 0x000000008de00000 of length 83886080.
# Possible reasons:
#   The system is out of physical RAM or swap space
#   The process is running with CompressedOops enabled, and the Java Heap may be blocking the growth of the native heap
# Possible solutions:
#   Reduce memory load on the system
#   Increase physical memory or swap space
#   Check if swap backing store is full
#   Decrease Java heap size (-Xmx/-Xms)
#   Decrease number of Java threads
#   Decrease Java thread stack sizes (-Xss)
#   Set larger code cache with -XX:ReservedCodeCacheSize=
#   JVM is running with Unscaled Compressed Oops mode in which the Java heap is
#     placed in the first 4GB address space. The Java Heap base address is the
#     maximum limit for the native heap growth. Please use -XX:HeapBaseMinAddress
#     to set the Java Heap base and to place the Java Heap above 4GB virtual address.
# This output file may be truncated or incomplete.
#
#  Out of Memory Error (./src/hotspot/os/windows/os_windows.cpp:3301), pid=10360, tid=7744
#
# JRE version: OpenJDK Runtime Environment (11.0.10) (build 11.0.10+0-b96-7249189)
# Java VM: OpenJDK 64-Bit Server VM (11.0.10+0-b96-7249189, mixed mode, tiered, compressed oops, g1 gc, windows-amd64)
# No core dump will be written. Minidumps are not enabled by default on client versions of Windows
#

---------------  S U M M A R Y ------------

Command Line: --add-opens=java.base/java.util=ALL-UNNAMED --add-opens=java.base/java.lang=ALL-UNNAMED --add-opens=java.base/java.lang.invoke=ALL-UNNAMED --add-opens=java.base/java.util=ALL-UNNAMED --add-opens=java.prefs/java.util.prefs=ALL-UNNAMED --add-opens=java.prefs/java.util.prefs=ALL-UNNAMED --add-opens=java.base/java.nio.charset=ALL-UNNAMED --add-opens=java.base/java.net=ALL-UNNAMED --add-opens=java.base/java.util.concurrent.atomic=ALL-UNNAMED -Xmx2048m -Dfile.encoding=UTF-8 -Duser.country=US -Duser.language=en -Duser.variant org.gradle.launcher.daemon.bootstrap.GradleDaemon 7.0.2

Host: AMD Ryzen 7 4700U with Radeon Graphics         , 8 cores, 7G,  Windows 10 , 64 bit Build 22000 (10.0.22000.318)
Time: Sun Dec 12 22:59:42 2021 Pakistan Standard Time elapsed time: 3746.839562 seconds (0d 1h 2m 26s)

---------------  T H R E A D  ---------------

Current thread (0x000001c27ba4e000):  VMThread "VM Thread" [stack: 0x0000005217400000,0x0000005217500000] [id=7744]

Stack: [0x0000005217400000,0x0000005217500000]
[error occurred during error reporting (printing stack bounds), id 0xc0000005, EXCEPTION_ACCESS_VIOLATION (0xc0000005) at pc=0x000001c200000f2d]

Native frames: (J=compiled Java code, j=interpreted, Vv=VM code, C=native code)
V  [jvm.dll+0x5ecfaa]
V  [jvm.dll+0x722bd5]
V  [jvm.dll+0x72412d]
V  [jvm.dll+0x724745]
V  [jvm.dll+0x7246fb]
V  [jvm.dll+0x5ec348]
V  [jvm.dll+0x5ecad8]
C  [ntdll.dll+0xa82ff]
C  [ntdll.dll+0x35a0a]
C  [ntdll.dll+0xa730e]
C  0x000001c200000f2d

VM_Operation (0x0000005219bfde70): G1CollectForAllocation, mode: safepoint, requested by thread 0x000001c27eddf800


---------------  P R O C E S S  ---------------

Threads class SMR info:
_java_thread_list=0x000001c210904ad0, length=51, elements={
0x000001c26e653800, 0x000001c27ba4f800, 0x000001c27ba5c800, 0x000001c27c422800,
0x000001c27ba72000, 0x000001c27ba73000, 0x000001c27ba74000, 0x000001c27ba75000,
0x000001c27ba76000, 0x000001c27c573800, 0x000001c27dea8800, 0x000001c27ec89000,
0x000001c27d34f800, 0x000001c27eb20000, 0x000001c27eb20800, 0x000001c27eb21800,
0x000001c27eb1d800, 0x000001c27eb24000, 0x000001c27eb1e000, 0x000001c27ede1000,
0x000001c27ede0000, 0x000001c27eddf800, 0x000001c27ede6800, 0x000001c27ede7800,
0x000001c27ede4000, 0x000001c27ede1800, 0x000001c27ede2800, 0x000001c27ede3800,
0x000001c27edea800, 0x000001c27ede5000, 0x000001c27edeb800, 0x000001c27ede8800,
0x000001c27ede6000, 0x000001c27eded000, 0x000001c27edec800, 0x000001c27edee000,
0x000001c27eb22800, 0x000001c27eb23000, 0x000001c27eb1f000, 0x000001c211c8d000,
0x000001c211c91800, 0x000001c211c93800, 0x000001c211c8f000, 0x000001c211c90800,
0x000001c211c92000, 0x000001c211c8f800, 0x000001c211c93000, 0x000001c211c8e000,
0x000001c211c99800, 0x000001c211c96000, 0x000001c211c97000
}

Java Threads: ( => current thread )
  0x000001c26e653800 JavaThread "main" [_thread_blocked, id=13068, stack(0x0000005216e00000,0x0000005216f00000)]
  0x000001c27ba4f800 JavaThread "Reference Handler" daemon [_thread_blocked, id=7468, stack(0x0000005217500000,0x0000005217600000)]
  0x000001c27ba5c800 JavaThread "Finalizer" daemon [_thread_blocked, id=13756, stack(0x0000005217600000,0x0000005217700000)]
  0x000001c27c422800 JavaThread "Signal Dispatcher" daemon [_thread_blocked, id=6244, stack(0x0000005217700000,0x0000005217800000)]
  0x000001c27ba72000 JavaThread "Attach Listener" daemon [_thread_blocked, id=4828, stack(0x0000005217800000,0x0000005217900000)]
  0x000001c27ba73000 JavaThread "Service Thread" daemon [_thread_blocked, id=6588, stack(0x0000005217900000,0x0000005217a00000)]
  0x000001c27ba74000 JavaThread "C2 CompilerThread0" daemon [_thread_in_native, id=12152, stack(0x0000005217a00000,0x0000005217b00000)]
  0x000001c27ba75000 JavaThread "C1 CompilerThread0" daemon [_thread_blocked, id=4652, stack(0x0000005217b00000,0x0000005217c00000)]
  0x000001c27ba76000 JavaThread "Sweeper thread" daemon [_thread_blocked, id=2832, stack(0x0000005217c00000,0x0000005217d00000)]
  0x000001c27c573800 JavaThread "Common-Cleaner" daemon [_thread_blocked, id=9336, stack(0x0000005217d00000,0x0000005217e00000)]
  0x000001c27dea8800 JavaThread "Daemon health stats" [_thread_blocked, id=11360, stack(0x0000005218200000,0x0000005218300000)]
  0x000001c27ec89000 JavaThread "Incoming local TCP Connector on port 63187" [_thread_in_native, id=12796, stack(0x0000005217f00000,0x0000005218000000)]
  0x000001c27d34f800 JavaThread "Daemon periodic checks" [_thread_blocked, id=12056, stack(0x0000005218100000,0x0000005218200000)]
  0x000001c27eb20000 JavaThread "Cache worker for file hash cache (C:\Users\DELL\.gradle\caches\7.0.2\fileHashes)" [_thread_blocked, id=13964, stack(0x0000005219000000,0x0000005219100000)]
  0x000001c27eb20800 JavaThread "File lock request listener" [_thread_in_native, id=4220, stack(0x0000005219100000,0x0000005219200000)]
  0x000001c27eb21800 JavaThread "Cache worker for journal cache (C:\Users\DELL\.gradle\caches\journal-1)" [_thread_blocked, id=8200, stack(0x0000005219300000,0x0000005219400000)]
  0x000001c27eb1d800 JavaThread "File watcher server" daemon [_thread_in_native, id=8672, stack(0x0000005219600000,0x0000005219700000)]
  0x000001c27eb24000 JavaThread "File watcher consumer" daemon [_thread_blocked, id=4808, stack(0x0000005219700000,0x0000005219800000)]
  0x000001c27eb1e000 JavaThread "jar transforms" [_thread_blocked, id=13272, stack(0x0000005219400000,0x0000005219500000)]
  0x000001c27ede1000 JavaThread "jar transforms Thread 2" [_thread_blocked, id=11112, stack(0x0000005219900000,0x0000005219a00000)]
  0x000001c27ede0000 JavaThread "jar transforms Thread 3" [_thread_blocked, id=1656, stack(0x0000005219a00000,0x0000005219b00000)]
  0x000001c27eddf800 JavaThread "jar transforms Thread 4" [_thread_blocked, id=9360, stack(0x0000005219b00000,0x0000005219c00000)]
  0x000001c27ede6800 JavaThread "jar transforms Thread 5" [_thread_blocked, id=12452, stack(0x0000005219c00000,0x0000005219d00000)]
  0x000001c27ede7800 JavaThread "jar transforms Thread 6" [_thread_blocked, id=9024, stack(0x0000005219d00000,0x0000005219e00000)]
  0x000001c27ede4000 JavaThread "jar transforms Thread 7" [_thread_blocked, id=10028, stack(0x0000005219e00000,0x0000005219f00000)]
  0x000001c27ede1800 JavaThread "jar transforms Thread 8" [_thread_blocked, id=11904, stack(0x0000005219f00000,0x000000521a000000)]
  0x000001c27ede2800 JavaThread "Cache worker for execution history cache (C:\Users\DELL\.gradle\caches\7.0.2\executionHistory)" [_thread_blocked, id=1928, stack(0x000000521a500000,0x000000521a600000)]
  0x000001c27ede3800 JavaThread "Cache worker for file content cache (C:\Users\DELL\.gradle\caches\7.0.2\fileContent)" [_thread_blocked, id=10256, stack(0x000000521a600000,0x000000521a700000)]
  0x000001c27edea800 JavaThread "Daemon Thread 2" [_thread_blocked, id=11608, stack(0x0000005216b00000,0x0000005216c00000)]
  0x000001c27ede5000 JavaThread "Handler for socket connection from /127.0.0.1:63187 to /127.0.0.1:63507" [_thread_in_native, id=5408, stack(0x0000005216c00000,0x0000005216d00000)]
  0x000001c27edeb800 JavaThread "Cancel handler" [_thread_blocked, id=2096, stack(0x0000005216d00000,0x0000005216e00000)]
  0x000001c27ede8800 JavaThread "Daemon worker Thread 2" [_thread_blocked, id=4172, stack(0x0000005218300000,0x0000005218400000)]
  0x000001c27ede6000 JavaThread "Asynchronous log dispatcher for DefaultDaemonConnection: socket connection from /127.0.0.1:63187 to /127.0.0.1:63507" [_thread_blocked, id=9068, stack(0x0000005218400000,0x0000005218500000)]
  0x000001c27eded000 JavaThread "Stdin handler" [_thread_blocked, id=10920, stack(0x0000005218500000,0x0000005218600000)]
  0x000001c27edec800 JavaThread "Daemon client event forwarder" [_thread_blocked, id=13704, stack(0x0000005218600000,0x0000005218700000)]
  0x000001c27edee000 JavaThread "Cache worker for file hash cache (D:\TRA\.gradle\7.0.2\fileHashes)" [_thread_blocked, id=9528, stack(0x0000005218700000,0x0000005218800000)]
  0x000001c27eb22800 JavaThread "Cache worker for checksums cache (D:\TRA\.gradle\checksums)" [_thread_blocked, id=12320, stack(0x0000005218900000,0x0000005218a00000)]
  0x000001c27eb23000 JavaThread "Cache worker for cache directory md-supplier (C:\Users\DELL\.gradle\caches\7.0.2\md-supplier)" [_thread_blocked, id=10404, stack(0x0000005219500000,0x0000005219600000)]
  0x000001c27eb1f000 JavaThread "Cache worker for cache directory md-rule (C:\Users\DELL\.gradle\caches\7.0.2\md-rule)" [_thread_blocked, id=2108, stack(0x0000005219800000,0x0000005219900000)]
  0x000001c211c8d000 JavaThread "Cache worker for dependencies-accessors (D:\TRA\.gradle\7.0.2\dependencies-accessors)" [_thread_blocked, id=9712, stack(0x000000521a100000,0x000000521a200000)]
  0x000001c211c91800 JavaThread "Cache worker for Build Output Cleanup Cache (D:\TRA\.gradle\buildOutputCleanup)" [_thread_blocked, id=9028, stack(0x000000521a200000,0x000000521a300000)]
  0x000001c211c93800 JavaThread "Build operations" [_thread_blocked, id=3076, stack(0x000000521a300000,0x000000521a400000)]
  0x000001c211c8f000 JavaThread "Build operations Thread 2" [_thread_blocked, id=2484, stack(0x000000521a400000,0x000000521a500000)]
  0x000001c211c90800 JavaThread "Build operations Thread 3" [_thread_blocked, id=11532, stack(0x000000521a700000,0x000000521a800000)]
  0x000001c211c92000 JavaThread "Build operations Thread 4" [_thread_blocked, id=13700, stack(0x000000521a800000,0x000000521a900000)]
  0x000001c211c8f800 JavaThread "Build operations Thread 5" [_thread_blocked, id=9116, stack(0x000000521a900000,0x000000521aa00000)]
  0x000001c211c93000 JavaThread "Build operations Thread 6" [_thread_blocked, id=9692, stack(0x000000521aa00000,0x000000521ab00000)]
  0x000001c211c8e000 JavaThread "Build operations Thread 7" [_thread_blocked, id=13988, stack(0x000000521ab00000,0x000000521ac00000)]
  0x000001c211c99800 JavaThread "Build operations Thread 8" [_thread_blocked, id=8416, stack(0x000000521ac00000,0x000000521ad00000)]
  0x000001c211c96000 JavaThread "C2 CompilerThread1" daemon [_thread_in_native, id=4628, stack(0x0000005218800000,0x0000005218900000)]
  0x000001c211c97000 JavaThread "C2 CompilerThread2" daemon [_thread_blocked, id=3356, stack(0x000000521a000000,0x000000521a100000)]

Other Threads:
=>0x000001c27ba4e000 VMThread "VM Thread" [stack: 0x0000005217400000,0x0000005217500000] [id=7744]
  0x000001c27c588800 WatcherThread [stack: 0x0000005217e00000,0x0000005217f00000] [id=11848]
  0x000001c26e667800 GCTaskThread "GC Thread#0" [stack: 0x0000005216f00000,0x0000005217000000] [id=8864]
  0x000001c27d2f2000 GCTaskThread "GC Thread#1" [stack: 0x0000005218000000,0x0000005218100000] [id=324]
  0x000001c27d63b800 GCTaskThread "GC Thread#2" [stack: 0x0000005218a00000,0x0000005218b00000] [id=3472]
  0x000001c27d7c9000 GCTaskThread "GC Thread#3" [stack: 0x0000005218b00000,0x0000005218c00000] [id=12752]
  0x000001c27d982800 GCTaskThread "GC Thread#4" [stack: 0x0000005218c00000,0x0000005218d00000] [id=13064]
  0x000001c27cc2a800 GCTaskThread "GC Thread#5" [stack: 0x0000005218d00000,0x0000005218e00000] [id=13744]
  0x000001c27ee11800 GCTaskThread "GC Thread#6" [stack: 0x0000005218e00000,0x0000005218f00000] [id=13040]
  0x000001c27ee12800 GCTaskThread "GC Thread#7" [stack: 0x0000005218f00000,0x0000005219000000] [id=1088]
  0x000001c26e69b000 ConcurrentGCThread "G1 Main Marker" [stack: 0x0000005217000000,0x0000005217100000] [id=9188]
  0x000001c26e69c000 ConcurrentGCThread "G1 Conc#0" [stack: 0x0000005217100000,0x0000005217200000] [id=6580]
  0x000001c27d828800 ConcurrentGCThread "G1 Conc#1" [stack: 0x0000005219200000,0x0000005219300000] [id=8604]
  0x000001c26e72b000 ConcurrentGCThread "G1 Refine#0" [stack: 0x0000005217200000,0x0000005217300000] [id=5132]
  0x000001c26e72c000 ConcurrentGCThread "G1 Young RemSet Sampling" [stack: 0x0000005217300000,0x0000005217400000] [id=11492]

Threads with active compile tasks:
C2 CompilerThread03746849 8365       4       org.objectweb.asm.ClassReader::accept (1404 bytes)
C2 CompilerThread13746849 8003 %     4       org.objectweb.asm.ClassReader::readCode @ 2035 (5109 bytes)
C2 CompilerThread23746849 8289       4       org.objectweb.asm.ClassReader::readElementValue (1237 bytes)

VM state:at safepoint (normal execution)

VM Mutex/Monitor currently owned by a thread:  ([mutex/lock_event])
[0x000001c26e64f2d0] Threads_lock - owner thread: 0x000001c27ba4e000
[0x000001c26e650200] Heap_lock - owner thread: 0x000001c27eddf800

Heap address: 0x0000000080000000, size: 2048 MB, Compressed Oops mode: 32-bit
Narrow klass base: 0x0000000000000000, Narrow klass shift: 3
Compressed class space size: 1073741824 Address: 0x0000000100000000

Heap:
 garbage-first heap   total 227328K, used 70094K [0x0000000080000000, 0x0000000100000000)
  region size 1024K, 5 young (5120K), 5 survivors (5120K)
 Metaspace       used 62868K, capacity 64407K, committed 65024K, reserved 1105920K
  class space    used 7935K, capacity 8470K, committed 8704K, reserved 1048576K
Heap Regions: E=young(eden), S=young(survivor), O=old, HS=humongous(starts), HC=humongous(continues), CS=collection set, F=free, A=archive, TAMS=top-at-mark-start (previous, next)
|   0|0x0000000080000000, 0x0000000080100000, 0x0000000080100000|100%| O|  |TAMS 0x0000000080100000, 0x0000000080000000| Untracked 
|   1|0x0000000080100000, 0x0000000080200000, 0x0000000080200000|100%| O|  |TAMS 0x0000000080200000, 0x0000000080100000| Untracked 
|   2|0x0000000080200000, 0x0000000080300000, 0x0000000080300000|100%| O|  |TAMS 0x0000000080300000, 0x0000000080200000| Untracked 
|   3|0x0000000080300000, 0x0000000080400000, 0x0000000080400000|100%|HS|  |TAMS 0x0000000080400000, 0x0000000080300000| Complete 
|   4|0x0000000080400000, 0x0000000080500000, 0x0000000080500000|100%|HC|  |TAMS 0x0000000080500000, 0x0000000080400000| Complete 
|   5|0x0000000080500000, 0x0000000080600000, 0x0000000080600000|100%|HC|  |TAMS 0x0000000080600000, 0x0000000080500000| Complete 
|   6|0x0000000080600000, 0x0000000080700000, 0x0000000080700000|100%| O|  |TAMS 0x0000000080700000, 0x0000000080600000| Untracked 
|   7|0x0000000080700000, 0x0000000080800000, 0x0000000080800000|100%| O|  |TAMS 0x0000000080800000, 0x0000000080700000| Untracked 
|   8|0x0000000080800000, 0x0000000080900000, 0x0000000080900000|100%| O|  |TAMS 0x0000000080900000, 0x0000000080800000| Untracked 
|   9|0x0000000080900000, 0x0000000080a00000, 0x0000000080a00000|100%| O|  |TAMS 0x0000000080a00000, 0x0000000080900000| Untracked 
|  10|0x0000000080a00000, 0x0000000080b00000, 0x0000000080b00000|100%| O|  |TAMS 0x0000000080b00000, 0x0000000080a00000| Untracked 
|  11|0x0000000080b00000, 0x0000000080c00000, 0x0000000080c00000|100%| O|  |TAMS 0x0000000080c00000, 0x0000000080b00000| Untracked 
|  12|0x0000000080c00000, 0x0000000080d00000, 0x0000000080d00000|100%| O|  |TAMS 0x0000000080d00000, 0x0000000080c00000| Untracked 
|  13|0x0000000080d00000, 0x0000000080e00000, 0x0000000080e00000|100%| O|  |TAMS 0x0000000080e00000, 0x0000000080d00000| Untracked 
|  14|0x0000000080e00000, 0x0000000080f00000, 0x0000000080f00000|100%| O|  |TAMS 0x0000000080f00000, 0x0000000080e00000| Untracked 
|  15|0x0000000080f00000, 0x0000000081000000, 0x0000000081000000|100%| O|  |TAMS 0x0000000081000000, 0x0000000080f00000| Untracked 
|  16|0x0000000081000000, 0x0000000081100000, 0x0000000081100000|100%|HS|  |TAMS 0x0000000081100000, 0x0000000081000000| Complete 
|  17|0x0000000081100000, 0x0000000081200000, 0x0000000081200000|100%|HC|  |TAMS 0x0000000081200000, 0x0000000081100000| Complete 
|  18|0x0000000081200000, 0x0000000081300000, 0x0000000081300000|100%|HS|  |TAMS 0x0000000081300000, 0x0000000081200000| Complete 
|  19|0x0000000081300000, 0x0000000081400000, 0x0000000081400000|100%|HC|  |TAMS 0x0000000081400000, 0x0000000081300000| Complete 
|  20|0x0000000081400000, 0x0000000081500000, 0x0000000081500000|100%|HC|  |TAMS 0x0000000081500000, 0x0000000081400000| Complete 
|  21|0x0000000081500000, 0x0000000081600000, 0x0000000081600000|100%|HS|  |TAMS 0x0000000081600000, 0x0000000081500000| Complete 
|  22|0x0000000081600000, 0x0000000081700000, 0x0000000081700000|100%|HC|  |TAMS 0x0000000081700000, 0x0000000081600000| Complete 
|  23|0x0000000081700000, 0x0000000081800000, 0x0000000081800000|100%|HC|  |TAMS 0x0000000081800000, 0x0000000081700000| Complete 
|  24|0x0000000081800000, 0x0000000081900000, 0x0000000081900000|100%|HC|  |TAMS 0x0000000081900000, 0x0000000081800000| Complete 
|  25|0x0000000081900000, 0x0000000081a00000, 0x0000000081a00000|100%|HC|  |TAMS 0x0000000081a00000, 0x0000000081900000| Complete 
|  26|0x0000000081a00000, 0x0000000081b00000, 0x0000000081b00000|100%| O|  |TAMS 0x0000000081b00000, 0x0000000081a00000| Untracked 
|  27|0x0000000081b00000, 0x0000000081c00000, 0x0000000081c00000|100%| O|  |TAMS 0x0000000081c00000, 0x0000000081b00000| Untracked 
|  28|0x0000000081c00000, 0x0000000081d00000, 0x0000000081d00000|100%| O|  |TAMS 0x0000000081d00000, 0x0000000081c00000| Untracked 
|  29|0x0000000081d00000, 0x0000000081e00000, 0x0000000081e00000|100%| O|  |TAMS 0x0000000081e00000, 0x0000000081d00000| Untracked 
|  30|0x0000000081e00000, 0x0000000081f00000, 0x0000000081f00000|100%| O|  |TAMS 0x0000000081f00000, 0x0000000081e00000| Untracked 
|  31|0x0000000081f00000, 0x0000000082000000, 0x0000000082000000|100%| O|  |TAMS 0x0000000082000000, 0x0000000081f00000| Untracked 
|  32|0x0000000082000000, 0x0000000082100000, 0x0000000082100000|100%|HS|  |TAMS 0x0000000082100000, 0x0000000082000000| Complete 
|  33|0x0000000082100000, 0x0000000082200000, 0x0000000082200000|100%|HC|  |TAMS 0x0000000082200000, 0x0000000082100000| Complete 
|  34|0x0000000082200000, 0x0000000082300000, 0x0000000082300000|100%|HC|  |TAMS 0x0000000082300000, 0x0000000082200000| Complete 
|  35|0x0000000082300000, 0x0000000082400000, 0x0000000082400000|100%|HC|  |TAMS 0x0000000082400000, 0x0000000082300000| Complete 
|  36|0x0000000082400000, 0x0000000082500000, 0x0000000082500000|100%|HC|  |TAMS 0x0000000082500000, 0x0000000082400000| Complete 
|  37|0x0000000082500000, 0x0000000082600000, 0x0000000082600000|100%|HS|  |TAMS 0x0000000082600000, 0x0000000082500000| Complete 
|  38|0x0000000082600000, 0x0000000082700000, 0x0000000082700000|100%|HC|  |TAMS 0x0000000082700000, 0x0000000082600000| Complete 
|  39|0x0000000082700000, 0x0000000082800000, 0x0000000082800000|100%|HC|  |TAMS 0x0000000082800000, 0x0000000082700000| Complete 
|  40|0x0000000082800000, 0x0000000082900000, 0x0000000082900000|100%| O|  |TAMS 0x0000000082900000, 0x0000000082800000| Untracked 
|  41|0x0000000082900000, 0x0000000082a00000, 0x0000000082a00000|100%| O|  |TAMS 0x0000000082a00000, 0x0000000082900000| Untracked 
|  42|0x0000000082a00000, 0x0000000082b00000, 0x0000000082b00000|100%| O|  |TAMS 0x0000000082b00000, 0x0000000082a00000| Untracked 
|  43|0x0000000082b00000, 0x0000000082c00000, 0x0000000082c00000|100%| O|  |TAMS 0x0000000082c00000, 0x0000000082b00000| Untracked 
|  44|0x0000000082c00000, 0x0000000082d00000, 0x0000000082d00000|100%| O|  |TAMS 0x0000000082d00000, 0x0000000082c00000| Untracked 
|  45|0x0000000082d00000, 0x0000000082e00000, 0x0000000082e00000|100%| O|  |TAMS 0x0000000082e00000, 0x0000000082d00000| Untracked 
|  46|0x0000000082e00000, 0x0000000082f00000, 0x0000000082f00000|100%| O|  |TAMS 0x0000000082f00000, 0x0000000082e00000| Untracked 
|  47|0x0000000082f00000, 0x0000000083000000, 0x0000000083000000|100%| O|  |TAMS 0x0000000083000000, 0x0000000082f00000| Untracked 
|  48|0x0000000083000000, 0x0000000083100000, 0x0000000083100000|100%| O|  |TAMS 0x0000000083100000, 0x0000000083000000| Untracked 
|  49|0x0000000083100000, 0x0000000083200000, 0x0000000083200000|100%| O|  |TAMS 0x0000000083200000, 0x0000000083100000| Untracked 
|  50|0x0000000083200000, 0x0000000083300000, 0x0000000083300000|100%| O|  |TAMS 0x0000000083300000, 0x0000000083200000| Untracked 
|  51|0x0000000083300000, 0x0000000083400000, 0x0000000083400000|100%| O|  |TAMS 0x0000000083400000, 0x0000000083300000| Untracked 
|  52|0x0000000083400000, 0x0000000083500000, 0x0000000083500000|100%| O|  |TAMS 0x0000000083500000, 0x0000000083400000| Untracked 
|  53|0x0000000083500000, 0x0000000083600000, 0x0000000083600000|100%| O|  |TAMS 0x0000000083600000, 0x0000000083500000| Untracked 
|  54|0x0000000083600000, 0x0000000083700000, 0x0000000083700000|100%| O|  |TAMS 0x0000000083700000, 0x0000000083600000| Untracked 
|  55|0x0000000083700000, 0x0000000083800000, 0x0000000083800000|100%| O|  |TAMS 0x0000000083771800, 0x0000000083700000| Untracked 
|  56|0x0000000083800000, 0x0000000083900000, 0x0000000083900000|100%| O|  |TAMS 0x0000000083800000, 0x0000000083800000| Untracked 
|  57|0x0000000083900000, 0x0000000083a00000, 0x0000000083a00000|100%|HS|  |TAMS 0x0000000083900000, 0x0000000083900000| Complete 
|  58|0x0000000083a00000, 0x0000000083b00000, 0x0000000083b00000|100%| O|  |TAMS 0x0000000083a00000, 0x0000000083a00000| Untracked 
|  59|0x0000000083b00000, 0x0000000083c00000, 0x0000000083c00000|100%| O|  |TAMS 0x0000000083b00000, 0x0000000083b00000| Untracked 
|  60|0x0000000083c00000, 0x0000000083d00000, 0x0000000083d00000|100%| O|  |TAMS 0x0000000083c00000, 0x0000000083c00000| Untracked 
|  61|0x0000000083d00000, 0x0000000083e00000, 0x0000000083e00000|100%| O|  |TAMS 0x0000000083d00000, 0x0000000083d00000| Untracked 
|  62|0x0000000083e00000, 0x0000000083f00000, 0x0000000083f00000|100%|HS|  |TAMS 0x0000000083e00000, 0x0000000083e00000| Complete 
|  63|0x0000000083f00000, 0x0000000083feb000, 0x0000000084000000| 91%| O|  |TAMS 0x0000000083f00000, 0x0000000083f00000| Untracked 
|  64|0x0000000084000000, 0x0000000084000000, 0x0000000084100000|  0%| F|  |TAMS 0x0000000084000000, 0x0000000084000000| Untracked 
|  65|0x0000000084100000, 0x0000000084100000, 0x0000000084200000|  0%| F|  |TAMS 0x0000000084100000, 0x0000000084100000| Untracked 
|  66|0x0000000084200000, 0x0000000084200000, 0x0000000084300000|  0%| F|  |TAMS 0x0000000084200000, 0x0000000084200000| Untracked 
|  67|0x0000000084300000, 0x0000000084300000, 0x0000000084400000|  0%| F|  |TAMS 0x0000000084300000, 0x0000000084300000| Untracked 
|  68|0x0000000084400000, 0x0000000084400000, 0x0000000084500000|  0%| F|  |TAMS 0x0000000084400000, 0x0000000084400000| Untracked 
|  69|0x0000000084500000, 0x0000000084500000, 0x0000000084600000|  0%| F|  |TAMS 0x0000000084500000, 0x0000000084500000| Untracked 
|  70|0x0000000084600000, 0x0000000084600000, 0x0000000084700000|  0%| F|  |TAMS 0x0000000084600000, 0x0000000084600000| Untracked 
|  71|0x0000000084700000, 0x0000000084700000, 0x0000000084800000|  0%| F|  |TAMS 0x0000000084700000, 0x0000000084700000| Untracked 
|  72|0x0000000084800000, 0x0000000084800000, 0x0000000084900000|  0%| F|  |TAMS 0x0000000084800000, 0x0000000084800000| Untracked 
|  73|0x0000000084900000, 0x0000000084900000, 0x0000000084a00000|  0%| F|  |TAMS 0x0000000084900000, 0x0000000084900000| Untracked 
|  74|0x0000000084a00000, 0x0000000084a00000, 0x0000000084b00000|  0%| F|  |TAMS 0x0000000084a00000, 0x0000000084a00000| Untracked 
|  75|0x0000000084b00000, 0x0000000084b00000, 0x0000000084c00000|  0%| F|  |TAMS 0x0000000084b00000, 0x0000000084b00000| Untracked 
|  76|0x0000000084c00000, 0x0000000084c00000, 0x0000000084d00000|  0%| F|  |TAMS 0x0000000084c00000, 0x0000000084c00000| Untracked 
|  77|0x0000000084d00000, 0x0000000084d00000, 0x0000000084e00000|  0%| F|  |TAMS 0x0000000084d00000, 0x0000000084d00000| Untracked 
|  78|0x0000000084e00000, 0x0000000084e00000, 0x0000000084f00000|  0%| F|  |TAMS 0x0000000084e00000, 0x0000000084e00000| Untracked 
|  79|0x0000000084f00000, 0x0000000084f00000, 0x0000000085000000|  0%| F|  |TAMS 0x0000000084f00000, 0x0000000084f00000| Untracked 
|  80|0x0000000085000000, 0x0000000085000000, 0x0000000085100000|  0%| F|  |TAMS 0x0000000085000000, 0x0000000085000000| Untracked 
|  81|0x0000000085100000, 0x0000000085100000, 0x0000000085200000|  0%| F|  |TAMS 0x0000000085100000, 0x0000000085100000| Untracked 
|  82|0x0000000085200000, 0x0000000085200000, 0x0000000085300000|  0%| F|  |TAMS 0x0000000085200000, 0x0000000085200000| Untracked 
|  83|0x0000000085300000, 0x0000000085300000, 0x0000000085400000|  0%| F|  |TAMS 0x0000000085300000, 0x0000000085300000| Untracked 
|  84|0x0000000085400000, 0x0000000085488ad0, 0x0000000085500000| 53%| S|CS|TAMS 0x0000000085400000, 0x0000000085400000| Complete 
|  85|0x0000000085500000, 0x0000000085500000, 0x0000000085600000|  0%| F|  |TAMS 0x0000000085500000, 0x0000000085500000| Untracked 
|  86|0x0000000085600000, 0x0000000085700000, 0x0000000085700000|100%| S|CS|TAMS 0x0000000085600000, 0x0000000085600000| Complete 
|  87|0x0000000085700000, 0x0000000085800000, 0x0000000085800000|100%| S|CS|TAMS 0x0000000085700000, 0x0000000085700000| Complete 
|  88|0x0000000085800000, 0x0000000085900000, 0x0000000085900000|100%| S|CS|TAMS 0x0000000085800000, 0x0000000085800000| Complete 
|  89|0x0000000085900000, 0x0000000085a00000, 0x0000000085a00000|100%| S|CS|TAMS 0x0000000085900000, 0x0000000085900000| Complete 
|  90|0x0000000085a00000, 0x0000000085a00000, 0x0000000085b00000|  0%| F|  |TAMS 0x0000000085a00000, 0x0000000085a00000| Untracked 
|  91|0x0000000085b00000, 0x0000000085b00000, 0x0000000085c00000|  0%| F|  |TAMS 0x0000000085b00000, 0x0000000085b00000| Untracked 
|  92|0x0000000085c00000, 0x0000000085c00000, 0x0000000085d00000|  0%| F|  |TAMS 0x0000000085c00000, 0x0000000085c00000| Untracked 
|  93|0x0000000085d00000, 0x0000000085d00000, 0x0000000085e00000|  0%| F|  |TAMS 0x0000000085d00000, 0x0000000085d00000| Untracked 
|  94|0x0000000085e00000, 0x0000000085e00000, 0x0000000085f00000|  0%| F|  |TAMS 0x0000000085e00000, 0x0000000085e00000| Untracked 
|  95|0x0000000085f00000, 0x0000000085f00000, 0x0000000086000000|  0%| F|  |TAMS 0x0000000085f00000, 0x0000000085f00000| Untracked 
|  96|0x0000000086000000, 0x0000000086000000, 0x0000000086100000|  0%| F|  |TAMS 0x0000000086000000, 0x0000000086000000| Untracked 
|  97|0x0000000086100000, 0x0000000086100000, 0x0000000086200000|  0%| F|  |TAMS 0x0000000086100000, 0x0000000086100000| Untracked 
|  98|0x0000000086200000, 0x0000000086200000, 0x0000000086300000|  0%| F|  |TAMS 0x0000000086200000, 0x0000000086200000| Untracked 
|  99|0x0000000086300000, 0x0000000086300000, 0x0000000086400000|  0%| F|  |TAMS 0x0000000086300000, 0x0000000086300000| Untracked 
| 100|0x0000000086400000, 0x0000000086400000, 0x0000000086500000|  0%| F|  |TAMS 0x0000000086400000, 0x0000000086400000| Untracked 
| 101|0x0000000086500000, 0x0000000086500000, 0x0000000086600000|  0%| F|  |TAMS 0x0000000086500000, 0x0000000086500000| Untracked 
| 102|0x0000000086600000, 0x0000000086600000, 0x0000000086700000|  0%| F|  |TAMS 0x0000000086600000, 0x0000000086600000| Untracked 
| 103|0x0000000086700000, 0x0000000086700000, 0x0000000086800000|  0%| F|  |TAMS 0x0000000086700000, 0x0000000086700000| Untracked 
| 104|0x0000000086800000, 0x0000000086800000, 0x0000000086900000|  0%| F|  |TAMS 0x0000000086800000, 0x0000000086800000| Untracked 
| 105|0x0000000086900000, 0x0000000086900000, 0x0000000086a00000|  0%| F|  |TAMS 0x0000000086900000, 0x0000000086900000| Untracked 
| 106|0x0000000086a00000, 0x0000000086a00000, 0x0000000086b00000|  0%| F|  |TAMS 0x0000000086a00000, 0x0000000086a00000| Untracked 
| 107|0x0000000086b00000, 0x0000000086b00000, 0x0000000086c00000|  0%| F|  |TAMS 0x0000000086b00000, 0x0000000086b00000| Untracked 
| 108|0x0000000086c00000, 0x0000000086c00000, 0x0000000086d00000|  0%| F|  |TAMS 0x0000000086c00000, 0x0000000086c00000| Untracked 
| 109|0x0000000086d00000, 0x0000000086d00000, 0x0000000086e00000|  0%| F|  |TAMS 0x0000000086d00000, 0x0000000086d00000| Untracked 
| 110|0x0000000086e00000, 0x0000000086e00000, 0x0000000086f00000|  0%| F|  |TAMS 0x0000000086e00000, 0x0000000086e00000| Untracked 
| 111|0x0000000086f00000, 0x0000000086f00000, 0x0000000087000000|  0%| F|  |TAMS 0x0000000086f00000, 0x0000000086f00000| Untracked 
| 112|0x0000000087000000, 0x0000000087000000, 0x0000000087100000|  0%| F|  |TAMS 0x0000000087000000, 0x0000000087000000| Untracked 
| 113|0x0000000087100000, 0x0000000087100000, 0x0000000087200000|  0%| F|  |TAMS 0x0000000087100000, 0x0000000087100000| Untracked 
| 114|0x0000000087200000, 0x0000000087200000, 0x0000000087300000|  0%| F|  |TAMS 0x0000000087200000, 0x0000000087200000| Untracked 
| 115|0x0000000087300000, 0x0000000087300000, 0x0000000087400000|  0%| F|  |TAMS 0x0000000087300000, 0x0000000087300000| Untracked 
| 116|0x0000000087400000, 0x0000000087400000, 0x0000000087500000|  0%| F|  |TAMS 0x0000000087400000, 0x0000000087400000| Untracked 
| 117|0x0000000087500000, 0x0000000087500000, 0x0000000087600000|  0%| F|  |TAMS 0x0000000087500000, 0x0000000087500000| Untracked 
| 118|0x0000000087600000, 0x0000000087600000, 0x0000000087700000|  0%| F|  |TAMS 0x0000000087600000, 0x0000000087600000| Untracked 
| 119|0x0000000087700000, 0x0000000087700000, 0x0000000087800000|  0%| F|  |TAMS 0x0000000087700000, 0x0000000087700000| Untracked 
| 120|0x0000000087800000, 0x0000000087800000, 0x0000000087900000|  0%| F|  |TAMS 0x0000000087800000, 0x0000000087800000| Untracked 
| 121|0x0000000087900000, 0x0000000087900000, 0x0000000087a00000|  0%| F|  |TAMS 0x0000000087900000, 0x0000000087900000| Untracked 
| 122|0x0000000087a00000, 0x0000000087a00000, 0x0000000087b00000|  0%| F|  |TAMS 0x0000000087a00000, 0x0000000087a00000| Untracked 
| 123|0x0000000087b00000, 0x0000000087b00000, 0x0000000087c00000|  0%| F|  |TAMS 0x0000000087b00000, 0x0000000087b00000| Untracked 
| 124|0x0000000087c00000, 0x0000000087c00000, 0x0000000087d00000|  0%| F|  |TAMS 0x0000000087c00000, 0x0000000087c00000| Untracked 
| 125|0x0000000087d00000, 0x0000000087d00000, 0x0000000087e00000|  0%| F|  |TAMS 0x0000000087d00000, 0x0000000087d00000| Untracked 
| 126|0x0000000087e00000, 0x0000000087e00000, 0x0000000087f00000|  0%| F|  |TAMS 0x0000000087e00000, 0x0000000087e00000| Untracked 
| 127|0x0000000087f00000, 0x0000000087f00000, 0x0000000088000000|  0%| F|  |TAMS 0x0000000087f00000, 0x0000000087f00000| Untracked 
| 128|0x0000000088000000, 0x0000000088000000, 0x0000000088100000|  0%| F|  |TAMS 0x0000000088000000, 0x0000000088000000| Untracked 
| 129|0x0000000088100000, 0x0000000088100000, 0x0000000088200000|  0%| F|  |TAMS 0x0000000088100000, 0x0000000088100000| Untracked 
| 130|0x0000000088200000, 0x0000000088200000, 0x0000000088300000|  0%| F|  |TAMS 0x0000000088200000, 0x0000000088200000| Untracked 
| 131|0x0000000088300000, 0x0000000088300000, 0x0000000088400000|  0%| F|  |TAMS 0x0000000088300000, 0x0000000088300000| Untracked 
| 132|0x0000000088400000, 0x0000000088400000, 0x0000000088500000|  0%| F|  |TAMS 0x0000000088400000, 0x0000000088400000| Untracked 
| 133|0x0000000088500000, 0x0000000088500000, 0x0000000088600000|  0%| F|  |TAMS 0x0000000088500000, 0x0000000088500000| Untracked 
| 134|0x0000000088600000, 0x0000000088600000, 0x0000000088700000|  0%| F|  |TAMS 0x0000000088600000, 0x0000000088600000| Untracked 
| 135|0x0000000088700000, 0x0000000088700000, 0x0000000088800000|  0%| F|  |TAMS 0x0000000088700000, 0x0000000088700000| Untracked 
| 136|0x0000000088800000, 0x0000000088800000, 0x0000000088900000|  0%| F|  |TAMS 0x0000000088800000, 0x0000000088800000| Untracked 
| 137|0x0000000088900000, 0x0000000088900000, 0x0000000088a00000|  0%| F|  |TAMS 0x0000000088900000, 0x0000000088900000| Untracked 
| 138|0x0000000088a00000, 0x0000000088a00000, 0x0000000088b00000|  0%| F|  |TAMS 0x0000000088a00000, 0x0000000088a00000| Untracked 
| 139|0x0000000088b00000, 0x0000000088b00000, 0x0000000088c00000|  0%| F|  |TAMS 0x0000000088b00000, 0x0000000088b00000| Untracked 
| 140|0x0000000088c00000, 0x0000000088c00000, 0x0000000088d00000|  0%| F|  |TAMS 0x0000000088c00000, 0x0000000088c00000| Untracked 
| 141|0x0000000088d00000, 0x0000000088d00000, 0x0000000088e00000|  0%| F|  |TAMS 0x0000000088d00000, 0x0000000088d00000| Untracked 

Card table byte_map: [0x000001c274790000,0x000001c274b90000] _byte_map_base: 0x000001c274390000

Marking Bits (Prev, Next): (CMBitMap*) 0x000001c26e691f18, (CMBitMap*) 0x000001c26e691f50
 Prev Bits: [0x000001c274f90000, 0x000001c276f90000)
 Next Bits: [0x000001c276f90000, 0x000001c278f90000)

Polling page: 0x000001c26e730000

Metaspace:

Usage:
  Non-class:     54.63 MB capacity,    53.65 MB ( 98%) used,   852.16 KB (  2%) free+waste,   152.00 KB ( <1%) overhead. 
      Class:      8.27 MB capacity,     7.75 MB ( 94%) used,   463.55 KB (  5%) free+waste,    70.50 KB ( <1%) overhead. 
       Both:     62.90 MB capacity,    61.40 MB ( 98%) used,     1.28 MB (  2%) free+waste,   222.50 KB ( <1%) overhead. 

Virtual space:
  Non-class space:       56.00 MB reserved,      55.00 MB ( 98%) committed 
      Class space:        1.00 GB reserved,       8.50 MB ( <1%) committed 
             Both:        1.05 GB reserved,      63.50 MB (  6%) committed 

Chunk freelists:
   Non-Class:  383.00 KB
       Class:  138.00 KB
        Both:  521.00 KB

MaxMetaspaceSize: 17179869184.00 GB
CompressedClassSpaceSize: 1.00 GB

CodeHeap 'non-profiled nmethods': size=120000Kb used=5869Kb max_used=5869Kb free=114130Kb
 bounds [0x000001c207ad0000, 0x000001c208090000, 0x000001c20f000000]
CodeHeap 'profiled nmethods': size=120000Kb used=18031Kb max_used=18031Kb free=101968Kb
 bounds [0x000001c2005a0000, 0x000001c201740000, 0x000001c207ad0000]
CodeHeap 'non-nmethods': size=5760Kb used=2261Kb max_used=2322Kb free=3498Kb
 bounds [0x000001c200000000, 0x000001c200270000, 0x000001c2005a0000]
 total_blobs=9151 nmethods=8295 adapters=767
 compilation: enabled
              stopped_count=0, restarted_count=0
 full_count=0

Compilation events (20 events):
Event: 3746.781 Thread 0x000001c211c97000 nmethod 8390 0x000001c208086990 code [0x000001c208086ba0, 0x000001c208088738]
Event: 3746.782 Thread 0x000001c211c97000 8346       4       org.objectweb.asm.Type::hashCode (68 bytes)
Event: 3746.782 Thread 0x000001c27ba75000 8407       2       org.gradle.cache.internal.CrossProcessSynchronizingCache::put (23 bytes)
Event: 3746.782 Thread 0x000001c27ba75000 nmethod 8407 0x000001c201739710 code [0x000001c2017398e0, 0x000001c201739a38]
Event: 3746.782 Thread 0x000001c27ba75000 8408       2       org.gradle.cache.internal.InMemoryDecoratedCache::putLater (24 bytes)
Event: 3746.782 Thread 0x000001c27ba75000 nmethod 8408 0x000001c201739b10 code [0x000001c201739d20, 0x000001c20173a138]
Event: 3746.782 Thread 0x000001c27ba75000 8409   !   2       org.gradle.cache.internal.AsyncCacheAccessDecoratedCache::putLater (33 bytes)
Event: 3746.782 Thread 0x000001c27ba75000 nmethod 8409 0x000001c20173a490 code [0x000001c20173a660, 0x000001c20173a908]
Event: 3746.784 Thread 0x000001c27ba75000 8410       2       org.gradle.cache.internal.AsyncCacheAccessDecoratedCache$$Lambda$198/0x0000000100383040::run (20 bytes)
Event: 3746.785 Thread 0x000001c27ba75000 nmethod 8410 0x000001c20173ab90 code [0x000001c20173ad60, 0x000001c20173af28]
Event: 3746.785 Thread 0x000001c27ba75000 8411   !   2       org.gradle.cache.internal.AsyncCacheAccessDecoratedCache::lambda$putLater$1 (32 bytes)
Event: 3746.785 Thread 0x000001c27ba75000 nmethod 8411 0x000001c20173b090 code [0x000001c20173b260, 0x000001c20173b408]
Event: 3746.787 Thread 0x000001c211c97000 nmethod 8346 0x000001c208089110 code [0x000001c2080892a0, 0x000001c208089638]
Event: 3746.787 Thread 0x000001c211c97000 8288       4       java.util.StringTokenizer::skipDelimiters (116 bytes)
Event: 3746.793 Thread 0x000001c211c97000 nmethod 8288 0x000001c208089790 code [0x000001c208089940, 0x000001c208089d18]
Event: 3746.793 Thread 0x000001c211c97000 8282       4       org.objectweb.asm.ByteVector::encodeUtf8 (337 bytes)
Event: 3746.809 Thread 0x000001c27ba75000 8415       2       org.objectweb.asm.MethodWriter::visitFieldInsn (258 bytes)
Event: 3746.810 Thread 0x000001c27ba75000 nmethod 8415 0x000001c20173b510 code [0x000001c20173b720, 0x000001c20173bc08]
Event: 3746.812 Thread 0x000001c211c97000 nmethod 8282 0x000001c20808a090 code [0x000001c20808a260, 0x000001c20808b198]
Event: 3746.812 Thread 0x000001c211c97000 8289       4       org.objectweb.asm.ClassReader::readElementValue (1237 bytes)

GC Heap History (20 events):
Event: 3746.079 GC heap after
{Heap after GC invocations=23 (full 0):
 garbage-first heap   total 145408K, used 67003K [0x0000000080000000, 0x0000000100000000)
  region size 1024K, 5 young (5120K), 5 survivors (5120K)
 Metaspace       used 62804K, capacity 64337K, committed 65024K, reserved 1105920K
  class space    used 7934K, capacity 8470K, committed 8704K, reserved 1048576K
}
Event: 3746.135 GC heap before
{Heap before GC invocations=23 (full 0):
 garbage-first heap   total 145408K, used 121275K [0x0000000080000000, 0x0000000100000000)
  region size 1024K, 59 young (60416K), 5 survivors (5120K)
 Metaspace       used 62809K, capacity 64401K, committed 65024K, reserved 1105920K
  class space    used 7934K, capacity 8470K, committed 8704K, reserved 1048576K
}
Event: 3746.139 GC heap after
{Heap after GC invocations=24 (full 0):
 garbage-first heap   total 145408K, used 66931K [0x0000000080000000, 0x0000000100000000)
  region size 1024K, 5 young (5120K), 5 survivors (5120K)
 Metaspace       used 62809K, capacity 64401K, committed 65024K, reserved 1105920K
  class space    used 7934K, capacity 8470K, committed 8704K, reserved 1048576K
}
Event: 3746.210 GC heap before
{Heap before GC invocations=24 (full 0):
 garbage-first heap   total 145408K, used 122227K [0x0000000080000000, 0x0000000100000000)
  region size 1024K, 60 young (61440K), 5 survivors (5120K)
 Metaspace       used 62812K, capacity 64401K, committed 65024K, reserved 1105920K
  class space    used 7934K, capacity 8470K, committed 8704K, reserved 1048576K
}
Event: 3746.214 GC heap after
{Heap after GC invocations=25 (full 0):
 garbage-first heap   total 145408K, used 66588K [0x0000000080000000, 0x0000000100000000)
  region size 1024K, 4 young (4096K), 4 survivors (4096K)
 Metaspace       used 62812K, capacity 64401K, committed 65024K, reserved 1105920K
  class space    used 7934K, capacity 8470K, committed 8704K, reserved 1048576K
}
Event: 3746.282 GC heap before
{Heap before GC invocations=25 (full 0):
 garbage-first heap   total 145408K, used 122908K [0x0000000080000000, 0x0000000100000000)
  region size 1024K, 60 young (61440K), 4 survivors (4096K)
 Metaspace       used 62819K, capacity 64401K, committed 65024K, reserved 1105920K
  class space    used 7934K, capacity 8470K, committed 8704K, reserved 1048576K
}
Event: 3746.285 GC heap after
{Heap after GC invocations=26 (full 0):
 garbage-first heap   total 145408K, used 67552K [0x0000000080000000, 0x0000000100000000)
  region size 1024K, 5 young (5120K), 5 survivors (5120K)
 Metaspace       used 62819K, capacity 64401K, committed 65024K, reserved 1105920K
  class space    used 7934K, capacity 8470K, committed 8704K, reserved 1048576K
}
Event: 3746.363 GC heap before
{Heap before GC invocations=26 (full 0):
 garbage-first heap   total 145408K, used 123872K [0x0000000080000000, 0x0000000100000000)
  region size 1024K, 60 young (61440K), 5 survivors (5120K)
 Metaspace       used 62822K, capacity 64401K, committed 65024K, reserved 1105920K
  class space    used 7934K, capacity 8470K, committed 8704K, reserved 1048576K
}
Event: 3746.366 GC heap after
{Heap after GC invocations=27 (full 0):
 garbage-first heap   total 145408K, used 67466K [0x0000000080000000, 0x0000000100000000)
  region size 1024K, 3 young (3072K), 3 survivors (3072K)
 Metaspace       used 62822K, capacity 64401K, committed 65024K, reserved 1105920K
  class space    used 7934K, capacity 8470K, committed 8704K, reserved 1048576K
}
Event: 3746.441 GC heap before
{Heap before GC invocations=27 (full 0):
 garbage-first heap   total 145408K, used 124810K [0x0000000080000000, 0x0000000100000000)
  region size 1024K, 59 young (60416K), 3 survivors (3072K)
 Metaspace       used 62836K, capacity 64403K, committed 65024K, reserved 1105920K
  class space    used 7934K, capacity 8470K, committed 8704K, reserved 1048576K
}
Event: 3746.444 GC heap after
{Heap after GC invocations=28 (full 0):
 garbage-first heap   total 145408K, used 67503K [0x0000000080000000, 0x0000000100000000)
  region size 1024K, 3 young (3072K), 3 survivors (3072K)
 Metaspace       used 62836K, capacity 64403K, committed 65024K, reserved 1105920K
  class space    used 7934K, capacity 8470K, committed 8704K, reserved 1048576K
}
Event: 3746.523 GC heap before
{Heap before GC invocations=28 (full 0):
 garbage-first heap   total 145408K, used 123823K [0x0000000080000000, 0x0000000100000000)
  region size 1024K, 59 young (60416K), 3 survivors (3072K)
 Metaspace       used 62839K, capacity 64403K, committed 65024K, reserved 1105920K
  class space    used 7934K, capacity 8470K, committed 8704K, reserved 1048576K
}
Event: 3746.526 GC heap after
{Heap after GC invocations=29 (full 0):
 garbage-first heap   total 145408K, used 67913K [0x0000000080000000, 0x0000000100000000)
  region size 1024K, 4 young (4096K), 4 survivors (4096K)
 Metaspace       used 62839K, capacity 64403K, committed 65024K, reserved 1105920K
  class space    used 7934K, capacity 8470K, committed 8704K, reserved 1048576K
}
Event: 3746.602 GC heap before
{Heap before GC invocations=29 (full 0):
 garbage-first heap   total 145408K, used 124233K [0x0000000080000000, 0x0000000100000000)
  region size 1024K, 59 young (60416K), 4 survivors (4096K)
 Metaspace       used 62839K, capacity 64403K, committed 65024K, reserved 1105920K
  class space    used 7934K, capacity 8470K, committed 8704K, reserved 1048576K
}
Event: 3746.610 GC heap after
{Heap after GC invocations=30 (full 0):
 garbage-first heap   total 145408K, used 68260K [0x0000000080000000, 0x0000000100000000)
  region size 1024K, 4 young (4096K), 4 survivors (4096K)
 Metaspace       used 62839K, capacity 64403K, committed 65024K, reserved 1105920K
  class space    used 7934K, capacity 8470K, committed 8704K, reserved 1048576K
}
Event: 3746.682 GC heap before
{Heap before GC invocations=30 (full 0):
 garbage-first heap   total 145408K, used 124580K [0x0000000080000000, 0x0000000100000000)
  region size 1024K, 60 young (61440K), 4 survivors (4096K)
 Metaspace       used 62864K, capacity 64405K, committed 65024K, reserved 1105920K
  class space    used 7935K, capacity 8470K, committed 8704K, reserved 1048576K
}
Event: 3746.686 GC heap after
{Heap after GC invocations=31 (full 0):
 garbage-first heap   total 145408K, used 68481K [0x0000000080000000, 0x0000000100000000)
  region size 1024K, 4 young (4096K), 4 survivors (4096K)
 Metaspace       used 62864K, capacity 64405K, committed 65024K, reserved 1105920K
  class space    used 7935K, capacity 8470K, committed 8704K, reserved 1048576K
}
Event: 3746.763 GC heap before
{Heap before GC invocations=31 (full 0):
 garbage-first heap   total 145408K, used 124801K [0x0000000080000000, 0x0000000100000000)
  region size 1024K, 60 young (61440K), 4 survivors (4096K)
 Metaspace       used 62864K, capacity 64405K, committed 65024K, reserved 1105920K
  class space    used 7935K, capacity 8470K, committed 8704K, reserved 1048576K
}
Event: 3746.766 GC heap after
{Heap after GC invocations=32 (full 0):
 garbage-first heap   total 145408K, used 69867K [0x0000000080000000, 0x0000000100000000)
  region size 1024K, 6 young (6144K), 6 survivors (6144K)
 Metaspace       used 62864K, capacity 64405K, committed 65024K, reserved 1105920K
  class space    used 7935K, capacity 8470K, committed 8704K, reserved 1048576K
}
Event: 3746.835 GC heap before
{Heap before GC invocations=32 (full 0):
 garbage-first heap   total 145408K, used 122091K [0x0000000080000000, 0x0000000100000000)
  region size 1024K, 58 young (59392K), 6 survivors (6144K)
 Metaspace       used 62868K, capacity 64407K, committed 65024K, reserved 1105920K
  class space    used 7935K, capacity 8470K, committed 8704K, reserved 1048576K
}

Deoptimization events (20 events):
Event: 3746.809 Thread 0x000001c27ede1000 Uncommon trap: trap_request=0xffffff4d fr.pc=0x000001c20804ac0c relative=0x000000000000038c
Event: 3746.809 Thread 0x000001c27ede1000 Uncommon trap: reason=unstable_if action=reinterpret pc=0x000001c20804ac0c method=org.objectweb.asm.MethodWriter.visitFieldInsn(ILjava/lang/String;Ljava/lang/String;Ljava/lang/String;)V @ 128 c2
Event: 3746.809 Thread 0x000001c27ede1000 DEOPT PACKING pc=0x000001c20804ac0c sp=0x00000052199fe0c0
Event: 3746.809 Thread 0x000001c27ede1000 DEOPT UNPACKING pc=0x000001c2000278af sp=0x00000052199fe040 mode 2
Event: 3746.814 Thread 0x000001c27ede0000 Uncommon trap: trap_request=0xffffffbe fr.pc=0x000001c20808ae70 relative=0x0000000000000c10
Event: 3746.814 Thread 0x000001c27ede0000 Uncommon trap: reason=profile_predicate action=maybe_recompile pc=0x000001c20808ae70 method=org.objectweb.asm.ByteVector.encodeUtf8(Ljava/lang/String;II)Lorg/objectweb/asm/ByteVector; @ 16 c2
Event: 3746.814 Thread 0x000001c27ede0000 DEOPT PACKING pc=0x000001c20808ae70 sp=0x0000005219afd620
Event: 3746.814 Thread 0x000001c27ede0000 DEOPT UNPACKING pc=0x000001c2000278af sp=0x0000005219afd5c8 mode 2
Event: 3746.824 Thread 0x000001c27ede0000 Uncommon trap: trap_request=0xffffffbe fr.pc=0x000001c20808ae70 relative=0x0000000000000c10
Event: 3746.824 Thread 0x000001c27ede0000 Uncommon trap: reason=profile_predicate action=maybe_recompile pc=0x000001c20808ae70 method=org.objectweb.asm.ByteVector.encodeUtf8(Ljava/lang/String;II)Lorg/objectweb/asm/ByteVector; @ 16 c2
Event: 3746.824 Thread 0x000001c27ede0000 DEOPT PACKING pc=0x000001c20808ae70 sp=0x0000005219afd620
Event: 3746.824 Thread 0x000001c27ede0000 DEOPT UNPACKING pc=0x000001c2000278af sp=0x0000005219afd5c8 mode 2
Event: 3746.829 Thread 0x000001c27ede1800 Uncommon trap: trap_request=0xffffffbe fr.pc=0x000001c20808ae70 relative=0x0000000000000c10
Event: 3746.829 Thread 0x000001c27ede1800 Uncommon trap: reason=profile_predicate action=maybe_recompile pc=0x000001c20808ae70 method=org.objectweb.asm.ByteVector.encodeUtf8(Ljava/lang/String;II)Lorg/objectweb/asm/ByteVector; @ 16 c2
Event: 3746.829 Thread 0x000001c27ede1800 DEOPT PACKING pc=0x000001c20808ae70 sp=0x0000005219ffdb50
Event: 3746.829 Thread 0x000001c27ede1800 DEOPT UNPACKING pc=0x000001c2000278af sp=0x0000005219ffdaf8 mode 2
Event: 3746.829 Thread 0x000001c27ede1800 Uncommon trap: trap_request=0xffffffbe fr.pc=0x000001c20808ae70 relative=0x0000000000000c10
Event: 3746.829 Thread 0x000001c27ede1800 Uncommon trap: reason=profile_predicate action=maybe_recompile pc=0x000001c20808ae70 method=org.objectweb.asm.ByteVector.encodeUtf8(Ljava/lang/String;II)Lorg/objectweb/asm/ByteVector; @ 16 c2
Event: 3746.829 Thread 0x000001c27ede1800 DEOPT PACKING pc=0x000001c20808ae70 sp=0x0000005219ffdb50
Event: 3746.829 Thread 0x000001c27ede1800 DEOPT UNPACKING pc=0x000001c2000278af sp=0x0000005219ffdaf8 mode 2

Classes redefined (0 events):
No events

Internal exceptions (20 events):
Event: 3746.588 Thread 0x000001c27ede7800 Exception <a 'sun/nio/fs/WindowsException'{0x0000000086025200}> (0x0000000086025200) thrown at [./src/hotspot/share/prims/jni.cpp, line 615]
Event: 3746.589 Thread 0x000001c27ede7800 Exception <a 'sun/nio/fs/WindowsException'{0x0000000086025390}> (0x0000000086025390) thrown at [./src/hotspot/share/prims/jni.cpp, line 615]
Event: 3746.593 Thread 0x000001c27ede7800 Exception <a 'sun/nio/fs/WindowsException'{0x000000008602e060}> (0x000000008602e060) thrown at [./src/hotspot/share/prims/jni.cpp, line 615]
Event: 3746.600 Thread 0x000001c27ede0000 Exception <a 'sun/nio/fs/WindowsException'{0x00000000858bb4a8}> (0x00000000858bb4a8) thrown at [./src/hotspot/share/prims/jni.cpp, line 615]
Event: 3746.601 Thread 0x000001c27ede0000 Exception <a 'sun/nio/fs/WindowsException'{0x00000000858bb640}> (0x00000000858bb640) thrown at [./src/hotspot/share/prims/jni.cpp, line 615]
Event: 3746.618 Thread 0x000001c27ede7800 Exception <a 'sun/nio/fs/WindowsException'{0x00000000888fab90}> (0x00000000888fab90) thrown at [./src/hotspot/share/prims/jni.cpp, line 615]
Event: 3746.623 Thread 0x000001c27ede4000 Exception <a 'sun/nio/fs/WindowsException'{0x0000000088217570}> (0x0000000088217570) thrown at [./src/hotspot/share/prims/jni.cpp, line 615]
Event: 3746.632 Thread 0x000001c27ede4000 Exception <a 'sun/nio/fs/WindowsException'{0x0000000088217728}> (0x0000000088217728) thrown at [./src/hotspot/share/prims/jni.cpp, line 615]
Event: 3746.663 Thread 0x000001c27ede7800 Exception <a 'sun/nio/fs/WindowsException'{0x00000000888fad20}> (0x00000000888fad20) thrown at [./src/hotspot/share/prims/jni.cpp, line 615]
Event: 3746.669 Thread 0x000001c27ede1000 Exception <a 'sun/nio/fs/WindowsException'{0x0000000088d0a0a0}> (0x0000000088d0a0a0) thrown at [./src/hotspot/share/prims/jni.cpp, line 615]
Event: 3746.669 Thread 0x000001c27ede4000 Exception <a 'sun/nio/fs/WindowsException'{0x0000000085fbadb0}> (0x0000000085fbadb0) thrown at [./src/hotspot/share/prims/jni.cpp, line 615]
Event: 3746.672 Thread 0x000001c27ede4000 Exception <a 'sun/nio/fs/WindowsException'{0x0000000085c44a70}> (0x0000000085c44a70) thrown at [./src/hotspot/share/prims/jni.cpp, line 615]
Event: 3746.673 Thread 0x000001c27ede4000 Exception <a 'sun/nio/fs/WindowsException'{0x0000000085c44c18}> (0x0000000085c44c18) thrown at [./src/hotspot/share/prims/jni.cpp, line 615]
Event: 3746.681 Thread 0x000001c27ede4000 Exception <a 'sun/nio/fs/WindowsException'{0x000000008578fe28}> (0x000000008578fe28) thrown at [./src/hotspot/share/prims/jni.cpp, line 615]
Event: 3746.689 Thread 0x000001c27ede0000 Exception <a 'sun/nio/fs/WindowsException'{0x0000000088d72968}> (0x0000000088d72968) thrown at [./src/hotspot/share/prims/jni.cpp, line 615]
Event: 3746.695 Thread 0x000001c27ede1000 Exception <a 'sun/nio/fs/WindowsException'{0x000000008880b678}> (0x000000008880b678) thrown at [./src/hotspot/share/prims/jni.cpp, line 615]
Event: 3746.705 Thread 0x000001c27ede7800 Exception <a 'sun/nio/fs/WindowsException'{0x0000000088491618}> (0x0000000088491618) thrown at [./src/hotspot/share/prims/jni.cpp, line 615]
Event: 3746.726 Thread 0x000001c27ede1000 Exception <a 'sun/nio/fs/WindowsException'{0x000000008880b830}> (0x000000008880b830) thrown at [./src/hotspot/share/prims/jni.cpp, line 615]
Event: 3746.766 Thread 0x000001c27ede6800 Exception <a 'sun/nio/fs/WindowsException'{0x0000000088d00ac8}> (0x0000000088d00ac8) thrown at [./src/hotspot/share/prims/jni.cpp, line 615]
Event: 3746.777 Thread 0x000001c27ede1000 Exception <a 'sun/nio/fs/WindowsException'{0x0000000088a33ce0}> (0x0000000088a33ce0) thrown at [./src/hotspot/share/prims/jni.cpp, line 615]

Events (20 events):
Event: 3746.285 Executing VM operation: G1CollectForAllocation done
Event: 3746.362 Executing VM operation: G1CollectForAllocation
Event: 3746.366 Executing VM operation: G1CollectForAllocation done
Event: 3746.441 Executing VM operation: G1CollectForAllocation
Event: 3746.444 Executing VM operation: G1CollectForAllocation done
Event: 3746.523 Executing VM operation: G1CollectForAllocation
Event: 3746.526 Executing VM operation: G1CollectForAllocation done
Event: 3746.602 Executing VM operation: G1CollectForAllocation
Event: 3746.610 Executing VM operation: G1CollectForAllocation done
Event: 3746.643 loading class java/nio/channels/FileChannel$MapMode
Event: 3746.643 loading class java/nio/channels/FileChannel$MapMode done
Event: 3746.643 loading class sun/nio/ch/FileChannelImpl$Unmapper
Event: 3746.643 loading class sun/nio/ch/FileChannelImpl$Unmapper done
Event: 3746.643 loading class sun/nio/ch/Util$4
Event: 3746.644 loading class sun/nio/ch/Util$4 done
Event: 3746.682 Executing VM operation: G1CollectForAllocation
Event: 3746.686 Executing VM operation: G1CollectForAllocation done
Event: 3746.762 Executing VM operation: G1CollectForAllocation
Event: 3746.766 Executing VM operation: G1CollectForAllocation done
Event: 3746.834 Executing VM operation: G1CollectForAllocation


Dynamic libraries:
0x00007ff7e98a0000 - 0x00007ff7e98aa000 	C:\Program Files\Android\Android Studio\jre\bin\java.exe
0x00007ff999240000 - 0x00007ff999447000 	C:\WINDOWS\SYSTEM32\ntdll.dll
0x00007ff9977f0000 - 0x00007ff9978ad000 	C:\WINDOWS\System32\KERNEL32.DLL
0x00007ff996840000 - 0x00007ff996bb4000 	C:\WINDOWS\System32\KERNELBASE.dll
0x00007ff996bc0000 - 0x00007ff996cd1000 	C:\WINDOWS\System32\ucrtbase.dll
0x00007ff97c880000 - 0x00007ff97c897000 	C:\Program Files\Android\Android Studio\jre\bin\VCRUNTIME140.dll
0x00007ff979f80000 - 0x00007ff979f99000 	C:\Program Files\Android\Android Studio\jre\bin\jli.dll
0x00007ff9979a0000 - 0x00007ff997b4c000 	C:\WINDOWS\System32\USER32.dll
0x00007ff985470000 - 0x00007ff985715000 	C:\WINDOWS\WinSxS\amd64_microsoft.windows.common-controls_6595b64144ccf1df_6.0.22000.120_none_9d947278b86cc467\COMCTL32.dll
0x00007ff996720000 - 0x00007ff996746000 	C:\WINDOWS\System32\win32u.dll
0x00007ff997c90000 - 0x00007ff997d33000 	C:\WINDOWS\System32\msvcrt.dll
0x00007ff998cb0000 - 0x00007ff998cd9000 	C:\WINDOWS\System32\GDI32.dll
0x00007ff996ce0000 - 0x00007ff996df2000 	C:\WINDOWS\System32\gdi32full.dll
0x00007ff996f70000 - 0x00007ff99700d000 	C:\WINDOWS\System32\msvcp_win.dll
0x00007ff997270000 - 0x00007ff9972a1000 	C:\WINDOWS\System32\IMM32.DLL
0x00007ff9571d0000 - 0x00007ff95726d000 	C:\Program Files\Android\Android Studio\jre\bin\msvcp140.dll
0x00007ff94e980000 - 0x00007ff94f44f000 	C:\Program Files\Android\Android Studio\jre\bin\server\jvm.dll
0x00007ff998390000 - 0x00007ff99843c000 	C:\WINDOWS\System32\ADVAPI32.dll
0x00007ff999150000 - 0x00007ff9991ed000 	C:\WINDOWS\System32\sechost.dll
0x00007ff997490000 - 0x00007ff9975b1000 	C:\WINDOWS\System32\RPCRT4.dll
0x00007ff998440000 - 0x00007ff998448000 	C:\WINDOWS\System32\PSAPI.DLL
0x00007ff97fa40000 - 0x00007ff97fa49000 	C:\WINDOWS\SYSTEM32\WSOCK32.dll
0x00007ff994300000 - 0x00007ff994333000 	C:\WINDOWS\SYSTEM32\WINMM.dll
0x00007ff9990e0000 - 0x00007ff99914f000 	C:\WINDOWS\System32\WS2_32.dll
0x00007ff98d7c0000 - 0x00007ff98d7ca000 	C:\WINDOWS\SYSTEM32\VERSION.dll
0x00007ff995930000 - 0x00007ff995948000 	C:\WINDOWS\SYSTEM32\kernel.appcore.dll
0x00007ff984ca0000 - 0x00007ff984cb1000 	C:\Program Files\Android\Android Studio\jre\bin\verify.dll
0x00007ff9940d0000 - 0x00007ff9942f1000 	C:\WINDOWS\SYSTEM32\DBGHELP.DLL
0x00007ff994090000 - 0x00007ff9940c1000 	C:\WINDOWS\SYSTEM32\dbgcore.DLL
0x00007ff996750000 - 0x00007ff9967d0000 	C:\WINDOWS\System32\bcryptPrimitives.dll
0x00007ff982f40000 - 0x00007ff982f69000 	C:\Program Files\Android\Android Studio\jre\bin\java.dll
0x00007ff98e580000 - 0x00007ff98e58b000 	C:\Program Files\Android\Android Studio\jre\bin\jimage.dll
0x00007ff9846d0000 - 0x00007ff9846e8000 	C:\Program Files\Android\Android Studio\jre\bin\zip.dll
0x00007ff998500000 - 0x00007ff998caa000 	C:\WINDOWS\System32\SHELL32.dll
0x00007ff994880000 - 0x00007ff9950e2000 	C:\WINDOWS\SYSTEM32\windows.storage.dll
0x00007ff998d60000 - 0x00007ff9990d8000 	C:\WINDOWS\System32\combase.dll
0x00007ff994710000 - 0x00007ff994876000 	C:\WINDOWS\SYSTEM32\wintypes.dll
0x00007ff9978b0000 - 0x00007ff99799a000 	C:\WINDOWS\System32\SHCORE.dll
0x00007ff997b50000 - 0x00007ff997bad000 	C:\WINDOWS\System32\shlwapi.dll
0x00007ff996650000 - 0x00007ff996671000 	C:\WINDOWS\SYSTEM32\profapi.dll
0x00007ff984350000 - 0x00007ff98436a000 	C:\Program Files\Android\Android Studio\jre\bin\net.dll
0x00007ff990c80000 - 0x00007ff990d8c000 	C:\WINDOWS\SYSTEM32\WINHTTP.dll
0x00007ff995d40000 - 0x00007ff995da7000 	C:\WINDOWS\system32\mswsock.dll
0x00007ff9842d0000 - 0x00007ff9842e4000 	C:\Program Files\Android\Android Studio\jre\bin\nio.dll
0x00007ff961b30000 - 0x00007ff961b57000 	C:\Users\DELL\.gradle\native\8bec1ad78214c89d9ad589b4d07fe93259594b29d510b10fafb7a158f7737e5d\windows-amd64\native-platform.dll
0x00007ff950160000 - 0x00007ff95029d000 	C:\Users\DELL\.gradle\native\53dbd7edfb1c66fb8903c78663c9afc45aea4f116125fa6feffd364cf09443e8\windows-amd64\native-platform-file-events.dll
0x00007ff9857c0000 - 0x00007ff9857ca000 	C:\Program Files\Android\Android Studio\jre\bin\management.dll
0x00007ff984a70000 - 0x00007ff984a7c000 	C:\Program Files\Android\Android Studio\jre\bin\management_ext.dll
0x00007ff995f80000 - 0x00007ff995f98000 	C:\WINDOWS\SYSTEM32\CRYPTSP.dll
0x00007ff995890000 - 0x00007ff9958c5000 	C:\WINDOWS\system32\rsaenh.dll
0x00007ff995e30000 - 0x00007ff995e59000 	C:\WINDOWS\SYSTEM32\USERENV.dll
0x00007ff996100000 - 0x00007ff996127000 	C:\WINDOWS\SYSTEM32\bcrypt.dll
0x00007ff995fa0000 - 0x00007ff995fac000 	C:\WINDOWS\SYSTEM32\CRYPTBASE.dll
0x00007ff9953b0000 - 0x00007ff9953dd000 	C:\WINDOWS\SYSTEM32\IPHLPAPI.DLL
0x00007ff9984f0000 - 0x00007ff9984f9000 	C:\WINDOWS\System32\NSI.dll
0x00007ff98f9f0000 - 0x00007ff98fa09000 	C:\WINDOWS\SYSTEM32\dhcpcsvc6.DLL
0x00007ff98fca0000 - 0x00007ff98fcbe000 	C:\WINDOWS\SYSTEM32\dhcpcsvc.DLL
0x00007ff9953e0000 - 0x00007ff9954c7000 	C:\WINDOWS\SYSTEM32\DNSAPI.dll
0x00007ff9670f0000 - 0x00007ff967117000 	C:\Program Files\Android\Android Studio\jre\bin\sunec.dll
0x00007ff98f9e0000 - 0x00007ff98f9ea000 	C:\Windows\System32\rasadhlp.dll
0x00007ff98dc80000 - 0x00007ff98dd01000 	C:\WINDOWS\System32\fwpuclnt.dll

dbghelp: loaded successfully - version: 4.0.5 - missing functions: none
symbol engine: initialized successfully - sym options: 0x614 - pdb path: .;C:\Program Files\Android\Android Studio\jre\bin;C:\WINDOWS\SYSTEM32;C:\WINDOWS\WinSxS\amd64_microsoft.windows.common-controls_6595b64144ccf1df_6.0.22000.120_none_9d947278b86cc467;C:\Program Files\Android\Android Studio\jre\bin\server;C:\Users\DELL\.gradle\native\8bec1ad78214c89d9ad589b4d07fe93259594b29d510b10fafb7a158f7737e5d\windows-amd64;C:\Users\DELL\.gradle\native\53dbd7edfb1c66fb8903c78663c9afc45aea4f116125fa6feffd364cf09443e8\windows-amd64

VM Arguments:
jvm_args: --add-opens=java.base/java.util=ALL-UNNAMED --add-opens=java.base/java.lang=ALL-UNNAMED --add-opens=java.base/java.lang.invoke=ALL-UNNAMED --add-opens=java.base/java.util=ALL-UNNAMED --add-opens=java.prefs/java.util.prefs=ALL-UNNAMED --add-opens=java.prefs/java.util.prefs=ALL-UNNAMED --add-opens=java.base/java.nio.charset=ALL-UNNAMED --add-opens=java.base/java.net=ALL-UNNAMED --add-opens=java.base/java.util.concurrent.atomic=ALL-UNNAMED -Xmx2048m -Dfile.encoding=UTF-8 -Duser.country=US -Duser.language=en -Duser.variant 
java_command: org.gradle.launcher.daemon.bootstrap.GradleDaemon 7.0.2
java_class_path (initial): C:\Users\DELL\.gradle\wrapper\dists\gradle-7.0.2-bin\857tjihv64xamwrf0h14cai3r\gradle-7.0.2\lib\gradle-launcher-7.0.2.jar
Launcher Type: SUN_STANDARD

[Global flags]
     intx CICompilerCount                          = 4                                         {product} {ergonomic}
     uint ConcGCThreads                            = 2                                         {product} {ergonomic}
     uint G1ConcRefinementThreads                  = 8                                         {product} {ergonomic}
   size_t G1HeapRegionSize                         = 1048576                                   {product} {ergonomic}
    uintx GCDrainStackTargetSize                   = 64                                        {product} {ergonomic}
   size_t InitialHeapSize                          = 123731968                                 {product} {ergonomic}
   size_t MarkStackSize                            = 4194304                                   {product} {ergonomic}
   size_t MaxHeapSize                              = 2147483648                                {product} {command line}
   size_t MaxNewSize                               = 1287651328                                {product} {ergonomic}
   size_t MinHeapDeltaBytes                        = 1048576                                   {product} {ergonomic}
    uintx NonNMethodCodeHeapSize                   = 5836300                                {pd product} {ergonomic}
    uintx NonProfiledCodeHeapSize                  = 122910970                              {pd product} {ergonomic}
    uintx ProfiledCodeHeapSize                     = 122910970                              {pd product} {ergonomic}
    uintx ReservedCodeCacheSize                    = 251658240                              {pd product} {ergonomic}
     bool SegmentedCodeCache                       = true                                      {product} {ergonomic}
     bool UseCompressedClassPointers               = true                                 {lp64_product} {ergonomic}
     bool UseCompressedOops                        = true                                 {lp64_product} {ergonomic}
     bool UseG1GC                                  = true                                      {product} {ergonomic}
     bool UseLargePagesIndividualAllocation        = false                                  {pd product} {ergonomic}

Logging:
Log output configuration:
 #0: stdout all=warning uptime,level,tags
 #1: stderr all=off uptime,level,tags

Environment Variables:
PATH=C:\app\DELL\product\21c\dbhomeXE\bin;D:\db_home\bin;C:\db_home\bin;C:\Program Files (x86)\VMware\VMware Player\bin\;C:\Program Files\Python39\Scripts\;C:\Program Files\Python39\;C:\Program Files\Common Files\Oracle\Java\javapath;C:\WINDOWS\system32;C:\WINDOWS;C:\WINDOWS\System32\Wbem;C:\WINDOWS\System32\WindowsPowerShell\v1.0\;C:\WINDOWS\System32\OpenSSH\;C:\Program Files\Git\cmd;C:\Program Files (x86)\dotnet\;C:\Users\DELL\AppData\Local\Microsoft\WindowsApps;C:\Users\DELL\AppData\Local\Programs\Microsoft VS Code\bin;C:\Program Files\CodeBlocks\MinGW\bin;C:\Program Files\JetBrains\PyCharm Community Edition 2021.2.1\bin;C:\Users\DELL\AppData\Local\atom\bin;%USERPROFILE%\AppData\Local\Microsoft\WindowsApps;
USERNAME=DELL
OS=Windows_NT
PROCESSOR_IDENTIFIER=AMD64 Family 23 Model 96 Stepping 1, AuthenticAMD



---------------  S Y S T E M  ---------------

OS: Windows 10 , 64 bit Build 22000 (10.0.22000.318)
OS uptime: 0 days 10:50 hours

CPU:total 8 (initial active 8) (8 cores per cpu, 1 threads per core) family 23 model 96 stepping 1 microcode 0x0, cmov, cx8, fxsr, mmx, sse, sse2, sse3, ssse3, sse4.1, sse4.2, popcnt, avx, avx2, aes, clmul, mmxext, 3dnowpref, lzcnt, sse4a, tsc, tscinvbit, tscinv, bmi1, bmi2, adx, sha, 

Memory: 4k page, system-wide physical 7545M (1060M free)
TotalPageFile size 7545M (AvailPageFile size 36M)
current process WorkingSet (physical memory assigned to process): 327M, peak: 332M
current process commit charge ("private bytes"): 410M, peak: 490M

vm_info: OpenJDK 64-Bit Server VM (11.0.10+0-b96-7249189) for windows-amd64 JRE (11.0.10+0-b96-7249189), built on Mar 31 2021 21:44:00 by "builder" with MS VC++ 14.0 (VS2015)

END.
