#
# There is insufficient memory for the Java Runtime Environment to continue.
# Native memory allocation (mmap) failed to map 25165824 bytes for Failed to commit area from 0x00000000a9a00000 to 0x00000000ab200000 of length 25165824.
# Possible reasons:
#   The system is out of physical RAM or swap space
#   The process is running with CompressedOops enabled, and the Java Heap may be blocking the growth of the native heap
# Possible solutions:
#   Reduce memory load on the system
#   Increase physical memory or swap space
#   Check if swap backing store is full
#   Decrease Java heap size (-Xmx/-Xms)
#   Decrease number of Java threads
#   Decrease Java thread stack sizes (-Xss)
#   Set larger code cache with -XX:ReservedCodeCacheSize=
#   JVM is running with Unscaled Compressed Oops mode in which the Java heap is
#     placed in the first 4GB address space. The Java Heap base address is the
#     maximum limit for the native heap growth. Please use -XX:HeapBaseMinAddress
#     to set the Java Heap base and to place the Java Heap above 4GB virtual address.
# This output file may be truncated or incomplete.
#
#  Out of Memory Error (./src/hotspot/os/windows/os_windows.cpp:3301), pid=5364, tid=6292
#
# JRE version: OpenJDK Runtime Environment (11.0.10) (build 11.0.10+0-b96-7249189)
# Java VM: OpenJDK 64-Bit Server VM (11.0.10+0-b96-7249189, mixed mode, tiered, compressed oops, g1 gc, windows-amd64)
# No core dump will be written. Minidumps are not enabled by default on client versions of Windows
#

---------------  S U M M A R Y ------------

Command Line: --add-opens=java.base/java.util=ALL-UNNAMED --add-opens=java.base/java.lang=ALL-UNNAMED --add-opens=java.base/java.lang.invoke=ALL-UNNAMED --add-opens=java.base/java.util=ALL-UNNAMED --add-opens=java.prefs/java.util.prefs=ALL-UNNAMED --add-opens=java.prefs/java.util.prefs=ALL-UNNAMED --add-opens=java.base/java.nio.charset=ALL-UNNAMED --add-opens=java.base/java.net=ALL-UNNAMED --add-opens=java.base/java.util.concurrent.atomic=ALL-UNNAMED -Xmx1500m -Dfile.encoding=UTF-8 -Duser.country=US -Duser.language=en -Duser.variant org.gradle.launcher.daemon.bootstrap.GradleDaemon 7.0.2

Host: AMD Ryzen 7 4700U with Radeon Graphics         , 8 cores, 7G,  Windows 10 , 64 bit Build 22000 (10.0.22000.318)
Time: Tue Dec 14 16:06:11 2021 Pakistan Standard Time elapsed time: 13.155475 seconds (0d 0h 0m 13s)

---------------  T H R E A D  ---------------

Current thread (0x000001e438254800):  VMThread "VM Thread" [stack: 0x0000004f5b000000,0x0000004f5b100000] [id=6292]

Stack: [0x0000004f5b000000,0x0000004f5b100000]
[error occurred during error reporting (printing stack bounds), id 0xc0000005, EXCEPTION_ACCESS_VIOLATION (0xc0000005) at pc=0x000001e4225c0f2d]

Native frames: (J=compiled Java code, j=interpreted, Vv=VM code, C=native code)
V  [jvm.dll+0x5ecfaa]
V  [jvm.dll+0x722bd5]
V  [jvm.dll+0x72412d]
V  [jvm.dll+0x724745]
V  [jvm.dll+0x7246fb]
V  [jvm.dll+0x5ec348]
V  [jvm.dll+0x5ecad8]
C  [ntdll.dll+0xa82ff]
C  [ntdll.dll+0x35a0a]
C  [ntdll.dll+0xa730e]
C  0x000001e4225c0f2d

VM_Operation (0x0000004f5f4f99f0): G1CollectForAllocation, mode: safepoint, requested by thread 0x000001e43d6c3800


---------------  P R O C E S S  ---------------

Threads class SMR info:
_java_thread_list=0x000001e442222390, length=63, elements={
0x000001e41d300800, 0x000001e438277000, 0x000001e438284000, 0x000001e438c53000,
0x000001e438298800, 0x000001e438299800, 0x000001e43829a800, 0x000001e43829b800,
0x000001e43829f800, 0x000001e438d88800, 0x000001e439aa0000, 0x000001e43a47e800,
0x000001e43982d800, 0x000001e439801800, 0x000001e43aa01800, 0x000001e43ac05000,
0x000001e4394f0000, 0x000001e43aea0800, 0x000001e43a557800, 0x000001e43b580000,
0x000001e43b582000, 0x000001e43b57d000, 0x000001e43b582800, 0x000001e43b57e000,
0x000001e43b583800, 0x000001e43b57e800, 0x000001e43b57f800, 0x000001e43b581000,
0x000001e43b84b800, 0x000001e43b84a000, 0x000001e43b84e000, 0x000001e43b84f000,
0x000001e43b853000, 0x000001e43b852000, 0x000001e43b855800, 0x000001e43b850800,
0x000001e43b84f800, 0x000001e43b856000, 0x000001e43b857000, 0x000001e43b858000,
0x000001e43b853800, 0x000001e43b858800, 0x000001e43d6bf800, 0x000001e43d6c0800,
0x000001e43d6c1000, 0x000001e43d6bd000, 0x000001e43d6be000, 0x000001e43d6bf000,
0x000001e43d6c2000, 0x000001e43d335800, 0x000001e43d6bc800, 0x000001e43d6c8000,
0x000001e43d6c8800, 0x000001e43d6c5800, 0x000001e43d6c7000, 0x000001e43d6c3000,
0x000001e43d6c6000, 0x000001e43d6c9800, 0x000001e43d6c3800, 0x000001e43d6ca000,
0x000001e43d6cb000, 0x000001e4390b6000, 0x000001e440124000
}

Java Threads: ( => current thread )
  0x000001e41d300800 JavaThread "main" [_thread_blocked, id=5580, stack(0x0000004f5aa00000,0x0000004f5ab00000)]
  0x000001e438277000 JavaThread "Reference Handler" daemon [_thread_blocked, id=6096, stack(0x0000004f5b100000,0x0000004f5b200000)]
  0x000001e438284000 JavaThread "Finalizer" daemon [_thread_blocked, id=6160, stack(0x0000004f5b200000,0x0000004f5b300000)]
  0x000001e438c53000 JavaThread "Signal Dispatcher" daemon [_thread_blocked, id=7012, stack(0x0000004f5b300000,0x0000004f5b400000)]
  0x000001e438298800 JavaThread "Attach Listener" daemon [_thread_blocked, id=10452, stack(0x0000004f5b400000,0x0000004f5b500000)]
  0x000001e438299800 JavaThread "Service Thread" daemon [_thread_blocked, id=7568, stack(0x0000004f5b500000,0x0000004f5b600000)]
  0x000001e43829a800 JavaThread "C2 CompilerThread0" daemon [_thread_in_native, id=6976, stack(0x0000004f5b600000,0x0000004f5b700000)]
  0x000001e43829b800 JavaThread "C1 CompilerThread0" daemon [_thread_blocked, id=12352, stack(0x0000004f5b700000,0x0000004f5b800000)]
  0x000001e43829f800 JavaThread "Sweeper thread" daemon [_thread_blocked, id=12348, stack(0x0000004f5b800000,0x0000004f5b900000)]
  0x000001e438d88800 JavaThread "Common-Cleaner" daemon [_thread_blocked, id=12356, stack(0x0000004f5b900000,0x0000004f5ba00000)]
  0x000001e439aa0000 JavaThread "Daemon health stats" [_thread_blocked, id=1760, stack(0x0000004f5be00000,0x0000004f5bf00000)]
  0x000001e43a47e800 JavaThread "Incoming local TCP Connector on port 49826" [_thread_in_native, id=8892, stack(0x0000004f5bb00000,0x0000004f5bc00000)]
  0x000001e43982d800 JavaThread "Daemon periodic checks" [_thread_blocked, id=8896, stack(0x0000004f5bc00000,0x0000004f5bd00000)]
  0x000001e439801800 JavaThread "Daemon" [_thread_blocked, id=10600, stack(0x0000004f5bf00000,0x0000004f5c000000)]
  0x000001e43aa01800 JavaThread "Handler for socket connection from /127.0.0.1:49826 to /127.0.0.1:49827" [_thread_in_native, id=10620, stack(0x0000004f5c000000,0x0000004f5c100000)]
  0x000001e43ac05000 JavaThread "Cancel handler" [_thread_blocked, id=8900, stack(0x0000004f5c100000,0x0000004f5c200000)]
  0x000001e4394f0000 JavaThread "Daemon worker" [_thread_blocked, id=6584, stack(0x0000004f5c200000,0x0000004f5c300000)]
  0x000001e43aea0800 JavaThread "Asynchronous log dispatcher for DefaultDaemonConnection: socket connection from /127.0.0.1:49826 to /127.0.0.1:49827" [_thread_blocked, id=12828, stack(0x0000004f5c300000,0x0000004f5c400000)]
  0x000001e43a557800 JavaThread "Stdin handler" [_thread_blocked, id=8832, stack(0x0000004f5c400000,0x0000004f5c500000)]
  0x000001e43b580000 JavaThread "Daemon client event forwarder" [_thread_blocked, id=10624, stack(0x0000004f5c500000,0x0000004f5c600000)]
  0x000001e43b582000 JavaThread "Cache worker for file hash cache (C:\Users\DELL\.gradle\caches\7.0.2\fileHashes)" [_thread_blocked, id=8748, stack(0x0000004f5cc00000,0x0000004f5cd00000)]
  0x000001e43b57d000 JavaThread "File lock request listener" [_thread_in_native, id=10436, stack(0x0000004f5cd00000,0x0000004f5ce00000)]
  0x000001e43b582800 JavaThread "Cache worker for journal cache (C:\Users\DELL\.gradle\caches\journal-1)" [_thread_blocked, id=2528, stack(0x0000004f5cf00000,0x0000004f5d000000)]
  0x000001e43b57e000 JavaThread "Cache worker for file hash cache (D:\TRA\.gradle\7.0.2\fileHashes)" [_thread_blocked, id=8744, stack(0x0000004f5d100000,0x0000004f5d200000)]
  0x000001e43b583800 JavaThread "File watcher server" daemon [_thread_blocked, id=6644, stack(0x0000004f5d200000,0x0000004f5d300000)]
  0x000001e43b57e800 JavaThread "File watcher consumer" daemon [_thread_blocked, id=8732, stack(0x0000004f5d300000,0x0000004f5d400000)]
  0x000001e43b57f800 JavaThread "Cache worker for checksums cache (D:\TRA\.gradle\checksums)" [_thread_blocked, id=1716, stack(0x0000004f5d400000,0x0000004f5d500000)]
  0x000001e43b581000 JavaThread "Cache worker for cache directory md-supplier (C:\Users\DELL\.gradle\caches\7.0.2\md-supplier)" [_thread_blocked, id=10376, stack(0x0000004f5d500000,0x0000004f5d600000)]
  0x000001e43b84b800 JavaThread "Cache worker for cache directory md-rule (C:\Users\DELL\.gradle\caches\7.0.2\md-rule)" [_thread_blocked, id=1712, stack(0x0000004f5d600000,0x0000004f5d700000)]
  0x000001e43b84a000 JavaThread "Cache worker for execution history cache (C:\Users\DELL\.gradle\caches\7.0.2\executionHistory)" [_thread_blocked, id=8012, stack(0x0000004f5d700000,0x0000004f5d800000)]
  0x000001e43b84e000 JavaThread "jar transforms" [_thread_blocked, id=11140, stack(0x0000004f5d900000,0x0000004f5da00000)]
  0x000001e43b84f000 JavaThread "jar transforms Thread 2" [_thread_blocked, id=11136, stack(0x0000004f5da00000,0x0000004f5db00000)]
  0x000001e43b853000 JavaThread "Cache worker for file content cache (C:\Users\DELL\.gradle\caches\7.0.2\fileContent)" [_thread_blocked, id=12304, stack(0x0000004f5db00000,0x0000004f5dc00000)]
  0x000001e43b852000 JavaThread "Cache worker for dependencies-accessors (D:\TRA\.gradle\7.0.2\dependencies-accessors)" [_thread_blocked, id=4760, stack(0x0000004f5dc00000,0x0000004f5dd00000)]
  0x000001e43b855800 JavaThread "jar transforms Thread 3" [_thread_blocked, id=8560, stack(0x0000004f5dd00000,0x0000004f5de00000)]
  0x000001e43b850800 JavaThread "Cache worker for Build Output Cleanup Cache (D:\TRA\.gradle\buildOutputCleanup)" [_thread_blocked, id=8964, stack(0x0000004f5de00000,0x0000004f5df00000)]
  0x000001e43b84f800 JavaThread "Build operations" [_thread_blocked, id=12228, stack(0x0000004f5df00000,0x0000004f5e000000)]
  0x000001e43b856000 JavaThread "Build operations Thread 2" [_thread_blocked, id=12296, stack(0x0000004f5e000000,0x0000004f5e100000)]
  0x000001e43b857000 JavaThread "Build operations Thread 3" [_thread_blocked, id=12472, stack(0x0000004f5e100000,0x0000004f5e200000)]
  0x000001e43b858000 JavaThread "Build operations Thread 4" [_thread_blocked, id=12300, stack(0x0000004f5e200000,0x0000004f5e300000)]
  0x000001e43b853800 JavaThread "Build operations Thread 5" [_thread_blocked, id=12476, stack(0x0000004f5e300000,0x0000004f5e400000)]
  0x000001e43b858800 JavaThread "Build operations Thread 6" [_thread_blocked, id=1976, stack(0x0000004f5e400000,0x0000004f5e500000)]
  0x000001e43d6bf800 JavaThread "Build operations Thread 7" [_thread_blocked, id=9876, stack(0x0000004f5e500000,0x0000004f5e600000)]
  0x000001e43d6c0800 JavaThread "Build operations Thread 8" [_thread_blocked, id=9864, stack(0x0000004f5e600000,0x0000004f5e700000)]
  0x000001e43d6c1000 JavaThread "jar transforms Thread 4" [_thread_blocked, id=9388, stack(0x0000004f5e700000,0x0000004f5e800000)]
  0x000001e43d6bd000 JavaThread "jar transforms Thread 5" [_thread_blocked, id=9604, stack(0x0000004f5e800000,0x0000004f5e900000)]
  0x000001e43d6be000 JavaThread "jar transforms Thread 6" [_thread_blocked, id=10212, stack(0x0000004f5e900000,0x0000004f5ea00000)]
  0x000001e43d6bf000 JavaThread "jar transforms Thread 7" [_thread_blocked, id=9776, stack(0x0000004f5ea00000,0x0000004f5eb00000)]
  0x000001e43d6c2000 JavaThread "jar transforms Thread 8" [_thread_blocked, id=9392, stack(0x0000004f5eb00000,0x0000004f5ec00000)]
  0x000001e43d335800 JavaThread "C2 CompilerThread1" daemon [_thread_blocked, id=9496, stack(0x0000004f5d000000,0x0000004f5d100000)]
  0x000001e43d6bc800 JavaThread "Memory manager" [_thread_blocked, id=9508, stack(0x0000004f5d800000,0x0000004f5d900000)]
  0x000001e43d6c8000 JavaThread "build event listener" [_thread_blocked, id=7068, stack(0x0000004f5ed00000,0x0000004f5ee00000)]
  0x000001e43d6c8800 JavaThread "pool-3-thread-1" [_thread_blocked, id=12168, stack(0x0000004f5ee00000,0x0000004f5ef00000)]
  0x000001e43d6c5800 JavaThread "build event listener" [_thread_blocked, id=12240, stack(0x0000004f5ef00000,0x0000004f5f000000)]
  0x000001e43d6c7000 JavaThread "Execution worker for ':'" [_thread_blocked, id=1888, stack(0x0000004f5f000000,0x0000004f5f100000)]
  0x000001e43d6c3000 JavaThread "Execution worker for ':' Thread 2" [_thread_blocked, id=1964, stack(0x0000004f5f100000,0x0000004f5f200000)]
  0x000001e43d6c6000 JavaThread "Execution worker for ':' Thread 3" [_thread_blocked, id=6380, stack(0x0000004f5f200000,0x0000004f5f300000)]
  0x000001e43d6c9800 JavaThread "Execution worker for ':' Thread 4" [_thread_blocked, id=12996, stack(0x0000004f5f300000,0x0000004f5f400000)]
  0x000001e43d6c3800 JavaThread "Execution worker for ':' Thread 5" [_thread_blocked, id=12100, stack(0x0000004f5f400000,0x0000004f5f500000)]
  0x000001e43d6ca000 JavaThread "Execution worker for ':' Thread 6" [_thread_blocked, id=7720, stack(0x0000004f5f500000,0x0000004f5f600000)]
  0x000001e43d6cb000 JavaThread "Execution worker for ':' Thread 7" [_thread_blocked, id=7616, stack(0x0000004f5f600000,0x0000004f5f700000)]
  0x000001e4390b6000 JavaThread "Cache worker for execution history cache (D:\TRA\.gradle\7.0.2\executionHistory)" [_thread_blocked, id=3932, stack(0x0000004f5f700000,0x0000004f5f800000)]
  0x000001e440124000 JavaThread "C2 CompilerThread2" daemon [_thread_blocked, id=3988, stack(0x0000004f5ec00000,0x0000004f5ed00000)]

Other Threads:
=>0x000001e438254800 VMThread "VM Thread" [stack: 0x0000004f5b000000,0x0000004f5b100000] [id=6292]
  0x000001e438da7000 WatcherThread [stack: 0x0000004f5ba00000,0x0000004f5bb00000] [id=12360]
  0x000001e41d31b000 GCTaskThread "GC Thread#0" [stack: 0x0000004f5ab00000,0x0000004f5ac00000] [id=5168]
  0x000001e4393a4800 GCTaskThread "GC Thread#1" [stack: 0x0000004f5bd00000,0x0000004f5be00000] [id=2304]
  0x000001e439f3c800 GCTaskThread "GC Thread#2" [stack: 0x0000004f5c600000,0x0000004f5c700000] [id=10616]
  0x000001e439f40800 GCTaskThread "GC Thread#3" [stack: 0x0000004f5c700000,0x0000004f5c800000] [id=10608]
  0x000001e43ab7a800 GCTaskThread "GC Thread#4" [stack: 0x0000004f5c800000,0x0000004f5c900000] [id=10628]
  0x000001e43ab7b000 GCTaskThread "GC Thread#5" [stack: 0x0000004f5c900000,0x0000004f5ca00000] [id=8996]
  0x000001e43ab7b800 GCTaskThread "GC Thread#6" [stack: 0x0000004f5ca00000,0x0000004f5cb00000] [id=10632]
  0x000001e43ab7c800 GCTaskThread "GC Thread#7" [stack: 0x0000004f5cb00000,0x0000004f5cc00000] [id=8752]
  0x000001e41d341000 ConcurrentGCThread "G1 Main Marker" [stack: 0x0000004f5ac00000,0x0000004f5ad00000] [id=6240]
  0x000001e41d342000 ConcurrentGCThread "G1 Conc#0" [stack: 0x0000004f5ad00000,0x0000004f5ae00000] [id=6216]
  0x000001e43ac9b000 ConcurrentGCThread "G1 Conc#1" [stack: 0x0000004f5ce00000,0x0000004f5cf00000] [id=10304]
  0x000001e41d3d1000 ConcurrentGCThread "G1 Refine#0" [stack: 0x0000004f5ae00000,0x0000004f5af00000] [id=6192]
  0x000001e41d3d2000 ConcurrentGCThread "G1 Young RemSet Sampling" [stack: 0x0000004f5af00000,0x0000004f5b000000] [id=4796]

Threads with active compile tasks:
C2 CompilerThread0  13169 9280       4       com.google.common.collect.TransformedIterator::next (14 bytes)
C2 CompilerThread1  13169 9422       4       com.android.ide.common.resources.NodeUtils::updateNamespace (161 bytes)
C2 CompilerThread2  13169 9221       4       com.google.common.collect.LinkedListMultimap$DistinctKeyIterator::next (81 bytes)

VM state:at safepoint (normal execution)

VM Mutex/Monitor currently owned by a thread:  ([mutex/lock_event])
[0x000001e41d2fcb80] Threads_lock - owner thread: 0x000001e438254800
[0x000001e41d2fd7e0] Heap_lock - owner thread: 0x000001e43d6c3800

Heap address: 0x00000000a2400000, size: 1500 MB, Compressed Oops mode: 32-bit
Narrow klass base: 0x0000000000000000, Narrow klass shift: 3
Compressed class space size: 1073741824 Address: 0x0000000100000000

Heap:
 garbage-first heap   total 145408K, used 83902K [0x00000000a2400000, 0x0000000100000000)
  region size 1024K, 4 young (4096K), 4 survivors (4096K)
 Metaspace       used 83022K, capacity 85092K, committed 85324K, reserved 1122304K
  class space    used 10686K, capacity 11446K, committed 11596K, reserved 1048576K
Heap Regions: E=young(eden), S=young(survivor), O=old, HS=humongous(starts), HC=humongous(continues), CS=collection set, F=free, A=archive, TAMS=top-at-mark-start (previous, next)
|   0|0x00000000a2400000, 0x00000000a2500000, 0x00000000a2500000|100%| O|  |TAMS 0x00000000a2500000, 0x00000000a2500000| Untracked 
|   1|0x00000000a2500000, 0x00000000a2600000, 0x00000000a2600000|100%| O|  |TAMS 0x00000000a2600000, 0x00000000a2600000| Untracked 
|   2|0x00000000a2600000, 0x00000000a2700000, 0x00000000a2700000|100%| O|  |TAMS 0x00000000a2700000, 0x00000000a2700000| Untracked 
|   3|0x00000000a2700000, 0x00000000a2800000, 0x00000000a2800000|100%|HS|  |TAMS 0x00000000a2800000, 0x00000000a2800000| Complete 
|   4|0x00000000a2800000, 0x00000000a2900000, 0x00000000a2900000|100%|HC|  |TAMS 0x00000000a2900000, 0x00000000a2900000| Complete 
|   5|0x00000000a2900000, 0x00000000a2a00000, 0x00000000a2a00000|100%|HC|  |TAMS 0x00000000a2a00000, 0x00000000a2a00000| Complete 
|   6|0x00000000a2a00000, 0x00000000a2b00000, 0x00000000a2b00000|100%| O|  |TAMS 0x00000000a2b00000, 0x00000000a2b00000| Untracked 
|   7|0x00000000a2b00000, 0x00000000a2c00000, 0x00000000a2c00000|100%| O|  |TAMS 0x00000000a2c00000, 0x00000000a2c00000| Untracked 
|   8|0x00000000a2c00000, 0x00000000a2d00000, 0x00000000a2d00000|100%| O|  |TAMS 0x00000000a2d00000, 0x00000000a2d00000| Untracked 
|   9|0x00000000a2d00000, 0x00000000a2e00000, 0x00000000a2e00000|100%| O|  |TAMS 0x00000000a2e00000, 0x00000000a2e00000| Untracked 
|  10|0x00000000a2e00000, 0x00000000a2f00000, 0x00000000a2f00000|100%| O|  |TAMS 0x00000000a2f00000, 0x00000000a2f00000| Untracked 
|  11|0x00000000a2f00000, 0x00000000a3000000, 0x00000000a3000000|100%| O|  |TAMS 0x00000000a3000000, 0x00000000a3000000| Untracked 
|  12|0x00000000a3000000, 0x00000000a3100000, 0x00000000a3100000|100%| O|  |TAMS 0x00000000a3100000, 0x00000000a3100000| Untracked 
|  13|0x00000000a3100000, 0x00000000a3200000, 0x00000000a3200000|100%| O|  |TAMS 0x00000000a3200000, 0x00000000a3200000| Untracked 
|  14|0x00000000a3200000, 0x00000000a3300000, 0x00000000a3300000|100%| O|  |TAMS 0x00000000a3300000, 0x00000000a3300000| Untracked 
|  15|0x00000000a3300000, 0x00000000a3400000, 0x00000000a3400000|100%| O|  |TAMS 0x00000000a3400000, 0x00000000a3400000| Untracked 
|  16|0x00000000a3400000, 0x00000000a3500000, 0x00000000a3500000|100%| O|  |TAMS 0x00000000a3500000, 0x00000000a3500000| Untracked 
|  17|0x00000000a3500000, 0x00000000a3600000, 0x00000000a3600000|100%| O|  |TAMS 0x00000000a3600000, 0x00000000a3600000| Untracked 
|  18|0x00000000a3600000, 0x00000000a3700000, 0x00000000a3700000|100%| O|  |TAMS 0x00000000a3700000, 0x00000000a3700000| Untracked 
|  19|0x00000000a3700000, 0x00000000a3800000, 0x00000000a3800000|100%| O|  |TAMS 0x00000000a3800000, 0x00000000a3800000| Untracked 
|  20|0x00000000a3800000, 0x00000000a3900000, 0x00000000a3900000|100%| O|  |TAMS 0x00000000a3900000, 0x00000000a3900000| Untracked 
|  21|0x00000000a3900000, 0x00000000a3a00000, 0x00000000a3a00000|100%| O|  |TAMS 0x00000000a3a00000, 0x00000000a3a00000| Untracked 
|  22|0x00000000a3a00000, 0x00000000a3b00000, 0x00000000a3b00000|100%| O|  |TAMS 0x00000000a3b00000, 0x00000000a3b00000| Untracked 
|  23|0x00000000a3b00000, 0x00000000a3c00000, 0x00000000a3c00000|100%| O|  |TAMS 0x00000000a3c00000, 0x00000000a3c00000| Untracked 
|  24|0x00000000a3c00000, 0x00000000a3d00000, 0x00000000a3d00000|100%| O|  |TAMS 0x00000000a3d00000, 0x00000000a3d00000| Untracked 
|  25|0x00000000a3d00000, 0x00000000a3e00000, 0x00000000a3e00000|100%| O|  |TAMS 0x00000000a3e00000, 0x00000000a3e00000| Untracked 
|  26|0x00000000a3e00000, 0x00000000a3f00000, 0x00000000a3f00000|100%|HS|  |TAMS 0x00000000a3f00000, 0x00000000a3f00000| Complete 
|  27|0x00000000a3f00000, 0x00000000a4000000, 0x00000000a4000000|100%|HS|  |TAMS 0x00000000a4000000, 0x00000000a4000000| Complete 
|  28|0x00000000a4000000, 0x00000000a4100000, 0x00000000a4100000|100%|HS|  |TAMS 0x00000000a4100000, 0x00000000a4100000| Complete 
|  29|0x00000000a4100000, 0x00000000a4200000, 0x00000000a4200000|100%|HC|  |TAMS 0x00000000a4200000, 0x00000000a4200000| Complete 
|  30|0x00000000a4200000, 0x00000000a4300000, 0x00000000a4300000|100%| O|  |TAMS 0x00000000a4300000, 0x00000000a4300000| Untracked 
|  31|0x00000000a4300000, 0x00000000a4400000, 0x00000000a4400000|100%| O|  |TAMS 0x00000000a4400000, 0x00000000a4400000| Untracked 
|  32|0x00000000a4400000, 0x00000000a4500000, 0x00000000a4500000|100%| O|  |TAMS 0x00000000a4500000, 0x00000000a4500000| Untracked 
|  33|0x00000000a4500000, 0x00000000a4600000, 0x00000000a4600000|100%| O|  |TAMS 0x00000000a4600000, 0x00000000a4600000| Untracked 
|  34|0x00000000a4600000, 0x00000000a4700000, 0x00000000a4700000|100%| O|  |TAMS 0x00000000a4700000, 0x00000000a4700000| Untracked 
|  35|0x00000000a4700000, 0x00000000a4800000, 0x00000000a4800000|100%| O|  |TAMS 0x00000000a4800000, 0x00000000a4800000| Untracked 
|  36|0x00000000a4800000, 0x00000000a4900000, 0x00000000a4900000|100%| O|  |TAMS 0x00000000a4900000, 0x00000000a4900000| Untracked 
|  37|0x00000000a4900000, 0x00000000a4a00000, 0x00000000a4a00000|100%| O|  |TAMS 0x00000000a4a00000, 0x00000000a4a00000| Untracked 
|  38|0x00000000a4a00000, 0x00000000a4b00000, 0x00000000a4b00000|100%| O|  |TAMS 0x00000000a4b00000, 0x00000000a4b00000| Untracked 
|  39|0x00000000a4b00000, 0x00000000a4c00000, 0x00000000a4c00000|100%| O|  |TAMS 0x00000000a4c00000, 0x00000000a4c00000| Untracked 
|  40|0x00000000a4c00000, 0x00000000a4d00000, 0x00000000a4d00000|100%| O|  |TAMS 0x00000000a4d00000, 0x00000000a4d00000| Untracked 
|  41|0x00000000a4d00000, 0x00000000a4e00000, 0x00000000a4e00000|100%| O|  |TAMS 0x00000000a4e00000, 0x00000000a4e00000| Untracked 
|  42|0x00000000a4e00000, 0x00000000a4f00000, 0x00000000a4f00000|100%| O|  |TAMS 0x00000000a4f00000, 0x00000000a4f00000| Untracked 
|  43|0x00000000a4f00000, 0x00000000a5000000, 0x00000000a5000000|100%| O|  |TAMS 0x00000000a5000000, 0x00000000a5000000| Untracked 
|  44|0x00000000a5000000, 0x00000000a5100000, 0x00000000a5100000|100%| O|  |TAMS 0x00000000a5100000, 0x00000000a5100000| Untracked 
|  45|0x00000000a5100000, 0x00000000a5200000, 0x00000000a5200000|100%| O|  |TAMS 0x00000000a5200000, 0x00000000a5200000| Untracked 
|  46|0x00000000a5200000, 0x00000000a5300000, 0x00000000a5300000|100%| O|  |TAMS 0x00000000a5300000, 0x00000000a5300000| Untracked 
|  47|0x00000000a5300000, 0x00000000a5400000, 0x00000000a5400000|100%| O|  |TAMS 0x00000000a5400000, 0x00000000a5400000| Untracked 
|  48|0x00000000a5400000, 0x00000000a5500000, 0x00000000a5500000|100%| O|  |TAMS 0x00000000a5500000, 0x00000000a5500000| Untracked 
|  49|0x00000000a5500000, 0x00000000a5600000, 0x00000000a5600000|100%| O|  |TAMS 0x00000000a5600000, 0x00000000a5600000| Untracked 
|  50|0x00000000a5600000, 0x00000000a5700000, 0x00000000a5700000|100%| O|  |TAMS 0x00000000a5700000, 0x00000000a5700000| Untracked 
|  51|0x00000000a5700000, 0x00000000a5800000, 0x00000000a5800000|100%| O|  |TAMS 0x00000000a5800000, 0x00000000a5800000| Untracked 
|  52|0x00000000a5800000, 0x00000000a5900000, 0x00000000a5900000|100%| O|  |TAMS 0x00000000a5900000, 0x00000000a5900000| Untracked 
|  53|0x00000000a5900000, 0x00000000a5a00000, 0x00000000a5a00000|100%| O|  |TAMS 0x00000000a5a00000, 0x00000000a5a00000| Untracked 
|  54|0x00000000a5a00000, 0x00000000a5b00000, 0x00000000a5b00000|100%| O|  |TAMS 0x00000000a5b00000, 0x00000000a5b00000| Untracked 
|  55|0x00000000a5b00000, 0x00000000a5c00000, 0x00000000a5c00000|100%| O|  |TAMS 0x00000000a5c00000, 0x00000000a5c00000| Untracked 
|  56|0x00000000a5c00000, 0x00000000a5d00000, 0x00000000a5d00000|100%| O|  |TAMS 0x00000000a5d00000, 0x00000000a5d00000| Untracked 
|  57|0x00000000a5d00000, 0x00000000a5e00000, 0x00000000a5e00000|100%| O|  |TAMS 0x00000000a5e00000, 0x00000000a5e00000| Untracked 
|  58|0x00000000a5e00000, 0x00000000a5f00000, 0x00000000a5f00000|100%| O|  |TAMS 0x00000000a5f00000, 0x00000000a5f00000| Untracked 
|  59|0x00000000a5f00000, 0x00000000a6000000, 0x00000000a6000000|100%| O|  |TAMS 0x00000000a6000000, 0x00000000a6000000| Untracked 
|  60|0x00000000a6000000, 0x00000000a6100000, 0x00000000a6100000|100%| O|  |TAMS 0x00000000a6100000, 0x00000000a6100000| Untracked 
|  61|0x00000000a6100000, 0x00000000a6200000, 0x00000000a6200000|100%| O|  |TAMS 0x00000000a616b200, 0x00000000a6200000| Untracked 
|  62|0x00000000a6200000, 0x00000000a6300000, 0x00000000a6300000|100%| O|  |TAMS 0x00000000a6200000, 0x00000000a6300000| Untracked 
|  63|0x00000000a6300000, 0x00000000a6400000, 0x00000000a6400000|100%| O|  |TAMS 0x00000000a6300000, 0x00000000a6400000| Untracked 
|  64|0x00000000a6400000, 0x00000000a6500000, 0x00000000a6500000|100%| O|  |TAMS 0x00000000a6400000, 0x00000000a6500000| Untracked 
|  65|0x00000000a6500000, 0x00000000a6600000, 0x00000000a6600000|100%| O|  |TAMS 0x00000000a6500000, 0x00000000a6600000| Untracked 
|  66|0x00000000a6600000, 0x00000000a6700000, 0x00000000a6700000|100%| O|  |TAMS 0x00000000a6600000, 0x00000000a6700000| Untracked 
|  67|0x00000000a6700000, 0x00000000a6800000, 0x00000000a6800000|100%| O|  |TAMS 0x00000000a6700000, 0x00000000a6800000| Untracked 
|  68|0x00000000a6800000, 0x00000000a6900000, 0x00000000a6900000|100%| O|  |TAMS 0x00000000a6800000, 0x00000000a6900000| Untracked 
|  69|0x00000000a6900000, 0x00000000a6a00000, 0x00000000a6a00000|100%| O|  |TAMS 0x00000000a6900000, 0x00000000a6a00000| Untracked 
|  70|0x00000000a6a00000, 0x00000000a6b00000, 0x00000000a6b00000|100%| O|  |TAMS 0x00000000a6a00000, 0x00000000a6b00000| Untracked 
|  71|0x00000000a6b00000, 0x00000000a6c00000, 0x00000000a6c00000|100%| O|  |TAMS 0x00000000a6b00000, 0x00000000a6c00000| Untracked 
|  72|0x00000000a6c00000, 0x00000000a6d00000, 0x00000000a6d00000|100%| O|  |TAMS 0x00000000a6c00000, 0x00000000a6d00000| Untracked 
|  73|0x00000000a6d00000, 0x00000000a6e00000, 0x00000000a6e00000|100%| O|  |TAMS 0x00000000a6d00000, 0x00000000a6e00000| Untracked 
|  74|0x00000000a6e00000, 0x00000000a6f00000, 0x00000000a6f00000|100%| O|  |TAMS 0x00000000a6e00000, 0x00000000a6f00000| Untracked 
|  75|0x00000000a6f00000, 0x00000000a7000000, 0x00000000a7000000|100%| O|  |TAMS 0x00000000a6f00000, 0x00000000a7000000| Untracked 
|  76|0x00000000a7000000, 0x00000000a7100000, 0x00000000a7100000|100%| O|  |TAMS 0x00000000a7000000, 0x00000000a7100000| Untracked 
|  77|0x00000000a7100000, 0x00000000a71efa00, 0x00000000a7200000| 93%| O|  |TAMS 0x00000000a7100000, 0x00000000a71efa00| Untracked 
|  78|0x00000000a7200000, 0x00000000a7200000, 0x00000000a7300000|  0%| F|  |TAMS 0x00000000a7200000, 0x00000000a7200000| Untracked 
|  79|0x00000000a7300000, 0x00000000a7300000, 0x00000000a7400000|  0%| F|  |TAMS 0x00000000a7300000, 0x00000000a7300000| Untracked 
|  80|0x00000000a7400000, 0x00000000a7400000, 0x00000000a7500000|  0%| F|  |TAMS 0x00000000a7400000, 0x00000000a7400000| Untracked 
|  81|0x00000000a7500000, 0x00000000a7500000, 0x00000000a7600000|  0%| F|  |TAMS 0x00000000a7500000, 0x00000000a7500000| Untracked 
|  82|0x00000000a7600000, 0x00000000a7600000, 0x00000000a7700000|  0%| F|  |TAMS 0x00000000a7600000, 0x00000000a7600000| Untracked 
|  83|0x00000000a7700000, 0x00000000a7700000, 0x00000000a7800000|  0%| F|  |TAMS 0x00000000a7700000, 0x00000000a7700000| Untracked 
|  84|0x00000000a7800000, 0x00000000a7800000, 0x00000000a7900000|  0%| F|  |TAMS 0x00000000a7800000, 0x00000000a7800000| Untracked 
|  85|0x00000000a7900000, 0x00000000a7900000, 0x00000000a7a00000|  0%| F|  |TAMS 0x00000000a7900000, 0x00000000a7900000| Untracked 
|  86|0x00000000a7a00000, 0x00000000a7a00000, 0x00000000a7b00000|  0%| F|  |TAMS 0x00000000a7a00000, 0x00000000a7a00000| Untracked 
|  87|0x00000000a7b00000, 0x00000000a7b00000, 0x00000000a7c00000|  0%| F|  |TAMS 0x00000000a7b00000, 0x00000000a7b00000| Untracked 
|  88|0x00000000a7c00000, 0x00000000a7c00000, 0x00000000a7d00000|  0%| F|  |TAMS 0x00000000a7c00000, 0x00000000a7c00000| Untracked 
|  89|0x00000000a7d00000, 0x00000000a7d00000, 0x00000000a7e00000|  0%| F|  |TAMS 0x00000000a7d00000, 0x00000000a7d00000| Untracked 
|  90|0x00000000a7e00000, 0x00000000a7e00000, 0x00000000a7f00000|  0%| F|  |TAMS 0x00000000a7e00000, 0x00000000a7e00000| Untracked 
|  91|0x00000000a7f00000, 0x00000000a7f00000, 0x00000000a8000000|  0%| F|  |TAMS 0x00000000a7f00000, 0x00000000a7f00000| Untracked 
|  92|0x00000000a8000000, 0x00000000a8000000, 0x00000000a8100000|  0%| F|  |TAMS 0x00000000a8000000, 0x00000000a8000000| Untracked 
|  93|0x00000000a8100000, 0x00000000a8100000, 0x00000000a8200000|  0%| F|  |TAMS 0x00000000a8100000, 0x00000000a8100000| Untracked 
|  94|0x00000000a8200000, 0x00000000a8200000, 0x00000000a8300000|  0%| F|  |TAMS 0x00000000a8200000, 0x00000000a8200000| Untracked 
|  95|0x00000000a8300000, 0x00000000a8300000, 0x00000000a8400000|  0%| F|  |TAMS 0x00000000a8300000, 0x00000000a8300000| Untracked 
|  96|0x00000000a8400000, 0x00000000a8400000, 0x00000000a8500000|  0%| F|  |TAMS 0x00000000a8400000, 0x00000000a8400000| Untracked 
|  97|0x00000000a8500000, 0x00000000a8500000, 0x00000000a8600000|  0%| F|  |TAMS 0x00000000a8500000, 0x00000000a8500000| Untracked 
|  98|0x00000000a8600000, 0x00000000a8600000, 0x00000000a8700000|  0%| F|  |TAMS 0x00000000a8600000, 0x00000000a8600000| Untracked 
|  99|0x00000000a8700000, 0x00000000a8700000, 0x00000000a8800000|  0%| F|  |TAMS 0x00000000a8700000, 0x00000000a8700000| Untracked 
| 100|0x00000000a8800000, 0x00000000a8800000, 0x00000000a8900000|  0%| F|  |TAMS 0x00000000a8800000, 0x00000000a8800000| Untracked 
| 101|0x00000000a8900000, 0x00000000a8900000, 0x00000000a8a00000|  0%| F|  |TAMS 0x00000000a8900000, 0x00000000a8900000| Untracked 
| 102|0x00000000a8a00000, 0x00000000a8a00000, 0x00000000a8b00000|  0%| F|  |TAMS 0x00000000a8a00000, 0x00000000a8a00000| Untracked 
| 103|0x00000000a8b00000, 0x00000000a8b00000, 0x00000000a8c00000|  0%| F|  |TAMS 0x00000000a8b00000, 0x00000000a8b00000| Untracked 
| 104|0x00000000a8c00000, 0x00000000a8c00000, 0x00000000a8d00000|  0%| F|  |TAMS 0x00000000a8c00000, 0x00000000a8c00000| Untracked 
| 105|0x00000000a8d00000, 0x00000000a8d00000, 0x00000000a8e00000|  0%| F|  |TAMS 0x00000000a8d00000, 0x00000000a8d00000| Untracked 
| 106|0x00000000a8e00000, 0x00000000a8f00000, 0x00000000a8f00000|100%| S|CS|TAMS 0x00000000a8e00000, 0x00000000a8e00000| Complete 
| 107|0x00000000a8f00000, 0x00000000a9000000, 0x00000000a9000000|100%| S|CS|TAMS 0x00000000a8f00000, 0x00000000a8f00000| Complete 
| 108|0x00000000a9000000, 0x00000000a9100000, 0x00000000a9100000|100%| S|CS|TAMS 0x00000000a9000000, 0x00000000a9000000| Complete 
| 109|0x00000000a9100000, 0x00000000a9200000, 0x00000000a9200000|100%| S|CS|TAMS 0x00000000a9100000, 0x00000000a9100000| Complete 
| 110|0x00000000a9200000, 0x00000000a9200000, 0x00000000a9300000|  0%| F|  |TAMS 0x00000000a9200000, 0x00000000a9200000| Untracked 
| 111|0x00000000a9300000, 0x00000000a9300000, 0x00000000a9400000|  0%| F|  |TAMS 0x00000000a9300000, 0x00000000a9300000| Untracked 
| 112|0x00000000a9400000, 0x00000000a9400000, 0x00000000a9500000|  0%| F|  |TAMS 0x00000000a9400000, 0x00000000a9400000| Untracked 
| 113|0x00000000a9500000, 0x00000000a9500000, 0x00000000a9600000|  0%| F|  |TAMS 0x00000000a9500000, 0x00000000a9500000| Untracked 
| 114|0x00000000a9600000, 0x00000000a9600000, 0x00000000a9700000|  0%| F|  |TAMS 0x00000000a9600000, 0x00000000a9600000| Untracked 
| 115|0x00000000a9700000, 0x00000000a9700000, 0x00000000a9800000|  0%| F|  |TAMS 0x00000000a9700000, 0x00000000a9700000| Untracked 
| 116|0x00000000a9800000, 0x00000000a9800000, 0x00000000a9900000|  0%| F|  |TAMS 0x00000000a9800000, 0x00000000a9800000| Untracked 
| 117|0x00000000a9900000, 0x00000000a9900000, 0x00000000a9a00000|  0%| F|  |TAMS 0x00000000a9900000, 0x00000000a9900000| Untracked 

Card table byte_map: [0x000001e432320000,0x000001e432610000] _byte_map_base: 0x000001e431e0e000

Marking Bits (Prev, Next): (CMBitMap*) 0x000001e41d33a690, (CMBitMap*) 0x000001e41d33a658
 Prev Bits: [0x000001e434070000, 0x000001e4357e0000)
 Next Bits: [0x000001e432900000, 0x000001e434070000)

Polling page: 0x000001e41d3e0000

Metaspace:

Usage:
  Non-class:     71.92 MB capacity,    70.64 MB ( 98%) used,     1.06 MB (  1%) free+waste,   225.69 KB ( <1%) overhead. 
      Class:     11.18 MB capacity,    10.44 MB ( 93%) used,   655.82 KB (  6%) free+waste,   103.38 KB ( <1%) overhead. 
       Both:     83.10 MB capacity,    81.08 MB ( 98%) used,     1.70 MB (  2%) free+waste,   329.06 KB ( <1%) overhead. 

Virtual space:
  Non-class space:       72.00 MB reserved,      72.00 MB (100%) committed 
      Class space:        1.00 GB reserved,      11.32 MB (  1%) committed 
             Both:        1.07 GB reserved,      83.32 MB (  8%) committed 

Chunk freelists:
   Non-Class:  82.00 KB
       Class:  42.00 KB
        Both:  124.00 KB

MaxMetaspaceSize: 17179869184.00 GB
CompressedClassSpaceSize: 1.00 GB

CodeHeap 'non-profiled nmethods': size=120000Kb used=6116Kb max_used=6116Kb free=113884Kb
 bounds [0x000001e42a090000, 0x000001e42a690000, 0x000001e4315c0000]
CodeHeap 'profiled nmethods': size=120000Kb used=20279Kb max_used=20279Kb free=99720Kb
 bounds [0x000001e422b60000, 0x000001e423f30000, 0x000001e42a090000]
CodeHeap 'non-nmethods': size=5760Kb used=2275Kb max_used=2337Kb free=3484Kb
 bounds [0x000001e4225c0000, 0x000001e422830000, 0x000001e422b60000]
 total_blobs=10278 nmethods=9403 adapters=786
 compilation: enabled
              stopped_count=0, restarted_count=0
 full_count=0

Compilation events (20 events):
Event: 13.128 Thread 0x000001e43829b800 9450       2       java.lang.StringUTF16::inflate (42 bytes)
Event: 13.128 Thread 0x000001e43829b800 nmethod 9450 0x000001e423f24e10 code [0x000001e423f24fe0, 0x000001e423f251c8]
Event: 13.129 Thread 0x000001e43829b800 9451       2       java.lang.StringUTF16::putCharSB (12 bytes)
Event: 13.129 Thread 0x000001e43829b800 nmethod 9451 0x000001e423f25390 code [0x000001e423f25540, 0x000001e423f25668]
Event: 13.130 Thread 0x000001e43829b800 9452 %     3       com.android.utils.XmlUtils::toXmlAttributeValue @ 7 (89 bytes)
Event: 13.131 Thread 0x000001e43829b800 nmethod 9452% 0x000001e423f25790 code [0x000001e423f25a80, 0x000001e423f26b98]
Event: 13.131 Thread 0x000001e43829b800 9453       2       com.android.utils.XmlUtils::toXmlTextValue (65 bytes)
Event: 13.131 Thread 0x000001e43829b800 nmethod 9453 0x000001e423f27290 code [0x000001e423f274a0, 0x000001e423f27a38]
Event: 13.132 Thread 0x000001e43829b800 9454       2       com.google.common.base.CharMatcher::countIn (39 bytes)
Event: 13.133 Thread 0x000001e43829b800 nmethod 9454 0x000001e423f27e90 code [0x000001e423f28060, 0x000001e423f28268]
Event: 13.133 Thread 0x000001e43829b800 9455       3       com.android.utils.XmlUtils::toXmlAttributeValue (89 bytes)
Event: 13.134 Thread 0x000001e43829b800 nmethod 9455 0x000001e423f28390 code [0x000001e423f28680, 0x000001e423f29718]
Event: 13.136 Thread 0x000001e43829b800 9456 %     3       com.android.utils.XmlUtils::toXmlTextValue @ 7 (65 bytes)
Event: 13.136 Thread 0x000001e43829b800 nmethod 9456% 0x000001e423f29e10 code [0x000001e423f2a100, 0x000001e423f2b138]
Event: 13.138 Thread 0x000001e43829b800 9457       3       com.android.utils.XmlUtils::toXmlTextValue (65 bytes)
Event: 13.139 Thread 0x000001e43829b800 nmethod 9457 0x000001e423f2b810 code [0x000001e423f2bb00, 0x000001e423f2cab8]
Event: 13.140 Thread 0x000001e43829b800 9458 %     3       com.google.common.base.CharMatcher::countIn @ 4 (39 bytes)
Event: 13.141 Thread 0x000001e43829b800 nmethod 9458% 0x000001e423f2d190 code [0x000001e423f2d380, 0x000001e423f2d868]
Event: 13.142 Thread 0x000001e43829b800 9460       2       java.lang.StringUTF16::lastIndexOf (47 bytes)
Event: 13.142 Thread 0x000001e43829b800 nmethod 9460 0x000001e423f2da10 code [0x000001e423f2dbc0, 0x000001e423f2dd68]

GC Heap History (20 events):
Event: 7.760 GC heap after
{Heap after GC invocations=14 (full 0):
 garbage-first heap   total 120832K, used 44384K [0x00000000a2400000, 0x0000000100000000)
  region size 1024K, 3 young (3072K), 3 survivors (3072K)
 Metaspace       used 58620K, capacity 60130K, committed 60236K, reserved 1101824K
  class space    used 7408K, capacity 7965K, committed 8012K, reserved 1048576K
}
Event: 8.243 GC heap before
{Heap before GC invocations=15 (full 0):
 garbage-first heap   total 120832K, used 84320K [0x00000000a2400000, 0x0000000100000000)
  region size 1024K, 43 young (44032K), 3 survivors (3072K)
 Metaspace       used 62547K, capacity 63985K, committed 64332K, reserved 1105920K
  class space    used 7880K, capacity 8389K, committed 8524K, reserved 1048576K
}
Event: 8.248 GC heap after
{Heap after GC invocations=16 (full 0):
 garbage-first heap   total 120832K, used 48015K [0x00000000a2400000, 0x0000000100000000)
  region size 1024K, 6 young (6144K), 6 survivors (6144K)
 Metaspace       used 62547K, capacity 63985K, committed 64332K, reserved 1105920K
  class space    used 7880K, capacity 8389K, committed 8524K, reserved 1048576K
}
Event: 8.768 GC heap before
{Heap before GC invocations=16 (full 0):
 garbage-first heap   total 120832K, used 88975K [0x00000000a2400000, 0x0000000100000000)
  region size 1024K, 45 young (46080K), 6 survivors (6144K)
 Metaspace       used 64508K, capacity 66115K, committed 66380K, reserved 1107968K
  class space    used 8152K, capacity 8730K, committed 8780K, reserved 1048576K
}
Event: 8.775 GC heap after
{Heap after GC invocations=17 (full 0):
 garbage-first heap   total 120832K, used 51833K [0x00000000a2400000, 0x0000000100000000)
  region size 1024K, 4 young (4096K), 4 survivors (4096K)
 Metaspace       used 64508K, capacity 66115K, committed 66380K, reserved 1107968K
  class space    used 8152K, capacity 8730K, committed 8780K, reserved 1048576K
}
Event: 9.496 GC heap before
{Heap before GC invocations=17 (full 0):
 garbage-first heap   total 120832K, used 90745K [0x00000000a2400000, 0x0000000100000000)
  region size 1024K, 42 young (43008K), 4 survivors (4096K)
 Metaspace       used 69501K, capacity 71103K, committed 71372K, reserved 1112064K
  class space    used 8941K, capacity 9555K, committed 9676K, reserved 1048576K
}
Event: 9.501 GC heap after
{Heap after GC invocations=18 (full 0):
 garbage-first heap   total 120832K, used 53858K [0x00000000a2400000, 0x0000000100000000)
  region size 1024K, 3 young (3072K), 3 survivors (3072K)
 Metaspace       used 69501K, capacity 71103K, committed 71372K, reserved 1112064K
  class space    used 8941K, capacity 9555K, committed 9676K, reserved 1048576K
}
Event: 10.127 GC heap before
{Heap before GC invocations=18 (full 0):
 garbage-first heap   total 120832K, used 92770K [0x00000000a2400000, 0x0000000100000000)
  region size 1024K, 41 young (41984K), 3 survivors (3072K)
 Metaspace       used 73367K, capacity 75141K, committed 75212K, reserved 1114112K
  class space    used 9535K, capacity 10163K, committed 10188K, reserved 1048576K
}
Event: 10.132 GC heap after
{Heap after GC invocations=19 (full 0):
 garbage-first heap   total 120832K, used 55879K [0x00000000a2400000, 0x0000000100000000)
  region size 1024K, 5 young (5120K), 5 survivors (5120K)
 Metaspace       used 73367K, capacity 75141K, committed 75212K, reserved 1114112K
  class space    used 9535K, capacity 10163K, committed 10188K, reserved 1048576K
}
Event: 11.019 GC heap before
{Heap before GC invocations=19 (full 0):
 garbage-first heap   total 120832K, used 94791K [0x00000000a2400000, 0x0000000100000000)
  region size 1024K, 43 young (44032K), 5 survivors (5120K)
 Metaspace       used 77331K, capacity 79197K, committed 79308K, reserved 1118208K
  class space    used 10012K, capacity 10667K, committed 10700K, reserved 1048576K
}
Event: 11.026 GC heap after
{Heap after GC invocations=20 (full 0):
 garbage-first heap   total 120832K, used 58896K [0x00000000a2400000, 0x0000000100000000)
  region size 1024K, 6 young (6144K), 6 survivors (6144K)
 Metaspace       used 77331K, capacity 79197K, committed 79308K, reserved 1118208K
  class space    used 10012K, capacity 10667K, committed 10700K, reserved 1048576K
}
Event: 11.727 GC heap before
{Heap before GC invocations=20 (full 0):
 garbage-first heap   total 120832K, used 95760K [0x00000000a2400000, 0x0000000100000000)
  region size 1024K, 42 young (43008K), 6 survivors (6144K)
 Metaspace       used 80943K, capacity 82942K, committed 83148K, reserved 1122304K
  class space    used 10470K, capacity 11190K, committed 11212K, reserved 1048576K
}
Event: 11.737 GC heap after
{Heap after GC invocations=21 (full 0):
 garbage-first heap   total 120832K, used 62910K [0x00000000a2400000, 0x0000000100000000)
  region size 1024K, 6 young (6144K), 6 survivors (6144K)
 Metaspace       used 80943K, capacity 82942K, committed 83148K, reserved 1122304K
  class space    used 10470K, capacity 11190K, committed 11212K, reserved 1048576K
}
Event: 12.276 GC heap before
{Heap before GC invocations=21 (full 0):
 garbage-first heap   total 120832K, used 96702K [0x00000000a2400000, 0x0000000100000000)
  region size 1024K, 40 young (40960K), 6 survivors (6144K)
 Metaspace       used 81442K, capacity 83446K, committed 83788K, reserved 1122304K
  class space    used 10511K, capacity 11241K, committed 11340K, reserved 1048576K
}
Event: 12.285 GC heap after
{Heap after GC invocations=22 (full 0):
 garbage-first heap   total 120832K, used 65492K [0x00000000a2400000, 0x0000000100000000)
  region size 1024K, 3 young (3072K), 3 survivors (3072K)
 Metaspace       used 81442K, capacity 83446K, committed 83788K, reserved 1122304K
  class space    used 10511K, capacity 11241K, committed 11340K, reserved 1048576K
}
Event: 12.549 GC heap before
{Heap before GC invocations=23 (full 0):
 garbage-first heap   total 120832K, used 80852K [0x00000000a2400000, 0x0000000100000000)
  region size 1024K, 19 young (19456K), 3 survivors (3072K)
 Metaspace       used 81991K, capacity 84135K, committed 84428K, reserved 1122304K
  class space    used 10595K, capacity 11340K, committed 11468K, reserved 1048576K
}
Event: 12.555 GC heap after
{Heap after GC invocations=24 (full 0):
 garbage-first heap   total 120832K, used 66113K [0x00000000a2400000, 0x0000000100000000)
  region size 1024K, 4 young (4096K), 4 survivors (4096K)
 Metaspace       used 81991K, capacity 84135K, committed 84428K, reserved 1122304K
  class space    used 10595K, capacity 11340K, committed 11468K, reserved 1048576K
}
Event: 12.999 GC heap before
{Heap before GC invocations=25 (full 0):
 garbage-first heap   total 120832K, used 98881K [0x00000000a2400000, 0x0000000100000000)
  region size 1024K, 34 young (34816K), 4 survivors (4096K)
 Metaspace       used 82906K, capacity 84993K, committed 85196K, reserved 1122304K
  class space    used 10679K, capacity 11413K, committed 11468K, reserved 1048576K
}
Event: 13.010 GC heap after
{Heap after GC invocations=26 (full 0):
 garbage-first heap   total 120832K, used 77601K [0x00000000a2400000, 0x0000000100000000)
  region size 1024K, 5 young (5120K), 5 survivors (5120K)
 Metaspace       used 82906K, capacity 84993K, committed 85196K, reserved 1122304K
  class space    used 10679K, capacity 11413K, committed 11468K, reserved 1048576K
}
Event: 13.143 GC heap before
{Heap before GC invocations=26 (full 0):
 garbage-first heap   total 120832K, used 83745K [0x00000000a2400000, 0x0000000100000000)
  region size 1024K, 13 young (13312K), 5 survivors (5120K)
 Metaspace       used 83022K, capacity 85092K, committed 85324K, reserved 1122304K
  class space    used 10686K, capacity 11446K, committed 11596K, reserved 1048576K
}

Deoptimization events (20 events):
Event: 13.030 Thread 0x000001e43d6c3800 Uncommon trap: trap_request=0xffffffc6 fr.pc=0x000001e42a64f7e4 relative=0x0000000000000504
Event: 13.030 Thread 0x000001e43d6c3800 Uncommon trap: reason=bimorphic_or_optimized_type_check action=maybe_recompile pc=0x000001e42a64f7e4 method=org.apache.xerces.dom.NamedNodeMapImpl.findNamePoint(Ljava/lang/String;I)I @ 50 c2
Event: 13.030 Thread 0x000001e43d6c3800 DEOPT PACKING pc=0x000001e42a64f7e4 sp=0x0000004f5f4fa7d0
Event: 13.030 Thread 0x000001e43d6c3800 DEOPT UNPACKING pc=0x000001e4225e78af sp=0x0000004f5f4fa768 mode 2
Event: 13.030 Thread 0x000001e43d6c3800 Uncommon trap: trap_request=0xffffffc6 fr.pc=0x000001e42a64f7e4 relative=0x0000000000000504
Event: 13.030 Thread 0x000001e43d6c3800 Uncommon trap: reason=bimorphic_or_optimized_type_check action=maybe_recompile pc=0x000001e42a64f7e4 method=org.apache.xerces.dom.NamedNodeMapImpl.findNamePoint(Ljava/lang/String;I)I @ 50 c2
Event: 13.030 Thread 0x000001e43d6c3800 DEOPT PACKING pc=0x000001e42a64f7e4 sp=0x0000004f5f4fa7e0
Event: 13.030 Thread 0x000001e43d6c3800 DEOPT UNPACKING pc=0x000001e4225e78af sp=0x0000004f5f4fa778 mode 2
Event: 13.030 Thread 0x000001e43d6c3800 Uncommon trap: trap_request=0xffffffc6 fr.pc=0x000001e42a64f7e4 relative=0x0000000000000504
Event: 13.030 Thread 0x000001e43d6c3800 Uncommon trap: reason=bimorphic_or_optimized_type_check action=maybe_recompile pc=0x000001e42a64f7e4 method=org.apache.xerces.dom.NamedNodeMapImpl.findNamePoint(Ljava/lang/String;I)I @ 50 c2
Event: 13.030 Thread 0x000001e43d6c3800 DEOPT PACKING pc=0x000001e42a64f7e4 sp=0x0000004f5f4fa930
Event: 13.030 Thread 0x000001e43d6c3800 DEOPT UNPACKING pc=0x000001e4225e78af sp=0x0000004f5f4fa8c8 mode 2
Event: 13.030 Thread 0x000001e43d6c3800 Uncommon trap: trap_request=0xffffff4d fr.pc=0x000001e42a655a94 relative=0x0000000000000554
Event: 13.030 Thread 0x000001e43d6c3800 Uncommon trap: reason=unstable_if action=reinterpret pc=0x000001e42a655a94 method=org.apache.xerces.dom.AttrImpl.getValue()Ljava/lang/String; @ 15 c2
Event: 13.030 Thread 0x000001e43d6c3800 DEOPT PACKING pc=0x000001e42a655a94 sp=0x0000004f5f4fa7c0
Event: 13.030 Thread 0x000001e43d6c3800 DEOPT UNPACKING pc=0x000001e4225e78af sp=0x0000004f5f4fa7a0 mode 2
Event: 13.133 Thread 0x000001e43d6c3800 DEOPT PACKING pc=0x000001e423f21278 sp=0x0000004f5f4fa5f0
Event: 13.133 Thread 0x000001e43d6c3800 DEOPT UNPACKING pc=0x000001e4225e76ce sp=0x0000004f5f4f9b20 mode 0
Event: 13.138 Thread 0x000001e43d6c3800 DEOPT PACKING pc=0x000001e423f278d0 sp=0x0000004f5f4f9d80
Event: 13.138 Thread 0x000001e43d6c3800 DEOPT UNPACKING pc=0x000001e4225e76ce sp=0x0000004f5f4f92b0 mode 0

Classes redefined (0 events):
No events

Internal exceptions (20 events):
Event: 10.850 Thread 0x000001e4394f0000 Implicit null exception at 0x000001e42a52502d to 0x000001e42a526798
Event: 11.202 Thread 0x000001e4394f0000 Exception <a 'java/lang/NoSuchMethodError'{0x00000000a90d6be8}: <clinit>> (0x00000000a90d6be8) thrown at [./src/hotspot/share/prims/jni.cpp, line 1362]
Event: 11.206 Thread 0x000001e4394f0000 Exception <a 'java/lang/NoSuchMethodError'{0x00000000a8f0d528}: <clinit>> (0x00000000a8f0d528) thrown at [./src/hotspot/share/prims/jni.cpp, line 1362]
Event: 11.233 Thread 0x000001e4394f0000 Exception <a 'sun/nio/fs/WindowsException'{0x00000000a8d164a8}> (0x00000000a8d164a8) thrown at [./src/hotspot/share/prims/jni.cpp, line 615]
Event: 11.315 Thread 0x000001e43b580000 Exception <a 'java/lang/NoSuchMethodError'{0x00000000a8ac1d20}: <clinit>> (0x00000000a8ac1d20) thrown at [./src/hotspot/share/prims/jni.cpp, line 1362]
Event: 11.316 Thread 0x000001e43b580000 Exception <a 'java/lang/NoSuchMethodError'{0x00000000a8af2e98}: <clinit>> (0x00000000a8af2e98) thrown at [./src/hotspot/share/prims/jni.cpp, line 1362]
Event: 11.320 Thread 0x000001e43b580000 Exception <a 'java/lang/NoSuchMethodError'{0x00000000a8aff748}: <clinit>> (0x00000000a8aff748) thrown at [./src/hotspot/share/prims/jni.cpp, line 1362]
Event: 11.322 Thread 0x000001e43b580000 Exception <a 'java/lang/NoSuchMethodError'{0x00000000a8938588}: <clinit>> (0x00000000a8938588) thrown at [./src/hotspot/share/prims/jni.cpp, line 1362]
Event: 11.322 Thread 0x000001e43b580000 Exception <a 'java/lang/NoSuchMethodError'{0x00000000a8939d08}: <clinit>> (0x00000000a8939d08) thrown at [./src/hotspot/share/prims/jni.cpp, line 1362]
Event: 11.351 Thread 0x000001e43d6c8000 Exception <a 'java/lang/NoSuchMethodError'{0x00000000a871a3d8}: <clinit>> (0x00000000a871a3d8) thrown at [./src/hotspot/share/prims/jni.cpp, line 1362]
Event: 11.355 Thread 0x000001e43d6c8000 Exception <a 'java/lang/NoSuchMethodError'{0x00000000a876e108}: <clinit>> (0x00000000a876e108) thrown at [./src/hotspot/share/prims/jni.cpp, line 1362]
Event: 11.360 Thread 0x000001e43d6c8000 Exception <a 'java/lang/NoSuchMethodError'{0x00000000a8787390}: <clinit>> (0x00000000a8787390) thrown at [./src/hotspot/share/prims/jni.cpp, line 1362]
Event: 11.437 Thread 0x000001e43b580000 Exception <a 'java/lang/NoSuchMethodError'{0x00000000a842f6e8}: <clinit>> (0x00000000a842f6e8) thrown at [./src/hotspot/share/prims/jni.cpp, line 1362]
Event: 11.477 Thread 0x000001e43d6c3800 Exception <a 'java/lang/NoSuchMethodError'{0x00000000a83221f8}: 'java.lang.Object java.lang.invoke.Invokers$Holder.linkToTargetMethod(java.lang.Object, java.lang.Object, java.lang.Object, int, java.lang.Object, java.lang.Object)'> (0x00000000a83221f8) thrown at [./src/hotspot/share/interpreter/linkResolver.cpp, line 773]
Event: 11.490 Thread 0x000001e43d6c3800 Exception <a 'java/lang/IncompatibleClassChangeError'{0x00000000a83815b0}: Found class java.lang.Object, but interface was expected> (0x00000000a83815b0) thrown at [./src/hotspot/share/interpreter/linkResolver.cpp, line 839]
Event: 11.512 Thread 0x000001e43d6c3800 Exception <a 'java/lang/NoSuchMethodError'{0x00000000a8140608}: 'int java.lang.invoke.DirectMethodHandle$Holder.invokeStaticInit(java.lang.Object, java.lang.Object, java.lang.Object, java.lang.Object, java.lang.Object)'> (0x00000000a8140608) thrown at [./src/hotspot/share/interpreter/linkResolver.cpp, line 773]
Event: 11.739 Thread 0x000001e43b857000 Exception <a 'java/lang/NoSuchMethodError'{0x00000000a999a968}: 'java.lang.Object java.lang.invoke.DirectMethodHandle$Holder.invokeSpecialIFC(java.lang.Object, java.lang.Object, java.lang.Object)'> (0x00000000a999a968) thrown at [./src/hotspot/share/interpreter/linkResolver.cpp, line 773]
Event: 11.958 Thread 0x000001e43982d800 Implicit null exception at 0x000001e42a0c2e74 to 0x000001e42a0c33ec
Event: 11.958 Thread 0x000001e43982d800 Implicit null exception at 0x000001e42a473c14 to 0x000001e42a474250
Event: 12.504 Thread 0x000001e43d6c3800 Exception <a 'java/lang/NoSuchMethodError'{0x00000000a8b08190}: 'void java.lang.invoke.DirectMethodHandle$Holder.invokeVirtual(java.lang.Object, java.lang.Object)'> (0x00000000a8b08190) thrown at [./src/hotspot/share/interpreter/linkResolver.cpp, line 773]

Events (20 events):
Event: 13.021 Executing VM operation: RevokeBias done
Event: 13.022 Executing VM operation: RevokeBias
Event: 13.023 Executing VM operation: RevokeBias done
Event: 13.026 loading class net/rubygrapefruit/platform/file/FileWatchEvent$ChangeType
Event: 13.026 loading class net/rubygrapefruit/platform/file/FileWatchEvent$ChangeType done
Event: 13.027 loading class net/rubygrapefruit/platform/internal/jni/AbstractFileEventFunctions$ChangeEvent
Event: 13.027 loading class net/rubygrapefruit/platform/internal/jni/AbstractFileEventFunctions$ChangeEvent done
Event: 13.028 loading class org/gradle/internal/watch/registry/impl/DefaultFileWatcherRegistry$1
Event: 13.028 loading class org/gradle/internal/watch/registry/impl/DefaultFileWatcherRegistry$1 done
Event: 13.030 loading class org/gradle/internal/watch/registry/impl/DefaultFileWatcherRegistry$MutableFileWatchingStatistics
Event: 13.030 loading class org/gradle/internal/watch/registry/impl/DefaultFileWatcherRegistry$MutableFileWatchingStatistics done
Event: 13.030 loading class org/gradle/internal/watch/registry/impl/DefaultFileWatcherRegistry$MutableFileWatchingStatistics
Event: 13.030 loading class org/gradle/internal/watch/registry/impl/DefaultFileWatcherRegistry$MutableFileWatchingStatistics done
Event: 13.030 loading class org/gradle/internal/watch/registry/impl/DefaultFileWatcherRegistry$3
Event: 13.030 loading class org/gradle/internal/watch/registry/impl/DefaultFileWatcherRegistry$3 done
Event: 13.031 loading class org/gradle/internal/watch/registry/FileWatcherRegistry$Type
Event: 13.031 loading class org/gradle/internal/watch/registry/FileWatcherRegistry$Type done
Event: 13.121 loading class com/android/utils/XmlUtils$PositionAwareStringBuilder
Event: 13.121 loading class com/android/utils/XmlUtils$PositionAwareStringBuilder done
Event: 13.143 Executing VM operation: G1CollectForAllocation


Dynamic libraries:
0x00007ff7a8f10000 - 0x00007ff7a8f1a000 	C:\Program Files\Android\Android Studio\jre\bin\java.exe
0x00007ffd2e0e0000 - 0x00007ffd2e2e7000 	C:\WINDOWS\SYSTEM32\ntdll.dll
0x00007ffd2d440000 - 0x00007ffd2d4fd000 	C:\WINDOWS\System32\KERNEL32.DLL
0x00007ffd2bb50000 - 0x00007ffd2bec4000 	C:\WINDOWS\System32\KERNELBASE.dll
0x00007ffd2b900000 - 0x00007ffd2ba11000 	C:\WINDOWS\System32\ucrtbase.dll
0x00007ffd15c60000 - 0x00007ffd15c79000 	C:\Program Files\Android\Android Studio\jre\bin\jli.dll
0x00007ffd15c80000 - 0x00007ffd15c97000 	C:\Program Files\Android\Android Studio\jre\bin\VCRUNTIME140.dll
0x00007ffd2d520000 - 0x00007ffd2d6cc000 	C:\WINDOWS\System32\USER32.dll
0x00007ffd2b8d0000 - 0x00007ffd2b8f6000 	C:\WINDOWS\System32\win32u.dll
0x00007ffd2bf70000 - 0x00007ffd2bf99000 	C:\WINDOWS\System32\GDI32.dll
0x00007ffd18fa0000 - 0x00007ffd19245000 	C:\WINDOWS\WinSxS\amd64_microsoft.windows.common-controls_6595b64144ccf1df_6.0.22000.120_none_9d947278b86cc467\COMCTL32.dll
0x00007ffd2b5c0000 - 0x00007ffd2b6d2000 	C:\WINDOWS\System32\gdi32full.dll
0x00007ffd2dea0000 - 0x00007ffd2df43000 	C:\WINDOWS\System32\msvcrt.dll
0x00007ffd2bed0000 - 0x00007ffd2bf6d000 	C:\WINDOWS\System32\msvcp_win.dll
0x00007ffd2c880000 - 0x00007ffd2c8b1000 	C:\WINDOWS\System32\IMM32.DLL
0x00007ffcefb30000 - 0x00007ffcefbcd000 	C:\Program Files\Android\Android Studio\jre\bin\msvcp140.dll
0x00007ffce0830000 - 0x00007ffce12ff000 	C:\Program Files\Android\Android Studio\jre\bin\server\jvm.dll
0x00007ffd2c5c0000 - 0x00007ffd2c66c000 	C:\WINDOWS\System32\ADVAPI32.dll
0x00007ffd2d850000 - 0x00007ffd2d8ed000 	C:\WINDOWS\System32\sechost.dll
0x00007ffd2c430000 - 0x00007ffd2c551000 	C:\WINDOWS\System32\RPCRT4.dll
0x00007ffd2e000000 - 0x00007ffd2e008000 	C:\WINDOWS\System32\PSAPI.DLL
0x00007ffd14f10000 - 0x00007ffd14f19000 	C:\WINDOWS\SYSTEM32\WSOCK32.dll
0x00007ffd29170000 - 0x00007ffd291a3000 	C:\WINDOWS\SYSTEM32\WINMM.dll
0x00007ffd21b30000 - 0x00007ffd21b3a000 	C:\WINDOWS\SYSTEM32\VERSION.dll
0x00007ffd2c8c0000 - 0x00007ffd2c92f000 	C:\WINDOWS\System32\WS2_32.dll
0x00007ffd2a750000 - 0x00007ffd2a768000 	C:\WINDOWS\SYSTEM32\kernel.appcore.dll
0x00007ffd0fb80000 - 0x00007ffd0fb91000 	C:\Program Files\Android\Android Studio\jre\bin\verify.dll
0x00007ffd28e50000 - 0x00007ffd29071000 	C:\WINDOWS\SYSTEM32\DBGHELP.DLL
0x00007ffd28cf0000 - 0x00007ffd28d21000 	C:\WINDOWS\SYSTEM32\dbgcore.DLL
0x00007ffd2b6e0000 - 0x00007ffd2b760000 	C:\WINDOWS\System32\bcryptPrimitives.dll
0x00007ffce7060000 - 0x00007ffce7089000 	C:\Program Files\Android\Android Studio\jre\bin\java.dll
0x00007ffd26550000 - 0x00007ffd2655b000 	C:\Program Files\Android\Android Studio\jre\bin\jimage.dll
0x00007ffd0faa0000 - 0x00007ffd0fab8000 	C:\Program Files\Android\Android Studio\jre\bin\zip.dll
0x00007ffd2c930000 - 0x00007ffd2d0da000 	C:\WINDOWS\System32\SHELL32.dll
0x00007ffd29760000 - 0x00007ffd29fc2000 	C:\WINDOWS\SYSTEM32\windows.storage.dll
0x00007ffd2d8f0000 - 0x00007ffd2dc68000 	C:\WINDOWS\System32\combase.dll
0x00007ffd295f0000 - 0x00007ffd29756000 	C:\WINDOWS\SYSTEM32\wintypes.dll
0x00007ffd2c790000 - 0x00007ffd2c87a000 	C:\WINDOWS\System32\SHCORE.dll
0x00007ffd2de40000 - 0x00007ffd2de9d000 	C:\WINDOWS\System32\shlwapi.dll
0x00007ffd2b4f0000 - 0x00007ffd2b511000 	C:\WINDOWS\SYSTEM32\profapi.dll
0x00007ffd0b1f0000 - 0x00007ffd0b20a000 	C:\Program Files\Android\Android Studio\jre\bin\net.dll
0x00007ffd26720000 - 0x00007ffd2682c000 	C:\WINDOWS\SYSTEM32\WINHTTP.dll
0x00007ffd2ab70000 - 0x00007ffd2abd7000 	C:\WINDOWS\system32\mswsock.dll
0x00007ffcf1780000 - 0x00007ffcf1794000 	C:\Program Files\Android\Android Studio\jre\bin\nio.dll
0x00007ffcf8330000 - 0x00007ffcf8357000 	C:\Users\DELL\.gradle\native\8bec1ad78214c89d9ad589b4d07fe93259594b29d510b10fafb7a158f7737e5d\windows-amd64\native-platform.dll
0x00007ffcc6850000 - 0x00007ffcc698d000 	C:\Users\DELL\.gradle\native\53dbd7edfb1c66fb8903c78663c9afc45aea4f116125fa6feffd364cf09443e8\windows-amd64\native-platform-file-events.dll
0x00007ffd0fc90000 - 0x00007ffd0fc9a000 	C:\Program Files\Android\Android Studio\jre\bin\management.dll
0x00007ffd00520000 - 0x00007ffd0052c000 	C:\Program Files\Android\Android Studio\jre\bin\management_ext.dll
0x00007ffd2ae20000 - 0x00007ffd2ae38000 	C:\WINDOWS\SYSTEM32\CRYPTSP.dll
0x00007ffd2a6b0000 - 0x00007ffd2a6e5000 	C:\WINDOWS\system32\rsaenh.dll
0x00007ffd2acd0000 - 0x00007ffd2acf9000 	C:\WINDOWS\SYSTEM32\USERENV.dll
0x00007ffd2afa0000 - 0x00007ffd2afc7000 	C:\WINDOWS\SYSTEM32\bcrypt.dll
0x00007ffd2ae40000 - 0x00007ffd2ae4c000 	C:\WINDOWS\SYSTEM32\CRYPTBASE.dll
0x00007ffd2a210000 - 0x00007ffd2a23d000 	C:\WINDOWS\SYSTEM32\IPHLPAPI.DLL
0x00007ffd2bfa0000 - 0x00007ffd2bfa9000 	C:\WINDOWS\System32\NSI.dll
0x00007ffd25ee0000 - 0x00007ffd25ef9000 	C:\WINDOWS\SYSTEM32\dhcpcsvc6.DLL
0x00007ffd25fb0000 - 0x00007ffd25fce000 	C:\WINDOWS\SYSTEM32\dhcpcsvc.DLL
0x00007ffd2a240000 - 0x00007ffd2a327000 	C:\WINDOWS\SYSTEM32\DNSAPI.dll

dbghelp: loaded successfully - version: 4.0.5 - missing functions: none
symbol engine: initialized successfully - sym options: 0x614 - pdb path: .;C:\Program Files\Android\Android Studio\jre\bin;C:\WINDOWS\SYSTEM32;C:\WINDOWS\WinSxS\amd64_microsoft.windows.common-controls_6595b64144ccf1df_6.0.22000.120_none_9d947278b86cc467;C:\Program Files\Android\Android Studio\jre\bin\server;C:\Users\DELL\.gradle\native\8bec1ad78214c89d9ad589b4d07fe93259594b29d510b10fafb7a158f7737e5d\windows-amd64;C:\Users\DELL\.gradle\native\53dbd7edfb1c66fb8903c78663c9afc45aea4f116125fa6feffd364cf09443e8\windows-amd64

VM Arguments:
jvm_args: --add-opens=java.base/java.util=ALL-UNNAMED --add-opens=java.base/java.lang=ALL-UNNAMED --add-opens=java.base/java.lang.invoke=ALL-UNNAMED --add-opens=java.base/java.util=ALL-UNNAMED --add-opens=java.prefs/java.util.prefs=ALL-UNNAMED --add-opens=java.prefs/java.util.prefs=ALL-UNNAMED --add-opens=java.base/java.nio.charset=ALL-UNNAMED --add-opens=java.base/java.net=ALL-UNNAMED --add-opens=java.base/java.util.concurrent.atomic=ALL-UNNAMED -Xmx1500m -Dfile.encoding=UTF-8 -Duser.country=US -Duser.language=en -Duser.variant 
java_command: org.gradle.launcher.daemon.bootstrap.GradleDaemon 7.0.2
java_class_path (initial): C:\Users\DELL\.gradle\wrapper\dists\gradle-7.0.2-bin\857tjihv64xamwrf0h14cai3r\gradle-7.0.2\lib\gradle-launcher-7.0.2.jar
Launcher Type: SUN_STANDARD

[Global flags]
     intx CICompilerCount                          = 4                                         {product} {ergonomic}
     uint ConcGCThreads                            = 2                                         {product} {ergonomic}
     uint G1ConcRefinementThreads                  = 8                                         {product} {ergonomic}
   size_t G1HeapRegionSize                         = 1048576                                   {product} {ergonomic}
    uintx GCDrainStackTargetSize                   = 64                                        {product} {ergonomic}
   size_t InitialHeapSize                          = 123731968                                 {product} {ergonomic}
   size_t MarkStackSize                            = 4194304                                   {product} {ergonomic}
   size_t MaxHeapSize                              = 1572864000                                {product} {command line}
   size_t MaxNewSize                               = 943718400                                 {product} {ergonomic}
   size_t MinHeapDeltaBytes                        = 1048576                                   {product} {ergonomic}
    uintx NonNMethodCodeHeapSize                   = 5836300                                {pd product} {ergonomic}
    uintx NonProfiledCodeHeapSize                  = 122910970                              {pd product} {ergonomic}
    uintx ProfiledCodeHeapSize                     = 122910970                              {pd product} {ergonomic}
    uintx ReservedCodeCacheSize                    = 251658240                              {pd product} {ergonomic}
     bool SegmentedCodeCache                       = true                                      {product} {ergonomic}
     bool UseCompressedClassPointers               = true                                 {lp64_product} {ergonomic}
     bool UseCompressedOops                        = true                                 {lp64_product} {ergonomic}
     bool UseG1GC                                  = true                                      {product} {ergonomic}
     bool UseLargePagesIndividualAllocation        = false                                  {pd product} {ergonomic}

Logging:
Log output configuration:
 #0: stdout all=warning uptime,level,tags
 #1: stderr all=off uptime,level,tags

Environment Variables:
PATH=C:\app\DELL\product\21c\dbhomeXE\bin;D:\db_home\bin;C:\db_home\bin;C:\Program Files (x86)\VMware\VMware Player\bin\;C:\Program Files\Python39\Scripts\;C:\Program Files\Python39\;C:\Program Files\Common Files\Oracle\Java\javapath;C:\WINDOWS\system32;C:\WINDOWS;C:\WINDOWS\System32\Wbem;C:\WINDOWS\System32\WindowsPowerShell\v1.0\;C:\WINDOWS\System32\OpenSSH\;C:\Program Files\Git\cmd;C:\Program Files (x86)\dotnet\;C:\Users\DELL\AppData\Local\Microsoft\WindowsApps;C:\Users\DELL\AppData\Local\Programs\Microsoft VS Code\bin;C:\Program Files\CodeBlocks\MinGW\bin;C:\Program Files\JetBrains\PyCharm Community Edition 2021.2.1\bin;C:\Users\DELL\AppData\Local\atom\bin;%USERPROFILE%\AppData\Local\Microsoft\WindowsApps;
USERNAME=DELL
OS=Windows_NT
PROCESSOR_IDENTIFIER=AMD64 Family 23 Model 96 Stepping 1, AuthenticAMD



---------------  S Y S T E M  ---------------

OS: Windows 10 , 64 bit Build 22000 (10.0.22000.318)
OS uptime: 0 days 0:02 hours

CPU:total 8 (initial active 8) (8 cores per cpu, 1 threads per core) family 23 model 96 stepping 1 microcode 0x0, cmov, cx8, fxsr, mmx, sse, sse2, sse3, ssse3, sse4.1, sse4.2, popcnt, avx, avx2, aes, clmul, mmxext, 3dnowpref, lzcnt, sse4a, tsc, tscinvbit, tscinv, bmi1, bmi2, adx, sha, 

Memory: 4k page, system-wide physical 7545M (1327M free)
TotalPageFile size 7545M (AvailPageFile size 26M)
current process WorkingSet (physical memory assigned to process): 369M, peak: 371M
current process commit charge ("private bytes"): 405M, peak: 429M

vm_info: OpenJDK 64-Bit Server VM (11.0.10+0-b96-7249189) for windows-amd64 JRE (11.0.10+0-b96-7249189), built on Mar 31 2021 21:44:00 by "builder" with MS VC++ 14.0 (VS2015)

END.
