#
# There is insufficient memory for the Java Runtime Environment to continue.
# Native memory allocation (malloc) failed to allocate 1544816 bytes for Chunk::new
# Possible reasons:
#   The system is out of physical RAM or swap space
#   The process is running with CompressedOops enabled, and the Java Heap may be blocking the growth of the native heap
# Possible solutions:
#   Reduce memory load on the system
#   Increase physical memory or swap space
#   Check if swap backing store is full
#   Decrease Java heap size (-Xmx/-Xms)
#   Decrease number of Java threads
#   Decrease Java thread stack sizes (-Xss)
#   Set larger code cache with -XX:ReservedCodeCacheSize=
#   JVM is running with Unscaled Compressed Oops mode in which the Java heap is
#     placed in the first 4GB address space. The Java Heap base address is the
#     maximum limit for the native heap growth. Please use -XX:HeapBaseMinAddress
#     to set the Java Heap base and to place the Java Heap above 4GB virtual address.
# This output file may be truncated or incomplete.
#
#  Out of Memory Error (./src/hotspot/share/memory/arena.cpp:197), pid=10660, tid=6796
#
# JRE version: OpenJDK Runtime Environment (11.0.10) (build 11.0.10+0-b96-7249189)
# Java VM: OpenJDK 64-Bit Server VM (11.0.10+0-b96-7249189, mixed mode, tiered, compressed oops, g1 gc, windows-amd64)
# No core dump will be written. Minidumps are not enabled by default on client versions of Windows
#

---------------  S U M M A R Y ------------

Command Line: --add-opens=java.base/java.util=ALL-UNNAMED --add-opens=java.base/java.lang=ALL-UNNAMED --add-opens=java.base/java.lang.invoke=ALL-UNNAMED --add-opens=java.base/java.util=ALL-UNNAMED --add-opens=java.prefs/java.util.prefs=ALL-UNNAMED --add-opens=java.prefs/java.util.prefs=ALL-UNNAMED --add-opens=java.base/java.nio.charset=ALL-UNNAMED --add-opens=java.base/java.net=ALL-UNNAMED --add-opens=java.base/java.util.concurrent.atomic=ALL-UNNAMED -XX:MaxMetaspaceSize=256m -XX:+HeapDumpOnOutOfMemoryError -Xms256m -Xmx512m -Dfile.encoding=windows-1252 -Duser.country=US -Duser.language=en -Duser.variant org.gradle.launcher.daemon.bootstrap.GradleDaemon 7.0.2

Host: AMD Ryzen 7 4700U with Radeon Graphics         , 8 cores, 7G,  Windows 10 , 64 bit Build 22000 (10.0.22000.318)
Time: Mon Dec 13 14:51:16 2021 Pakistan Standard Time elapsed time: 6.130942 seconds (0d 0h 0m 6s)

---------------  T H R E A D  ---------------

Current thread (0x0000012602417800):  JavaThread "C2 CompilerThread2" daemon [_thread_in_native, id=6796, stack(0x000000062f600000,0x000000062f700000)]


Current CompileTask:
C2:   6131 3562   !   4       java.net.URLClassLoader$1::run (63 bytes)

Stack: [0x000000062f600000,0x000000062f700000]
Native frames: (J=compiled Java code, j=interpreted, Vv=VM code, C=native code)
V  [jvm.dll+0x5ecfaa]
V  [jvm.dll+0x722bd5]
V  [jvm.dll+0x72412d]
V  [jvm.dll+0x7247e3]
V  [jvm.dll+0x242928]
V  [jvm.dll+0xbc4fc]
V  [jvm.dll+0xbca0c]
V  [jvm.dll+0x352d7d]
V  [jvm.dll+0x19800c]
V  [jvm.dll+0x1fb70e]
V  [jvm.dll+0x1fa7f4]
V  [jvm.dll+0x18354c]
V  [jvm.dll+0x208ee7]
V  [jvm.dll+0x207731]
V  [jvm.dll+0x6eb1cf]
V  [jvm.dll+0x6e3d45]
V  [jvm.dll+0x5ebe96]
C  [ucrtbase.dll+0x26c0c]
C  [KERNEL32.DLL+0x154e0]
C  [ntdll.dll+0x485b]


---------------  P R O C E S S  ---------------

Threads class SMR info:
_java_thread_list=0x00000126054aad50, length=37, elements={
0x00000126667c0800, 0x000001267dba3000, 0x000001267dbae800, 0x000001267d368000,
0x000001267d369000, 0x000001267d36a000, 0x000001267d36d000, 0x000001267d370800,
0x000001267d373800, 0x000001267dd59000, 0x0000012600430800, 0x000001267f233000,
0x000001267f538000, 0x000001267e4b2000, 0x000001267f36f800, 0x000001267f370000,
0x000001267f79e800, 0x000001267f79f800, 0x00000126004af800, 0x00000126005ba000,
0x00000126005bf800, 0x00000126005bc800, 0x000001260057b800, 0x00000126005c0800,
0x00000126005bd800, 0x00000126005be000, 0x00000126005bf000, 0x00000126005bb000,
0x00000126005bb800, 0x000001260226e000, 0x000001260226b000, 0x0000012602417800,
0x000001260226b800, 0x000001260226f000, 0x000001260226c800, 0x000001260226f800,
0x000001260226a000
}

Java Threads: ( => current thread )
  0x00000126667c0800 JavaThread "main" [_thread_blocked, id=7392, stack(0x000000062c800000,0x000000062c900000)]
  0x000001267dba3000 JavaThread "Reference Handler" daemon [_thread_blocked, id=11340, stack(0x000000062cf00000,0x000000062d000000)]
  0x000001267dbae800 JavaThread "Finalizer" daemon [_thread_blocked, id=304, stack(0x000000062d000000,0x000000062d100000)]
  0x000001267d368000 JavaThread "Signal Dispatcher" daemon [_thread_blocked, id=3256, stack(0x000000062d100000,0x000000062d200000)]
  0x000001267d369000 JavaThread "Attach Listener" daemon [_thread_blocked, id=13572, stack(0x000000062d200000,0x000000062d300000)]
  0x000001267d36a000 JavaThread "Service Thread" daemon [_thread_blocked, id=7332, stack(0x000000062d300000,0x000000062d400000)]
  0x000001267d36d000 JavaThread "C2 CompilerThread0" daemon [_thread_in_native, id=8556, stack(0x000000062d400000,0x000000062d500000)]
  0x000001267d370800 JavaThread "C1 CompilerThread0" daemon [_thread_blocked, id=2384, stack(0x000000062d500000,0x000000062d600000)]
  0x000001267d373800 JavaThread "Sweeper thread" daemon [_thread_blocked, id=14304, stack(0x000000062d600000,0x000000062d700000)]
  0x000001267dd59000 JavaThread "Common-Cleaner" daemon [_thread_blocked, id=10016, stack(0x000000062d700000,0x000000062d800000)]
  0x0000012600430800 JavaThread "Daemon health stats" [_thread_blocked, id=1660, stack(0x000000062e000000,0x000000062e100000)]
  0x000001267f233000 JavaThread "Incoming local TCP Connector on port 50827" [_thread_in_native, id=11476, stack(0x000000062d900000,0x000000062da00000)]
  0x000001267f538000 JavaThread "Daemon periodic checks" [_thread_blocked, id=12620, stack(0x000000062df00000,0x000000062e000000)]
  0x000001267e4b2000 JavaThread "Daemon" [_thread_blocked, id=8456, stack(0x000000062e100000,0x000000062e200000)]
  0x000001267f36f800 JavaThread "Handler for socket connection from /127.0.0.1:50827 to /127.0.0.1:50829" [_thread_in_native, id=9612, stack(0x000000062e200000,0x000000062e300000)]
  0x000001267f370000 JavaThread "Cancel handler" [_thread_blocked, id=10528, stack(0x000000062e300000,0x000000062e400000)]
  0x000001267f79e800 JavaThread "Daemon worker" [_thread_in_vm, id=3000, stack(0x000000062e400000,0x000000062e500000)]
  0x000001267f79f800 JavaThread "Asynchronous log dispatcher for DefaultDaemonConnection: socket connection from /127.0.0.1:50827 to /127.0.0.1:50829" [_thread_blocked, id=4604, stack(0x000000062e500000,0x000000062e600000)]
  0x00000126004af800 JavaThread "Stdin handler" [_thread_blocked, id=1980, stack(0x000000062e600000,0x000000062e700000)]
  0x00000126005ba000 JavaThread "Daemon client event forwarder" [_thread_blocked, id=5764, stack(0x000000062e700000,0x000000062e800000)]
  0x00000126005bf800 JavaThread "Cache worker for file hash cache (C:\Users\DELL\.gradle\caches\7.0.2\fileHashes)" [_thread_blocked, id=6728, stack(0x000000062e800000,0x000000062e900000)]
  0x00000126005bc800 JavaThread "File lock request listener" [_thread_in_native, id=12656, stack(0x000000062e900000,0x000000062ea00000)]
  0x000001260057b800 JavaThread "C2 CompilerThread1" daemon [_thread_in_native, id=4144, stack(0x000000062ed00000,0x000000062ee00000)]
  0x00000126005c0800 JavaThread "Cache worker for journal cache (C:\Users\DELL\.gradle\caches\journal-1)" [_thread_blocked, id=1164, stack(0x000000062ee00000,0x000000062ef00000)]
  0x00000126005bd800 JavaThread "Cache worker for file hash cache (D:\TRA\.gradle\7.0.2\fileHashes)" [_thread_blocked, id=11052, stack(0x000000062ef00000,0x000000062f000000)]
  0x00000126005be000 JavaThread "File watcher server" daemon [_thread_in_native, id=14140, stack(0x000000062f000000,0x000000062f100000)]
  0x00000126005bf000 JavaThread "File watcher consumer" daemon [_thread_blocked, id=7020, stack(0x000000062f100000,0x000000062f200000)]
  0x00000126005bb000 JavaThread "Cache worker for checksums cache (D:\TRA\.gradle\checksums)" [_thread_blocked, id=9052, stack(0x000000062f200000,0x000000062f300000)]
  0x00000126005bb800 JavaThread "Cache worker for cache directory md-supplier (C:\Users\DELL\.gradle\caches\7.0.2\md-supplier)" [_thread_blocked, id=1880, stack(0x000000062f300000,0x000000062f400000)]
  0x000001260226e000 JavaThread "Cache worker for cache directory md-rule (C:\Users\DELL\.gradle\caches\7.0.2\md-rule)" [_thread_blocked, id=10204, stack(0x000000062f400000,0x000000062f500000)]
  0x000001260226b000 JavaThread "Cache worker for execution history cache (C:\Users\DELL\.gradle\caches\7.0.2\executionHistory)" [_thread_blocked, id=13132, stack(0x000000062f500000,0x000000062f600000)]
=>0x0000012602417800 JavaThread "C2 CompilerThread2" daemon [_thread_in_native, id=6796, stack(0x000000062f600000,0x000000062f700000)]
  0x000001260226b800 JavaThread "jar transforms" [_thread_blocked, id=3384, stack(0x000000062f700000,0x000000062f800000)]
  0x000001260226f000 JavaThread "jar transforms Thread 2" [_thread_blocked, id=12628, stack(0x000000062f800000,0x000000062f900000)]
  0x000001260226c800 JavaThread "Cache worker for file content cache (C:\Users\DELL\.gradle\caches\7.0.2\fileContent)" [_thread_blocked, id=11356, stack(0x000000062f900000,0x000000062fa00000)]
  0x000001260226f800 JavaThread "Cache worker for dependencies-accessors (D:\TRA\.gradle\7.0.2\dependencies-accessors)" [_thread_blocked, id=9340, stack(0x000000062fa00000,0x000000062fb00000)]
  0x000001260226a000 JavaThread "jar transforms Thread 3" [_thread_blocked, id=12384, stack(0x000000062fb00000,0x000000062fc00000)]

Other Threads:
  0x000001267d356000 VMThread "VM Thread" [stack: 0x000000062ce00000,0x000000062cf00000] [id=2636]
  0x000001267dd6a000 WatcherThread [stack: 0x000000062d800000,0x000000062d900000] [id=556]
  0x00000126667da800 GCTaskThread "GC Thread#0" [stack: 0x000000062c900000,0x000000062ca00000] [id=1888]
  0x000001267de10000 GCTaskThread "GC Thread#1" [stack: 0x000000062da00000,0x000000062db00000] [id=11736]
  0x000001267de0a800 GCTaskThread "GC Thread#2" [stack: 0x000000062db00000,0x000000062dc00000] [id=4772]
  0x000001267de0c800 GCTaskThread "GC Thread#3" [stack: 0x000000062dc00000,0x000000062dd00000] [id=12052]
  0x000001267de11800 GCTaskThread "GC Thread#4" [stack: 0x000000062dd00000,0x000000062de00000] [id=13948]
  0x000001267de0b000 GCTaskThread "GC Thread#5" [stack: 0x000000062de00000,0x000000062df00000] [id=3728]
  0x000001267de0e000 GCTaskThread "GC Thread#6" [stack: 0x000000062ea00000,0x000000062eb00000] [id=5432]
  0x000001267de0e800 GCTaskThread "GC Thread#7" [stack: 0x000000062eb00000,0x000000062ec00000] [id=3564]
  0x00000126667ed000 ConcurrentGCThread "G1 Main Marker" [stack: 0x000000062ca00000,0x000000062cb00000] [id=12704]
  0x00000126667ee000 ConcurrentGCThread "G1 Conc#0" [stack: 0x000000062cb00000,0x000000062cc00000] [id=8412]
  0x000001267de0f800 ConcurrentGCThread "G1 Conc#1" [stack: 0x000000062ec00000,0x000000062ed00000] [id=11592]
  0x000001266689e000 ConcurrentGCThread "G1 Refine#0" [stack: 0x000000062cc00000,0x000000062cd00000] [id=8564]
  0x000001267d1f0800 ConcurrentGCThread "G1 Young RemSet Sampling" [stack: 0x000000062cd00000,0x000000062ce00000] [id=11568]

Threads with active compile tasks:
C2 CompilerThread0   6155 3561       4       java.net.URLClassLoader$1::run (5 bytes)
C2 CompilerThread1   6156 3672       4       java.lang.PublicMethods::merge (81 bytes)
C2 CompilerThread2   6156 3562   !   4       java.net.URLClassLoader$1::run (63 bytes)

VM state:not at safepoint (normal execution)

VM Mutex/Monitor currently owned by a thread: None

Heap address: 0x00000000e0000000, size: 512 MB, Compressed Oops mode: 32-bit
Narrow klass base: 0x0000000000000000, Narrow klass shift: 3
Compressed class space size: 260046848 Address: 0x0000000100000000

Heap:
 garbage-first heap   total 262144K, used 114370K [0x00000000e0000000, 0x0000000100000000)
  region size 1024K, 94 young (96256K), 6 survivors (6144K)
 Metaspace       used 42427K, capacity 43457K, committed 43724K, reserved 292864K
  class space    used 5391K, capacity 5752K, committed 5836K, reserved 253952K
Heap Regions: E=young(eden), S=young(survivor), O=old, HS=humongous(starts), HC=humongous(continues), CS=collection set, F=free, A=archive, TAMS=top-at-mark-start (previous, next)
|   0|0x00000000e0000000, 0x00000000e0100000, 0x00000000e0100000|100%| O|  |TAMS 0x00000000e0100000, 0x00000000e0000000| Untracked 
|   1|0x00000000e0100000, 0x00000000e0200000, 0x00000000e0200000|100%| O|  |TAMS 0x00000000e0200000, 0x00000000e0100000| Untracked 
|   2|0x00000000e0200000, 0x00000000e0300000, 0x00000000e0300000|100%| O|  |TAMS 0x00000000e0300000, 0x00000000e0200000| Untracked 
|   3|0x00000000e0300000, 0x00000000e0400000, 0x00000000e0400000|100%|HS|  |TAMS 0x00000000e0400000, 0x00000000e0300000| Complete 
|   4|0x00000000e0400000, 0x00000000e0500000, 0x00000000e0500000|100%|HC|  |TAMS 0x00000000e0500000, 0x00000000e0400000| Complete 
|   5|0x00000000e0500000, 0x00000000e0600000, 0x00000000e0600000|100%|HC|  |TAMS 0x00000000e0600000, 0x00000000e0500000| Complete 
|   6|0x00000000e0600000, 0x00000000e0700000, 0x00000000e0700000|100%| O|  |TAMS 0x00000000e0700000, 0x00000000e0600000| Untracked 
|   7|0x00000000e0700000, 0x00000000e0800000, 0x00000000e0800000|100%| O|  |TAMS 0x00000000e0800000, 0x00000000e0700000| Untracked 
|   8|0x00000000e0800000, 0x00000000e0900000, 0x00000000e0900000|100%| O|  |TAMS 0x00000000e0900000, 0x00000000e0800000| Untracked 
|   9|0x00000000e0900000, 0x00000000e0a00000, 0x00000000e0a00000|100%| O|  |TAMS 0x00000000e0a00000, 0x00000000e0900000| Untracked 
|  10|0x00000000e0a00000, 0x00000000e0b00000, 0x00000000e0b00000|100%| O|  |TAMS 0x00000000e0b00000, 0x00000000e0a00000| Untracked 
|  11|0x00000000e0b00000, 0x00000000e0c00000, 0x00000000e0c00000|100%| O|  |TAMS 0x00000000e0c00000, 0x00000000e0b00000| Untracked 
|  12|0x00000000e0c00000, 0x00000000e0d00000, 0x00000000e0d00000|100%| O|  |TAMS 0x00000000e0d00000, 0x00000000e0c00000| Untracked 
|  13|0x00000000e0d00000, 0x00000000e0e00000, 0x00000000e0e00000|100%| O|  |TAMS 0x00000000e0e00000, 0x00000000e0d00000| Untracked 
|  14|0x00000000e0e00000, 0x00000000e0f00000, 0x00000000e0f00000|100%| O|  |TAMS 0x00000000e0f00000, 0x00000000e0e00000| Untracked 
|  15|0x00000000e0f00000, 0x00000000e1000000, 0x00000000e1000000|100%| O|  |TAMS 0x00000000e1000000, 0x00000000e0f00000| Untracked 
|  16|0x00000000e1000000, 0x00000000e1045a00, 0x00000000e1100000| 27%| O|  |TAMS 0x00000000e1045a00, 0x00000000e1000000| Untracked 
|  17|0x00000000e1100000, 0x00000000e1200000, 0x00000000e1200000|100%|HS|  |TAMS 0x00000000e1100000, 0x00000000e1100000| Complete 
|  18|0x00000000e1200000, 0x00000000e1300000, 0x00000000e1300000|100%|HS|  |TAMS 0x00000000e1200000, 0x00000000e1200000| Complete 
|  19|0x00000000e1300000, 0x00000000e1400000, 0x00000000e1400000|100%|HC|  |TAMS 0x00000000e1300000, 0x00000000e1300000| Complete 
|  20|0x00000000e1400000, 0x00000000e1500000, 0x00000000e1500000|100%|HS|  |TAMS 0x00000000e1400000, 0x00000000e1400000| Complete 
|  21|0x00000000e1500000, 0x00000000e1500000, 0x00000000e1600000|  0%| F|  |TAMS 0x00000000e1500000, 0x00000000e1500000| Untracked 
|  22|0x00000000e1600000, 0x00000000e1600000, 0x00000000e1700000|  0%| F|  |TAMS 0x00000000e1600000, 0x00000000e1600000| Untracked 
|  23|0x00000000e1700000, 0x00000000e1700000, 0x00000000e1800000|  0%| F|  |TAMS 0x00000000e1700000, 0x00000000e1700000| Untracked 
|  24|0x00000000e1800000, 0x00000000e1800000, 0x00000000e1900000|  0%| F|  |TAMS 0x00000000e1800000, 0x00000000e1800000| Untracked 
|  25|0x00000000e1900000, 0x00000000e1900000, 0x00000000e1a00000|  0%| F|  |TAMS 0x00000000e1900000, 0x00000000e1900000| Untracked 
|  26|0x00000000e1a00000, 0x00000000e1a00000, 0x00000000e1b00000|  0%| F|  |TAMS 0x00000000e1a00000, 0x00000000e1a00000| Untracked 
|  27|0x00000000e1b00000, 0x00000000e1b00000, 0x00000000e1c00000|  0%| F|  |TAMS 0x00000000e1b00000, 0x00000000e1b00000| Untracked 
|  28|0x00000000e1c00000, 0x00000000e1c00000, 0x00000000e1d00000|  0%| F|  |TAMS 0x00000000e1c00000, 0x00000000e1c00000| Untracked 
|  29|0x00000000e1d00000, 0x00000000e1d00000, 0x00000000e1e00000|  0%| F|  |TAMS 0x00000000e1d00000, 0x00000000e1d00000| Untracked 
|  30|0x00000000e1e00000, 0x00000000e1e00000, 0x00000000e1f00000|  0%| F|  |TAMS 0x00000000e1e00000, 0x00000000e1e00000| Untracked 
|  31|0x00000000e1f00000, 0x00000000e1f00000, 0x00000000e2000000|  0%| F|  |TAMS 0x00000000e1f00000, 0x00000000e1f00000| Untracked 
|  32|0x00000000e2000000, 0x00000000e2000000, 0x00000000e2100000|  0%| F|  |TAMS 0x00000000e2000000, 0x00000000e2000000| Untracked 
|  33|0x00000000e2100000, 0x00000000e2100000, 0x00000000e2200000|  0%| F|  |TAMS 0x00000000e2100000, 0x00000000e2100000| Untracked 
|  34|0x00000000e2200000, 0x00000000e2200000, 0x00000000e2300000|  0%| F|  |TAMS 0x00000000e2200000, 0x00000000e2200000| Untracked 
|  35|0x00000000e2300000, 0x00000000e2300000, 0x00000000e2400000|  0%| F|  |TAMS 0x00000000e2300000, 0x00000000e2300000| Untracked 
|  36|0x00000000e2400000, 0x00000000e2400000, 0x00000000e2500000|  0%| F|  |TAMS 0x00000000e2400000, 0x00000000e2400000| Untracked 
|  37|0x00000000e2500000, 0x00000000e2500000, 0x00000000e2600000|  0%| F|  |TAMS 0x00000000e2500000, 0x00000000e2500000| Untracked 
|  38|0x00000000e2600000, 0x00000000e2600000, 0x00000000e2700000|  0%| F|  |TAMS 0x00000000e2600000, 0x00000000e2600000| Untracked 
|  39|0x00000000e2700000, 0x00000000e2700000, 0x00000000e2800000|  0%| F|  |TAMS 0x00000000e2700000, 0x00000000e2700000| Untracked 
|  40|0x00000000e2800000, 0x00000000e2800000, 0x00000000e2900000|  0%| F|  |TAMS 0x00000000e2800000, 0x00000000e2800000| Untracked 
|  41|0x00000000e2900000, 0x00000000e2900000, 0x00000000e2a00000|  0%| F|  |TAMS 0x00000000e2900000, 0x00000000e2900000| Untracked 
|  42|0x00000000e2a00000, 0x00000000e2a00000, 0x00000000e2b00000|  0%| F|  |TAMS 0x00000000e2a00000, 0x00000000e2a00000| Untracked 
|  43|0x00000000e2b00000, 0x00000000e2b00000, 0x00000000e2c00000|  0%| F|  |TAMS 0x00000000e2b00000, 0x00000000e2b00000| Untracked 
|  44|0x00000000e2c00000, 0x00000000e2c00000, 0x00000000e2d00000|  0%| F|  |TAMS 0x00000000e2c00000, 0x00000000e2c00000| Untracked 
|  45|0x00000000e2d00000, 0x00000000e2d00000, 0x00000000e2e00000|  0%| F|  |TAMS 0x00000000e2d00000, 0x00000000e2d00000| Untracked 
|  46|0x00000000e2e00000, 0x00000000e2e00000, 0x00000000e2f00000|  0%| F|  |TAMS 0x00000000e2e00000, 0x00000000e2e00000| Untracked 
|  47|0x00000000e2f00000, 0x00000000e2f00000, 0x00000000e3000000|  0%| F|  |TAMS 0x00000000e2f00000, 0x00000000e2f00000| Untracked 
|  48|0x00000000e3000000, 0x00000000e3000000, 0x00000000e3100000|  0%| F|  |TAMS 0x00000000e3000000, 0x00000000e3000000| Untracked 
|  49|0x00000000e3100000, 0x00000000e3100000, 0x00000000e3200000|  0%| F|  |TAMS 0x00000000e3100000, 0x00000000e3100000| Untracked 
|  50|0x00000000e3200000, 0x00000000e3200000, 0x00000000e3300000|  0%| F|  |TAMS 0x00000000e3200000, 0x00000000e3200000| Untracked 
|  51|0x00000000e3300000, 0x00000000e3300000, 0x00000000e3400000|  0%| F|  |TAMS 0x00000000e3300000, 0x00000000e3300000| Untracked 
|  52|0x00000000e3400000, 0x00000000e3400000, 0x00000000e3500000|  0%| F|  |TAMS 0x00000000e3400000, 0x00000000e3400000| Untracked 
|  53|0x00000000e3500000, 0x00000000e3500000, 0x00000000e3600000|  0%| F|  |TAMS 0x00000000e3500000, 0x00000000e3500000| Untracked 
|  54|0x00000000e3600000, 0x00000000e3600000, 0x00000000e3700000|  0%| F|  |TAMS 0x00000000e3600000, 0x00000000e3600000| Untracked 
|  55|0x00000000e3700000, 0x00000000e3700000, 0x00000000e3800000|  0%| F|  |TAMS 0x00000000e3700000, 0x00000000e3700000| Untracked 
|  56|0x00000000e3800000, 0x00000000e3800000, 0x00000000e3900000|  0%| F|  |TAMS 0x00000000e3800000, 0x00000000e3800000| Untracked 
|  57|0x00000000e3900000, 0x00000000e3900000, 0x00000000e3a00000|  0%| F|  |TAMS 0x00000000e3900000, 0x00000000e3900000| Untracked 
|  58|0x00000000e3a00000, 0x00000000e3a00000, 0x00000000e3b00000|  0%| F|  |TAMS 0x00000000e3a00000, 0x00000000e3a00000| Untracked 
|  59|0x00000000e3b00000, 0x00000000e3b00000, 0x00000000e3c00000|  0%| F|  |TAMS 0x00000000e3b00000, 0x00000000e3b00000| Untracked 
|  60|0x00000000e3c00000, 0x00000000e3c00000, 0x00000000e3d00000|  0%| F|  |TAMS 0x00000000e3c00000, 0x00000000e3c00000| Untracked 
|  61|0x00000000e3d00000, 0x00000000e3d00000, 0x00000000e3e00000|  0%| F|  |TAMS 0x00000000e3d00000, 0x00000000e3d00000| Untracked 
|  62|0x00000000e3e00000, 0x00000000e3e00000, 0x00000000e3f00000|  0%| F|  |TAMS 0x00000000e3e00000, 0x00000000e3e00000| Untracked 
|  63|0x00000000e3f00000, 0x00000000e3f00000, 0x00000000e4000000|  0%| F|  |TAMS 0x00000000e3f00000, 0x00000000e3f00000| Untracked 
|  64|0x00000000e4000000, 0x00000000e4000000, 0x00000000e4100000|  0%| F|  |TAMS 0x00000000e4000000, 0x00000000e4000000| Untracked 
|  65|0x00000000e4100000, 0x00000000e4100000, 0x00000000e4200000|  0%| F|  |TAMS 0x00000000e4100000, 0x00000000e4100000| Untracked 
|  66|0x00000000e4200000, 0x00000000e4200000, 0x00000000e4300000|  0%| F|  |TAMS 0x00000000e4200000, 0x00000000e4200000| Untracked 
|  67|0x00000000e4300000, 0x00000000e4300000, 0x00000000e4400000|  0%| F|  |TAMS 0x00000000e4300000, 0x00000000e4300000| Untracked 
|  68|0x00000000e4400000, 0x00000000e4400000, 0x00000000e4500000|  0%| F|  |TAMS 0x00000000e4400000, 0x00000000e4400000| Untracked 
|  69|0x00000000e4500000, 0x00000000e4500000, 0x00000000e4600000|  0%| F|  |TAMS 0x00000000e4500000, 0x00000000e4500000| Untracked 
|  70|0x00000000e4600000, 0x00000000e4600000, 0x00000000e4700000|  0%| F|  |TAMS 0x00000000e4600000, 0x00000000e4600000| Untracked 
|  71|0x00000000e4700000, 0x00000000e4700000, 0x00000000e4800000|  0%| F|  |TAMS 0x00000000e4700000, 0x00000000e4700000| Untracked 
|  72|0x00000000e4800000, 0x00000000e4800000, 0x00000000e4900000|  0%| F|  |TAMS 0x00000000e4800000, 0x00000000e4800000| Untracked 
|  73|0x00000000e4900000, 0x00000000e4900000, 0x00000000e4a00000|  0%| F|  |TAMS 0x00000000e4900000, 0x00000000e4900000| Untracked 
|  74|0x00000000e4a00000, 0x00000000e4a00000, 0x00000000e4b00000|  0%| F|  |TAMS 0x00000000e4a00000, 0x00000000e4a00000| Untracked 
|  75|0x00000000e4b00000, 0x00000000e4b00000, 0x00000000e4c00000|  0%| F|  |TAMS 0x00000000e4b00000, 0x00000000e4b00000| Untracked 
|  76|0x00000000e4c00000, 0x00000000e4c00000, 0x00000000e4d00000|  0%| F|  |TAMS 0x00000000e4c00000, 0x00000000e4c00000| Untracked 
|  77|0x00000000e4d00000, 0x00000000e4d00000, 0x00000000e4e00000|  0%| F|  |TAMS 0x00000000e4d00000, 0x00000000e4d00000| Untracked 
|  78|0x00000000e4e00000, 0x00000000e4e00000, 0x00000000e4f00000|  0%| F|  |TAMS 0x00000000e4e00000, 0x00000000e4e00000| Untracked 
|  79|0x00000000e4f00000, 0x00000000e4f00000, 0x00000000e5000000|  0%| F|  |TAMS 0x00000000e4f00000, 0x00000000e4f00000| Untracked 
|  80|0x00000000e5000000, 0x00000000e5000000, 0x00000000e5100000|  0%| F|  |TAMS 0x00000000e5000000, 0x00000000e5000000| Untracked 
|  81|0x00000000e5100000, 0x00000000e5100000, 0x00000000e5200000|  0%| F|  |TAMS 0x00000000e5100000, 0x00000000e5100000| Untracked 
|  82|0x00000000e5200000, 0x00000000e5200000, 0x00000000e5300000|  0%| F|  |TAMS 0x00000000e5200000, 0x00000000e5200000| Untracked 
|  83|0x00000000e5300000, 0x00000000e5300000, 0x00000000e5400000|  0%| F|  |TAMS 0x00000000e5300000, 0x00000000e5300000| Untracked 
|  84|0x00000000e5400000, 0x00000000e5400000, 0x00000000e5500000|  0%| F|  |TAMS 0x00000000e5400000, 0x00000000e5400000| Untracked 
|  85|0x00000000e5500000, 0x00000000e5500000, 0x00000000e5600000|  0%| F|  |TAMS 0x00000000e5500000, 0x00000000e5500000| Untracked 
|  86|0x00000000e5600000, 0x00000000e5600000, 0x00000000e5700000|  0%| F|  |TAMS 0x00000000e5600000, 0x00000000e5600000| Untracked 
|  87|0x00000000e5700000, 0x00000000e5700000, 0x00000000e5800000|  0%| F|  |TAMS 0x00000000e5700000, 0x00000000e5700000| Untracked 
|  88|0x00000000e5800000, 0x00000000e5800000, 0x00000000e5900000|  0%| F|  |TAMS 0x00000000e5800000, 0x00000000e5800000| Untracked 
|  89|0x00000000e5900000, 0x00000000e5900000, 0x00000000e5a00000|  0%| F|  |TAMS 0x00000000e5900000, 0x00000000e5900000| Untracked 
|  90|0x00000000e5a00000, 0x00000000e5a00000, 0x00000000e5b00000|  0%| F|  |TAMS 0x00000000e5a00000, 0x00000000e5a00000| Untracked 
|  91|0x00000000e5b00000, 0x00000000e5b00000, 0x00000000e5c00000|  0%| F|  |TAMS 0x00000000e5b00000, 0x00000000e5b00000| Untracked 
|  92|0x00000000e5c00000, 0x00000000e5c00000, 0x00000000e5d00000|  0%| F|  |TAMS 0x00000000e5c00000, 0x00000000e5c00000| Untracked 
|  93|0x00000000e5d00000, 0x00000000e5d00000, 0x00000000e5e00000|  0%| F|  |TAMS 0x00000000e5d00000, 0x00000000e5d00000| Untracked 
|  94|0x00000000e5e00000, 0x00000000e5e00000, 0x00000000e5f00000|  0%| F|  |TAMS 0x00000000e5e00000, 0x00000000e5e00000| Untracked 
|  95|0x00000000e5f00000, 0x00000000e5f00000, 0x00000000e6000000|  0%| F|  |TAMS 0x00000000e5f00000, 0x00000000e5f00000| Untracked 
|  96|0x00000000e6000000, 0x00000000e6000000, 0x00000000e6100000|  0%| F|  |TAMS 0x00000000e6000000, 0x00000000e6000000| Untracked 
|  97|0x00000000e6100000, 0x00000000e6100000, 0x00000000e6200000|  0%| F|  |TAMS 0x00000000e6100000, 0x00000000e6100000| Untracked 
|  98|0x00000000e6200000, 0x00000000e6200000, 0x00000000e6300000|  0%| F|  |TAMS 0x00000000e6200000, 0x00000000e6200000| Untracked 
|  99|0x00000000e6300000, 0x00000000e6300000, 0x00000000e6400000|  0%| F|  |TAMS 0x00000000e6300000, 0x00000000e6300000| Untracked 
| 100|0x00000000e6400000, 0x00000000e6400000, 0x00000000e6500000|  0%| F|  |TAMS 0x00000000e6400000, 0x00000000e6400000| Untracked 
| 101|0x00000000e6500000, 0x00000000e6500000, 0x00000000e6600000|  0%| F|  |TAMS 0x00000000e6500000, 0x00000000e6500000| Untracked 
| 102|0x00000000e6600000, 0x00000000e6600000, 0x00000000e6700000|  0%| F|  |TAMS 0x00000000e6600000, 0x00000000e6600000| Untracked 
| 103|0x00000000e6700000, 0x00000000e6700000, 0x00000000e6800000|  0%| F|  |TAMS 0x00000000e6700000, 0x00000000e6700000| Untracked 
| 104|0x00000000e6800000, 0x00000000e6800000, 0x00000000e6900000|  0%| F|  |TAMS 0x00000000e6800000, 0x00000000e6800000| Untracked 
| 105|0x00000000e6900000, 0x00000000e6900000, 0x00000000e6a00000|  0%| F|  |TAMS 0x00000000e6900000, 0x00000000e6900000| Untracked 
| 106|0x00000000e6a00000, 0x00000000e6a00000, 0x00000000e6b00000|  0%| F|  |TAMS 0x00000000e6a00000, 0x00000000e6a00000| Untracked 
| 107|0x00000000e6b00000, 0x00000000e6b00000, 0x00000000e6c00000|  0%| F|  |TAMS 0x00000000e6b00000, 0x00000000e6b00000| Untracked 
| 108|0x00000000e6c00000, 0x00000000e6c00000, 0x00000000e6d00000|  0%| F|  |TAMS 0x00000000e6c00000, 0x00000000e6c00000| Untracked 
| 109|0x00000000e6d00000, 0x00000000e6d00000, 0x00000000e6e00000|  0%| F|  |TAMS 0x00000000e6d00000, 0x00000000e6d00000| Untracked 
| 110|0x00000000e6e00000, 0x00000000e6e00000, 0x00000000e6f00000|  0%| F|  |TAMS 0x00000000e6e00000, 0x00000000e6e00000| Untracked 
| 111|0x00000000e6f00000, 0x00000000e6f00000, 0x00000000e7000000|  0%| F|  |TAMS 0x00000000e6f00000, 0x00000000e6f00000| Untracked 
| 112|0x00000000e7000000, 0x00000000e7000000, 0x00000000e7100000|  0%| F|  |TAMS 0x00000000e7000000, 0x00000000e7000000| Untracked 
| 113|0x00000000e7100000, 0x00000000e7100000, 0x00000000e7200000|  0%| F|  |TAMS 0x00000000e7100000, 0x00000000e7100000| Untracked 
| 114|0x00000000e7200000, 0x00000000e7200000, 0x00000000e7300000|  0%| F|  |TAMS 0x00000000e7200000, 0x00000000e7200000| Untracked 
| 115|0x00000000e7300000, 0x00000000e7300000, 0x00000000e7400000|  0%| F|  |TAMS 0x00000000e7300000, 0x00000000e7300000| Untracked 
| 116|0x00000000e7400000, 0x00000000e7400000, 0x00000000e7500000|  0%| F|  |TAMS 0x00000000e7400000, 0x00000000e7400000| Untracked 
| 117|0x00000000e7500000, 0x00000000e7500000, 0x00000000e7600000|  0%| F|  |TAMS 0x00000000e7500000, 0x00000000e7500000| Untracked 
| 118|0x00000000e7600000, 0x00000000e7600000, 0x00000000e7700000|  0%| F|  |TAMS 0x00000000e7600000, 0x00000000e7600000| Untracked 
| 119|0x00000000e7700000, 0x00000000e7700000, 0x00000000e7800000|  0%| F|  |TAMS 0x00000000e7700000, 0x00000000e7700000| Untracked 
| 120|0x00000000e7800000, 0x00000000e7800000, 0x00000000e7900000|  0%| F|  |TAMS 0x00000000e7800000, 0x00000000e7800000| Untracked 
| 121|0x00000000e7900000, 0x00000000e7900000, 0x00000000e7a00000|  0%| F|  |TAMS 0x00000000e7900000, 0x00000000e7900000| Untracked 
| 122|0x00000000e7a00000, 0x00000000e7a00000, 0x00000000e7b00000|  0%| F|  |TAMS 0x00000000e7a00000, 0x00000000e7a00000| Untracked 
| 123|0x00000000e7b00000, 0x00000000e7b00000, 0x00000000e7c00000|  0%| F|  |TAMS 0x00000000e7b00000, 0x00000000e7b00000| Untracked 
| 124|0x00000000e7c00000, 0x00000000e7c00000, 0x00000000e7d00000|  0%| F|  |TAMS 0x00000000e7c00000, 0x00000000e7c00000| Untracked 
| 125|0x00000000e7d00000, 0x00000000e7d00000, 0x00000000e7e00000|  0%| F|  |TAMS 0x00000000e7d00000, 0x00000000e7d00000| Untracked 
| 126|0x00000000e7e00000, 0x00000000e7e00000, 0x00000000e7f00000|  0%| F|  |TAMS 0x00000000e7e00000, 0x00000000e7e00000| Untracked 
| 127|0x00000000e7f00000, 0x00000000e7f00000, 0x00000000e8000000|  0%| F|  |TAMS 0x00000000e7f00000, 0x00000000e7f00000| Untracked 
| 128|0x00000000e8000000, 0x00000000e8000000, 0x00000000e8100000|  0%| F|  |TAMS 0x00000000e8000000, 0x00000000e8000000| Untracked 
| 129|0x00000000e8100000, 0x00000000e8100000, 0x00000000e8200000|  0%| F|  |TAMS 0x00000000e8100000, 0x00000000e8100000| Untracked 
| 130|0x00000000e8200000, 0x00000000e8200000, 0x00000000e8300000|  0%| F|  |TAMS 0x00000000e8200000, 0x00000000e8200000| Untracked 
| 131|0x00000000e8300000, 0x00000000e8300000, 0x00000000e8400000|  0%| F|  |TAMS 0x00000000e8300000, 0x00000000e8300000| Untracked 
| 132|0x00000000e8400000, 0x00000000e8400000, 0x00000000e8500000|  0%| F|  |TAMS 0x00000000e8400000, 0x00000000e8400000| Untracked 
| 133|0x00000000e8500000, 0x00000000e8500000, 0x00000000e8600000|  0%| F|  |TAMS 0x00000000e8500000, 0x00000000e8500000| Untracked 
| 134|0x00000000e8600000, 0x00000000e8600000, 0x00000000e8700000|  0%| F|  |TAMS 0x00000000e8600000, 0x00000000e8600000| Untracked 
| 135|0x00000000e8700000, 0x00000000e8700000, 0x00000000e8800000|  0%| F|  |TAMS 0x00000000e8700000, 0x00000000e8700000| Untracked 
| 136|0x00000000e8800000, 0x00000000e8800000, 0x00000000e8900000|  0%| F|  |TAMS 0x00000000e8800000, 0x00000000e8800000| Untracked 
| 137|0x00000000e8900000, 0x00000000e8900000, 0x00000000e8a00000|  0%| F|  |TAMS 0x00000000e8900000, 0x00000000e8900000| Untracked 
| 138|0x00000000e8a00000, 0x00000000e8a00000, 0x00000000e8b00000|  0%| F|  |TAMS 0x00000000e8a00000, 0x00000000e8a00000| Untracked 
| 139|0x00000000e8b00000, 0x00000000e8b00000, 0x00000000e8c00000|  0%| F|  |TAMS 0x00000000e8b00000, 0x00000000e8b00000| Untracked 
| 140|0x00000000e8c00000, 0x00000000e8c00000, 0x00000000e8d00000|  0%| F|  |TAMS 0x00000000e8c00000, 0x00000000e8c00000| Untracked 
| 141|0x00000000e8d00000, 0x00000000e8d00000, 0x00000000e8e00000|  0%| F|  |TAMS 0x00000000e8d00000, 0x00000000e8d00000| Untracked 
| 142|0x00000000e8e00000, 0x00000000e8e00000, 0x00000000e8f00000|  0%| F|  |TAMS 0x00000000e8e00000, 0x00000000e8e00000| Untracked 
| 143|0x00000000e8f00000, 0x00000000e8f00000, 0x00000000e9000000|  0%| F|  |TAMS 0x00000000e8f00000, 0x00000000e8f00000| Untracked 
| 144|0x00000000e9000000, 0x00000000e9000000, 0x00000000e9100000|  0%| F|  |TAMS 0x00000000e9000000, 0x00000000e9000000| Untracked 
| 145|0x00000000e9100000, 0x00000000e9100000, 0x00000000e9200000|  0%| F|  |TAMS 0x00000000e9100000, 0x00000000e9100000| Untracked 
| 146|0x00000000e9200000, 0x00000000e9200000, 0x00000000e9300000|  0%| F|  |TAMS 0x00000000e9200000, 0x00000000e9200000| Untracked 
| 147|0x00000000e9300000, 0x00000000e9300000, 0x00000000e9400000|  0%| F|  |TAMS 0x00000000e9300000, 0x00000000e9300000| Untracked 
| 148|0x00000000e9400000, 0x00000000e9400000, 0x00000000e9500000|  0%| F|  |TAMS 0x00000000e9400000, 0x00000000e9400000| Untracked 
| 149|0x00000000e9500000, 0x00000000e9500000, 0x00000000e9600000|  0%| F|  |TAMS 0x00000000e9500000, 0x00000000e9500000| Untracked 
| 150|0x00000000e9600000, 0x00000000e9600000, 0x00000000e9700000|  0%| F|  |TAMS 0x00000000e9600000, 0x00000000e9600000| Untracked 
| 151|0x00000000e9700000, 0x00000000e9700000, 0x00000000e9800000|  0%| F|  |TAMS 0x00000000e9700000, 0x00000000e9700000| Untracked 
| 152|0x00000000e9800000, 0x00000000e9800000, 0x00000000e9900000|  0%| F|  |TAMS 0x00000000e9800000, 0x00000000e9800000| Untracked 
| 153|0x00000000e9900000, 0x00000000e9900000, 0x00000000e9a00000|  0%| F|  |TAMS 0x00000000e9900000, 0x00000000e9900000| Untracked 
| 154|0x00000000e9a00000, 0x00000000e9a00000, 0x00000000e9b00000|  0%| F|  |TAMS 0x00000000e9a00000, 0x00000000e9a00000| Untracked 
| 155|0x00000000e9b00000, 0x00000000e9b00000, 0x00000000e9c00000|  0%| F|  |TAMS 0x00000000e9b00000, 0x00000000e9b00000| Untracked 
| 156|0x00000000e9c00000, 0x00000000e9c00000, 0x00000000e9d00000|  0%| F|  |TAMS 0x00000000e9c00000, 0x00000000e9c00000| Untracked 
| 157|0x00000000e9d00000, 0x00000000e9d00000, 0x00000000e9e00000|  0%| F|  |TAMS 0x00000000e9d00000, 0x00000000e9d00000| Untracked 
| 158|0x00000000e9e00000, 0x00000000e9e00000, 0x00000000e9f00000|  0%| F|  |TAMS 0x00000000e9e00000, 0x00000000e9e00000| Untracked 
| 159|0x00000000e9f00000, 0x00000000e9f00000, 0x00000000ea000000|  0%| F|  |TAMS 0x00000000e9f00000, 0x00000000e9f00000| Untracked 
| 160|0x00000000ea000000, 0x00000000ea000000, 0x00000000ea100000|  0%| F|  |TAMS 0x00000000ea000000, 0x00000000ea000000| Untracked 
| 161|0x00000000ea100000, 0x00000000ea100000, 0x00000000ea200000|  0%| F|  |TAMS 0x00000000ea100000, 0x00000000ea100000| Untracked 
| 162|0x00000000ea200000, 0x00000000ea300000, 0x00000000ea300000|100%| E|  |TAMS 0x00000000ea200000, 0x00000000ea200000| Complete 
| 163|0x00000000ea300000, 0x00000000ea400000, 0x00000000ea400000|100%| E|CS|TAMS 0x00000000ea300000, 0x00000000ea300000| Complete 
| 164|0x00000000ea400000, 0x00000000ea500000, 0x00000000ea500000|100%| E|CS|TAMS 0x00000000ea400000, 0x00000000ea400000| Complete 
| 165|0x00000000ea500000, 0x00000000ea600000, 0x00000000ea600000|100%| E|CS|TAMS 0x00000000ea500000, 0x00000000ea500000| Complete 
| 166|0x00000000ea600000, 0x00000000ea700000, 0x00000000ea700000|100%| E|CS|TAMS 0x00000000ea600000, 0x00000000ea600000| Complete 
| 167|0x00000000ea700000, 0x00000000ea800000, 0x00000000ea800000|100%| E|CS|TAMS 0x00000000ea700000, 0x00000000ea700000| Complete 
| 168|0x00000000ea800000, 0x00000000ea900000, 0x00000000ea900000|100%| E|CS|TAMS 0x00000000ea800000, 0x00000000ea800000| Complete 
| 169|0x00000000ea900000, 0x00000000eaa00000, 0x00000000eaa00000|100%| E|CS|TAMS 0x00000000ea900000, 0x00000000ea900000| Complete 
| 170|0x00000000eaa00000, 0x00000000eab00000, 0x00000000eab00000|100%| E|CS|TAMS 0x00000000eaa00000, 0x00000000eaa00000| Complete 
| 171|0x00000000eab00000, 0x00000000eac00000, 0x00000000eac00000|100%| E|CS|TAMS 0x00000000eab00000, 0x00000000eab00000| Complete 
| 172|0x00000000eac00000, 0x00000000ead00000, 0x00000000ead00000|100%| E|CS|TAMS 0x00000000eac00000, 0x00000000eac00000| Complete 
| 173|0x00000000ead00000, 0x00000000eae00000, 0x00000000eae00000|100%| E|CS|TAMS 0x00000000ead00000, 0x00000000ead00000| Complete 
| 174|0x00000000eae00000, 0x00000000eaf00000, 0x00000000eaf00000|100%| E|CS|TAMS 0x00000000eae00000, 0x00000000eae00000| Complete 
| 175|0x00000000eaf00000, 0x00000000eb000000, 0x00000000eb000000|100%| E|CS|TAMS 0x00000000eaf00000, 0x00000000eaf00000| Complete 
| 176|0x00000000eb000000, 0x00000000eb100000, 0x00000000eb100000|100%| E|CS|TAMS 0x00000000eb000000, 0x00000000eb000000| Complete 
| 177|0x00000000eb100000, 0x00000000eb200000, 0x00000000eb200000|100%| E|CS|TAMS 0x00000000eb100000, 0x00000000eb100000| Complete 
| 178|0x00000000eb200000, 0x00000000eb300000, 0x00000000eb300000|100%| E|CS|TAMS 0x00000000eb200000, 0x00000000eb200000| Complete 
| 179|0x00000000eb300000, 0x00000000eb400000, 0x00000000eb400000|100%| E|CS|TAMS 0x00000000eb300000, 0x00000000eb300000| Complete 
| 180|0x00000000eb400000, 0x00000000eb500000, 0x00000000eb500000|100%| E|CS|TAMS 0x00000000eb400000, 0x00000000eb400000| Complete 
| 181|0x00000000eb500000, 0x00000000eb600000, 0x00000000eb600000|100%| E|CS|TAMS 0x00000000eb500000, 0x00000000eb500000| Complete 
| 182|0x00000000eb600000, 0x00000000eb700000, 0x00000000eb700000|100%| E|CS|TAMS 0x00000000eb600000, 0x00000000eb600000| Complete 
| 183|0x00000000eb700000, 0x00000000eb800000, 0x00000000eb800000|100%| E|CS|TAMS 0x00000000eb700000, 0x00000000eb700000| Complete 
| 184|0x00000000eb800000, 0x00000000eb900000, 0x00000000eb900000|100%| E|CS|TAMS 0x00000000eb800000, 0x00000000eb800000| Complete 
| 185|0x00000000eb900000, 0x00000000eba00000, 0x00000000eba00000|100%| E|CS|TAMS 0x00000000eb900000, 0x00000000eb900000| Complete 
| 186|0x00000000eba00000, 0x00000000ebb00000, 0x00000000ebb00000|100%| E|CS|TAMS 0x00000000eba00000, 0x00000000eba00000| Complete 
| 187|0x00000000ebb00000, 0x00000000ebc00000, 0x00000000ebc00000|100%| E|CS|TAMS 0x00000000ebb00000, 0x00000000ebb00000| Complete 
| 188|0x00000000ebc00000, 0x00000000ebd00000, 0x00000000ebd00000|100%| E|CS|TAMS 0x00000000ebc00000, 0x00000000ebc00000| Complete 
| 189|0x00000000ebd00000, 0x00000000ebe00000, 0x00000000ebe00000|100%| E|CS|TAMS 0x00000000ebd00000, 0x00000000ebd00000| Complete 
| 190|0x00000000ebe00000, 0x00000000ebf00000, 0x00000000ebf00000|100%| E|CS|TAMS 0x00000000ebe00000, 0x00000000ebe00000| Complete 
| 191|0x00000000ebf00000, 0x00000000ec000000, 0x00000000ec000000|100%| E|CS|TAMS 0x00000000ebf00000, 0x00000000ebf00000| Complete 
| 192|0x00000000ec000000, 0x00000000ec100000, 0x00000000ec100000|100%| E|CS|TAMS 0x00000000ec000000, 0x00000000ec000000| Complete 
| 193|0x00000000ec100000, 0x00000000ec200000, 0x00000000ec200000|100%| E|CS|TAMS 0x00000000ec100000, 0x00000000ec100000| Complete 
| 194|0x00000000ec200000, 0x00000000ec300000, 0x00000000ec300000|100%| E|CS|TAMS 0x00000000ec200000, 0x00000000ec200000| Complete 
| 195|0x00000000ec300000, 0x00000000ec400000, 0x00000000ec400000|100%| E|CS|TAMS 0x00000000ec300000, 0x00000000ec300000| Complete 
| 196|0x00000000ec400000, 0x00000000ec500000, 0x00000000ec500000|100%| E|CS|TAMS 0x00000000ec400000, 0x00000000ec400000| Complete 
| 197|0x00000000ec500000, 0x00000000ec600000, 0x00000000ec600000|100%| E|CS|TAMS 0x00000000ec500000, 0x00000000ec500000| Complete 
| 198|0x00000000ec600000, 0x00000000ec700000, 0x00000000ec700000|100%| E|CS|TAMS 0x00000000ec600000, 0x00000000ec600000| Complete 
| 199|0x00000000ec700000, 0x00000000ec800000, 0x00000000ec800000|100%| E|CS|TAMS 0x00000000ec700000, 0x00000000ec700000| Complete 
| 200|0x00000000ec800000, 0x00000000ec900000, 0x00000000ec900000|100%| E|CS|TAMS 0x00000000ec800000, 0x00000000ec800000| Complete 
| 201|0x00000000ec900000, 0x00000000eca00000, 0x00000000eca00000|100%| E|CS|TAMS 0x00000000ec900000, 0x00000000ec900000| Complete 
| 202|0x00000000eca00000, 0x00000000ecb00000, 0x00000000ecb00000|100%| E|CS|TAMS 0x00000000eca00000, 0x00000000eca00000| Complete 
| 203|0x00000000ecb00000, 0x00000000ecc00000, 0x00000000ecc00000|100%| E|CS|TAMS 0x00000000ecb00000, 0x00000000ecb00000| Complete 
| 204|0x00000000ecc00000, 0x00000000ecd00000, 0x00000000ecd00000|100%| E|CS|TAMS 0x00000000ecc00000, 0x00000000ecc00000| Complete 
| 205|0x00000000ecd00000, 0x00000000ece00000, 0x00000000ece00000|100%| E|CS|TAMS 0x00000000ecd00000, 0x00000000ecd00000| Complete 
| 206|0x00000000ece00000, 0x00000000ecf00000, 0x00000000ecf00000|100%| E|CS|TAMS 0x00000000ece00000, 0x00000000ece00000| Complete 
| 207|0x00000000ecf00000, 0x00000000ed000000, 0x00000000ed000000|100%| E|CS|TAMS 0x00000000ecf00000, 0x00000000ecf00000| Complete 
| 208|0x00000000ed000000, 0x00000000ed100000, 0x00000000ed100000|100%| E|CS|TAMS 0x00000000ed000000, 0x00000000ed000000| Complete 
| 209|0x00000000ed100000, 0x00000000ed200000, 0x00000000ed200000|100%| E|CS|TAMS 0x00000000ed100000, 0x00000000ed100000| Complete 
| 210|0x00000000ed200000, 0x00000000ed300000, 0x00000000ed300000|100%| E|CS|TAMS 0x00000000ed200000, 0x00000000ed200000| Complete 
| 211|0x00000000ed300000, 0x00000000ed400000, 0x00000000ed400000|100%| E|CS|TAMS 0x00000000ed300000, 0x00000000ed300000| Complete 
| 212|0x00000000ed400000, 0x00000000ed500000, 0x00000000ed500000|100%| E|CS|TAMS 0x00000000ed400000, 0x00000000ed400000| Complete 
| 213|0x00000000ed500000, 0x00000000ed600000, 0x00000000ed600000|100%| E|CS|TAMS 0x00000000ed500000, 0x00000000ed500000| Complete 
| 214|0x00000000ed600000, 0x00000000ed700000, 0x00000000ed700000|100%| E|CS|TAMS 0x00000000ed600000, 0x00000000ed600000| Complete 
| 215|0x00000000ed700000, 0x00000000ed800000, 0x00000000ed800000|100%| E|  |TAMS 0x00000000ed700000, 0x00000000ed700000| Complete 
| 216|0x00000000ed800000, 0x00000000ed900000, 0x00000000ed900000|100%| E|CS|TAMS 0x00000000ed800000, 0x00000000ed800000| Complete 
| 217|0x00000000ed900000, 0x00000000eda00000, 0x00000000eda00000|100%| E|CS|TAMS 0x00000000ed900000, 0x00000000ed900000| Complete 
| 218|0x00000000eda00000, 0x00000000edb00000, 0x00000000edb00000|100%| E|CS|TAMS 0x00000000eda00000, 0x00000000eda00000| Complete 
| 219|0x00000000edb00000, 0x00000000edc00000, 0x00000000edc00000|100%| E|CS|TAMS 0x00000000edb00000, 0x00000000edb00000| Complete 
| 220|0x00000000edc00000, 0x00000000edd00000, 0x00000000edd00000|100%| E|CS|TAMS 0x00000000edc00000, 0x00000000edc00000| Complete 
| 221|0x00000000edd00000, 0x00000000ede00000, 0x00000000ede00000|100%| E|CS|TAMS 0x00000000edd00000, 0x00000000edd00000| Complete 
| 222|0x00000000ede00000, 0x00000000edf00000, 0x00000000edf00000|100%| E|CS|TAMS 0x00000000ede00000, 0x00000000ede00000| Complete 
| 223|0x00000000edf00000, 0x00000000ee000000, 0x00000000ee000000|100%| E|CS|TAMS 0x00000000edf00000, 0x00000000edf00000| Complete 
| 224|0x00000000ee000000, 0x00000000ee100000, 0x00000000ee100000|100%| E|CS|TAMS 0x00000000ee000000, 0x00000000ee000000| Complete 
| 225|0x00000000ee100000, 0x00000000ee200000, 0x00000000ee200000|100%| E|CS|TAMS 0x00000000ee100000, 0x00000000ee100000| Complete 
| 226|0x00000000ee200000, 0x00000000ee300000, 0x00000000ee300000|100%| E|CS|TAMS 0x00000000ee200000, 0x00000000ee200000| Complete 
| 227|0x00000000ee300000, 0x00000000ee400000, 0x00000000ee400000|100%| E|CS|TAMS 0x00000000ee300000, 0x00000000ee300000| Complete 
| 228|0x00000000ee400000, 0x00000000ee500000, 0x00000000ee500000|100%| E|CS|TAMS 0x00000000ee400000, 0x00000000ee400000| Complete 
| 229|0x00000000ee500000, 0x00000000ee600000, 0x00000000ee600000|100%| E|CS|TAMS 0x00000000ee500000, 0x00000000ee500000| Complete 
| 230|0x00000000ee600000, 0x00000000ee700000, 0x00000000ee700000|100%| E|CS|TAMS 0x00000000ee600000, 0x00000000ee600000| Complete 
| 231|0x00000000ee700000, 0x00000000ee800000, 0x00000000ee800000|100%| E|CS|TAMS 0x00000000ee700000, 0x00000000ee700000| Complete 
| 232|0x00000000ee800000, 0x00000000ee900000, 0x00000000ee900000|100%| E|CS|TAMS 0x00000000ee800000, 0x00000000ee800000| Complete 
| 233|0x00000000ee900000, 0x00000000eea00000, 0x00000000eea00000|100%| E|CS|TAMS 0x00000000ee900000, 0x00000000ee900000| Complete 
| 234|0x00000000eea00000, 0x00000000eeb00000, 0x00000000eeb00000|100%| E|CS|TAMS 0x00000000eea00000, 0x00000000eea00000| Complete 
| 235|0x00000000eeb00000, 0x00000000eec00000, 0x00000000eec00000|100%| E|CS|TAMS 0x00000000eeb00000, 0x00000000eeb00000| Complete 
| 236|0x00000000eec00000, 0x00000000eec6b090, 0x00000000eed00000| 41%| S|CS|TAMS 0x00000000eec00000, 0x00000000eec00000| Complete 
| 237|0x00000000eed00000, 0x00000000eee00000, 0x00000000eee00000|100%| S|CS|TAMS 0x00000000eed00000, 0x00000000eed00000| Complete 
| 238|0x00000000eee00000, 0x00000000eef00000, 0x00000000eef00000|100%| S|CS|TAMS 0x00000000eee00000, 0x00000000eee00000| Complete 
| 239|0x00000000eef00000, 0x00000000ef000000, 0x00000000ef000000|100%| S|CS|TAMS 0x00000000eef00000, 0x00000000eef00000| Complete 
| 240|0x00000000ef000000, 0x00000000ef100000, 0x00000000ef100000|100%| S|CS|TAMS 0x00000000ef000000, 0x00000000ef000000| Complete 
| 241|0x00000000ef100000, 0x00000000ef200000, 0x00000000ef200000|100%| S|CS|TAMS 0x00000000ef100000, 0x00000000ef100000| Complete 
| 242|0x00000000ef200000, 0x00000000ef300000, 0x00000000ef300000|100%| E|CS|TAMS 0x00000000ef200000, 0x00000000ef200000| Complete 
| 243|0x00000000ef300000, 0x00000000ef400000, 0x00000000ef400000|100%| E|CS|TAMS 0x00000000ef300000, 0x00000000ef300000| Complete 
| 244|0x00000000ef400000, 0x00000000ef500000, 0x00000000ef500000|100%| E|CS|TAMS 0x00000000ef400000, 0x00000000ef400000| Complete 
| 245|0x00000000ef500000, 0x00000000ef600000, 0x00000000ef600000|100%| E|CS|TAMS 0x00000000ef500000, 0x00000000ef500000| Complete 
| 246|0x00000000ef600000, 0x00000000ef700000, 0x00000000ef700000|100%| E|CS|TAMS 0x00000000ef600000, 0x00000000ef600000| Complete 
| 247|0x00000000ef700000, 0x00000000ef800000, 0x00000000ef800000|100%| E|CS|TAMS 0x00000000ef700000, 0x00000000ef700000| Complete 
| 248|0x00000000ef800000, 0x00000000ef900000, 0x00000000ef900000|100%| E|CS|TAMS 0x00000000ef800000, 0x00000000ef800000| Complete 
| 249|0x00000000ef900000, 0x00000000efa00000, 0x00000000efa00000|100%| E|CS|TAMS 0x00000000ef900000, 0x00000000ef900000| Complete 
| 250|0x00000000efa00000, 0x00000000efb00000, 0x00000000efb00000|100%| E|CS|TAMS 0x00000000efa00000, 0x00000000efa00000| Complete 
| 251|0x00000000efb00000, 0x00000000efc00000, 0x00000000efc00000|100%| E|CS|TAMS 0x00000000efb00000, 0x00000000efb00000| Complete 
| 252|0x00000000efc00000, 0x00000000efd00000, 0x00000000efd00000|100%| E|CS|TAMS 0x00000000efc00000, 0x00000000efc00000| Complete 
| 253|0x00000000efd00000, 0x00000000efe00000, 0x00000000efe00000|100%| E|CS|TAMS 0x00000000efd00000, 0x00000000efd00000| Complete 
| 254|0x00000000efe00000, 0x00000000eff00000, 0x00000000eff00000|100%| E|CS|TAMS 0x00000000efe00000, 0x00000000efe00000| Complete 
| 255|0x00000000eff00000, 0x00000000f0000000, 0x00000000f0000000|100%| E|CS|TAMS 0x00000000eff00000, 0x00000000eff00000| Complete 

Card table byte_map: [0x00000126796f0000,0x00000126797f0000] _byte_map_base: 0x0000012678ff0000

Marking Bits (Prev, Next): (CMBitMap*) 0x00000126667ea118, (CMBitMap*) 0x00000126667ea150
 Prev Bits: [0x00000126798f0000, 0x000001267a0f0000)
 Next Bits: [0x000001267a0f0000, 0x000001267a8f0000)

Polling page: 0x0000012664730000

Metaspace:

Usage:
  Non-class:     36.88 MB capacity,    36.23 MB ( 98%) used,   568.87 KB (  2%) free+waste,    98.00 KB ( <1%) overhead. 
      Class:      5.62 MB capacity,     5.27 MB ( 94%) used,   305.66 KB (  5%) free+waste,    46.75 KB ( <1%) overhead. 
       Both:     42.50 MB capacity,    41.51 MB ( 98%) used,   874.52 KB (  2%) free+waste,   144.75 KB ( <1%) overhead. 

Virtual space:
  Non-class space:       38.00 MB reserved,      37.00 MB ( 97%) committed 
      Class space:      248.00 MB reserved,       5.70 MB (  2%) committed 
             Both:      286.00 MB reserved,      42.70 MB ( 15%) committed 

Chunk freelists:
   Non-Class:  55.00 KB
       Class:  8.00 KB
        Both:  63.00 KB

MaxMetaspaceSize: 256.00 MB
CompressedClassSpaceSize: 248.00 MB

CodeHeap 'non-profiled nmethods': size=120000Kb used=1945Kb max_used=1945Kb free=118054Kb
 bounds [0x0000012671d80000, 0x0000012671ff0000, 0x00000126792b0000]
CodeHeap 'profiled nmethods': size=120000Kb used=7667Kb max_used=7667Kb free=112332Kb
 bounds [0x000001266a850000, 0x000001266afd0000, 0x0000012671d80000]
CodeHeap 'non-nmethods': size=5760Kb used=2204Kb max_used=2243Kb free=3555Kb
 bounds [0x000001266a2b0000, 0x000001266a520000, 0x000001266a850000]
 total_blobs=4439 nmethods=3672 adapters=678
 compilation: enabled
              stopped_count=0, restarted_count=0
 full_count=0

Compilation events (20 events):
Event: 6.082 Thread 0x000001267d370800 nmethod 3661 0x000001266afbfd10 code [0x000001266afbfec0, 0x000001266afc0058]
Event: 6.092 Thread 0x000001260057b800 nmethod 3634 0x0000012671f60f10 code [0x0000012671f61160, 0x0000012671f62750]
Event: 6.092 Thread 0x000001260057b800 3638       4       java.io.DataInputStream::readFully (63 bytes)
Event: 6.092 Thread 0x000001267d370800 3662       3       java.util.HashMap::values (25 bytes)
Event: 6.093 Thread 0x000001267d370800 nmethod 3662 0x000001266afc0190 code [0x000001266afc0360, 0x000001266afc06d8]
Event: 6.093 Thread 0x000001267d370800 3663  s    3       java.util.Hashtable::putAll (52 bytes)
Event: 6.093 Thread 0x000001267d370800 nmethod 3663 0x000001266afc0810 code [0x000001266afc0a60, 0x000001266afc13a8]
Event: 6.095 Thread 0x000001260057b800 nmethod 3638 0x0000012671f63390 code [0x0000012671f63520, 0x0000012671f63618]
Event: 6.095 Thread 0x000001260057b800 3639  s    4       java.io.BufferedInputStream::read (113 bytes)
Event: 6.097 Thread 0x000001267d370800 3664       3       groovy.lang.MetaClassImpl::copyNonPrivateFields (100 bytes)
Event: 6.099 Thread 0x000001267d370800 nmethod 3664 0x000001266afc1610 code [0x000001266afc18a0, 0x000001266afc2678]
Event: 6.099 Thread 0x000001267d370800 3665       3       groovy.lang.MetaClassImpl::establishStaticMetaProperty (262 bytes)
Event: 6.100 Thread 0x000001267d370800 nmethod 3665 0x000001266afc2b10 code [0x000001266afc2e00, 0x000001266afc4618]
Event: 6.114 Thread 0x000001260057b800 nmethod 3639 0x0000012671f63710 code [0x0000012671f63900, 0x0000012671f64290]
Event: 6.114 Thread 0x000001260057b800 3642       4       sun.security.provider.MD5::FF (33 bytes)
Event: 6.115 Thread 0x000001260057b800 nmethod 3642 0x0000012671f64890 code [0x0000012671f64a20, 0x0000012671f64a98]
Event: 6.115 Thread 0x000001260057b800 3643       4       sun.security.provider.MD5::GG (33 bytes)
Event: 6.115 Thread 0x000001260057b800 nmethod 3643 0x0000012671f64b10 code [0x0000012671f64ca0, 0x0000012671f64d18]
Event: 6.115 Thread 0x000001260057b800 3635       4       java.lang.ClassLoader::getNamedPackage (73 bytes)
Event: 6.129 Thread 0x000001267d370800 3666       3       java.util.concurrent.locks.AbstractQueuedSynchronizer$ConditionObject::addConditionWaiter (79 bytes)

GC Heap History (10 events):
Event: 0.907 GC heap before
{Heap before GC invocations=0 (full 0):
 garbage-first heap   total 262144K, used 29696K [0x00000000e0000000, 0x0000000100000000)
  region size 1024K, 24 young (24576K), 0 survivors (0K)
 Metaspace       used 9799K, capacity 9990K, committed 10112K, reserved 264192K
  class space    used 1022K, capacity 1102K, committed 1152K, reserved 253952K
}
Event: 0.915 GC heap after
{Heap after GC invocations=1 (full 0):
 garbage-first heap   total 262144K, used 9053K [0x00000000e0000000, 0x0000000100000000)
  region size 1024K, 3 young (3072K), 3 survivors (3072K)
 Metaspace       used 9799K, capacity 9990K, committed 10112K, reserved 264192K
  class space    used 1022K, capacity 1102K, committed 1152K, reserved 253952K
}
Event: 3.041 GC heap before
{Heap before GC invocations=1 (full 0):
 garbage-first heap   total 262144K, used 105309K [0x00000000e0000000, 0x0000000100000000)
  region size 1024K, 98 young (100352K), 3 survivors (3072K)
 Metaspace       used 20606K, capacity 21122K, committed 21248K, reserved 272384K
  class space    used 2519K, capacity 2720K, committed 2816K, reserved 253952K
}
Event: 3.052 GC heap after
{Heap after GC invocations=2 (full 0):
 garbage-first heap   total 262144K, used 17090K [0x00000000e0000000, 0x0000000100000000)
  region size 1024K, 11 young (11264K), 11 survivors (11264K)
 Metaspace       used 20606K, capacity 21122K, committed 21248K, reserved 272384K
  class space    used 2519K, capacity 2720K, committed 2816K, reserved 253952K
}
Event: 3.289 GC heap before
{Heap before GC invocations=3 (full 0):
 garbage-first heap   total 262144K, used 39618K [0x00000000e0000000, 0x0000000100000000)
  region size 1024K, 33 young (33792K), 11 survivors (11264K)
 Metaspace       used 22436K, capacity 22996K, committed 23040K, reserved 274432K
  class space    used 2861K, capacity 3072K, committed 3072K, reserved 253952K
}
Event: 3.296 GC heap after
{Heap after GC invocations=4 (full 0):
 garbage-first heap   total 262144K, used 17634K [0x00000000e0000000, 0x0000000100000000)
  region size 1024K, 1 young (1024K), 1 survivors (1024K)
 Metaspace       used 22436K, capacity 22996K, committed 23040K, reserved 274432K
  class space    used 2861K, capacity 3072K, committed 3072K, reserved 253952K
}
Event: 4.634 GC heap before
{Heap before GC invocations=4 (full 0):
 garbage-first heap   total 262144K, used 91362K [0x00000000e0000000, 0x0000000100000000)
  region size 1024K, 73 young (74752K), 1 survivors (1024K)
 Metaspace       used 30416K, capacity 31130K, committed 31232K, reserved 282624K
  class space    used 4091K, capacity 4338K, committed 4352K, reserved 253952K
}
Event: 4.638 GC heap after
{Heap after GC invocations=5 (full 0):
 garbage-first heap   total 262144K, used 20167K [0x00000000e0000000, 0x0000000100000000)
  region size 1024K, 4 young (4096K), 4 survivors (4096K)
 Metaspace       used 30416K, capacity 31130K, committed 31232K, reserved 282624K
  class space    used 4091K, capacity 4338K, committed 4352K, reserved 253952K
}
Event: 4.986 GC heap before
{Heap before GC invocations=5 (full 0):
 garbage-first heap   total 262144K, used 33479K [0x00000000e0000000, 0x0000000100000000)
  region size 1024K, 18 young (18432K), 4 survivors (4096K)
 Metaspace       used 35031K, capacity 35834K, committed 35840K, reserved 286720K
  class space    used 4541K, capacity 4864K, committed 4864K, reserved 253952K
}
Event: 4.994 GC heap after
{Heap after GC invocations=6 (full 0):
 garbage-first heap   total 262144K, used 22210K [0x00000000e0000000, 0x0000000100000000)
  region size 1024K, 6 young (6144K), 6 survivors (6144K)
 Metaspace       used 35031K, capacity 35834K, committed 35840K, reserved 286720K
  class space    used 4541K, capacity 4864K, committed 4864K, reserved 253952K
}

Deoptimization events (20 events):
Event: 5.852 Thread 0x000001267f79e800 Uncommon trap: trap_request=0xffffff4d fr.pc=0x0000012671e83c04 relative=0x00000000000001c4
Event: 5.852 Thread 0x000001267f79e800 Uncommon trap: reason=unstable_if action=reinterpret pc=0x0000012671e83c04 method=java.util.HashMap.getNode(ILjava/lang/Object;)Ljava/util/HashMap$Node; @ 53 c2
Event: 5.852 Thread 0x000001267f79e800 DEOPT PACKING pc=0x0000012671e83c04 sp=0x000000062e4f9280
Event: 5.852 Thread 0x000001267f79e800 DEOPT UNPACKING pc=0x000001266a2d78af sp=0x000000062e4f9208 mode 2
Event: 5.852 Thread 0x000001267f79e800 Uncommon trap: trap_request=0xffffff4d fr.pc=0x0000012671ee71a8 relative=0x0000000000000728
Event: 5.852 Thread 0x000001267f79e800 Uncommon trap: reason=unstable_if action=reinterpret pc=0x0000012671ee71a8 method=java.util.HashMap.putVal(ILjava/lang/Object;Ljava/lang/Object;ZZ)Ljava/lang/Object; @ 85 c2
Event: 5.852 Thread 0x000001267f79e800 DEOPT PACKING pc=0x0000012671ee71a8 sp=0x000000062e4f92b0
Event: 5.852 Thread 0x000001267f79e800 DEOPT UNPACKING pc=0x000001266a2d78af sp=0x000000062e4f91e0 mode 2
Event: 5.860 Thread 0x000001267f79e800 Uncommon trap: trap_request=0xffffff4d fr.pc=0x0000012671eb8460 relative=0x0000000000000300
Event: 5.860 Thread 0x000001267f79e800 Uncommon trap: reason=unstable_if action=reinterpret pc=0x0000012671eb8460 method=org.gradle.internal.reflect.PropertyAccessorType.isGetGetterName(Ljava/lang/String;)Z @ 14 c2
Event: 5.860 Thread 0x000001267f79e800 DEOPT PACKING pc=0x0000012671eb8460 sp=0x000000062e4f9bb0
Event: 5.860 Thread 0x000001267f79e800 DEOPT UNPACKING pc=0x000001266a2d78af sp=0x000000062e4f9b08 mode 2
Event: 5.891 Thread 0x000001267f79e800 Uncommon trap: trap_request=0xffffff4d fr.pc=0x0000012671eba288 relative=0x00000000000000e8
Event: 5.891 Thread 0x000001267f79e800 Uncommon trap: reason=unstable_if action=reinterpret pc=0x0000012671eba288 method=org.objectweb.asm.ByteVector.putShort(I)Lorg/objectweb/asm/ByteVector; @ 13 c2
Event: 5.891 Thread 0x000001267f79e800 DEOPT PACKING pc=0x0000012671eba288 sp=0x000000062e4f9770
Event: 5.891 Thread 0x000001267f79e800 DEOPT UNPACKING pc=0x000001266a2d78af sp=0x000000062e4f9708 mode 2
Event: 5.918 Thread 0x000001267f79e800 Uncommon trap: trap_request=0xffffff4d fr.pc=0x0000012671effba8 relative=0x0000000000001b28
Event: 5.919 Thread 0x000001267f79e800 Uncommon trap: reason=unstable_if action=reinterpret pc=0x0000012671effba8 method=java.util.concurrent.ConcurrentHashMap.computeIfAbsent(Ljava/lang/Object;Ljava/util/function/Function;)Ljava/lang/Object; @ 123 c2
Event: 5.919 Thread 0x000001267f79e800 DEOPT PACKING pc=0x0000012671effba8 sp=0x000000062e4fac50
Event: 5.919 Thread 0x000001267f79e800 DEOPT UNPACKING pc=0x000001266a2d78af sp=0x000000062e4fabf0 mode 2

Classes redefined (0 events):
No events

Internal exceptions (20 events):
Event: 5.526 Thread 0x000001267f79e800 Exception <a 'java/lang/ClassNotFoundException'{0x00000000ec8c5cf8}: java/util/AbstractCollectionCustomizer> (0x00000000ec8c5cf8) thrown at [./src/hotspot/share/classfile/systemDictionary.cpp, line 231]
Event: 5.528 Thread 0x000001267f79e800 Exception <a 'java/lang/ClassNotFoundException'{0x00000000ec8f9938}: org/gradle/api/internal/DefaultDomainObjectCollectionCustomizer> (0x00000000ec8f9938) thrown at [./src/hotspot/share/classfile/systemDictionary.cpp, line 231]
Event: 5.531 Thread 0x000001267f79e800 Exception <a 'java/lang/ClassNotFoundException'{0x00000000ec742710}: org/gradle/api/internal/DefaultNamedDomainObjectCollectionCustomizer> (0x00000000ec742710) thrown at [./src/hotspot/share/classfile/systemDictionary.cpp, line 231]
Event: 5.535 Thread 0x000001267f79e800 Exception <a 'java/lang/ClassNotFoundException'{0x00000000ec7ba808}: org/gradle/api/internal/DefaultNamedDomainObjectListCustomizer> (0x00000000ec7ba808) thrown at [./src/hotspot/share/classfile/systemDictionary.cpp, line 231]
Event: 5.537 Thread 0x000001267f79e800 Exception <a 'java/lang/ClassNotFoundException'{0x00000000ec60f870}: org/gradle/api/internal/artifacts/DefaultArtifactRepositoryContainerCustomizer> (0x00000000ec60f870) thrown at [./src/hotspot/share/classfile/systemDictionary.cpp, line 231]
Event: 5.540 Thread 0x000001267f79e800 Exception <a 'java/lang/ClassNotFoundException'{0x00000000ec659ac8}: org/gradle/api/internal/artifacts/dsl/DefaultRepositoryHandlerCustomizer> (0x00000000ec659ac8) thrown at [./src/hotspot/share/classfile/systemDictionary.cpp, line 231]
Event: 5.542 Thread 0x000001267f79e800 Exception <a 'java/lang/ClassNotFoundException'{0x00000000ec6b6d40}: org/gradle/api/internal/artifacts/dsl/DefaultRepositoryHandler_DecoratedCustomizer> (0x00000000ec6b6d40) thrown at [./src/hotspot/share/classfile/systemDictionary.cpp, line 231]
Event: 5.598 Thread 0x000001267f79e800 Exception <a 'java/lang/ClassNotFoundException'{0x00000000ec191680}: org/gradle/initialization/DefaultProjectDescriptorBeanInfo> (0x00000000ec191680) thrown at [./src/hotspot/share/classfile/systemDictionary.cpp, line 231]
Event: 5.599 Thread 0x000001267f79e800 Exception <a 'java/lang/ClassNotFoundException'{0x00000000ec1b67b8}: org/gradle/initialization/DefaultProjectDescriptorCustomizer> (0x00000000ec1b67b8) thrown at [./src/hotspot/share/classfile/systemDictionary.cpp, line 231]
Event: 5.602 Thread 0x000001267f79e800 Implicit null exception at 0x0000012671ec5d6f to 0x0000012671ec5e18
Event: 5.725 Thread 0x00000126005ba000 Exception <a 'java/lang/NoSuchMethodError'{0x00000000eff8da68}: <clinit>> (0x00000000eff8da68) thrown at [./src/hotspot/share/prims/jni.cpp, line 1362]
Event: 5.725 Thread 0x00000126005ba000 Exception <a 'java/lang/NoSuchMethodError'{0x00000000eff8f058}: <clinit>> (0x00000000eff8f058) thrown at [./src/hotspot/share/prims/jni.cpp, line 1362]
Event: 5.726 Thread 0x00000126005ba000 Exception <a 'java/lang/NoSuchMethodError'{0x00000000eb68adf0}: <clinit>> (0x00000000eb68adf0) thrown at [./src/hotspot/share/prims/jni.cpp, line 1362]
Event: 5.726 Thread 0x00000126005ba000 Exception <a 'java/lang/NoSuchMethodError'{0x00000000eb68cc40}: <clinit>> (0x00000000eb68cc40) thrown at [./src/hotspot/share/prims/jni.cpp, line 1362]
Event: 5.728 Thread 0x00000126005ba000 Exception <a 'java/lang/NoSuchMethodError'{0x00000000eb69c000}: <clinit>> (0x00000000eb69c000) thrown at [./src/hotspot/share/prims/jni.cpp, line 1362]
Event: 5.852 Thread 0x000001267f79e800 Implicit null exception at 0x0000012671e62774 to 0x0000012671e62990
Event: 6.088 Thread 0x000001267f79e800 Exception <a 'java/lang/ClassNotFoundException'{0x00000000ea3744f0}: build_7tpiz5857nb7a67wvfq7c9t23BeanInfo> (0x00000000ea3744f0) thrown at [./src/hotspot/share/classfile/systemDictionary.cpp, line 231]
Event: 6.090 Thread 0x000001267f79e800 Exception <a 'java/lang/ClassNotFoundException'{0x00000000ea38a5d8}: org/gradle/api/internal/project/ProjectScriptBeanInfo> (0x00000000ea38a5d8) thrown at [./src/hotspot/share/classfile/systemDictionary.cpp, line 231]
Event: 6.091 Thread 0x000001267f79e800 Exception <a 'java/lang/ClassNotFoundException'{0x00000000ea3a05f0}: org/gradle/api/internal/project/ProjectScriptCustomizer> (0x00000000ea3a05f0) thrown at [./src/hotspot/share/classfile/systemDictionary.cpp, line 231]
Event: 6.095 Thread 0x000001267f79e800 Exception <a 'java/lang/ClassNotFoundException'{0x00000000ea3bb7e0}: build_7tpiz5857nb7a67wvfq7c9t23Customizer> (0x00000000ea3bb7e0) thrown at [./src/hotspot/share/classfile/systemDictionary.cpp, line 231]

Events (20 events):
Event: 6.090 loading class org/gradle/api/internal/project/ProjectScriptBeanInfo
Event: 6.090 loading class org/gradle/api/internal/project/ProjectScriptBeanInfo done
Event: 6.090 loading class org/gradle/api/internal/project/ProjectScriptBeanInfo
Event: 6.090 loading class org/gradle/api/internal/project/ProjectScriptBeanInfo done
Event: 6.091 loading class org/gradle/api/internal/project/ProjectScriptCustomizer
Event: 6.091 loading class org/gradle/api/internal/project/ProjectScriptCustomizer done
Event: 6.091 loading class org/gradle/api/internal/project/ProjectScriptCustomizer
Event: 6.091 loading class org/gradle/api/internal/project/ProjectScriptCustomizer done
Event: 6.091 loading class org/gradle/api/internal/project/ProjectScriptCustomizer
Event: 6.091 loading class org/gradle/api/internal/project/ProjectScriptCustomizer done
Event: 6.095 loading class build_7tpiz5857nb7a67wvfq7c9t23Customizer
Event: 6.095 loading class build_7tpiz5857nb7a67wvfq7c9t23Customizer done
Event: 6.095 loading class build_7tpiz5857nb7a67wvfq7c9t23Customizer
Event: 6.095 loading class build_7tpiz5857nb7a67wvfq7c9t23Customizer done
Event: 6.103 loading class org/gradle/internal/service/scopes/ProjectScopeServices
Event: 6.103 loading class org/gradle/internal/service/scopes/ProjectScopeServices done
Event: 6.113 loading class groovy/runtime/metaclass/build_7tpiz5857nb7a67wvfq7c9t23$_run_closure1MetaClass
Event: 6.113 loading class groovy/runtime/metaclass/build_7tpiz5857nb7a67wvfq7c9t23$_run_closure1MetaClass done
Event: 6.129 loading class org/codehaus/groovy/runtime/callsite/PogoMetaMethodSite
Event: 6.129 loading class org/codehaus/groovy/runtime/callsite/PogoMetaMethodSite done


Dynamic libraries:
0x00007ff6149a0000 - 0x00007ff6149aa000 	C:\Program Files\Android\Android Studio\jre\bin\java.exe
0x00007ffd2ecc0000 - 0x00007ffd2eec7000 	C:\WINDOWS\SYSTEM32\ntdll.dll
0x00007ffd2e120000 - 0x00007ffd2e1dd000 	C:\WINDOWS\System32\KERNEL32.DLL
0x00007ffd2c670000 - 0x00007ffd2c9e4000 	C:\WINDOWS\System32\KERNELBASE.dll
0x00007ffd2c1a0000 - 0x00007ffd2c2b1000 	C:\WINDOWS\System32\ucrtbase.dll
0x00007ffd02290000 - 0x00007ffd022a7000 	C:\Program Files\Android\Android Studio\jre\bin\VCRUNTIME140.dll
0x00007ffd0fcd0000 - 0x00007ffd0fce9000 	C:\Program Files\Android\Android Studio\jre\bin\jli.dll
0x00007ffd2da80000 - 0x00007ffd2dc2c000 	C:\WINDOWS\System32\USER32.dll
0x00007ffd2c2c0000 - 0x00007ffd2c2e6000 	C:\WINDOWS\System32\win32u.dll
0x00007ffd1ac00000 - 0x00007ffd1aea5000 	C:\WINDOWS\WinSxS\amd64_microsoft.windows.common-controls_6595b64144ccf1df_6.0.22000.120_none_9d947278b86cc467\COMCTL32.dll
0x00007ffd2d800000 - 0x00007ffd2d829000 	C:\WINDOWS\System32\GDI32.dll
0x00007ffd2e300000 - 0x00007ffd2e3a3000 	C:\WINDOWS\System32\msvcrt.dll
0x00007ffd2c550000 - 0x00007ffd2c662000 	C:\WINDOWS\System32\gdi32full.dll
0x00007ffd2cab0000 - 0x00007ffd2cb4d000 	C:\WINDOWS\System32\msvcp_win.dll
0x00007ffd2de50000 - 0x00007ffd2de81000 	C:\WINDOWS\System32\IMM32.DLL
0x00007ffcede80000 - 0x00007ffcedf1d000 	C:\Program Files\Android\Android Studio\jre\bin\msvcp140.dll
0x00007ffcdc4c0000 - 0x00007ffcdcf8f000 	C:\Program Files\Android\Android Studio\jre\bin\server\jvm.dll
0x00007ffd2e1e0000 - 0x00007ffd2e28c000 	C:\WINDOWS\System32\ADVAPI32.dll
0x00007ffd2e3b0000 - 0x00007ffd2e44d000 	C:\WINDOWS\System32\sechost.dll
0x00007ffd2d530000 - 0x00007ffd2d651000 	C:\WINDOWS\System32\RPCRT4.dll
0x00007ffd2e450000 - 0x00007ffd2e458000 	C:\WINDOWS\System32\PSAPI.DLL
0x00007ffd24e20000 - 0x00007ffd24e2a000 	C:\WINDOWS\SYSTEM32\VERSION.dll
0x00007ffd0fc80000 - 0x00007ffd0fc89000 	C:\WINDOWS\SYSTEM32\WSOCK32.dll
0x00007ffd29de0000 - 0x00007ffd29e13000 	C:\WINDOWS\SYSTEM32\WINMM.dll
0x00007ffd2cb50000 - 0x00007ffd2cbbf000 	C:\WINDOWS\System32\WS2_32.dll
0x00007ffd2b330000 - 0x00007ffd2b348000 	C:\WINDOWS\SYSTEM32\kernel.appcore.dll
0x00007ffd282a0000 - 0x00007ffd282b1000 	C:\Program Files\Android\Android Studio\jre\bin\verify.dll
0x00007ffd29bb0000 - 0x00007ffd29dd1000 	C:\WINDOWS\SYSTEM32\DBGHELP.DLL
0x00007ffd29b70000 - 0x00007ffd29ba1000 	C:\WINDOWS\SYSTEM32\dbgcore.DLL
0x00007ffd2c460000 - 0x00007ffd2c4e0000 	C:\WINDOWS\System32\bcryptPrimitives.dll
0x00007ffd27100000 - 0x00007ffd27129000 	C:\Program Files\Android\Android Studio\jre\bin\java.dll
0x00007ffd28290000 - 0x00007ffd2829b000 	C:\Program Files\Android\Android Studio\jre\bin\jimage.dll
0x00007ffd26fb0000 - 0x00007ffd26fc8000 	C:\Program Files\Android\Android Studio\jre\bin\zip.dll
0x00007ffd2e460000 - 0x00007ffd2ec0a000 	C:\WINDOWS\System32\SHELL32.dll
0x00007ffd2a340000 - 0x00007ffd2aba2000 	C:\WINDOWS\SYSTEM32\windows.storage.dll
0x00007ffd2cbe0000 - 0x00007ffd2cf58000 	C:\WINDOWS\System32\combase.dll
0x00007ffd2a1d0000 - 0x00007ffd2a336000 	C:\WINDOWS\SYSTEM32\wintypes.dll
0x00007ffd2d830000 - 0x00007ffd2d91a000 	C:\WINDOWS\System32\SHCORE.dll
0x00007ffd2d3d0000 - 0x00007ffd2d42d000 	C:\WINDOWS\System32\shlwapi.dll
0x00007ffd2c0d0000 - 0x00007ffd2c0f1000 	C:\WINDOWS\SYSTEM32\profapi.dll
0x00007ffd1d6c0000 - 0x00007ffd1d6da000 	C:\Program Files\Android\Android Studio\jre\bin\net.dll
0x00007ffd273f0000 - 0x00007ffd274fc000 	C:\WINDOWS\SYSTEM32\WINHTTP.dll
0x00007ffd2b740000 - 0x00007ffd2b7a7000 	C:\WINDOWS\system32\mswsock.dll
0x00007ffd1d6a0000 - 0x00007ffd1d6b4000 	C:\Program Files\Android\Android Studio\jre\bin\nio.dll
0x00007ffd18de0000 - 0x00007ffd18e07000 	C:\Users\DELL\.gradle\native\8bec1ad78214c89d9ad589b4d07fe93259594b29d510b10fafb7a158f7737e5d\windows-amd64\native-platform.dll
0x00007ffcedbd0000 - 0x00007ffcedd0d000 	C:\Users\DELL\.gradle\native\53dbd7edfb1c66fb8903c78663c9afc45aea4f116125fa6feffd364cf09443e8\windows-amd64\native-platform-file-events.dll
0x00007ffd270f0000 - 0x00007ffd270fa000 	C:\Program Files\Android\Android Studio\jre\bin\management.dll
0x00007ffd26fa0000 - 0x00007ffd26fac000 	C:\Program Files\Android\Android Studio\jre\bin\management_ext.dll
0x00007ffd2b9b0000 - 0x00007ffd2b9c8000 	C:\WINDOWS\SYSTEM32\CRYPTSP.dll
0x00007ffd2b290000 - 0x00007ffd2b2c5000 	C:\WINDOWS\system32\rsaenh.dll
0x00007ffd2b840000 - 0x00007ffd2b869000 	C:\WINDOWS\SYSTEM32\USERENV.dll
0x00007ffd2bb80000 - 0x00007ffd2bba7000 	C:\WINDOWS\SYSTEM32\bcrypt.dll
0x00007ffd2b9d0000 - 0x00007ffd2b9dc000 	C:\WINDOWS\SYSTEM32\CRYPTBASE.dll
0x00007ffd2ae00000 - 0x00007ffd2ae2d000 	C:\WINDOWS\SYSTEM32\IPHLPAPI.DLL
0x00007ffd2d520000 - 0x00007ffd2d529000 	C:\WINDOWS\System32\NSI.dll
0x00007ffd26a50000 - 0x00007ffd26a69000 	C:\WINDOWS\SYSTEM32\dhcpcsvc6.DLL
0x00007ffd26ab0000 - 0x00007ffd26ace000 	C:\WINDOWS\SYSTEM32\dhcpcsvc.DLL
0x00007ffd2ae30000 - 0x00007ffd2af17000 	C:\WINDOWS\SYSTEM32\DNSAPI.dll

dbghelp: loaded successfully - version: 4.0.5 - missing functions: none
symbol engine: initialized successfully - sym options: 0x614 - pdb path: .;C:\Program Files\Android\Android Studio\jre\bin;C:\WINDOWS\SYSTEM32;C:\WINDOWS\WinSxS\amd64_microsoft.windows.common-controls_6595b64144ccf1df_6.0.22000.120_none_9d947278b86cc467;C:\Program Files\Android\Android Studio\jre\bin\server;C:\Users\DELL\.gradle\native\8bec1ad78214c89d9ad589b4d07fe93259594b29d510b10fafb7a158f7737e5d\windows-amd64;C:\Users\DELL\.gradle\native\53dbd7edfb1c66fb8903c78663c9afc45aea4f116125fa6feffd364cf09443e8\windows-amd64

VM Arguments:
jvm_args: --add-opens=java.base/java.util=ALL-UNNAMED --add-opens=java.base/java.lang=ALL-UNNAMED --add-opens=java.base/java.lang.invoke=ALL-UNNAMED --add-opens=java.base/java.util=ALL-UNNAMED --add-opens=java.prefs/java.util.prefs=ALL-UNNAMED --add-opens=java.prefs/java.util.prefs=ALL-UNNAMED --add-opens=java.base/java.nio.charset=ALL-UNNAMED --add-opens=java.base/java.net=ALL-UNNAMED --add-opens=java.base/java.util.concurrent.atomic=ALL-UNNAMED -XX:MaxMetaspaceSize=256m -XX:+HeapDumpOnOutOfMemoryError -Xms256m -Xmx512m -Dfile.encoding=windows-1252 -Duser.country=US -Duser.language=en -Duser.variant 
java_command: org.gradle.launcher.daemon.bootstrap.GradleDaemon 7.0.2
java_class_path (initial): C:\Users\DELL\.gradle\wrapper\dists\gradle-7.0.2-bin\857tjihv64xamwrf0h14cai3r\gradle-7.0.2\lib\gradle-launcher-7.0.2.jar
Launcher Type: SUN_STANDARD

[Global flags]
     intx CICompilerCount                          = 4                                         {product} {ergonomic}
   size_t CompressedClassSpaceSize                 = 260046848                                 {product} {ergonomic}
     uint ConcGCThreads                            = 2                                         {product} {ergonomic}
     uint G1ConcRefinementThreads                  = 8                                         {product} {ergonomic}
   size_t G1HeapRegionSize                         = 1048576                                   {product} {ergonomic}
    uintx GCDrainStackTargetSize                   = 64                                        {product} {ergonomic}
     bool HeapDumpOnOutOfMemoryError               = true                                   {manageable} {command line}
   size_t InitialHeapSize                          = 268435456                                 {product} {command line}
   size_t MarkStackSize                            = 4194304                                   {product} {ergonomic}
   size_t MaxHeapSize                              = 536870912                                 {product} {command line}
   size_t MaxMetaspaceSize                         = 268435456                                 {product} {command line}
   size_t MaxNewSize                               = 321912832                                 {product} {ergonomic}
   size_t MinHeapDeltaBytes                        = 1048576                                   {product} {ergonomic}
    uintx NonNMethodCodeHeapSize                   = 5836300                                {pd product} {ergonomic}
    uintx NonProfiledCodeHeapSize                  = 122910970                              {pd product} {ergonomic}
    uintx ProfiledCodeHeapSize                     = 122910970                              {pd product} {ergonomic}
    uintx ReservedCodeCacheSize                    = 251658240                              {pd product} {ergonomic}
     bool SegmentedCodeCache                       = true                                      {product} {ergonomic}
     bool UseCompressedClassPointers               = true                                 {lp64_product} {ergonomic}
     bool UseCompressedOops                        = true                                 {lp64_product} {ergonomic}
     bool UseG1GC                                  = true                                      {product} {ergonomic}
     bool UseLargePagesIndividualAllocation        = false                                  {pd product} {ergonomic}

Logging:
Log output configuration:
 #0: stdout all=warning uptime,level,tags
 #1: stderr all=off uptime,level,tags

Environment Variables:
PATH=C:\app\DELL\product\21c\dbhomeXE\bin;D:\db_home\bin;C:\db_home\bin;C:\Program Files (x86)\VMware\VMware Player\bin\;C:\Program Files\Python39\Scripts\;C:\Program Files\Python39\;C:\Program Files\Common Files\Oracle\Java\javapath;C:\WINDOWS\system32;C:\WINDOWS;C:\WINDOWS\System32\Wbem;C:\WINDOWS\System32\WindowsPowerShell\v1.0\;C:\WINDOWS\System32\OpenSSH\;C:\Program Files\Git\cmd;C:\Program Files (x86)\dotnet\;C:\Users\DELL\AppData\Local\Microsoft\WindowsApps;C:\Users\DELL\AppData\Local\Programs\Microsoft VS Code\bin;C:\Program Files\CodeBlocks\MinGW\bin;C:\Program Files\JetBrains\PyCharm Community Edition 2021.2.1\bin;C:\Users\DELL\AppData\Local\atom\bin;%USERPROFILE%\AppData\Local\Microsoft\WindowsApps;
USERNAME=DELL
OS=Windows_NT
PROCESSOR_IDENTIFIER=AMD64 Family 23 Model 96 Stepping 1, AuthenticAMD



---------------  S Y S T E M  ---------------

OS: Windows 10 , 64 bit Build 22000 (10.0.22000.318)
OS uptime: 0 days 1:04 hours

CPU:total 8 (initial active 8) (8 cores per cpu, 1 threads per core) family 23 model 96 stepping 1 microcode 0x0, cmov, cx8, fxsr, mmx, sse, sse2, sse3, ssse3, sse4.1, sse4.2, popcnt, avx, avx2, aes, clmul, mmxext, 3dnowpref, lzcnt, sse4a, tsc, tscinvbit, tscinv, bmi1, bmi2, adx, sha, 

Memory: 4k page, system-wide physical 7545M (1211M free)
TotalPageFile size 7545M (AvailPageFile size 5M)
current process WorkingSet (physical memory assigned to process): 300M, peak: 305M
current process commit charge ("private bytes"): 468M, peak: 470M

vm_info: OpenJDK 64-Bit Server VM (11.0.10+0-b96-7249189) for windows-amd64 JRE (11.0.10+0-b96-7249189), built on Mar 31 2021 21:44:00 by "builder" with MS VC++ 14.0 (VS2015)

END.
