#
# There is insufficient memory for the Java Runtime Environment to continue.
# Native memory allocation (malloc) failed to allocate 1506896 bytes for Chunk::new
# Possible reasons:
#   The system is out of physical RAM or swap space
#   The process is running with CompressedOops enabled, and the Java Heap may be blocking the growth of the native heap
# Possible solutions:
#   Reduce memory load on the system
#   Increase physical memory or swap space
#   Check if swap backing store is full
#   Decrease Java heap size (-Xmx/-Xms)
#   Decrease number of Java threads
#   Decrease Java thread stack sizes (-Xss)
#   Set larger code cache with -XX:ReservedCodeCacheSize=
#   JVM is running with Unscaled Compressed Oops mode in which the Java heap is
#     placed in the first 4GB address space. The Java Heap base address is the
#     maximum limit for the native heap growth. Please use -XX:HeapBaseMinAddress
#     to set the Java Heap base and to place the Java Heap above 4GB virtual address.
# This output file may be truncated or incomplete.
#
#  Out of Memory Error (./src/hotspot/share/memory/arena.cpp:197), pid=3680, tid=2456
#
# JRE version: OpenJDK Runtime Environment (11.0.10) (build 11.0.10+0-b96-7249189)
# Java VM: OpenJDK 64-Bit Server VM (11.0.10+0-b96-7249189, mixed mode, tiered, compressed oops, g1 gc, windows-amd64)
# No core dump will be written. Minidumps are not enabled by default on client versions of Windows
#

---------------  S U M M A R Y ------------

Command Line: --add-opens=java.base/java.util=ALL-UNNAMED --add-opens=java.base/java.lang=ALL-UNNAMED --add-opens=java.base/java.lang.invoke=ALL-UNNAMED --add-opens=java.base/java.util=ALL-UNNAMED --add-opens=java.prefs/java.util.prefs=ALL-UNNAMED --add-opens=java.prefs/java.util.prefs=ALL-UNNAMED --add-opens=java.base/java.nio.charset=ALL-UNNAMED --add-opens=java.base/java.net=ALL-UNNAMED --add-opens=java.base/java.util.concurrent.atomic=ALL-UNNAMED -Xmx1500m -Dfile.encoding=UTF-8 -Duser.country=US -Duser.language=en -Duser.variant org.gradle.launcher.daemon.bootstrap.GradleDaemon 7.0.2

Host: AMD Ryzen 7 4700U with Radeon Graphics         , 8 cores, 7G,  Windows 10 , 64 bit Build 22000 (10.0.22000.318)
Time: Wed Dec 15 23:22:59 2021 Pakistan Standard Time elapsed time: 3.814075 seconds (0d 0h 0m 3s)

---------------  T H R E A D  ---------------

Current thread (0x0000019d3c3ab000):  JavaThread "C2 CompilerThread0" daemon [_thread_in_native, id=2456, stack(0x0000000484a00000,0x0000000484b00000)]


Current CompileTask:
C2:   3814 3592       4       java.net.URLClassLoader$1::run (5 bytes)

Stack: [0x0000000484a00000,0x0000000484b00000]
Native frames: (J=compiled Java code, j=interpreted, Vv=VM code, C=native code)
V  [jvm.dll+0x5ecfaa]
V  [jvm.dll+0x722bd5]
V  [jvm.dll+0x72412d]
V  [jvm.dll+0x7247e3]
V  [jvm.dll+0x242928]
V  [jvm.dll+0xbc4fc]
V  [jvm.dll+0xbca0c]
V  [jvm.dll+0x352d7d]
V  [jvm.dll+0x19800c]
V  [jvm.dll+0x1fb70e]
V  [jvm.dll+0x1fa7f4]
V  [jvm.dll+0x18354c]
V  [jvm.dll+0x208ee7]
V  [jvm.dll+0x207731]
V  [jvm.dll+0x6eb1cf]
V  [jvm.dll+0x6e3d45]
V  [jvm.dll+0x5ebe96]
C  [ucrtbase.dll+0x26c0c]
C  [KERNEL32.DLL+0x154e0]
C  [ntdll.dll+0x485b]


---------------  P R O C E S S  ---------------

Threads class SMR info:
_java_thread_list=0x0000019d43674b00, length=37, elements={
0x0000019d2338e000, 0x0000019d3c364000, 0x0000019d3c392800, 0x0000019d3cd32800,
0x0000019d3cd33800, 0x0000019d3c3a9800, 0x0000019d3c3ab000, 0x0000019d3c3ae000,
0x0000019d3c3ba000, 0x0000019d3ce76000, 0x0000019d3e552800, 0x0000019d3d0e7800,
0x0000019d3d2e6000, 0x0000019d3f598000, 0x0000019d3eead000, 0x0000019d3f348800,
0x0000019d3de95000, 0x0000019d3efbc000, 0x0000019d3e05b800, 0x0000019d3ee08800,
0x0000019d3ee07800, 0x0000019d3ee09800, 0x0000019d3ee07000, 0x0000019d3f3a2800,
0x0000019d3f3a3000, 0x0000019d3f8df000, 0x0000019d3f8da800, 0x0000019d3f8dd800,
0x0000019d3f8dc800, 0x0000019d3f8de800, 0x0000019d3f8e0000, 0x0000019d3f8e1000,
0x0000019d3f8e1800, 0x0000019d3f8dc000, 0x0000019d3f8e2800, 0x0000019d3f8e6800,
0x0000019d3f8e7800
}

Java Threads: ( => current thread )
  0x0000019d2338e000 JavaThread "main" [_thread_blocked, id=14420, stack(0x0000000483e00000,0x0000000483f00000)]
  0x0000019d3c364000 JavaThread "Reference Handler" daemon [_thread_blocked, id=10504, stack(0x0000000484500000,0x0000000484600000)]
  0x0000019d3c392800 JavaThread "Finalizer" daemon [_thread_blocked, id=2516, stack(0x0000000484600000,0x0000000484700000)]
  0x0000019d3cd32800 JavaThread "Signal Dispatcher" daemon [_thread_blocked, id=13596, stack(0x0000000484700000,0x0000000484800000)]
  0x0000019d3cd33800 JavaThread "Attach Listener" daemon [_thread_blocked, id=6160, stack(0x0000000484800000,0x0000000484900000)]
  0x0000019d3c3a9800 JavaThread "Service Thread" daemon [_thread_blocked, id=15092, stack(0x0000000484900000,0x0000000484a00000)]
=>0x0000019d3c3ab000 JavaThread "C2 CompilerThread0" daemon [_thread_in_native, id=2456, stack(0x0000000484a00000,0x0000000484b00000)]
  0x0000019d3c3ae000 JavaThread "C1 CompilerThread0" daemon [_thread_blocked, id=17300, stack(0x0000000484b00000,0x0000000484c00000)]
  0x0000019d3c3ba000 JavaThread "Sweeper thread" daemon [_thread_blocked, id=16112, stack(0x0000000484c00000,0x0000000484d00000)]
  0x0000019d3ce76000 JavaThread "Common-Cleaner" daemon [_thread_blocked, id=4748, stack(0x0000000484d00000,0x0000000484e00000)]
  0x0000019d3e552800 JavaThread "Daemon health stats" [_thread_blocked, id=3244, stack(0x0000000485200000,0x0000000485300000)]
  0x0000019d3d0e7800 JavaThread "Incoming local TCP Connector on port 51557" [_thread_in_native, id=8360, stack(0x0000000484f00000,0x0000000485000000)]
  0x0000019d3d2e6000 JavaThread "Daemon periodic checks" [_thread_blocked, id=7016, stack(0x0000000485000000,0x0000000485100000)]
  0x0000019d3f598000 JavaThread "Daemon" [_thread_blocked, id=15464, stack(0x0000000485300000,0x0000000485400000)]
  0x0000019d3eead000 JavaThread "Handler for socket connection from /127.0.0.1:51557 to /127.0.0.1:51558" [_thread_in_native, id=5512, stack(0x0000000485400000,0x0000000485500000)]
  0x0000019d3f348800 JavaThread "Cancel handler" [_thread_blocked, id=2080, stack(0x0000000485500000,0x0000000485600000)]
  0x0000019d3de95000 JavaThread "Daemon worker" [_thread_in_vm, id=16776, stack(0x0000000485600000,0x0000000485700000)]
  0x0000019d3efbc000 JavaThread "Asynchronous log dispatcher for DefaultDaemonConnection: socket connection from /127.0.0.1:51557 to /127.0.0.1:51558" [_thread_blocked, id=7644, stack(0x0000000485700000,0x0000000485800000)]
  0x0000019d3e05b800 JavaThread "Stdin handler" [_thread_blocked, id=14328, stack(0x0000000485800000,0x0000000485900000)]
  0x0000019d3ee08800 JavaThread "Daemon client event forwarder" [_thread_blocked, id=11280, stack(0x0000000485900000,0x0000000485a00000)]
  0x0000019d3ee07800 JavaThread "Cache worker for file hash cache (C:\Users\DELL\.gradle\caches\7.0.2\fileHashes)" [_thread_blocked, id=16836, stack(0x0000000486200000,0x0000000486300000)]
  0x0000019d3ee09800 JavaThread "File lock request listener" [_thread_in_native, id=11296, stack(0x0000000486300000,0x0000000486400000)]
  0x0000019d3ee07000 JavaThread "Cache worker for journal cache (C:\Users\DELL\.gradle\caches\journal-1)" [_thread_blocked, id=7128, stack(0x0000000486500000,0x0000000486600000)]
  0x0000019d3f3a2800 JavaThread "C2 CompilerThread1" daemon [_thread_in_native, id=11516, stack(0x0000000486600000,0x0000000486700000)]
  0x0000019d3f3a3000 JavaThread "C2 CompilerThread2" daemon [_thread_in_native, id=1564, stack(0x0000000486700000,0x0000000486800000)]
  0x0000019d3f8df000 JavaThread "Cache worker for file hash cache (D:\TRA\.gradle\7.0.2\fileHashes)" [_thread_blocked, id=2028, stack(0x0000000486800000,0x0000000486900000)]
  0x0000019d3f8da800 JavaThread "File watcher server" daemon [_thread_in_native, id=876, stack(0x0000000486900000,0x0000000486a00000)]
  0x0000019d3f8dd800 JavaThread "File watcher consumer" daemon [_thread_blocked, id=8224, stack(0x0000000486a00000,0x0000000486b00000)]
  0x0000019d3f8dc800 JavaThread "Cache worker for checksums cache (D:\TRA\.gradle\checksums)" [_thread_blocked, id=16704, stack(0x0000000486b00000,0x0000000486c00000)]
  0x0000019d3f8de800 JavaThread "Cache worker for cache directory md-supplier (C:\Users\DELL\.gradle\caches\7.0.2\md-supplier)" [_thread_blocked, id=11576, stack(0x0000000486c00000,0x0000000486d00000)]
  0x0000019d3f8e0000 JavaThread "Cache worker for cache directory md-rule (C:\Users\DELL\.gradle\caches\7.0.2\md-rule)" [_thread_blocked, id=2332, stack(0x0000000486d00000,0x0000000486e00000)]
  0x0000019d3f8e1000 JavaThread "Cache worker for execution history cache (C:\Users\DELL\.gradle\caches\7.0.2\executionHistory)" [_thread_blocked, id=4448, stack(0x0000000486e00000,0x0000000486f00000)]
  0x0000019d3f8e1800 JavaThread "jar transforms" [_thread_blocked, id=13048, stack(0x0000000486f00000,0x0000000487000000)]
  0x0000019d3f8dc000 JavaThread "jar transforms Thread 2" [_thread_blocked, id=11112, stack(0x0000000487000000,0x0000000487100000)]
  0x0000019d3f8e2800 JavaThread "Cache worker for file content cache (C:\Users\DELL\.gradle\caches\7.0.2\fileContent)" [_thread_blocked, id=15628, stack(0x0000000487100000,0x0000000487200000)]
  0x0000019d3f8e6800 JavaThread "Cache worker for dependencies-accessors (D:\TRA\.gradle\7.0.2\dependencies-accessors)" [_thread_blocked, id=13252, stack(0x0000000487200000,0x0000000487300000)]
  0x0000019d3f8e7800 JavaThread "jar transforms Thread 3" [_thread_blocked, id=16744, stack(0x0000000487300000,0x0000000487400000)]

Other Threads:
  0x0000019d3c363800 VMThread "VM Thread" [stack: 0x0000000484400000,0x0000000484500000] [id=16444]
  0x0000019d3ce85000 WatcherThread [stack: 0x0000000484e00000,0x0000000484f00000] [id=10848]
  0x0000019d233a6800 GCTaskThread "GC Thread#0" [stack: 0x0000000483f00000,0x0000000484000000] [id=16488]
  0x0000019d3d106800 GCTaskThread "GC Thread#1" [stack: 0x0000000485100000,0x0000000485200000] [id=7312]
  0x0000019d3e849000 GCTaskThread "GC Thread#2" [stack: 0x0000000485a00000,0x0000000485b00000] [id=15328]
  0x0000019d3ede2800 GCTaskThread "GC Thread#3" [stack: 0x0000000485b00000,0x0000000485c00000] [id=15708]
  0x0000019d3e7fd000 GCTaskThread "GC Thread#4" [stack: 0x0000000485c00000,0x0000000485d00000] [id=9848]
  0x0000019d3e3b8800 GCTaskThread "GC Thread#5" [stack: 0x0000000485d00000,0x0000000485e00000] [id=12284]
  0x0000019d3e42c000 GCTaskThread "GC Thread#6" [stack: 0x0000000485e00000,0x0000000485f00000] [id=4716]
  0x0000019d3ec05800 GCTaskThread "GC Thread#7" [stack: 0x0000000485f00000,0x0000000486000000] [id=4872]
  0x0000019d233ce800 ConcurrentGCThread "G1 Main Marker" [stack: 0x0000000484000000,0x0000000484100000] [id=8856]
  0x0000019d233d0000 ConcurrentGCThread "G1 Conc#0" [stack: 0x0000000484100000,0x0000000484200000] [id=7936]
  0x0000019d3ee64000 ConcurrentGCThread "G1 Conc#1" [stack: 0x0000000486400000,0x0000000486500000] [id=6248]
  0x0000019d2345c000 ConcurrentGCThread "G1 Refine#0" [stack: 0x0000000484200000,0x0000000484300000] [id=4288]
  0x0000019d3dc00000 ConcurrentGCThread "G1 Refine#1" [stack: 0x0000000486000000,0x0000000486100000] [id=7592]
  0x0000019d3ef74800 ConcurrentGCThread "G1 Refine#2" [stack: 0x0000000486100000,0x0000000486200000] [id=2668]
  0x0000019d2345d000 ConcurrentGCThread "G1 Young RemSet Sampling" [stack: 0x0000000484300000,0x0000000484400000] [id=16760]

Threads with active compile tasks:
C2 CompilerThread0   3823 3592       4       java.net.URLClassLoader$1::run (5 bytes)
C2 CompilerThread1   3823 3593   !   4       java.net.URLClassLoader$1::run (63 bytes)
C2 CompilerThread2   3823 3702       4       java.lang.ClassLoader::defineClass (43 bytes)

VM state:not at safepoint (normal execution)

VM Mutex/Monitor currently owned by a thread: None

Heap address: 0x00000000a2400000, size: 1500 MB, Compressed Oops mode: 32-bit
Narrow klass base: 0x0000000000000000, Narrow klass shift: 3
Compressed class space size: 1073741824 Address: 0x0000000100000000

Heap:
 garbage-first heap   total 120832K, used 70099K [0x00000000a2400000, 0x0000000100000000)
  region size 1024K, 51 young (52224K), 8 survivors (8192K)
 Metaspace       used 43408K, capacity 44411K, committed 44620K, reserved 1087488K
  class space    used 5546K, capacity 5896K, committed 5964K, reserved 1048576K
Heap Regions: E=young(eden), S=young(survivor), O=old, HS=humongous(starts), HC=humongous(continues), CS=collection set, F=free, A=archive, TAMS=top-at-mark-start (previous, next)
|   0|0x00000000a2400000, 0x00000000a2500000, 0x00000000a2500000|100%| O|  |TAMS 0x00000000a2500000, 0x00000000a2400000| Untracked 
|   1|0x00000000a2500000, 0x00000000a2600000, 0x00000000a2600000|100%| O|  |TAMS 0x00000000a2600000, 0x00000000a2500000| Untracked 
|   2|0x00000000a2600000, 0x00000000a2700000, 0x00000000a2700000|100%| O|  |TAMS 0x00000000a2700000, 0x00000000a2600000| Untracked 
|   3|0x00000000a2700000, 0x00000000a2800000, 0x00000000a2800000|100%|HS|  |TAMS 0x00000000a2800000, 0x00000000a2700000| Complete 
|   4|0x00000000a2800000, 0x00000000a2900000, 0x00000000a2900000|100%|HC|  |TAMS 0x00000000a2900000, 0x00000000a2800000| Complete 
|   5|0x00000000a2900000, 0x00000000a2a00000, 0x00000000a2a00000|100%|HC|  |TAMS 0x00000000a2a00000, 0x00000000a2900000| Complete 
|   6|0x00000000a2a00000, 0x00000000a2b00000, 0x00000000a2b00000|100%| O|  |TAMS 0x00000000a2b00000, 0x00000000a2a00000| Untracked 
|   7|0x00000000a2b00000, 0x00000000a2c00000, 0x00000000a2c00000|100%| O|  |TAMS 0x00000000a2c00000, 0x00000000a2b00000| Untracked 
|   8|0x00000000a2c00000, 0x00000000a2d00000, 0x00000000a2d00000|100%| O|  |TAMS 0x00000000a2d00000, 0x00000000a2c00000| Untracked 
|   9|0x00000000a2d00000, 0x00000000a2e00000, 0x00000000a2e00000|100%| O|  |TAMS 0x00000000a2e00000, 0x00000000a2d00000| Untracked 
|  10|0x00000000a2e00000, 0x00000000a2f00000, 0x00000000a2f00000|100%| O|  |TAMS 0x00000000a2f00000, 0x00000000a2e00000| Untracked 
|  11|0x00000000a2f00000, 0x00000000a3000000, 0x00000000a3000000|100%| O|  |TAMS 0x00000000a3000000, 0x00000000a2f00000| Untracked 
|  12|0x00000000a3000000, 0x00000000a3100000, 0x00000000a3100000|100%| O|  |TAMS 0x00000000a3100000, 0x00000000a3000000| Untracked 
|  13|0x00000000a3100000, 0x00000000a3200000, 0x00000000a3200000|100%| O|  |TAMS 0x00000000a3200000, 0x00000000a3100000| Untracked 
|  14|0x00000000a3200000, 0x00000000a3300000, 0x00000000a3300000|100%| O|  |TAMS 0x00000000a3300000, 0x00000000a3200000| Untracked 
|  15|0x00000000a3300000, 0x00000000a3400000, 0x00000000a3400000|100%| O|  |TAMS 0x00000000a3400000, 0x00000000a3300000| Untracked 
|  16|0x00000000a3400000, 0x00000000a3500000, 0x00000000a3500000|100%| O|  |TAMS 0x00000000a3500000, 0x00000000a3400000| Untracked 
|  17|0x00000000a3500000, 0x00000000a3600000, 0x00000000a3600000|100%| O|  |TAMS 0x00000000a35e8200, 0x00000000a3500000| Untracked 
|  18|0x00000000a3600000, 0x00000000a3700000, 0x00000000a3700000|100%|HS|  |TAMS 0x00000000a3600000, 0x00000000a3600000| Complete 
|  19|0x00000000a3700000, 0x00000000a3700000, 0x00000000a3800000|  0%| F|  |TAMS 0x00000000a3700000, 0x00000000a3700000| Untracked 
|  20|0x00000000a3800000, 0x00000000a3800000, 0x00000000a3900000|  0%| F|  |TAMS 0x00000000a3800000, 0x00000000a3800000| Untracked 
|  21|0x00000000a3900000, 0x00000000a3974e00, 0x00000000a3a00000| 45%| O|  |TAMS 0x00000000a3900000, 0x00000000a3900000| Untracked 
|  22|0x00000000a3a00000, 0x00000000a3a00000, 0x00000000a3b00000|  0%| F|  |TAMS 0x00000000a3a00000, 0x00000000a3a00000| Untracked 
|  23|0x00000000a3b00000, 0x00000000a3b00000, 0x00000000a3c00000|  0%| F|  |TAMS 0x00000000a3b00000, 0x00000000a3b00000| Untracked 
|  24|0x00000000a3c00000, 0x00000000a3c00000, 0x00000000a3d00000|  0%| F|  |TAMS 0x00000000a3c00000, 0x00000000a3c00000| Untracked 
|  25|0x00000000a3d00000, 0x00000000a3d00000, 0x00000000a3e00000|  0%| F|  |TAMS 0x00000000a3d00000, 0x00000000a3d00000| Untracked 
|  26|0x00000000a3e00000, 0x00000000a3e00000, 0x00000000a3f00000|  0%| F|  |TAMS 0x00000000a3e00000, 0x00000000a3e00000| Untracked 
|  27|0x00000000a3f00000, 0x00000000a3f00000, 0x00000000a4000000|  0%| F|  |TAMS 0x00000000a3f00000, 0x00000000a3f00000| Untracked 
|  28|0x00000000a4000000, 0x00000000a4000000, 0x00000000a4100000|  0%| F|  |TAMS 0x00000000a4000000, 0x00000000a4000000| Untracked 
|  29|0x00000000a4100000, 0x00000000a4100000, 0x00000000a4200000|  0%| F|  |TAMS 0x00000000a4100000, 0x00000000a4100000| Untracked 
|  30|0x00000000a4200000, 0x00000000a4200000, 0x00000000a4300000|  0%| F|  |TAMS 0x00000000a4200000, 0x00000000a4200000| Untracked 
|  31|0x00000000a4300000, 0x00000000a4300000, 0x00000000a4400000|  0%| F|  |TAMS 0x00000000a4300000, 0x00000000a4300000| Untracked 
|  32|0x00000000a4400000, 0x00000000a4400000, 0x00000000a4500000|  0%| F|  |TAMS 0x00000000a4400000, 0x00000000a4400000| Untracked 
|  33|0x00000000a4500000, 0x00000000a4500000, 0x00000000a4600000|  0%| F|  |TAMS 0x00000000a4500000, 0x00000000a4500000| Untracked 
|  34|0x00000000a4600000, 0x00000000a4600000, 0x00000000a4700000|  0%| F|  |TAMS 0x00000000a4600000, 0x00000000a4600000| Untracked 
|  35|0x00000000a4700000, 0x00000000a4700000, 0x00000000a4800000|  0%| F|  |TAMS 0x00000000a4700000, 0x00000000a4700000| Untracked 
|  36|0x00000000a4800000, 0x00000000a4800000, 0x00000000a4900000|  0%| F|  |TAMS 0x00000000a4800000, 0x00000000a4800000| Untracked 
|  37|0x00000000a4900000, 0x00000000a4900000, 0x00000000a4a00000|  0%| F|  |TAMS 0x00000000a4900000, 0x00000000a4900000| Untracked 
|  38|0x00000000a4a00000, 0x00000000a4a00000, 0x00000000a4b00000|  0%| F|  |TAMS 0x00000000a4a00000, 0x00000000a4a00000| Untracked 
|  39|0x00000000a4b00000, 0x00000000a4b00000, 0x00000000a4c00000|  0%| F|  |TAMS 0x00000000a4b00000, 0x00000000a4b00000| Untracked 
|  40|0x00000000a4c00000, 0x00000000a4c00000, 0x00000000a4d00000|  0%| F|  |TAMS 0x00000000a4c00000, 0x00000000a4c00000| Untracked 
|  41|0x00000000a4d00000, 0x00000000a4d00000, 0x00000000a4e00000|  0%| F|  |TAMS 0x00000000a4d00000, 0x00000000a4d00000| Untracked 
|  42|0x00000000a4e00000, 0x00000000a4e00000, 0x00000000a4f00000|  0%| F|  |TAMS 0x00000000a4e00000, 0x00000000a4e00000| Untracked 
|  43|0x00000000a4f00000, 0x00000000a4f00000, 0x00000000a5000000|  0%| F|  |TAMS 0x00000000a4f00000, 0x00000000a4f00000| Untracked 
|  44|0x00000000a5000000, 0x00000000a5000000, 0x00000000a5100000|  0%| F|  |TAMS 0x00000000a5000000, 0x00000000a5000000| Untracked 
|  45|0x00000000a5100000, 0x00000000a5100000, 0x00000000a5200000|  0%| F|  |TAMS 0x00000000a5100000, 0x00000000a5100000| Untracked 
|  46|0x00000000a5200000, 0x00000000a5200000, 0x00000000a5300000|  0%| F|  |TAMS 0x00000000a5200000, 0x00000000a5200000| Untracked 
|  47|0x00000000a5300000, 0x00000000a5300000, 0x00000000a5400000|  0%| F|  |TAMS 0x00000000a5300000, 0x00000000a5300000| Untracked 
|  48|0x00000000a5400000, 0x00000000a5500000, 0x00000000a5500000|100%| S|CS|TAMS 0x00000000a5400000, 0x00000000a5400000| Complete 
|  49|0x00000000a5500000, 0x00000000a5600000, 0x00000000a5600000|100%| S|CS|TAMS 0x00000000a5500000, 0x00000000a5500000| Complete 
|  50|0x00000000a5600000, 0x00000000a5700000, 0x00000000a5700000|100%| S|CS|TAMS 0x00000000a5600000, 0x00000000a5600000| Complete 
|  51|0x00000000a5700000, 0x00000000a5800000, 0x00000000a5800000|100%| S|CS|TAMS 0x00000000a5700000, 0x00000000a5700000| Complete 
|  52|0x00000000a5800000, 0x00000000a5900000, 0x00000000a5900000|100%| S|CS|TAMS 0x00000000a5800000, 0x00000000a5800000| Complete 
|  53|0x00000000a5900000, 0x00000000a5a00000, 0x00000000a5a00000|100%| S|CS|TAMS 0x00000000a5900000, 0x00000000a5900000| Complete 
|  54|0x00000000a5a00000, 0x00000000a5b00000, 0x00000000a5b00000|100%| S|CS|TAMS 0x00000000a5a00000, 0x00000000a5a00000| Complete 
|  55|0x00000000a5b00000, 0x00000000a5c00000, 0x00000000a5c00000|100%| S|CS|TAMS 0x00000000a5b00000, 0x00000000a5b00000| Complete 
|  56|0x00000000a5c00000, 0x00000000a5c00000, 0x00000000a5d00000|  0%| F|  |TAMS 0x00000000a5c00000, 0x00000000a5c00000| Untracked 
|  57|0x00000000a5d00000, 0x00000000a5d00000, 0x00000000a5e00000|  0%| F|  |TAMS 0x00000000a5d00000, 0x00000000a5d00000| Untracked 
|  58|0x00000000a5e00000, 0x00000000a5e00000, 0x00000000a5f00000|  0%| F|  |TAMS 0x00000000a5e00000, 0x00000000a5e00000| Untracked 
|  59|0x00000000a5f00000, 0x00000000a5f00000, 0x00000000a6000000|  0%| F|  |TAMS 0x00000000a5f00000, 0x00000000a5f00000| Untracked 
|  60|0x00000000a6000000, 0x00000000a6000000, 0x00000000a6100000|  0%| F|  |TAMS 0x00000000a6000000, 0x00000000a6000000| Untracked 
|  61|0x00000000a6100000, 0x00000000a6100000, 0x00000000a6200000|  0%| F|  |TAMS 0x00000000a6100000, 0x00000000a6100000| Untracked 
|  62|0x00000000a6200000, 0x00000000a6200000, 0x00000000a6300000|  0%| F|  |TAMS 0x00000000a6200000, 0x00000000a6200000| Untracked 
|  63|0x00000000a6300000, 0x00000000a6300000, 0x00000000a6400000|  0%| F|  |TAMS 0x00000000a6300000, 0x00000000a6300000| Untracked 
|  64|0x00000000a6400000, 0x00000000a6400000, 0x00000000a6500000|  0%| F|  |TAMS 0x00000000a6400000, 0x00000000a6400000| Untracked 
|  65|0x00000000a6500000, 0x00000000a6500000, 0x00000000a6600000|  0%| F|  |TAMS 0x00000000a6500000, 0x00000000a6500000| Untracked 
|  66|0x00000000a6600000, 0x00000000a6600000, 0x00000000a6700000|  0%| F|  |TAMS 0x00000000a6600000, 0x00000000a6600000| Untracked 
|  67|0x00000000a6700000, 0x00000000a6700000, 0x00000000a6800000|  0%| F|  |TAMS 0x00000000a6700000, 0x00000000a6700000| Untracked 
|  68|0x00000000a6800000, 0x00000000a6800000, 0x00000000a6900000|  0%| F|  |TAMS 0x00000000a6800000, 0x00000000a6800000| Untracked 
|  69|0x00000000a6900000, 0x00000000a6900000, 0x00000000a6a00000|  0%| F|  |TAMS 0x00000000a6900000, 0x00000000a6900000| Untracked 
|  70|0x00000000a6a00000, 0x00000000a6a00000, 0x00000000a6b00000|  0%| F|  |TAMS 0x00000000a6a00000, 0x00000000a6a00000| Untracked 
|  71|0x00000000a6b00000, 0x00000000a6b00000, 0x00000000a6c00000|  0%| F|  |TAMS 0x00000000a6b00000, 0x00000000a6b00000| Untracked 
|  72|0x00000000a6c00000, 0x00000000a6c00000, 0x00000000a6d00000|  0%| F|  |TAMS 0x00000000a6c00000, 0x00000000a6c00000| Untracked 
|  73|0x00000000a6d00000, 0x00000000a6d00000, 0x00000000a6e00000|  0%| F|  |TAMS 0x00000000a6d00000, 0x00000000a6d00000| Untracked 
|  74|0x00000000a6e00000, 0x00000000a6e00000, 0x00000000a6f00000|  0%| F|  |TAMS 0x00000000a6e00000, 0x00000000a6e00000| Untracked 
|  75|0x00000000a6f00000, 0x00000000a6f80800, 0x00000000a7000000| 50%| E|  |TAMS 0x00000000a6f00000, 0x00000000a6f00000| Complete 
|  76|0x00000000a7000000, 0x00000000a7100000, 0x00000000a7100000|100%| E|CS|TAMS 0x00000000a7000000, 0x00000000a7000000| Complete 
|  77|0x00000000a7100000, 0x00000000a7200000, 0x00000000a7200000|100%| E|CS|TAMS 0x00000000a7100000, 0x00000000a7100000| Complete 
|  78|0x00000000a7200000, 0x00000000a7300000, 0x00000000a7300000|100%| E|CS|TAMS 0x00000000a7200000, 0x00000000a7200000| Complete 
|  79|0x00000000a7300000, 0x00000000a7400000, 0x00000000a7400000|100%| E|CS|TAMS 0x00000000a7300000, 0x00000000a7300000| Complete 
|  80|0x00000000a7400000, 0x00000000a7500000, 0x00000000a7500000|100%| E|CS|TAMS 0x00000000a7400000, 0x00000000a7400000| Complete 
|  81|0x00000000a7500000, 0x00000000a7600000, 0x00000000a7600000|100%| E|CS|TAMS 0x00000000a7500000, 0x00000000a7500000| Complete 
|  82|0x00000000a7600000, 0x00000000a7700000, 0x00000000a7700000|100%| E|CS|TAMS 0x00000000a7600000, 0x00000000a7600000| Complete 
|  83|0x00000000a7700000, 0x00000000a7800000, 0x00000000a7800000|100%| E|CS|TAMS 0x00000000a7700000, 0x00000000a7700000| Complete 
|  84|0x00000000a7800000, 0x00000000a7900000, 0x00000000a7900000|100%| E|CS|TAMS 0x00000000a7800000, 0x00000000a7800000| Complete 
|  85|0x00000000a7900000, 0x00000000a7a00000, 0x00000000a7a00000|100%| E|CS|TAMS 0x00000000a7900000, 0x00000000a7900000| Complete 
|  86|0x00000000a7a00000, 0x00000000a7b00000, 0x00000000a7b00000|100%| E|CS|TAMS 0x00000000a7a00000, 0x00000000a7a00000| Complete 
|  87|0x00000000a7b00000, 0x00000000a7c00000, 0x00000000a7c00000|100%| E|CS|TAMS 0x00000000a7b00000, 0x00000000a7b00000| Complete 
|  88|0x00000000a7c00000, 0x00000000a7d00000, 0x00000000a7d00000|100%| E|CS|TAMS 0x00000000a7c00000, 0x00000000a7c00000| Complete 
|  89|0x00000000a7d00000, 0x00000000a7e00000, 0x00000000a7e00000|100%| E|CS|TAMS 0x00000000a7d00000, 0x00000000a7d00000| Complete 
|  90|0x00000000a7e00000, 0x00000000a7f00000, 0x00000000a7f00000|100%| E|CS|TAMS 0x00000000a7e00000, 0x00000000a7e00000| Complete 
|  91|0x00000000a7f00000, 0x00000000a8000000, 0x00000000a8000000|100%| E|CS|TAMS 0x00000000a7f00000, 0x00000000a7f00000| Complete 
|  92|0x00000000a8000000, 0x00000000a8100000, 0x00000000a8100000|100%| E|CS|TAMS 0x00000000a8000000, 0x00000000a8000000| Complete 
|  93|0x00000000a8100000, 0x00000000a8200000, 0x00000000a8200000|100%| E|  |TAMS 0x00000000a8100000, 0x00000000a8100000| Complete 
|  94|0x00000000a8200000, 0x00000000a8300000, 0x00000000a8300000|100%| E|CS|TAMS 0x00000000a8200000, 0x00000000a8200000| Complete 
|  95|0x00000000a8300000, 0x00000000a8400000, 0x00000000a8400000|100%| E|CS|TAMS 0x00000000a8300000, 0x00000000a8300000| Complete 
|  96|0x00000000a8400000, 0x00000000a8500000, 0x00000000a8500000|100%| E|CS|TAMS 0x00000000a8400000, 0x00000000a8400000| Complete 
|  97|0x00000000a8500000, 0x00000000a8600000, 0x00000000a8600000|100%| E|CS|TAMS 0x00000000a8500000, 0x00000000a8500000| Complete 
|  98|0x00000000a8600000, 0x00000000a8700000, 0x00000000a8700000|100%| E|CS|TAMS 0x00000000a8600000, 0x00000000a8600000| Complete 
|  99|0x00000000a8700000, 0x00000000a8800000, 0x00000000a8800000|100%| E|CS|TAMS 0x00000000a8700000, 0x00000000a8700000| Complete 
| 100|0x00000000a8800000, 0x00000000a8900000, 0x00000000a8900000|100%| E|CS|TAMS 0x00000000a8800000, 0x00000000a8800000| Complete 
| 101|0x00000000a8900000, 0x00000000a8a00000, 0x00000000a8a00000|100%| E|CS|TAMS 0x00000000a8900000, 0x00000000a8900000| Complete 
| 102|0x00000000a8a00000, 0x00000000a8b00000, 0x00000000a8b00000|100%| E|CS|TAMS 0x00000000a8a00000, 0x00000000a8a00000| Complete 
| 103|0x00000000a8b00000, 0x00000000a8c00000, 0x00000000a8c00000|100%| E|CS|TAMS 0x00000000a8b00000, 0x00000000a8b00000| Complete 
| 104|0x00000000a8c00000, 0x00000000a8d00000, 0x00000000a8d00000|100%| E|CS|TAMS 0x00000000a8c00000, 0x00000000a8c00000| Complete 
| 105|0x00000000a8d00000, 0x00000000a8e00000, 0x00000000a8e00000|100%| E|CS|TAMS 0x00000000a8d00000, 0x00000000a8d00000| Complete 
| 106|0x00000000a8e00000, 0x00000000a8f00000, 0x00000000a8f00000|100%| E|CS|TAMS 0x00000000a8e00000, 0x00000000a8e00000| Complete 
| 107|0x00000000a8f00000, 0x00000000a9000000, 0x00000000a9000000|100%| E|CS|TAMS 0x00000000a8f00000, 0x00000000a8f00000| Complete 
| 108|0x00000000a9000000, 0x00000000a9100000, 0x00000000a9100000|100%| E|CS|TAMS 0x00000000a9000000, 0x00000000a9000000| Complete 
| 109|0x00000000a9100000, 0x00000000a9200000, 0x00000000a9200000|100%| E|CS|TAMS 0x00000000a9100000, 0x00000000a9100000| Complete 
| 110|0x00000000a9200000, 0x00000000a9300000, 0x00000000a9300000|100%| E|CS|TAMS 0x00000000a9200000, 0x00000000a9200000| Complete 
| 111|0x00000000a9300000, 0x00000000a9400000, 0x00000000a9400000|100%| E|CS|TAMS 0x00000000a9300000, 0x00000000a9300000| Complete 
| 112|0x00000000a9400000, 0x00000000a9500000, 0x00000000a9500000|100%| E|CS|TAMS 0x00000000a9400000, 0x00000000a9400000| Complete 
| 113|0x00000000a9500000, 0x00000000a9600000, 0x00000000a9600000|100%| E|CS|TAMS 0x00000000a9500000, 0x00000000a9500000| Complete 
| 114|0x00000000a9600000, 0x00000000a9700000, 0x00000000a9700000|100%| E|CS|TAMS 0x00000000a9600000, 0x00000000a9600000| Complete 
| 115|0x00000000a9700000, 0x00000000a9800000, 0x00000000a9800000|100%| E|CS|TAMS 0x00000000a9700000, 0x00000000a9700000| Complete 
| 116|0x00000000a9800000, 0x00000000a9900000, 0x00000000a9900000|100%| E|CS|TAMS 0x00000000a9800000, 0x00000000a9800000| Complete 
| 117|0x00000000a9900000, 0x00000000a9a00000, 0x00000000a9a00000|100%| E|CS|TAMS 0x00000000a9900000, 0x00000000a9900000| Complete 

Card table byte_map: [0x0000019d364a0000,0x0000019d36790000] _byte_map_base: 0x0000019d35f8e000

Marking Bits (Prev, Next): (CMBitMap*) 0x0000019d233c8108, (CMBitMap*) 0x0000019d233c8140
 Prev Bits: [0x0000019d36a80000, 0x0000019d381f0000)
 Next Bits: [0x0000019d381f0000, 0x0000019d39960000)

Polling page: 0x0000019d22b70000

Metaspace:

Usage:
  Non-class:     37.67 MB capacity,    37.00 MB ( 98%) used,   595.47 KB (  2%) free+waste,   100.63 KB ( <1%) overhead. 
      Class:      5.79 MB capacity,     5.42 MB ( 94%) used,   330.56 KB (  6%) free+waste,    48.06 KB ( <1%) overhead. 
       Both:     43.46 MB capacity,    42.41 MB ( 98%) used,   926.03 KB (  2%) free+waste,   148.69 KB ( <1%) overhead. 

Virtual space:
  Non-class space:       38.00 MB reserved,      37.75 MB (>99%) committed 
      Class space:        1.00 GB reserved,       5.82 MB ( <1%) committed 
             Both:        1.04 GB reserved,      43.57 MB (  4%) committed 

Chunk freelists:
   Non-Class:  13.00 KB
       Class:  24.00 KB
        Both:  37.00 KB

MaxMetaspaceSize: 17179869184.00 GB
CompressedClassSpaceSize: 1.00 GB

CodeHeap 'non-profiled nmethods': size=120000Kb used=2005Kb max_used=2005Kb free=117995Kb
 bounds [0x0000019d2e950000, 0x0000019d2ebc0000, 0x0000019d35e80000]
CodeHeap 'profiled nmethods': size=120000Kb used=7938Kb max_used=7938Kb free=112061Kb
 bounds [0x0000019d27420000, 0x0000019d27bf0000, 0x0000019d2e950000]
CodeHeap 'non-nmethods': size=5760Kb used=2203Kb max_used=2246Kb free=3556Kb
 bounds [0x0000019d26e80000, 0x0000019d270f0000, 0x0000019d27420000]
 total_blobs=4512 nmethods=3744 adapters=679
 compilation: enabled
              stopped_count=0, restarted_count=0
 full_count=0

Compilation events (20 events):
Event: 3.788 Thread 0x0000019d3c3ae000 3741       3       com.google.common.collect.LinkedHashMultimap::createCollection (14 bytes)
Event: 3.788 Thread 0x0000019d3c3ae000 nmethod 3741 0x0000019d27bdb890 code [0x0000019d27bdba40, 0x0000019d27bdbbe8]
Event: 3.788 Thread 0x0000019d3c3ae000 3742       1       com.google.common.collect.LinkedHashMultimap$ValueEntry::getSuccessorInValueSet (5 bytes)
Event: 3.788 Thread 0x0000019d3c3ae000 nmethod 3742 0x0000019d2eb44110 code [0x0000019d2eb442c0, 0x0000019d2eb44378]
Event: 3.795 Thread 0x0000019d3c3ae000 3747       3       java.lang.Long::valueOf (40 bytes)
Event: 3.795 Thread 0x0000019d3c3ae000 nmethod 3747 0x0000019d27bdbc90 code [0x0000019d27bdbe60, 0x0000019d27bdc198]
Event: 3.797 Thread 0x0000019d3c3ae000 3748       3       java.lang.Module::canRead (86 bytes)
Event: 3.799 Thread 0x0000019d3c3ae000 nmethod 3748 0x0000019d27bdc310 code [0x0000019d27bdc6e0, 0x0000019d27bde188]
Event: 3.800 Thread 0x0000019d3c3ae000 3749       3       java.net.URI$Parser::scan (76 bytes)
Event: 3.800 Thread 0x0000019d3c3ae000 nmethod 3749 0x0000019d27bde910 code [0x0000019d27bdeb60, 0x0000019d27bdf438]
Event: 3.801 Thread 0x0000019d3c3ae000 3750       3       java.util.TreeMap::getFirstEntry (26 bytes)
Event: 3.801 Thread 0x0000019d3c3ae000 nmethod 3750 0x0000019d27bdf810 code [0x0000019d27bdf9c0, 0x0000019d27bdfbb8]
Event: 3.801 Thread 0x0000019d3c3ae000 3751       3       java.util.TreeMap$PrivateEntryIterator::<init> (28 bytes)
Event: 3.801 Thread 0x0000019d3c3ae000 nmethod 3751 0x0000019d27bdfc90 code [0x0000019d27bdfe40, 0x0000019d27be0098]
Event: 3.802 Thread 0x0000019d3c3ae000 3752       3       java.util.Collections::singletonIterator (9 bytes)
Event: 3.802 Thread 0x0000019d3c3ae000 nmethod 3752 0x0000019d27be0190 code [0x0000019d27be0360, 0x0000019d27be05b8]
Event: 3.802 Thread 0x0000019d3c3ae000 3753       3       java.util.Collections$1::<init> (15 bytes)
Event: 3.802 Thread 0x0000019d3c3ae000 nmethod 3753 0x0000019d27be0690 code [0x0000019d27be0840, 0x0000019d27be09f8]
Event: 3.805 Thread 0x0000019d3c3ae000 3754       1       org.gradle.launcher.daemon.server.exec.DaemonConnectionBackedEventConsumer::access$000 (5 bytes)
Event: 3.805 Thread 0x0000019d3c3ae000 nmethod 3754 0x0000019d2eb44c10 code [0x0000019d2eb44dc0, 0x0000019d2eb44e58]

GC Heap History (14 events):
Event: 0.514 GC heap before
{Heap before GC invocations=0 (full 0):
 garbage-first heap   total 120832K, used 29696K [0x00000000a2400000, 0x0000000100000000)
  region size 1024K, 24 young (24576K), 0 survivors (0K)
 Metaspace       used 9801K, capacity 10002K, committed 10112K, reserved 1058816K
  class space    used 1022K, capacity 1102K, committed 1152K, reserved 1048576K
}
Event: 0.524 GC heap after
{Heap after GC invocations=1 (full 0):
 garbage-first heap   total 120832K, used 8999K [0x00000000a2400000, 0x0000000100000000)
  region size 1024K, 3 young (3072K), 3 survivors (3072K)
 Metaspace       used 9801K, capacity 10002K, committed 10112K, reserved 1058816K
  class space    used 1022K, capacity 1102K, committed 1152K, reserved 1048576K
}
Event: 1.809 GC heap before
{Heap before GC invocations=1 (full 0):
 garbage-first heap   total 120832K, used 77607K [0x00000000a2400000, 0x0000000100000000)
  region size 1024K, 70 young (71680K), 3 survivors (3072K)
 Metaspace       used 17381K, capacity 17782K, committed 17792K, reserved 1064960K
  class space    used 2029K, capacity 2172K, committed 2176K, reserved 1048576K
}
Event: 1.815 GC heap after
{Heap after GC invocations=2 (full 0):
 garbage-first heap   total 120832K, used 16384K [0x00000000a2400000, 0x0000000100000000)
  region size 1024K, 9 young (9216K), 9 survivors (9216K)
 Metaspace       used 17381K, capacity 17782K, committed 17792K, reserved 1064960K
  class space    used 2029K, capacity 2172K, committed 2176K, reserved 1048576K
}
Event: 1.996 GC heap before
{Heap before GC invocations=2 (full 0):
 garbage-first heap   total 120832K, used 44032K [0x00000000a2400000, 0x0000000100000000)
  region size 1024K, 37 young (37888K), 9 survivors (9216K)
 Metaspace       used 20640K, capacity 21156K, committed 21248K, reserved 1067008K
  class space    used 2528K, capacity 2728K, committed 2816K, reserved 1048576K
}
Event: 2.001 GC heap after
{Heap after GC invocations=3 (full 0):
 garbage-first heap   total 120832K, used 16884K [0x00000000a2400000, 0x0000000100000000)
  region size 1024K, 2 young (2048K), 2 survivors (2048K)
 Metaspace       used 20640K, capacity 21156K, committed 21248K, reserved 1067008K
  class space    used 2528K, capacity 2728K, committed 2816K, reserved 1048576K
}
Event: 2.356 GC heap before
{Heap before GC invocations=4 (full 0):
 garbage-first heap   total 120832K, used 62964K [0x00000000a2400000, 0x0000000100000000)
  region size 1024K, 48 young (49152K), 2 survivors (2048K)
 Metaspace       used 25496K, capacity 26082K, committed 26112K, reserved 1071104K
  class space    used 3332K, capacity 3566K, committed 3584K, reserved 1048576K
}
Event: 2.359 GC heap after
{Heap after GC invocations=5 (full 0):
 garbage-first heap   total 120832K, used 18453K [0x00000000a2400000, 0x0000000100000000)
  region size 1024K, 3 young (3072K), 3 survivors (3072K)
 Metaspace       used 25496K, capacity 26082K, committed 26112K, reserved 1071104K
  class space    used 3332K, capacity 3566K, committed 3584K, reserved 1048576K
}
Event: 2.882 GC heap before
{Heap before GC invocations=5 (full 0):
 garbage-first heap   total 120832K, used 72725K [0x00000000a2400000, 0x0000000100000000)
  region size 1024K, 56 young (57344K), 3 survivors (3072K)
 Metaspace       used 32250K, capacity 33029K, committed 33152K, reserved 1077248K
  class space    used 4216K, capacity 4476K, committed 4480K, reserved 1048576K
}
Event: 2.885 GC heap after
{Heap after GC invocations=6 (full 0):
 garbage-first heap   total 120832K, used 21030K [0x00000000a2400000, 0x0000000100000000)
  region size 1024K, 6 young (6144K), 6 survivors (6144K)
 Metaspace       used 32250K, capacity 33029K, committed 33152K, reserved 1077248K
  class space    used 4216K, capacity 4476K, committed 4480K, reserved 1048576K
}
Event: 2.994 GC heap before
{Heap before GC invocations=6 (full 0):
 garbage-first heap   total 120832K, used 28198K [0x00000000a2400000, 0x0000000100000000)
  region size 1024K, 14 young (14336K), 6 survivors (6144K)
 Metaspace       used 34973K, capacity 35782K, committed 35840K, reserved 1081344K
  class space    used 4533K, capacity 4864K, committed 4864K, reserved 1048576K
}
Event: 3.001 GC heap after
{Heap after GC invocations=7 (full 0):
 garbage-first heap   total 120832K, used 22280K [0x00000000a2400000, 0x0000000100000000)
  region size 1024K, 4 young (4096K), 4 survivors (4096K)
 Metaspace       used 34973K, capacity 35782K, committed 35840K, reserved 1081344K
  class space    used 4533K, capacity 4864K, committed 4864K, reserved 1048576K
}
Event: 3.429 GC heap before
{Heap before GC invocations=8 (full 0):
 garbage-first heap   total 120832K, used 83720K [0x00000000a2400000, 0x0000000100000000)
  region size 1024K, 62 young (63488K), 4 survivors (4096K)
 Metaspace       used 39211K, capacity 40153K, committed 40268K, reserved 1083392K
  class space    used 5014K, capacity 5356K, committed 5452K, reserved 1048576K
}
Event: 3.435 GC heap after
{Heap after GC invocations=9 (full 0):
 garbage-first heap   total 120832K, used 27091K [0x00000000a2400000, 0x0000000100000000)
  region size 1024K, 8 young (8192K), 8 survivors (8192K)
 Metaspace       used 39211K, capacity 40153K, committed 40268K, reserved 1083392K
  class space    used 5014K, capacity 5356K, committed 5452K, reserved 1048576K
}

Deoptimization events (20 events):
Event: 3.600 Thread 0x0000019d3de95000 Uncommon trap: trap_request=0xffffff4d fr.pc=0x0000019d2ea91808 relative=0x00000000000000e8
Event: 3.600 Thread 0x0000019d3de95000 Uncommon trap: reason=unstable_if action=reinterpret pc=0x0000019d2ea91808 method=org.objectweb.asm.ByteVector.putShort(I)Lorg/objectweb/asm/ByteVector; @ 13 c2
Event: 3.600 Thread 0x0000019d3de95000 DEOPT PACKING pc=0x0000019d2ea91808 sp=0x00000004856f9ab0
Event: 3.600 Thread 0x0000019d3de95000 DEOPT UNPACKING pc=0x0000019d26ea78af sp=0x00000004856f9a48 mode 2
Event: 3.616 Thread 0x0000019d3de95000 Uncommon trap: trap_request=0xffffff4d fr.pc=0x0000019d2eb061a8 relative=0x0000000000001a28
Event: 3.617 Thread 0x0000019d3de95000 Uncommon trap: reason=unstable_if action=reinterpret pc=0x0000019d2eb061a8 method=java.util.concurrent.ConcurrentHashMap.computeIfAbsent(Ljava/lang/Object;Ljava/util/function/Function;)Ljava/lang/Object; @ 123 c2
Event: 3.617 Thread 0x0000019d3de95000 DEOPT PACKING pc=0x0000019d2eb061a8 sp=0x00000004856fafa0
Event: 3.617 Thread 0x0000019d3de95000 DEOPT UNPACKING pc=0x0000019d26ea78af sp=0x00000004856faf30 mode 2
Event: 3.799 Thread 0x0000019d3de95000 Uncommon trap: trap_request=0xffffff4d fr.pc=0x0000019d2e9a930c relative=0x00000000000001cc
Event: 3.799 Thread 0x0000019d3de95000 Uncommon trap: reason=unstable_if action=reinterpret pc=0x0000019d2e9a930c method=java.net.URI$Parser.scan(IILjava/lang/String;)I @ 26 c2
Event: 3.799 Thread 0x0000019d3de95000 DEOPT PACKING pc=0x0000019d2e9a930c sp=0x00000004856f93f0
Event: 3.799 Thread 0x0000019d3de95000 DEOPT UNPACKING pc=0x0000019d26ea78af sp=0x00000004856f9380 mode 2
Event: 3.799 Thread 0x0000019d3de95000 Uncommon trap: trap_request=0xffffff4d fr.pc=0x0000019d2e9a21d4 relative=0x0000000000000114
Event: 3.799 Thread 0x0000019d3de95000 Uncommon trap: reason=unstable_if action=reinterpret pc=0x0000019d2e9a21d4 method=java.net.URI.match(CJJ)Z @ 45 c2
Event: 3.799 Thread 0x0000019d3de95000 DEOPT PACKING pc=0x0000019d2e9a21d4 sp=0x00000004856f9160
Event: 3.799 Thread 0x0000019d3de95000 DEOPT UNPACKING pc=0x0000019d26ea78af sp=0x00000004856f9098 mode 2
Event: 3.799 Thread 0x0000019d3de95000 Uncommon trap: trap_request=0xffffff4d fr.pc=0x0000019d2e970ae8 relative=0x0000000000000048
Event: 3.799 Thread 0x0000019d3de95000 Uncommon trap: reason=unstable_if action=reinterpret pc=0x0000019d2e970ae8 method=java.net.URI.match(CJJ)Z @ 19 c2
Event: 3.799 Thread 0x0000019d3de95000 DEOPT PACKING pc=0x0000019d2e970ae8 sp=0x00000004856f9170
Event: 3.799 Thread 0x0000019d3de95000 DEOPT UNPACKING pc=0x0000019d26ea78af sp=0x00000004856f9120 mode 2

Classes redefined (0 events):
No events

Internal exceptions (20 events):
Event: 3.410 Thread 0x0000019d3de95000 Exception <a 'java/lang/ClassNotFoundException'{0x00000000a5da1320}: org/gradle/initialization/DefaultProjectDescriptorBeanInfo> (0x00000000a5da1320) thrown at [./src/hotspot/share/classfile/systemDictionary.cpp, line 231]
Event: 3.410 Thread 0x0000019d3de95000 Exception <a 'java/lang/ClassNotFoundException'{0x00000000a5dc6458}: org/gradle/initialization/DefaultProjectDescriptorCustomizer> (0x00000000a5dc6458) thrown at [./src/hotspot/share/classfile/systemDictionary.cpp, line 231]
Event: 3.413 Thread 0x0000019d3de95000 Implicit null exception at 0x0000019d2eaa116f to 0x0000019d2eaa1218
Event: 3.514 Thread 0x0000019d3ee08800 Exception <a 'java/lang/NoSuchMethodError'{0x00000000a90040e0}: <clinit>> (0x00000000a90040e0) thrown at [./src/hotspot/share/prims/jni.cpp, line 1362]
Event: 3.514 Thread 0x0000019d3ee08800 Exception <a 'java/lang/NoSuchMethodError'{0x00000000a90056d0}: <clinit>> (0x00000000a90056d0) thrown at [./src/hotspot/share/prims/jni.cpp, line 1362]
Event: 3.515 Thread 0x0000019d3ee08800 Exception <a 'java/lang/NoSuchMethodError'{0x00000000a9014780}: <clinit>> (0x00000000a9014780) thrown at [./src/hotspot/share/prims/jni.cpp, line 1362]
Event: 3.515 Thread 0x0000019d3ee08800 Exception <a 'java/lang/NoSuchMethodError'{0x00000000a90165d0}: <clinit>> (0x00000000a90165d0) thrown at [./src/hotspot/share/prims/jni.cpp, line 1362]
Event: 3.516 Thread 0x0000019d3ee08800 Exception <a 'java/lang/NoSuchMethodError'{0x00000000a9025990}: <clinit>> (0x00000000a9025990) thrown at [./src/hotspot/share/prims/jni.cpp, line 1362]
Event: 3.687 Thread 0x0000019d3de95000 Exception <a 'java/lang/ClassNotFoundException'{0x00000000a7d15fa8}: build_7tpiz5857nb7a67wvfq7c9t23BeanInfo> (0x00000000a7d15fa8) thrown at [./src/hotspot/share/classfile/systemDictionary.cpp, line 231]
Event: 3.687 Thread 0x0000019d3de95000 Exception <a 'java/lang/ClassNotFoundException'{0x00000000a7d2bdf0}: org/gradle/api/internal/project/ProjectScriptBeanInfo> (0x00000000a7d2bdf0) thrown at [./src/hotspot/share/classfile/systemDictionary.cpp, line 231]
Event: 3.687 Thread 0x0000019d3de95000 Exception <a 'java/lang/ClassNotFoundException'{0x00000000a7d41e08}: org/gradle/api/internal/project/ProjectScriptCustomizer> (0x00000000a7d41e08) thrown at [./src/hotspot/share/classfile/systemDictionary.cpp, line 231]
Event: 3.688 Thread 0x0000019d3de95000 Exception <a 'java/lang/ClassNotFoundException'{0x00000000a7d5cff8}: build_7tpiz5857nb7a67wvfq7c9t23Customizer> (0x00000000a7d5cff8) thrown at [./src/hotspot/share/classfile/systemDictionary.cpp, line 231]
Event: 3.696 Thread 0x0000019d3de95000 Exception <a 'java/lang/ClassNotFoundException'{0x00000000a7dee700}: org/gradle/api/internal/initialization/DefaultScriptHandlerBeanInfo> (0x00000000a7dee700) thrown at [./src/hotspot/share/classfile/systemDictionary.cpp, line 231]
Event: 3.696 Thread 0x0000019d3de95000 Exception <a 'java/lang/ClassNotFoundException'{0x00000000a7c17b90}: org/gradle/api/internal/initialization/DefaultScriptHandlerCustomizer> (0x00000000a7c17b90) thrown at [./src/hotspot/share/classfile/systemDictionary.cpp, line 231]
Event: 3.772 Thread 0x0000019d3de95000 Exception <a 'java/lang/ClassNotFoundException'{0x00000000a75d4fb8}: org/gradle/api/internal/artifacts/dsl/dependencies/DefaultDependencyHandler_DecoratedBeanInfo> (0x00000000a75d4fb8) thrown at [./src/hotspot/share/classfile/systemDictionary.cpp, line 231]
Event: 3.772 Thread 0x0000019d3de95000 Exception <a 'java/lang/ClassNotFoundException'{0x00000000a7413658}: org/gradle/api/internal/artifacts/dsl/dependencies/DefaultDependencyHandlerBeanInfo> (0x00000000a7413658) thrown at [./src/hotspot/share/classfile/systemDictionary.cpp, line 231]
Event: 3.772 Thread 0x0000019d3de95000 Exception <a 'java/lang/ClassNotFoundException'{0x00000000a7451b60}: org/gradle/api/internal/artifacts/dsl/dependencies/DefaultDependencyHandlerCustomizer> (0x00000000a7451b60) thrown at [./src/hotspot/share/classfile/systemDictionary.cpp, line 231]
Event: 3.776 Thread 0x0000019d3de95000 Exception <a 'java/lang/ClassNotFoundException'{0x00000000a74b9178}: org/gradle/api/internal/artifacts/dsl/dependencies/DefaultDependencyHandler_DecoratedCustomizer> (0x00000000a74b9178) thrown at [./src/hotspot/share/classfile/systemDictionary.cpp, line 231]
Event: 3.790 Thread 0x0000019d3de95000 Exception <a 'java/lang/NoSuchMethodError'{0x00000000a73c42e0}: 'java.lang.Object java.lang.invoke.DirectMethodHandle$Holder.invokeStatic(java.lang.Object, java.lang.Object, int, java.lang.Object)'> (0x00000000a73c42e0) thrown at [./src/hotspot/share/interpreter/linkResolver.cpp, line 773]
Event: 3.791 Thread 0x0000019d3de95000 Exception <a 'java/lang/NoSuchMethodError'{0x00000000a73cb578}: 'java.lang.Object java.lang.invoke.Invokers$Holder.linkToTargetMethod(java.lang.Object, int, java.lang.Object, java.lang.Object)'> (0x00000000a73cb578) thrown at [./src/hotspot/share/interpreter/linkResolver.cpp, line 773]

Events (20 events):
Event: 3.809 loading class org/gradle/api/internal/artifacts/ivyservice/resolveengine/store/CachedStoreFactory$Stats
Event: 3.809 loading class org/gradle/api/internal/artifacts/ivyservice/resolveengine/store/CachedStoreFactory$Stats done
Event: 3.810 loading class org/gradle/api/internal/artifacts/ivyservice/resolveengine/store/CachedStoreFactory$SimpleStore
Event: 3.810 loading class org/gradle/api/internal/artifacts/ivyservice/resolveengine/store/CachedStoreFactory$SimpleStore done
Event: 3.810 loading class org/gradle/api/internal/artifacts/ivyservice/resolveengine/oldresult/TransientConfigurationResultsBuilder
Event: 3.810 loading class org/gradle/api/internal/artifacts/ivyservice/resolveengine/oldresult/TransientConfigurationResultsBuilder done
Event: 3.811 loading class org/gradle/api/internal/artifacts/ivyservice/resolveengine/oldresult/TransientConfigurationResults
Event: 3.811 loading class org/gradle/api/internal/artifacts/ivyservice/resolveengine/oldresult/TransientConfigurationResults done
Event: 3.811 loading class org/gradle/api/artifacts/ResolvedDependency
Event: 3.811 loading class org/gradle/api/artifacts/ResolvedDependency done
Event: 3.811 loading class org/gradle/api/internal/artifacts/ResolvedConfigurationIdentifierSerializer
Event: 3.811 loading class org/gradle/api/internal/artifacts/ResolvedConfigurationIdentifierSerializer done
Event: 3.812 loading class org/gradle/api/internal/artifacts/ivyservice/resolveengine/oldresult/DefaultResolvedConfigurationBuilder
Event: 3.812 loading class org/gradle/api/internal/artifacts/ivyservice/resolveengine/oldresult/DefaultResolvedConfigurationBuilder done
Event: 3.812 loading class org/gradle/api/internal/artifacts/ivyservice/resolveengine/oldresult/ResolvedGraphResults
Event: 3.812 loading class org/gradle/api/internal/artifacts/ivyservice/resolveengine/oldresult/ResolvedGraphResults done
Event: 3.812 loading class org/gradle/api/internal/artifacts/ivyservice/resolveengine/oldresult/ResolvedConfigurationDependencyGraphVisitor
Event: 3.812 loading class org/gradle/api/internal/artifacts/ivyservice/resolveengine/oldresult/ResolvedConfigurationDependencyGraphVisitor done
Event: 3.813 loading class org/gradle/api/internal/artifacts/ivyservice/resolveengine/graph/DependencyGraphNode
Event: 3.813 loading class org/gradle/api/internal/artifacts/ivyservice/resolveengine/graph/DependencyGraphNode done


Dynamic libraries:
0x00007ff732110000 - 0x00007ff73211a000 	C:\Program Files\Android\Android Studio\jre\bin\java.exe
0x00007ffd2e0e0000 - 0x00007ffd2e2e7000 	C:\WINDOWS\SYSTEM32\ntdll.dll
0x00007ffd2d440000 - 0x00007ffd2d4fd000 	C:\WINDOWS\System32\KERNEL32.DLL
0x00007ffd2bb50000 - 0x00007ffd2bec4000 	C:\WINDOWS\System32\KERNELBASE.dll
0x00007ffd2b900000 - 0x00007ffd2ba11000 	C:\WINDOWS\System32\ucrtbase.dll
0x00007ffd0fcc0000 - 0x00007ffd0fcd9000 	C:\Program Files\Android\Android Studio\jre\bin\jli.dll
0x00007ffd02bb0000 - 0x00007ffd02bc7000 	C:\Program Files\Android\Android Studio\jre\bin\VCRUNTIME140.dll
0x00007ffd2d520000 - 0x00007ffd2d6cc000 	C:\WINDOWS\System32\USER32.dll
0x00007ffd18fa0000 - 0x00007ffd19245000 	C:\WINDOWS\WinSxS\amd64_microsoft.windows.common-controls_6595b64144ccf1df_6.0.22000.120_none_9d947278b86cc467\COMCTL32.dll
0x00007ffd2b8d0000 - 0x00007ffd2b8f6000 	C:\WINDOWS\System32\win32u.dll
0x00007ffd2dea0000 - 0x00007ffd2df43000 	C:\WINDOWS\System32\msvcrt.dll
0x00007ffd2bf70000 - 0x00007ffd2bf99000 	C:\WINDOWS\System32\GDI32.dll
0x00007ffd2b5c0000 - 0x00007ffd2b6d2000 	C:\WINDOWS\System32\gdi32full.dll
0x00007ffd2bed0000 - 0x00007ffd2bf6d000 	C:\WINDOWS\System32\msvcp_win.dll
0x00007ffd2c880000 - 0x00007ffd2c8b1000 	C:\WINDOWS\System32\IMM32.DLL
0x00007ffced2e0000 - 0x00007ffced37d000 	C:\Program Files\Android\Android Studio\jre\bin\msvcp140.dll
0x00007ffcde9f0000 - 0x00007ffcdf4bf000 	C:\Program Files\Android\Android Studio\jre\bin\server\jvm.dll
0x00007ffd2c5c0000 - 0x00007ffd2c66c000 	C:\WINDOWS\System32\ADVAPI32.dll
0x00007ffd2d850000 - 0x00007ffd2d8ed000 	C:\WINDOWS\System32\sechost.dll
0x00007ffd2c430000 - 0x00007ffd2c551000 	C:\WINDOWS\System32\RPCRT4.dll
0x00007ffd2e000000 - 0x00007ffd2e008000 	C:\WINDOWS\System32\PSAPI.DLL
0x00007ffd21b30000 - 0x00007ffd21b3a000 	C:\WINDOWS\SYSTEM32\VERSION.dll
0x00007ffd29170000 - 0x00007ffd291a3000 	C:\WINDOWS\SYSTEM32\WINMM.dll
0x00007ffd14f10000 - 0x00007ffd14f19000 	C:\WINDOWS\SYSTEM32\WSOCK32.dll
0x00007ffd2c8c0000 - 0x00007ffd2c92f000 	C:\WINDOWS\System32\WS2_32.dll
0x00007ffd2a750000 - 0x00007ffd2a768000 	C:\WINDOWS\SYSTEM32\kernel.appcore.dll
0x00007ffd29280000 - 0x00007ffd29291000 	C:\Program Files\Android\Android Studio\jre\bin\verify.dll
0x00007ffd28e50000 - 0x00007ffd29071000 	C:\WINDOWS\SYSTEM32\DBGHELP.DLL
0x00007ffd28cf0000 - 0x00007ffd28d21000 	C:\WINDOWS\SYSTEM32\dbgcore.DLL
0x00007ffd2b6e0000 - 0x00007ffd2b760000 	C:\WINDOWS\System32\bcryptPrimitives.dll
0x00007ffd27a30000 - 0x00007ffd27a59000 	C:\Program Files\Android\Android Studio\jre\bin\java.dll
0x00007ffd29310000 - 0x00007ffd2931b000 	C:\Program Files\Android\Android Studio\jre\bin\jimage.dll
0x00007ffd28ac0000 - 0x00007ffd28ad8000 	C:\Program Files\Android\Android Studio\jre\bin\zip.dll
0x00007ffd2c930000 - 0x00007ffd2d0da000 	C:\WINDOWS\System32\SHELL32.dll
0x00007ffd29760000 - 0x00007ffd29fc2000 	C:\WINDOWS\SYSTEM32\windows.storage.dll
0x00007ffd2d8f0000 - 0x00007ffd2dc68000 	C:\WINDOWS\System32\combase.dll
0x00007ffd295f0000 - 0x00007ffd29756000 	C:\WINDOWS\SYSTEM32\wintypes.dll
0x00007ffd2c790000 - 0x00007ffd2c87a000 	C:\WINDOWS\System32\SHCORE.dll
0x00007ffd2de40000 - 0x00007ffd2de9d000 	C:\WINDOWS\System32\shlwapi.dll
0x00007ffd2b4f0000 - 0x00007ffd2b511000 	C:\WINDOWS\SYSTEM32\profapi.dll
0x00007ffd277a0000 - 0x00007ffd277ba000 	C:\Program Files\Android\Android Studio\jre\bin\net.dll
0x00007ffd26720000 - 0x00007ffd2682c000 	C:\WINDOWS\SYSTEM32\WINHTTP.dll
0x00007ffd2ab70000 - 0x00007ffd2abd7000 	C:\WINDOWS\system32\mswsock.dll
0x00007ffd27770000 - 0x00007ffd27784000 	C:\Program Files\Android\Android Studio\jre\bin\nio.dll
0x00007ffd265a0000 - 0x00007ffd265c7000 	C:\Users\DELL\.gradle\native\8bec1ad78214c89d9ad589b4d07fe93259594b29d510b10fafb7a158f7737e5d\windows-amd64\native-platform.dll
0x00007ffcf05e0000 - 0x00007ffcf071d000 	C:\Users\DELL\.gradle\native\53dbd7edfb1c66fb8903c78663c9afc45aea4f116125fa6feffd364cf09443e8\windows-amd64\native-platform-file-events.dll
0x00007ffd27a10000 - 0x00007ffd27a1a000 	C:\Program Files\Android\Android Studio\jre\bin\management.dll
0x00007ffd27920000 - 0x00007ffd2792c000 	C:\Program Files\Android\Android Studio\jre\bin\management_ext.dll
0x00007ffd2ae20000 - 0x00007ffd2ae38000 	C:\WINDOWS\SYSTEM32\CRYPTSP.dll
0x00007ffd2a6b0000 - 0x00007ffd2a6e5000 	C:\WINDOWS\system32\rsaenh.dll
0x00007ffd2acd0000 - 0x00007ffd2acf9000 	C:\WINDOWS\SYSTEM32\USERENV.dll
0x00007ffd2afa0000 - 0x00007ffd2afc7000 	C:\WINDOWS\SYSTEM32\bcrypt.dll
0x00007ffd2ae40000 - 0x00007ffd2ae4c000 	C:\WINDOWS\SYSTEM32\CRYPTBASE.dll
0x00007ffd2a210000 - 0x00007ffd2a23d000 	C:\WINDOWS\SYSTEM32\IPHLPAPI.DLL
0x00007ffd2bfa0000 - 0x00007ffd2bfa9000 	C:\WINDOWS\System32\NSI.dll
0x00007ffd25ee0000 - 0x00007ffd25ef9000 	C:\WINDOWS\SYSTEM32\dhcpcsvc6.DLL
0x00007ffd25fb0000 - 0x00007ffd25fce000 	C:\WINDOWS\SYSTEM32\dhcpcsvc.DLL
0x00007ffd2a240000 - 0x00007ffd2a327000 	C:\WINDOWS\SYSTEM32\DNSAPI.dll

dbghelp: loaded successfully - version: 4.0.5 - missing functions: none
symbol engine: initialized successfully - sym options: 0x614 - pdb path: .;C:\Program Files\Android\Android Studio\jre\bin;C:\WINDOWS\SYSTEM32;C:\WINDOWS\WinSxS\amd64_microsoft.windows.common-controls_6595b64144ccf1df_6.0.22000.120_none_9d947278b86cc467;C:\Program Files\Android\Android Studio\jre\bin\server;C:\Users\DELL\.gradle\native\8bec1ad78214c89d9ad589b4d07fe93259594b29d510b10fafb7a158f7737e5d\windows-amd64;C:\Users\DELL\.gradle\native\53dbd7edfb1c66fb8903c78663c9afc45aea4f116125fa6feffd364cf09443e8\windows-amd64

VM Arguments:
jvm_args: --add-opens=java.base/java.util=ALL-UNNAMED --add-opens=java.base/java.lang=ALL-UNNAMED --add-opens=java.base/java.lang.invoke=ALL-UNNAMED --add-opens=java.base/java.util=ALL-UNNAMED --add-opens=java.prefs/java.util.prefs=ALL-UNNAMED --add-opens=java.prefs/java.util.prefs=ALL-UNNAMED --add-opens=java.base/java.nio.charset=ALL-UNNAMED --add-opens=java.base/java.net=ALL-UNNAMED --add-opens=java.base/java.util.concurrent.atomic=ALL-UNNAMED -Xmx1500m -Dfile.encoding=UTF-8 -Duser.country=US -Duser.language=en -Duser.variant 
java_command: org.gradle.launcher.daemon.bootstrap.GradleDaemon 7.0.2
java_class_path (initial): C:\Users\DELL\.gradle\wrapper\dists\gradle-7.0.2-bin\857tjihv64xamwrf0h14cai3r\gradle-7.0.2\lib\gradle-launcher-7.0.2.jar
Launcher Type: SUN_STANDARD

[Global flags]
     intx CICompilerCount                          = 4                                         {product} {ergonomic}
     uint ConcGCThreads                            = 2                                         {product} {ergonomic}
     uint G1ConcRefinementThreads                  = 8                                         {product} {ergonomic}
   size_t G1HeapRegionSize                         = 1048576                                   {product} {ergonomic}
    uintx GCDrainStackTargetSize                   = 64                                        {product} {ergonomic}
   size_t InitialHeapSize                          = 123731968                                 {product} {ergonomic}
   size_t MarkStackSize                            = 4194304                                   {product} {ergonomic}
   size_t MaxHeapSize                              = 1572864000                                {product} {command line}
   size_t MaxNewSize                               = 943718400                                 {product} {ergonomic}
   size_t MinHeapDeltaBytes                        = 1048576                                   {product} {ergonomic}
    uintx NonNMethodCodeHeapSize                   = 5836300                                {pd product} {ergonomic}
    uintx NonProfiledCodeHeapSize                  = 122910970                              {pd product} {ergonomic}
    uintx ProfiledCodeHeapSize                     = 122910970                              {pd product} {ergonomic}
    uintx ReservedCodeCacheSize                    = 251658240                              {pd product} {ergonomic}
     bool SegmentedCodeCache                       = true                                      {product} {ergonomic}
     bool UseCompressedClassPointers               = true                                 {lp64_product} {ergonomic}
     bool UseCompressedOops                        = true                                 {lp64_product} {ergonomic}
     bool UseG1GC                                  = true                                      {product} {ergonomic}
     bool UseLargePagesIndividualAllocation        = false                                  {pd product} {ergonomic}

Logging:
Log output configuration:
 #0: stdout all=warning uptime,level,tags
 #1: stderr all=off uptime,level,tags

Environment Variables:
PATH=C:\app\DELL\product\21c\dbhomeXE\bin;D:\db_home\bin;C:\db_home\bin;C:\Program Files (x86)\VMware\VMware Player\bin\;C:\Program Files\Python39\Scripts\;C:\Program Files\Python39\;C:\Program Files\Common Files\Oracle\Java\javapath;C:\WINDOWS\system32;C:\WINDOWS;C:\WINDOWS\System32\Wbem;C:\WINDOWS\System32\WindowsPowerShell\v1.0\;C:\WINDOWS\System32\OpenSSH\;C:\Program Files\Git\cmd;C:\Program Files (x86)\dotnet\;C:\Users\DELL\AppData\Local\Microsoft\WindowsApps;C:\Users\DELL\AppData\Local\Programs\Microsoft VS Code\bin;C:\Program Files\CodeBlocks\MinGW\bin;C:\Program Files\JetBrains\PyCharm Community Edition 2021.2.1\bin;C:\Users\DELL\AppData\Local\atom\bin;%USERPROFILE%\AppData\Local\Microsoft\WindowsApps;
USERNAME=DELL
OS=Windows_NT
PROCESSOR_IDENTIFIER=AMD64 Family 23 Model 96 Stepping 1, AuthenticAMD



---------------  S Y S T E M  ---------------

OS: Windows 10 , 64 bit Build 22000 (10.0.22000.318)
OS uptime: 1 days 7:19 hours

CPU:total 8 (initial active 8) (8 cores per cpu, 1 threads per core) family 23 model 96 stepping 1 microcode 0x0, cmov, cx8, fxsr, mmx, sse, sse2, sse3, ssse3, sse4.1, sse4.2, popcnt, avx, avx2, aes, clmul, mmxext, 3dnowpref, lzcnt, sse4a, tsc, tscinvbit, tscinv, bmi1, bmi2, adx, sha, 

Memory: 4k page, system-wide physical 7545M (810M free)
TotalPageFile size 7545M (AvailPageFile size 0M)
current process WorkingSet (physical memory assigned to process): 286M, peak: 289M
current process commit charge ("private bytes"): 341M, peak: 343M

vm_info: OpenJDK 64-Bit Server VM (11.0.10+0-b96-7249189) for windows-amd64 JRE (11.0.10+0-b96-7249189), built on Mar 31 2021 21:44:00 by "builder" with MS VC++ 14.0 (VS2015)

END.
