#
# There is insufficient memory for the Java Runtime Environment to continue.
# Native memory allocation (malloc) failed to allocate 293136 bytes for Chunk::new
# Possible reasons:
#   The system is out of physical RAM or swap space
#   The process is running with CompressedOops enabled, and the Java Heap may be blocking the growth of the native heap
# Possible solutions:
#   Reduce memory load on the system
#   Increase physical memory or swap space
#   Check if swap backing store is full
#   Decrease Java heap size (-Xmx/-Xms)
#   Decrease number of Java threads
#   Decrease Java thread stack sizes (-Xss)
#   Set larger code cache with -XX:ReservedCodeCacheSize=
#   JVM is running with Unscaled Compressed Oops mode in which the Java heap is
#     placed in the first 4GB address space. The Java Heap base address is the
#     maximum limit for the native heap growth. Please use -XX:HeapBaseMinAddress
#     to set the Java Heap base and to place the Java Heap above 4GB virtual address.
# This output file may be truncated or incomplete.
#
#  Out of Memory Error (./src/hotspot/share/memory/arena.cpp:197), pid=9240, tid=11300
#
# JRE version: OpenJDK Runtime Environment (11.0.10) (build 11.0.10+0-b96-7249189)
# Java VM: OpenJDK 64-Bit Server VM (11.0.10+0-b96-7249189, mixed mode, tiered, compressed oops, g1 gc, windows-amd64)
# No core dump will be written. Minidumps are not enabled by default on client versions of Windows
#

---------------  S U M M A R Y ------------

Command Line: --add-opens=java.base/java.util=ALL-UNNAMED --add-opens=java.base/java.lang=ALL-UNNAMED --add-opens=java.base/java.lang.invoke=ALL-UNNAMED --add-opens=java.base/java.util=ALL-UNNAMED --add-opens=java.prefs/java.util.prefs=ALL-UNNAMED --add-opens=java.prefs/java.util.prefs=ALL-UNNAMED --add-opens=java.base/java.nio.charset=ALL-UNNAMED --add-opens=java.base/java.net=ALL-UNNAMED --add-opens=java.base/java.util.concurrent.atomic=ALL-UNNAMED -XX:MaxMetaspaceSize=256m -XX:+HeapDumpOnOutOfMemoryError -Xms256m -Xmx512m -Dfile.encoding=windows-1252 -Duser.country=US -Duser.language=en -Duser.variant org.gradle.launcher.daemon.bootstrap.GradleDaemon 7.0.2

Host: AMD Ryzen 7 4700U with Radeon Graphics         , 8 cores, 7G,  Windows 10 , 64 bit Build 22000 (10.0.22000.318)
Time: Mon Dec 13 22:25:06 2021 Pakistan Standard Time elapsed time: 2.222378 seconds (0d 0h 0m 2s)

---------------  T H R E A D  ---------------

Current thread (0x000002abacaa2000):  JavaThread "C2 CompilerThread0" daemon [_thread_in_native, id=11300, stack(0x000000f002c00000,0x000000f002d00000)]


Current CompileTask:
C2:   2222 1895       4       jdk.internal.org.objectweb.asm.ClassWriter::newUTF8 (70 bytes)

Stack: [0x000000f002c00000,0x000000f002d00000]
Native frames: (J=compiled Java code, j=interpreted, Vv=VM code, C=native code)
V  [jvm.dll+0x5ecfaa]
V  [jvm.dll+0x722bd5]
V  [jvm.dll+0x72412d]
V  [jvm.dll+0x7247e3]
V  [jvm.dll+0x242928]
V  [jvm.dll+0xbc4fc]
V  [jvm.dll+0xbca0c]
V  [jvm.dll+0x352d7d]
V  [jvm.dll+0x320ad3]
V  [jvm.dll+0x31ffca]
V  [jvm.dll+0x1fb602]
V  [jvm.dll+0x1fa7f4]
V  [jvm.dll+0x18354c]
V  [jvm.dll+0x208ee7]
V  [jvm.dll+0x207731]
V  [jvm.dll+0x6eb1cf]
V  [jvm.dll+0x6e3d45]
V  [jvm.dll+0x5ebe96]
C  [ucrtbase.dll+0x26c0c]
C  [KERNEL32.DLL+0x154e0]
C  [ntdll.dll+0x485b]


---------------  P R O C E S S  ---------------

Threads class SMR info:
_java_thread_list=0x000002abaf47e9e0, length=22, elements={
0x000002ab93f8c800, 0x000002abaca69800, 0x000002abad2b4000, 0x000002abaca98800,
0x000002abaca99800, 0x000002abaca9a800, 0x000002abacaa2000, 0x000002abacaa3000,
0x000002abad303000, 0x000002abad46e800, 0x000002abaecf4000, 0x000002abadc23800,
0x000002abaec91800, 0x000002abaf394800, 0x000002abaea47800, 0x000002abaed7e000,
0x000002abaed82000, 0x000002abaed7f800, 0x000002abaed82800, 0x000002abaed80000,
0x000002abaed7d000, 0x000002abaed7e800
}

Java Threads: ( => current thread )
  0x000002ab93f8c800 JavaThread "main" [_thread_blocked, id=9336, stack(0x000000f002000000,0x000000f002100000)]
  0x000002abaca69800 JavaThread "Reference Handler" daemon [_thread_blocked, id=14096, stack(0x000000f002700000,0x000000f002800000)]
  0x000002abad2b4000 JavaThread "Finalizer" daemon [_thread_blocked, id=2108, stack(0x000000f002800000,0x000000f002900000)]
  0x000002abaca98800 JavaThread "Signal Dispatcher" daemon [_thread_blocked, id=1616, stack(0x000000f002900000,0x000000f002a00000)]
  0x000002abaca99800 JavaThread "Attach Listener" daemon [_thread_blocked, id=11184, stack(0x000000f002a00000,0x000000f002b00000)]
  0x000002abaca9a800 JavaThread "Service Thread" daemon [_thread_blocked, id=10836, stack(0x000000f002b00000,0x000000f002c00000)]
=>0x000002abacaa2000 JavaThread "C2 CompilerThread0" daemon [_thread_in_native, id=11300, stack(0x000000f002c00000,0x000000f002d00000)]
  0x000002abacaa3000 JavaThread "C1 CompilerThread0" daemon [_thread_in_vm, id=11320, stack(0x000000f002d00000,0x000000f002e00000)]
  0x000002abad303000 JavaThread "Sweeper thread" daemon [_thread_blocked, id=2488, stack(0x000000f002e00000,0x000000f002f00000)]
  0x000002abad46e800 JavaThread "Common-Cleaner" daemon [_thread_blocked, id=12488, stack(0x000000f002f00000,0x000000f003000000)]
  0x000002abaecf4000 JavaThread "Daemon health stats" [_thread_blocked, id=12968, stack(0x000000f003800000,0x000000f003900000)]
  0x000002abadc23800 JavaThread "Incoming local TCP Connector on port 49694" [_thread_in_native, id=7064, stack(0x000000f003100000,0x000000f003200000)]
  0x000002abaec91800 JavaThread "Daemon periodic checks" [_thread_blocked, id=13848, stack(0x000000f003200000,0x000000f003300000)]
  0x000002abaf394800 JavaThread "Daemon" [_thread_blocked, id=1380, stack(0x000000f003900000,0x000000f003a00000)]
  0x000002abaea47800 JavaThread "Handler for socket connection from /127.0.0.1:49694 to /127.0.0.1:49695" [_thread_in_native, id=6296, stack(0x000000f003a00000,0x000000f003b00000)]
  0x000002abaed7e000 JavaThread "Cancel handler" [_thread_blocked, id=12384, stack(0x000000f003b00000,0x000000f003c00000)]
  0x000002abaed82000 JavaThread "Daemon worker" [_thread_in_Java, id=5712, stack(0x000000f003c00000,0x000000f003d00000)]
  0x000002abaed7f800 JavaThread "Asynchronous log dispatcher for DefaultDaemonConnection: socket connection from /127.0.0.1:49694 to /127.0.0.1:49695" [_thread_blocked, id=8520, stack(0x000000f003d00000,0x000000f003e00000)]
  0x000002abaed82800 JavaThread "Stdin handler" [_thread_blocked, id=12632, stack(0x000000f003e00000,0x000000f003f00000)]
  0x000002abaed80000 JavaThread "Daemon client event forwarder" [_thread_blocked, id=10964, stack(0x000000f003f00000,0x000000f004000000)]
  0x000002abaed7d000 JavaThread "Cache worker for file hash cache (C:\Users\DELL\.gradle\caches\7.0.2\fileHashes)" [_thread_blocked, id=8660, stack(0x000000f004000000,0x000000f004100000)]
  0x000002abaed7e800 JavaThread "File lock request listener" [_thread_in_native, id=13664, stack(0x000000f004100000,0x000000f004200000)]

Other Threads:
  0x000002abaca67800 VMThread "VM Thread" [stack: 0x000000f002600000,0x000000f002700000] [id=9232]
  0x000002abad476800 WatcherThread [stack: 0x000000f003000000,0x000000f003100000] [id=3888]
  0x000002ab93fa8000 GCTaskThread "GC Thread#0" [stack: 0x000000f002100000,0x000000f002200000] [id=4676]
  0x000002abae324800 GCTaskThread "GC Thread#1" [stack: 0x000000f003300000,0x000000f003400000] [id=5028]
  0x000002abae044800 GCTaskThread "GC Thread#2" [stack: 0x000000f003400000,0x000000f003500000] [id=6796]
  0x000002abad945800 GCTaskThread "GC Thread#3" [stack: 0x000000f003500000,0x000000f003600000] [id=13420]
  0x000002abad946800 GCTaskThread "GC Thread#4" [stack: 0x000000f003600000,0x000000f003700000] [id=4696]
  0x000002abadc85800 GCTaskThread "GC Thread#5" [stack: 0x000000f003700000,0x000000f003800000] [id=10308]
  0x000002abaed8f000 GCTaskThread "GC Thread#6" [stack: 0x000000f004200000,0x000000f004300000] [id=1348]
  0x000002abaebfe000 GCTaskThread "GC Thread#7" [stack: 0x000000f004300000,0x000000f004400000] [id=13320]
  0x000002ab93fb8800 ConcurrentGCThread "G1 Main Marker" [stack: 0x000000f002200000,0x000000f002300000] [id=4004]
  0x000002ab93fbb000 ConcurrentGCThread "G1 Conc#0" [stack: 0x000000f002300000,0x000000f002400000] [id=4016]
  0x000002abae1d8000 ConcurrentGCThread "G1 Conc#1" [stack: 0x000000f004400000,0x000000f004500000] [id=2288]
  0x000002abac8fc800 ConcurrentGCThread "G1 Refine#0" [stack: 0x000000f002400000,0x000000f002500000] [id=12976]
  0x000002abac8fd000 ConcurrentGCThread "G1 Young RemSet Sampling" [stack: 0x000000f002500000,0x000000f002600000] [id=7328]

Threads with active compile tasks:
C2 CompilerThread0   2240 1895       4       jdk.internal.org.objectweb.asm.ClassWriter::newUTF8 (70 bytes)
C1 CompilerThread0   2240 1911       3       java.lang.invoke.VarHandleGuards::guard_LL_V (103 bytes)

VM state:not at safepoint (normal execution)

VM Mutex/Monitor currently owned by a thread: None

Heap address: 0x00000000e0000000, size: 512 MB, Compressed Oops mode: 32-bit
Narrow klass base: 0x0000000000000000, Narrow klass shift: 3
Compressed class space size: 260046848 Address: 0x0000000100000000

Heap:
 garbage-first heap   total 262144K, used 19713K [0x00000000e0000000, 0x0000000100000000)
  region size 1024K, 14 young (14336K), 10 survivors (10240K)
 Metaspace       used 20923K, capacity 21449K, committed 21504K, reserved 274432K
  class space    used 2585K, capacity 2765K, committed 2816K, reserved 253952K
Heap Regions: E=young(eden), S=young(survivor), O=old, HS=humongous(starts), HC=humongous(continues), CS=collection set, F=free, A=archive, TAMS=top-at-mark-start (previous, next)
|   0|0x00000000e0000000, 0x00000000e0000000, 0x00000000e0100000|  0%| F|  |TAMS 0x00000000e0000000, 0x00000000e0000000| Untracked 
|   1|0x00000000e0100000, 0x00000000e0100000, 0x00000000e0200000|  0%| F|  |TAMS 0x00000000e0100000, 0x00000000e0100000| Untracked 
|   2|0x00000000e0200000, 0x00000000e0200000, 0x00000000e0300000|  0%| F|  |TAMS 0x00000000e0200000, 0x00000000e0200000| Untracked 
|   3|0x00000000e0300000, 0x00000000e0400000, 0x00000000e0400000|100%|HS|  |TAMS 0x00000000e0400000, 0x00000000e0300000| Complete 
|   4|0x00000000e0400000, 0x00000000e0500000, 0x00000000e0500000|100%|HC|  |TAMS 0x00000000e0500000, 0x00000000e0400000| Complete 
|   5|0x00000000e0500000, 0x00000000e0600000, 0x00000000e0600000|100%|HC|  |TAMS 0x00000000e0600000, 0x00000000e0500000| Complete 
|   6|0x00000000e0600000, 0x00000000e0700000, 0x00000000e0700000|100%| O|  |TAMS 0x00000000e0700000, 0x00000000e0600000| Untracked 
|   7|0x00000000e0700000, 0x00000000e0800000, 0x00000000e0800000|100%| O|  |TAMS 0x00000000e0800000, 0x00000000e0700000| Untracked 
|   8|0x00000000e0800000, 0x00000000e0900000, 0x00000000e0900000|100%| O|  |TAMS 0x00000000e0900000, 0x00000000e0800000| Untracked 
|   9|0x00000000e0900000, 0x00000000e0945400, 0x00000000e0a00000| 27%| O|  |TAMS 0x00000000e0945400, 0x00000000e0900000| Untracked 
|  10|0x00000000e0a00000, 0x00000000e0a00000, 0x00000000e0b00000|  0%| F|  |TAMS 0x00000000e0a00000, 0x00000000e0a00000| Untracked 
|  11|0x00000000e0b00000, 0x00000000e0b00000, 0x00000000e0c00000|  0%| F|  |TAMS 0x00000000e0b00000, 0x00000000e0b00000| Untracked 
|  12|0x00000000e0c00000, 0x00000000e0c00000, 0x00000000e0d00000|  0%| F|  |TAMS 0x00000000e0c00000, 0x00000000e0c00000| Untracked 
|  13|0x00000000e0d00000, 0x00000000e0d00000, 0x00000000e0e00000|  0%| F|  |TAMS 0x00000000e0d00000, 0x00000000e0d00000| Untracked 
|  14|0x00000000e0e00000, 0x00000000e0e00000, 0x00000000e0f00000|  0%| F|  |TAMS 0x00000000e0e00000, 0x00000000e0e00000| Untracked 
|  15|0x00000000e0f00000, 0x00000000e0f00000, 0x00000000e1000000|  0%| F|  |TAMS 0x00000000e0f00000, 0x00000000e0f00000| Untracked 
|  16|0x00000000e1000000, 0x00000000e1000000, 0x00000000e1100000|  0%| F|  |TAMS 0x00000000e1000000, 0x00000000e1000000| Untracked 
|  17|0x00000000e1100000, 0x00000000e1100000, 0x00000000e1200000|  0%| F|  |TAMS 0x00000000e1100000, 0x00000000e1100000| Untracked 
|  18|0x00000000e1200000, 0x00000000e1200000, 0x00000000e1300000|  0%| F|  |TAMS 0x00000000e1200000, 0x00000000e1200000| Untracked 
|  19|0x00000000e1300000, 0x00000000e1300000, 0x00000000e1400000|  0%| F|  |TAMS 0x00000000e1300000, 0x00000000e1300000| Untracked 
|  20|0x00000000e1400000, 0x00000000e1400000, 0x00000000e1500000|  0%| F|  |TAMS 0x00000000e1400000, 0x00000000e1400000| Untracked 
|  21|0x00000000e1500000, 0x00000000e1500000, 0x00000000e1600000|  0%| F|  |TAMS 0x00000000e1500000, 0x00000000e1500000| Untracked 
|  22|0x00000000e1600000, 0x00000000e1600000, 0x00000000e1700000|  0%| F|  |TAMS 0x00000000e1600000, 0x00000000e1600000| Untracked 
|  23|0x00000000e1700000, 0x00000000e1700000, 0x00000000e1800000|  0%| F|  |TAMS 0x00000000e1700000, 0x00000000e1700000| Untracked 
|  24|0x00000000e1800000, 0x00000000e1800000, 0x00000000e1900000|  0%| F|  |TAMS 0x00000000e1800000, 0x00000000e1800000| Untracked 
|  25|0x00000000e1900000, 0x00000000e1900000, 0x00000000e1a00000|  0%| F|  |TAMS 0x00000000e1900000, 0x00000000e1900000| Untracked 
|  26|0x00000000e1a00000, 0x00000000e1a00000, 0x00000000e1b00000|  0%| F|  |TAMS 0x00000000e1a00000, 0x00000000e1a00000| Untracked 
|  27|0x00000000e1b00000, 0x00000000e1b00000, 0x00000000e1c00000|  0%| F|  |TAMS 0x00000000e1b00000, 0x00000000e1b00000| Untracked 
|  28|0x00000000e1c00000, 0x00000000e1c00000, 0x00000000e1d00000|  0%| F|  |TAMS 0x00000000e1c00000, 0x00000000e1c00000| Untracked 
|  29|0x00000000e1d00000, 0x00000000e1d00000, 0x00000000e1e00000|  0%| F|  |TAMS 0x00000000e1d00000, 0x00000000e1d00000| Untracked 
|  30|0x00000000e1e00000, 0x00000000e1e00000, 0x00000000e1f00000|  0%| F|  |TAMS 0x00000000e1e00000, 0x00000000e1e00000| Untracked 
|  31|0x00000000e1f00000, 0x00000000e1f00000, 0x00000000e2000000|  0%| F|  |TAMS 0x00000000e1f00000, 0x00000000e1f00000| Untracked 
|  32|0x00000000e2000000, 0x00000000e2000000, 0x00000000e2100000|  0%| F|  |TAMS 0x00000000e2000000, 0x00000000e2000000| Untracked 
|  33|0x00000000e2100000, 0x00000000e2100000, 0x00000000e2200000|  0%| F|  |TAMS 0x00000000e2100000, 0x00000000e2100000| Untracked 
|  34|0x00000000e2200000, 0x00000000e2200000, 0x00000000e2300000|  0%| F|  |TAMS 0x00000000e2200000, 0x00000000e2200000| Untracked 
|  35|0x00000000e2300000, 0x00000000e2300000, 0x00000000e2400000|  0%| F|  |TAMS 0x00000000e2300000, 0x00000000e2300000| Untracked 
|  36|0x00000000e2400000, 0x00000000e2400000, 0x00000000e2500000|  0%| F|  |TAMS 0x00000000e2400000, 0x00000000e2400000| Untracked 
|  37|0x00000000e2500000, 0x00000000e2500000, 0x00000000e2600000|  0%| F|  |TAMS 0x00000000e2500000, 0x00000000e2500000| Untracked 
|  38|0x00000000e2600000, 0x00000000e2600000, 0x00000000e2700000|  0%| F|  |TAMS 0x00000000e2600000, 0x00000000e2600000| Untracked 
|  39|0x00000000e2700000, 0x00000000e2700000, 0x00000000e2800000|  0%| F|  |TAMS 0x00000000e2700000, 0x00000000e2700000| Untracked 
|  40|0x00000000e2800000, 0x00000000e2800000, 0x00000000e2900000|  0%| F|  |TAMS 0x00000000e2800000, 0x00000000e2800000| Untracked 
|  41|0x00000000e2900000, 0x00000000e2900000, 0x00000000e2a00000|  0%| F|  |TAMS 0x00000000e2900000, 0x00000000e2900000| Untracked 
|  42|0x00000000e2a00000, 0x00000000e2a00000, 0x00000000e2b00000|  0%| F|  |TAMS 0x00000000e2a00000, 0x00000000e2a00000| Untracked 
|  43|0x00000000e2b00000, 0x00000000e2b00000, 0x00000000e2c00000|  0%| F|  |TAMS 0x00000000e2b00000, 0x00000000e2b00000| Untracked 
|  44|0x00000000e2c00000, 0x00000000e2c00000, 0x00000000e2d00000|  0%| F|  |TAMS 0x00000000e2c00000, 0x00000000e2c00000| Untracked 
|  45|0x00000000e2d00000, 0x00000000e2d00000, 0x00000000e2e00000|  0%| F|  |TAMS 0x00000000e2d00000, 0x00000000e2d00000| Untracked 
|  46|0x00000000e2e00000, 0x00000000e2e00000, 0x00000000e2f00000|  0%| F|  |TAMS 0x00000000e2e00000, 0x00000000e2e00000| Untracked 
|  47|0x00000000e2f00000, 0x00000000e2f00000, 0x00000000e3000000|  0%| F|  |TAMS 0x00000000e2f00000, 0x00000000e2f00000| Untracked 
|  48|0x00000000e3000000, 0x00000000e3000000, 0x00000000e3100000|  0%| F|  |TAMS 0x00000000e3000000, 0x00000000e3000000| Untracked 
|  49|0x00000000e3100000, 0x00000000e3100000, 0x00000000e3200000|  0%| F|  |TAMS 0x00000000e3100000, 0x00000000e3100000| Untracked 
|  50|0x00000000e3200000, 0x00000000e3200000, 0x00000000e3300000|  0%| F|  |TAMS 0x00000000e3200000, 0x00000000e3200000| Untracked 
|  51|0x00000000e3300000, 0x00000000e3300000, 0x00000000e3400000|  0%| F|  |TAMS 0x00000000e3300000, 0x00000000e3300000| Untracked 
|  52|0x00000000e3400000, 0x00000000e3400000, 0x00000000e3500000|  0%| F|  |TAMS 0x00000000e3400000, 0x00000000e3400000| Untracked 
|  53|0x00000000e3500000, 0x00000000e3500000, 0x00000000e3600000|  0%| F|  |TAMS 0x00000000e3500000, 0x00000000e3500000| Untracked 
|  54|0x00000000e3600000, 0x00000000e3600000, 0x00000000e3700000|  0%| F|  |TAMS 0x00000000e3600000, 0x00000000e3600000| Untracked 
|  55|0x00000000e3700000, 0x00000000e3700000, 0x00000000e3800000|  0%| F|  |TAMS 0x00000000e3700000, 0x00000000e3700000| Untracked 
|  56|0x00000000e3800000, 0x00000000e3800000, 0x00000000e3900000|  0%| F|  |TAMS 0x00000000e3800000, 0x00000000e3800000| Untracked 
|  57|0x00000000e3900000, 0x00000000e3900000, 0x00000000e3a00000|  0%| F|  |TAMS 0x00000000e3900000, 0x00000000e3900000| Untracked 
|  58|0x00000000e3a00000, 0x00000000e3a00000, 0x00000000e3b00000|  0%| F|  |TAMS 0x00000000e3a00000, 0x00000000e3a00000| Untracked 
|  59|0x00000000e3b00000, 0x00000000e3b00000, 0x00000000e3c00000|  0%| F|  |TAMS 0x00000000e3b00000, 0x00000000e3b00000| Untracked 
|  60|0x00000000e3c00000, 0x00000000e3c00000, 0x00000000e3d00000|  0%| F|  |TAMS 0x00000000e3c00000, 0x00000000e3c00000| Untracked 
|  61|0x00000000e3d00000, 0x00000000e3d00000, 0x00000000e3e00000|  0%| F|  |TAMS 0x00000000e3d00000, 0x00000000e3d00000| Untracked 
|  62|0x00000000e3e00000, 0x00000000e3e00000, 0x00000000e3f00000|  0%| F|  |TAMS 0x00000000e3e00000, 0x00000000e3e00000| Untracked 
|  63|0x00000000e3f00000, 0x00000000e3f00000, 0x00000000e4000000|  0%| F|  |TAMS 0x00000000e3f00000, 0x00000000e3f00000| Untracked 
|  64|0x00000000e4000000, 0x00000000e4000000, 0x00000000e4100000|  0%| F|  |TAMS 0x00000000e4000000, 0x00000000e4000000| Untracked 
|  65|0x00000000e4100000, 0x00000000e4100000, 0x00000000e4200000|  0%| F|  |TAMS 0x00000000e4100000, 0x00000000e4100000| Untracked 
|  66|0x00000000e4200000, 0x00000000e4200000, 0x00000000e4300000|  0%| F|  |TAMS 0x00000000e4200000, 0x00000000e4200000| Untracked 
|  67|0x00000000e4300000, 0x00000000e4300000, 0x00000000e4400000|  0%| F|  |TAMS 0x00000000e4300000, 0x00000000e4300000| Untracked 
|  68|0x00000000e4400000, 0x00000000e4400000, 0x00000000e4500000|  0%| F|  |TAMS 0x00000000e4400000, 0x00000000e4400000| Untracked 
|  69|0x00000000e4500000, 0x00000000e4500000, 0x00000000e4600000|  0%| F|  |TAMS 0x00000000e4500000, 0x00000000e4500000| Untracked 
|  70|0x00000000e4600000, 0x00000000e4600000, 0x00000000e4700000|  0%| F|  |TAMS 0x00000000e4600000, 0x00000000e4600000| Untracked 
|  71|0x00000000e4700000, 0x00000000e4700000, 0x00000000e4800000|  0%| F|  |TAMS 0x00000000e4700000, 0x00000000e4700000| Untracked 
|  72|0x00000000e4800000, 0x00000000e4800000, 0x00000000e4900000|  0%| F|  |TAMS 0x00000000e4800000, 0x00000000e4800000| Untracked 
|  73|0x00000000e4900000, 0x00000000e4900000, 0x00000000e4a00000|  0%| F|  |TAMS 0x00000000e4900000, 0x00000000e4900000| Untracked 
|  74|0x00000000e4a00000, 0x00000000e4a00000, 0x00000000e4b00000|  0%| F|  |TAMS 0x00000000e4a00000, 0x00000000e4a00000| Untracked 
|  75|0x00000000e4b00000, 0x00000000e4b00000, 0x00000000e4c00000|  0%| F|  |TAMS 0x00000000e4b00000, 0x00000000e4b00000| Untracked 
|  76|0x00000000e4c00000, 0x00000000e4c00000, 0x00000000e4d00000|  0%| F|  |TAMS 0x00000000e4c00000, 0x00000000e4c00000| Untracked 
|  77|0x00000000e4d00000, 0x00000000e4d00000, 0x00000000e4e00000|  0%| F|  |TAMS 0x00000000e4d00000, 0x00000000e4d00000| Untracked 
|  78|0x00000000e4e00000, 0x00000000e4e00000, 0x00000000e4f00000|  0%| F|  |TAMS 0x00000000e4e00000, 0x00000000e4e00000| Untracked 
|  79|0x00000000e4f00000, 0x00000000e4f00000, 0x00000000e5000000|  0%| F|  |TAMS 0x00000000e4f00000, 0x00000000e4f00000| Untracked 
|  80|0x00000000e5000000, 0x00000000e5000000, 0x00000000e5100000|  0%| F|  |TAMS 0x00000000e5000000, 0x00000000e5000000| Untracked 
|  81|0x00000000e5100000, 0x00000000e5100000, 0x00000000e5200000|  0%| F|  |TAMS 0x00000000e5100000, 0x00000000e5100000| Untracked 
|  82|0x00000000e5200000, 0x00000000e5200000, 0x00000000e5300000|  0%| F|  |TAMS 0x00000000e5200000, 0x00000000e5200000| Untracked 
|  83|0x00000000e5300000, 0x00000000e5300000, 0x00000000e5400000|  0%| F|  |TAMS 0x00000000e5300000, 0x00000000e5300000| Untracked 
|  84|0x00000000e5400000, 0x00000000e5400000, 0x00000000e5500000|  0%| F|  |TAMS 0x00000000e5400000, 0x00000000e5400000| Untracked 
|  85|0x00000000e5500000, 0x00000000e5500000, 0x00000000e5600000|  0%| F|  |TAMS 0x00000000e5500000, 0x00000000e5500000| Untracked 
|  86|0x00000000e5600000, 0x00000000e5600000, 0x00000000e5700000|  0%| F|  |TAMS 0x00000000e5600000, 0x00000000e5600000| Untracked 
|  87|0x00000000e5700000, 0x00000000e5700000, 0x00000000e5800000|  0%| F|  |TAMS 0x00000000e5700000, 0x00000000e5700000| Untracked 
|  88|0x00000000e5800000, 0x00000000e5800000, 0x00000000e5900000|  0%| F|  |TAMS 0x00000000e5800000, 0x00000000e5800000| Untracked 
|  89|0x00000000e5900000, 0x00000000e5900000, 0x00000000e5a00000|  0%| F|  |TAMS 0x00000000e5900000, 0x00000000e5900000| Untracked 
|  90|0x00000000e5a00000, 0x00000000e5a00000, 0x00000000e5b00000|  0%| F|  |TAMS 0x00000000e5a00000, 0x00000000e5a00000| Untracked 
|  91|0x00000000e5b00000, 0x00000000e5b00000, 0x00000000e5c00000|  0%| F|  |TAMS 0x00000000e5b00000, 0x00000000e5b00000| Untracked 
|  92|0x00000000e5c00000, 0x00000000e5c00000, 0x00000000e5d00000|  0%| F|  |TAMS 0x00000000e5c00000, 0x00000000e5c00000| Untracked 
|  93|0x00000000e5d00000, 0x00000000e5d00000, 0x00000000e5e00000|  0%| F|  |TAMS 0x00000000e5d00000, 0x00000000e5d00000| Untracked 
|  94|0x00000000e5e00000, 0x00000000e5e00000, 0x00000000e5f00000|  0%| F|  |TAMS 0x00000000e5e00000, 0x00000000e5e00000| Untracked 
|  95|0x00000000e5f00000, 0x00000000e5f00000, 0x00000000e6000000|  0%| F|  |TAMS 0x00000000e5f00000, 0x00000000e5f00000| Untracked 
|  96|0x00000000e6000000, 0x00000000e6000000, 0x00000000e6100000|  0%| F|  |TAMS 0x00000000e6000000, 0x00000000e6000000| Untracked 
|  97|0x00000000e6100000, 0x00000000e6100000, 0x00000000e6200000|  0%| F|  |TAMS 0x00000000e6100000, 0x00000000e6100000| Untracked 
|  98|0x00000000e6200000, 0x00000000e6200000, 0x00000000e6300000|  0%| F|  |TAMS 0x00000000e6200000, 0x00000000e6200000| Untracked 
|  99|0x00000000e6300000, 0x00000000e6300000, 0x00000000e6400000|  0%| F|  |TAMS 0x00000000e6300000, 0x00000000e6300000| Untracked 
| 100|0x00000000e6400000, 0x00000000e6400000, 0x00000000e6500000|  0%| F|  |TAMS 0x00000000e6400000, 0x00000000e6400000| Untracked 
| 101|0x00000000e6500000, 0x00000000e6500000, 0x00000000e6600000|  0%| F|  |TAMS 0x00000000e6500000, 0x00000000e6500000| Untracked 
| 102|0x00000000e6600000, 0x00000000e6600000, 0x00000000e6700000|  0%| F|  |TAMS 0x00000000e6600000, 0x00000000e6600000| Untracked 
| 103|0x00000000e6700000, 0x00000000e6700000, 0x00000000e6800000|  0%| F|  |TAMS 0x00000000e6700000, 0x00000000e6700000| Untracked 
| 104|0x00000000e6800000, 0x00000000e6800000, 0x00000000e6900000|  0%| F|  |TAMS 0x00000000e6800000, 0x00000000e6800000| Untracked 
| 105|0x00000000e6900000, 0x00000000e6900000, 0x00000000e6a00000|  0%| F|  |TAMS 0x00000000e6900000, 0x00000000e6900000| Untracked 
| 106|0x00000000e6a00000, 0x00000000e6a00000, 0x00000000e6b00000|  0%| F|  |TAMS 0x00000000e6a00000, 0x00000000e6a00000| Untracked 
| 107|0x00000000e6b00000, 0x00000000e6b00000, 0x00000000e6c00000|  0%| F|  |TAMS 0x00000000e6b00000, 0x00000000e6b00000| Untracked 
| 108|0x00000000e6c00000, 0x00000000e6c00000, 0x00000000e6d00000|  0%| F|  |TAMS 0x00000000e6c00000, 0x00000000e6c00000| Untracked 
| 109|0x00000000e6d00000, 0x00000000e6d00000, 0x00000000e6e00000|  0%| F|  |TAMS 0x00000000e6d00000, 0x00000000e6d00000| Untracked 
| 110|0x00000000e6e00000, 0x00000000e6e00000, 0x00000000e6f00000|  0%| F|  |TAMS 0x00000000e6e00000, 0x00000000e6e00000| Untracked 
| 111|0x00000000e6f00000, 0x00000000e6f00000, 0x00000000e7000000|  0%| F|  |TAMS 0x00000000e6f00000, 0x00000000e6f00000| Untracked 
| 112|0x00000000e7000000, 0x00000000e7000000, 0x00000000e7100000|  0%| F|  |TAMS 0x00000000e7000000, 0x00000000e7000000| Untracked 
| 113|0x00000000e7100000, 0x00000000e7100000, 0x00000000e7200000|  0%| F|  |TAMS 0x00000000e7100000, 0x00000000e7100000| Untracked 
| 114|0x00000000e7200000, 0x00000000e7200000, 0x00000000e7300000|  0%| F|  |TAMS 0x00000000e7200000, 0x00000000e7200000| Untracked 
| 115|0x00000000e7300000, 0x00000000e7300000, 0x00000000e7400000|  0%| F|  |TAMS 0x00000000e7300000, 0x00000000e7300000| Untracked 
| 116|0x00000000e7400000, 0x00000000e7400000, 0x00000000e7500000|  0%| F|  |TAMS 0x00000000e7400000, 0x00000000e7400000| Untracked 
| 117|0x00000000e7500000, 0x00000000e7500000, 0x00000000e7600000|  0%| F|  |TAMS 0x00000000e7500000, 0x00000000e7500000| Untracked 
| 118|0x00000000e7600000, 0x00000000e7600000, 0x00000000e7700000|  0%| F|  |TAMS 0x00000000e7600000, 0x00000000e7600000| Untracked 
| 119|0x00000000e7700000, 0x00000000e7700000, 0x00000000e7800000|  0%| F|  |TAMS 0x00000000e7700000, 0x00000000e7700000| Untracked 
| 120|0x00000000e7800000, 0x00000000e7800000, 0x00000000e7900000|  0%| F|  |TAMS 0x00000000e7800000, 0x00000000e7800000| Untracked 
| 121|0x00000000e7900000, 0x00000000e7900000, 0x00000000e7a00000|  0%| F|  |TAMS 0x00000000e7900000, 0x00000000e7900000| Untracked 
| 122|0x00000000e7a00000, 0x00000000e7a00000, 0x00000000e7b00000|  0%| F|  |TAMS 0x00000000e7a00000, 0x00000000e7a00000| Untracked 
| 123|0x00000000e7b00000, 0x00000000e7b00000, 0x00000000e7c00000|  0%| F|  |TAMS 0x00000000e7b00000, 0x00000000e7b00000| Untracked 
| 124|0x00000000e7c00000, 0x00000000e7c00000, 0x00000000e7d00000|  0%| F|  |TAMS 0x00000000e7c00000, 0x00000000e7c00000| Untracked 
| 125|0x00000000e7d00000, 0x00000000e7d00000, 0x00000000e7e00000|  0%| F|  |TAMS 0x00000000e7d00000, 0x00000000e7d00000| Untracked 
| 126|0x00000000e7e00000, 0x00000000e7e00000, 0x00000000e7f00000|  0%| F|  |TAMS 0x00000000e7e00000, 0x00000000e7e00000| Untracked 
| 127|0x00000000e7f00000, 0x00000000e7f00000, 0x00000000e8000000|  0%| F|  |TAMS 0x00000000e7f00000, 0x00000000e7f00000| Untracked 
| 128|0x00000000e8000000, 0x00000000e8000000, 0x00000000e8100000|  0%| F|  |TAMS 0x00000000e8000000, 0x00000000e8000000| Untracked 
| 129|0x00000000e8100000, 0x00000000e8100000, 0x00000000e8200000|  0%| F|  |TAMS 0x00000000e8100000, 0x00000000e8100000| Untracked 
| 130|0x00000000e8200000, 0x00000000e8200000, 0x00000000e8300000|  0%| F|  |TAMS 0x00000000e8200000, 0x00000000e8200000| Untracked 
| 131|0x00000000e8300000, 0x00000000e8300000, 0x00000000e8400000|  0%| F|  |TAMS 0x00000000e8300000, 0x00000000e8300000| Untracked 
| 132|0x00000000e8400000, 0x00000000e8400000, 0x00000000e8500000|  0%| F|  |TAMS 0x00000000e8400000, 0x00000000e8400000| Untracked 
| 133|0x00000000e8500000, 0x00000000e8500000, 0x00000000e8600000|  0%| F|  |TAMS 0x00000000e8500000, 0x00000000e8500000| Untracked 
| 134|0x00000000e8600000, 0x00000000e8600000, 0x00000000e8700000|  0%| F|  |TAMS 0x00000000e8600000, 0x00000000e8600000| Untracked 
| 135|0x00000000e8700000, 0x00000000e8700000, 0x00000000e8800000|  0%| F|  |TAMS 0x00000000e8700000, 0x00000000e8700000| Untracked 
| 136|0x00000000e8800000, 0x00000000e8800000, 0x00000000e8900000|  0%| F|  |TAMS 0x00000000e8800000, 0x00000000e8800000| Untracked 
| 137|0x00000000e8900000, 0x00000000e8900000, 0x00000000e8a00000|  0%| F|  |TAMS 0x00000000e8900000, 0x00000000e8900000| Untracked 
| 138|0x00000000e8a00000, 0x00000000e8a00000, 0x00000000e8b00000|  0%| F|  |TAMS 0x00000000e8a00000, 0x00000000e8a00000| Untracked 
| 139|0x00000000e8b00000, 0x00000000e8b00000, 0x00000000e8c00000|  0%| F|  |TAMS 0x00000000e8b00000, 0x00000000e8b00000| Untracked 
| 140|0x00000000e8c00000, 0x00000000e8c00000, 0x00000000e8d00000|  0%| F|  |TAMS 0x00000000e8c00000, 0x00000000e8c00000| Untracked 
| 141|0x00000000e8d00000, 0x00000000e8d00000, 0x00000000e8e00000|  0%| F|  |TAMS 0x00000000e8d00000, 0x00000000e8d00000| Untracked 
| 142|0x00000000e8e00000, 0x00000000e8e00000, 0x00000000e8f00000|  0%| F|  |TAMS 0x00000000e8e00000, 0x00000000e8e00000| Untracked 
| 143|0x00000000e8f00000, 0x00000000e8f00000, 0x00000000e9000000|  0%| F|  |TAMS 0x00000000e8f00000, 0x00000000e8f00000| Untracked 
| 144|0x00000000e9000000, 0x00000000e9000000, 0x00000000e9100000|  0%| F|  |TAMS 0x00000000e9000000, 0x00000000e9000000| Untracked 
| 145|0x00000000e9100000, 0x00000000e9100000, 0x00000000e9200000|  0%| F|  |TAMS 0x00000000e9100000, 0x00000000e9100000| Untracked 
| 146|0x00000000e9200000, 0x00000000e9200000, 0x00000000e9300000|  0%| F|  |TAMS 0x00000000e9200000, 0x00000000e9200000| Untracked 
| 147|0x00000000e9300000, 0x00000000e9300000, 0x00000000e9400000|  0%| F|  |TAMS 0x00000000e9300000, 0x00000000e9300000| Untracked 
| 148|0x00000000e9400000, 0x00000000e94fb388, 0x00000000e9500000| 98%| S|CS|TAMS 0x00000000e9400000, 0x00000000e9400000| Complete 
| 149|0x00000000e9500000, 0x00000000e9600000, 0x00000000e9600000|100%| S|CS|TAMS 0x00000000e9500000, 0x00000000e9500000| Complete 
| 150|0x00000000e9600000, 0x00000000e9700000, 0x00000000e9700000|100%| S|CS|TAMS 0x00000000e9600000, 0x00000000e9600000| Complete 
| 151|0x00000000e9700000, 0x00000000e9800000, 0x00000000e9800000|100%| S|CS|TAMS 0x00000000e9700000, 0x00000000e9700000| Complete 
| 152|0x00000000e9800000, 0x00000000e9900000, 0x00000000e9900000|100%| S|CS|TAMS 0x00000000e9800000, 0x00000000e9800000| Complete 
| 153|0x00000000e9900000, 0x00000000e9a00000, 0x00000000e9a00000|100%| S|CS|TAMS 0x00000000e9900000, 0x00000000e9900000| Complete 
| 154|0x00000000e9a00000, 0x00000000e9b00000, 0x00000000e9b00000|100%| S|CS|TAMS 0x00000000e9a00000, 0x00000000e9a00000| Complete 
| 155|0x00000000e9b00000, 0x00000000e9c00000, 0x00000000e9c00000|100%| S|CS|TAMS 0x00000000e9b00000, 0x00000000e9b00000| Complete 
| 156|0x00000000e9c00000, 0x00000000e9d00000, 0x00000000e9d00000|100%| S|CS|TAMS 0x00000000e9c00000, 0x00000000e9c00000| Complete 
| 157|0x00000000e9d00000, 0x00000000e9e00000, 0x00000000e9e00000|100%| S|CS|TAMS 0x00000000e9d00000, 0x00000000e9d00000| Complete 
| 158|0x00000000e9e00000, 0x00000000e9e00000, 0x00000000e9f00000|  0%| F|  |TAMS 0x00000000e9e00000, 0x00000000e9e00000| Untracked 
| 159|0x00000000e9f00000, 0x00000000e9f00000, 0x00000000ea000000|  0%| F|  |TAMS 0x00000000e9f00000, 0x00000000e9f00000| Untracked 
| 160|0x00000000ea000000, 0x00000000ea000000, 0x00000000ea100000|  0%| F|  |TAMS 0x00000000ea000000, 0x00000000ea000000| Untracked 
| 161|0x00000000ea100000, 0x00000000ea100000, 0x00000000ea200000|  0%| F|  |TAMS 0x00000000ea100000, 0x00000000ea100000| Untracked 
| 162|0x00000000ea200000, 0x00000000ea200000, 0x00000000ea300000|  0%| F|  |TAMS 0x00000000ea200000, 0x00000000ea200000| Untracked 
| 163|0x00000000ea300000, 0x00000000ea300000, 0x00000000ea400000|  0%| F|  |TAMS 0x00000000ea300000, 0x00000000ea300000| Untracked 
| 164|0x00000000ea400000, 0x00000000ea400000, 0x00000000ea500000|  0%| F|  |TAMS 0x00000000ea400000, 0x00000000ea400000| Untracked 
| 165|0x00000000ea500000, 0x00000000ea500000, 0x00000000ea600000|  0%| F|  |TAMS 0x00000000ea500000, 0x00000000ea500000| Untracked 
| 166|0x00000000ea600000, 0x00000000ea600000, 0x00000000ea700000|  0%| F|  |TAMS 0x00000000ea600000, 0x00000000ea600000| Untracked 
| 167|0x00000000ea700000, 0x00000000ea700000, 0x00000000ea800000|  0%| F|  |TAMS 0x00000000ea700000, 0x00000000ea700000| Untracked 
| 168|0x00000000ea800000, 0x00000000ea800000, 0x00000000ea900000|  0%| F|  |TAMS 0x00000000ea800000, 0x00000000ea800000| Untracked 
| 169|0x00000000ea900000, 0x00000000ea900000, 0x00000000eaa00000|  0%| F|  |TAMS 0x00000000ea900000, 0x00000000ea900000| Untracked 
| 170|0x00000000eaa00000, 0x00000000eaa00000, 0x00000000eab00000|  0%| F|  |TAMS 0x00000000eaa00000, 0x00000000eaa00000| Untracked 
| 171|0x00000000eab00000, 0x00000000eab00000, 0x00000000eac00000|  0%| F|  |TAMS 0x00000000eab00000, 0x00000000eab00000| Untracked 
| 172|0x00000000eac00000, 0x00000000eac00000, 0x00000000ead00000|  0%| F|  |TAMS 0x00000000eac00000, 0x00000000eac00000| Untracked 
| 173|0x00000000ead00000, 0x00000000ead00000, 0x00000000eae00000|  0%| F|  |TAMS 0x00000000ead00000, 0x00000000ead00000| Untracked 
| 174|0x00000000eae00000, 0x00000000eae00000, 0x00000000eaf00000|  0%| F|  |TAMS 0x00000000eae00000, 0x00000000eae00000| Untracked 
| 175|0x00000000eaf00000, 0x00000000eaf00000, 0x00000000eb000000|  0%| F|  |TAMS 0x00000000eaf00000, 0x00000000eaf00000| Untracked 
| 176|0x00000000eb000000, 0x00000000eb000000, 0x00000000eb100000|  0%| F|  |TAMS 0x00000000eb000000, 0x00000000eb000000| Untracked 
| 177|0x00000000eb100000, 0x00000000eb100000, 0x00000000eb200000|  0%| F|  |TAMS 0x00000000eb100000, 0x00000000eb100000| Untracked 
| 178|0x00000000eb200000, 0x00000000eb200000, 0x00000000eb300000|  0%| F|  |TAMS 0x00000000eb200000, 0x00000000eb200000| Untracked 
| 179|0x00000000eb300000, 0x00000000eb300000, 0x00000000eb400000|  0%| F|  |TAMS 0x00000000eb300000, 0x00000000eb300000| Untracked 
| 180|0x00000000eb400000, 0x00000000eb400000, 0x00000000eb500000|  0%| F|  |TAMS 0x00000000eb400000, 0x00000000eb400000| Untracked 
| 181|0x00000000eb500000, 0x00000000eb500000, 0x00000000eb600000|  0%| F|  |TAMS 0x00000000eb500000, 0x00000000eb500000| Untracked 
| 182|0x00000000eb600000, 0x00000000eb600000, 0x00000000eb700000|  0%| F|  |TAMS 0x00000000eb600000, 0x00000000eb600000| Untracked 
| 183|0x00000000eb700000, 0x00000000eb700000, 0x00000000eb800000|  0%| F|  |TAMS 0x00000000eb700000, 0x00000000eb700000| Untracked 
| 184|0x00000000eb800000, 0x00000000eb800000, 0x00000000eb900000|  0%| F|  |TAMS 0x00000000eb800000, 0x00000000eb800000| Untracked 
| 185|0x00000000eb900000, 0x00000000eb900000, 0x00000000eba00000|  0%| F|  |TAMS 0x00000000eb900000, 0x00000000eb900000| Untracked 
| 186|0x00000000eba00000, 0x00000000eba00000, 0x00000000ebb00000|  0%| F|  |TAMS 0x00000000eba00000, 0x00000000eba00000| Untracked 
| 187|0x00000000ebb00000, 0x00000000ebb00000, 0x00000000ebc00000|  0%| F|  |TAMS 0x00000000ebb00000, 0x00000000ebb00000| Untracked 
| 188|0x00000000ebc00000, 0x00000000ebc00000, 0x00000000ebd00000|  0%| F|  |TAMS 0x00000000ebc00000, 0x00000000ebc00000| Untracked 
| 189|0x00000000ebd00000, 0x00000000ebd00000, 0x00000000ebe00000|  0%| F|  |TAMS 0x00000000ebd00000, 0x00000000ebd00000| Untracked 
| 190|0x00000000ebe00000, 0x00000000ebe00000, 0x00000000ebf00000|  0%| F|  |TAMS 0x00000000ebe00000, 0x00000000ebe00000| Untracked 
| 191|0x00000000ebf00000, 0x00000000ebf00000, 0x00000000ec000000|  0%| F|  |TAMS 0x00000000ebf00000, 0x00000000ebf00000| Untracked 
| 192|0x00000000ec000000, 0x00000000ec000000, 0x00000000ec100000|  0%| F|  |TAMS 0x00000000ec000000, 0x00000000ec000000| Untracked 
| 193|0x00000000ec100000, 0x00000000ec100000, 0x00000000ec200000|  0%| F|  |TAMS 0x00000000ec100000, 0x00000000ec100000| Untracked 
| 194|0x00000000ec200000, 0x00000000ec200000, 0x00000000ec300000|  0%| F|  |TAMS 0x00000000ec200000, 0x00000000ec200000| Untracked 
| 195|0x00000000ec300000, 0x00000000ec300000, 0x00000000ec400000|  0%| F|  |TAMS 0x00000000ec300000, 0x00000000ec300000| Untracked 
| 196|0x00000000ec400000, 0x00000000ec400000, 0x00000000ec500000|  0%| F|  |TAMS 0x00000000ec400000, 0x00000000ec400000| Untracked 
| 197|0x00000000ec500000, 0x00000000ec500000, 0x00000000ec600000|  0%| F|  |TAMS 0x00000000ec500000, 0x00000000ec500000| Untracked 
| 198|0x00000000ec600000, 0x00000000ec600000, 0x00000000ec700000|  0%| F|  |TAMS 0x00000000ec600000, 0x00000000ec600000| Untracked 
| 199|0x00000000ec700000, 0x00000000ec700000, 0x00000000ec800000|  0%| F|  |TAMS 0x00000000ec700000, 0x00000000ec700000| Untracked 
| 200|0x00000000ec800000, 0x00000000ec800000, 0x00000000ec900000|  0%| F|  |TAMS 0x00000000ec800000, 0x00000000ec800000| Untracked 
| 201|0x00000000ec900000, 0x00000000ec900000, 0x00000000eca00000|  0%| F|  |TAMS 0x00000000ec900000, 0x00000000ec900000| Untracked 
| 202|0x00000000eca00000, 0x00000000eca00000, 0x00000000ecb00000|  0%| F|  |TAMS 0x00000000eca00000, 0x00000000eca00000| Untracked 
| 203|0x00000000ecb00000, 0x00000000ecb00000, 0x00000000ecc00000|  0%| F|  |TAMS 0x00000000ecb00000, 0x00000000ecb00000| Untracked 
| 204|0x00000000ecc00000, 0x00000000ecc00000, 0x00000000ecd00000|  0%| F|  |TAMS 0x00000000ecc00000, 0x00000000ecc00000| Untracked 
| 205|0x00000000ecd00000, 0x00000000ecd00000, 0x00000000ece00000|  0%| F|  |TAMS 0x00000000ecd00000, 0x00000000ecd00000| Untracked 
| 206|0x00000000ece00000, 0x00000000ece00000, 0x00000000ecf00000|  0%| F|  |TAMS 0x00000000ece00000, 0x00000000ece00000| Untracked 
| 207|0x00000000ecf00000, 0x00000000ecf00000, 0x00000000ed000000|  0%| F|  |TAMS 0x00000000ecf00000, 0x00000000ecf00000| Untracked 
| 208|0x00000000ed000000, 0x00000000ed000000, 0x00000000ed100000|  0%| F|  |TAMS 0x00000000ed000000, 0x00000000ed000000| Untracked 
| 209|0x00000000ed100000, 0x00000000ed100000, 0x00000000ed200000|  0%| F|  |TAMS 0x00000000ed100000, 0x00000000ed100000| Untracked 
| 210|0x00000000ed200000, 0x00000000ed200000, 0x00000000ed300000|  0%| F|  |TAMS 0x00000000ed200000, 0x00000000ed200000| Untracked 
| 211|0x00000000ed300000, 0x00000000ed300000, 0x00000000ed400000|  0%| F|  |TAMS 0x00000000ed300000, 0x00000000ed300000| Untracked 
| 212|0x00000000ed400000, 0x00000000ed400000, 0x00000000ed500000|  0%| F|  |TAMS 0x00000000ed400000, 0x00000000ed400000| Untracked 
| 213|0x00000000ed500000, 0x00000000ed500000, 0x00000000ed600000|  0%| F|  |TAMS 0x00000000ed500000, 0x00000000ed500000| Untracked 
| 214|0x00000000ed600000, 0x00000000ed600000, 0x00000000ed700000|  0%| F|  |TAMS 0x00000000ed600000, 0x00000000ed600000| Untracked 
| 215|0x00000000ed700000, 0x00000000ed700000, 0x00000000ed800000|  0%| F|  |TAMS 0x00000000ed700000, 0x00000000ed700000| Untracked 
| 216|0x00000000ed800000, 0x00000000ed800000, 0x00000000ed900000|  0%| F|  |TAMS 0x00000000ed800000, 0x00000000ed800000| Untracked 
| 217|0x00000000ed900000, 0x00000000ed900000, 0x00000000eda00000|  0%| F|  |TAMS 0x00000000ed900000, 0x00000000ed900000| Untracked 
| 218|0x00000000eda00000, 0x00000000eda00000, 0x00000000edb00000|  0%| F|  |TAMS 0x00000000eda00000, 0x00000000eda00000| Untracked 
| 219|0x00000000edb00000, 0x00000000edb00000, 0x00000000edc00000|  0%| F|  |TAMS 0x00000000edb00000, 0x00000000edb00000| Untracked 
| 220|0x00000000edc00000, 0x00000000edc00000, 0x00000000edd00000|  0%| F|  |TAMS 0x00000000edc00000, 0x00000000edc00000| Untracked 
| 221|0x00000000edd00000, 0x00000000edd00000, 0x00000000ede00000|  0%| F|  |TAMS 0x00000000edd00000, 0x00000000edd00000| Untracked 
| 222|0x00000000ede00000, 0x00000000ede00000, 0x00000000edf00000|  0%| F|  |TAMS 0x00000000ede00000, 0x00000000ede00000| Untracked 
| 223|0x00000000edf00000, 0x00000000edf00000, 0x00000000ee000000|  0%| F|  |TAMS 0x00000000edf00000, 0x00000000edf00000| Untracked 
| 224|0x00000000ee000000, 0x00000000ee000000, 0x00000000ee100000|  0%| F|  |TAMS 0x00000000ee000000, 0x00000000ee000000| Untracked 
| 225|0x00000000ee100000, 0x00000000ee100000, 0x00000000ee200000|  0%| F|  |TAMS 0x00000000ee100000, 0x00000000ee100000| Untracked 
| 226|0x00000000ee200000, 0x00000000ee200000, 0x00000000ee300000|  0%| F|  |TAMS 0x00000000ee200000, 0x00000000ee200000| Untracked 
| 227|0x00000000ee300000, 0x00000000ee300000, 0x00000000ee400000|  0%| F|  |TAMS 0x00000000ee300000, 0x00000000ee300000| Untracked 
| 228|0x00000000ee400000, 0x00000000ee400000, 0x00000000ee500000|  0%| F|  |TAMS 0x00000000ee400000, 0x00000000ee400000| Untracked 
| 229|0x00000000ee500000, 0x00000000ee500000, 0x00000000ee600000|  0%| F|  |TAMS 0x00000000ee500000, 0x00000000ee500000| Untracked 
| 230|0x00000000ee600000, 0x00000000ee600000, 0x00000000ee700000|  0%| F|  |TAMS 0x00000000ee600000, 0x00000000ee600000| Untracked 
| 231|0x00000000ee700000, 0x00000000ee700000, 0x00000000ee800000|  0%| F|  |TAMS 0x00000000ee700000, 0x00000000ee700000| Untracked 
| 232|0x00000000ee800000, 0x00000000ee800000, 0x00000000ee900000|  0%| F|  |TAMS 0x00000000ee800000, 0x00000000ee800000| Untracked 
| 233|0x00000000ee900000, 0x00000000ee900000, 0x00000000eea00000|  0%| F|  |TAMS 0x00000000ee900000, 0x00000000ee900000| Untracked 
| 234|0x00000000eea00000, 0x00000000eea00000, 0x00000000eeb00000|  0%| F|  |TAMS 0x00000000eea00000, 0x00000000eea00000| Untracked 
| 235|0x00000000eeb00000, 0x00000000eeb00000, 0x00000000eec00000|  0%| F|  |TAMS 0x00000000eeb00000, 0x00000000eeb00000| Untracked 
| 236|0x00000000eec00000, 0x00000000eec00000, 0x00000000eed00000|  0%| F|  |TAMS 0x00000000eec00000, 0x00000000eec00000| Untracked 
| 237|0x00000000eed00000, 0x00000000eed00000, 0x00000000eee00000|  0%| F|  |TAMS 0x00000000eed00000, 0x00000000eed00000| Untracked 
| 238|0x00000000eee00000, 0x00000000eee00000, 0x00000000eef00000|  0%| F|  |TAMS 0x00000000eee00000, 0x00000000eee00000| Untracked 
| 239|0x00000000eef00000, 0x00000000eef00000, 0x00000000ef000000|  0%| F|  |TAMS 0x00000000eef00000, 0x00000000eef00000| Untracked 
| 240|0x00000000ef000000, 0x00000000ef000000, 0x00000000ef100000|  0%| F|  |TAMS 0x00000000ef000000, 0x00000000ef000000| Untracked 
| 241|0x00000000ef100000, 0x00000000ef100000, 0x00000000ef200000|  0%| F|  |TAMS 0x00000000ef100000, 0x00000000ef100000| Untracked 
| 242|0x00000000ef200000, 0x00000000ef200000, 0x00000000ef300000|  0%| F|  |TAMS 0x00000000ef200000, 0x00000000ef200000| Untracked 
| 243|0x00000000ef300000, 0x00000000ef300000, 0x00000000ef400000|  0%| F|  |TAMS 0x00000000ef300000, 0x00000000ef300000| Untracked 
| 244|0x00000000ef400000, 0x00000000ef400000, 0x00000000ef500000|  0%| F|  |TAMS 0x00000000ef400000, 0x00000000ef400000| Untracked 
| 245|0x00000000ef500000, 0x00000000ef500000, 0x00000000ef600000|  0%| F|  |TAMS 0x00000000ef500000, 0x00000000ef500000| Untracked 
| 246|0x00000000ef600000, 0x00000000ef600000, 0x00000000ef700000|  0%| F|  |TAMS 0x00000000ef600000, 0x00000000ef600000| Untracked 
| 247|0x00000000ef700000, 0x00000000ef700000, 0x00000000ef800000|  0%| F|  |TAMS 0x00000000ef700000, 0x00000000ef700000| Untracked 
| 248|0x00000000ef800000, 0x00000000ef800000, 0x00000000ef900000|  0%| F|  |TAMS 0x00000000ef800000, 0x00000000ef800000| Untracked 
| 249|0x00000000ef900000, 0x00000000ef900000, 0x00000000efa00000|  0%| F|  |TAMS 0x00000000ef900000, 0x00000000ef900000| Untracked 
| 250|0x00000000efa00000, 0x00000000efa00000, 0x00000000efb00000|  0%| F|  |TAMS 0x00000000efa00000, 0x00000000efa00000| Untracked 
| 251|0x00000000efb00000, 0x00000000efb00000, 0x00000000efc00000|  0%| F|  |TAMS 0x00000000efb00000, 0x00000000efb00000| Untracked 
| 252|0x00000000efc00000, 0x00000000efce9a38, 0x00000000efd00000| 91%| E|  |TAMS 0x00000000efc00000, 0x00000000efc00000| Complete 
| 253|0x00000000efd00000, 0x00000000efe00000, 0x00000000efe00000|100%| E|CS|TAMS 0x00000000efd00000, 0x00000000efd00000| Complete 
| 254|0x00000000efe00000, 0x00000000eff00000, 0x00000000eff00000|100%| E|CS|TAMS 0x00000000efe00000, 0x00000000efe00000| Complete 
| 255|0x00000000eff00000, 0x00000000f0000000, 0x00000000f0000000|100%| E|CS|TAMS 0x00000000eff00000, 0x00000000eff00000| Complete 

Card table byte_map: [0x000002aba8df0000,0x000002aba8ef0000] _byte_map_base: 0x000002aba86f0000

Marking Bits (Prev, Next): (CMBitMap*) 0x000002ab93fb5da0, (CMBitMap*) 0x000002ab93fb5d68
 Prev Bits: [0x000002aba97f0000, 0x000002aba9ff0000)
 Next Bits: [0x000002aba8ff0000, 0x000002aba97f0000)

Polling page: 0x000002ab94070000

Metaspace:

Usage:
  Non-class:     18.31 MB capacity,    17.96 MB ( 98%) used,   315.94 KB (  2%) free+waste,    39.25 KB ( <1%) overhead. 
      Class:      2.73 MB capacity,     2.53 MB ( 93%) used,   183.15 KB (  7%) free+waste,    19.75 KB ( <1%) overhead. 
       Both:     21.04 MB capacity,    20.50 MB ( 97%) used,   499.09 KB (  2%) free+waste,    59.00 KB ( <1%) overhead. 

Virtual space:
  Non-class space:       20.00 MB reserved,      18.50 MB ( 93%) committed 
      Class space:      248.00 MB reserved,       2.75 MB (  1%) committed 
             Both:      268.00 MB reserved,      21.25 MB (  8%) committed 

Chunk freelists:
   Non-Class:  3.00 KB
       Class:  18.00 KB
        Both:  21.00 KB

MaxMetaspaceSize: 256.00 MB
CompressedClassSpaceSize: 248.00 MB

CodeHeap 'non-profiled nmethods': size=120000Kb used=893Kb max_used=893Kb free=119106Kb
 bounds [0x000002aba0d40000, 0x000002aba0fb0000, 0x000002aba8270000]
CodeHeap 'profiled nmethods': size=120000Kb used=3931Kb max_used=3931Kb free=116068Kb
 bounds [0x000002ab99810000, 0x000002ab99bf0000, 0x000002aba0d40000]
CodeHeap 'non-nmethods': size=5760Kb used=1135Kb max_used=1145Kb free=4624Kb
 bounds [0x000002ab99270000, 0x000002ab994e0000, 0x000002ab99810000]
 total_blobs=2384 nmethods=1909 adapters=386
 compilation: enabled
              stopped_count=0, restarted_count=0
 full_count=0

Compilation events (20 events):
Event: 2.194 Thread 0x000002abacaa3000 nmethod 1890 0x000002ab99bd5e90 code [0x000002ab99bd60a0, 0x000002ab99bd67b8]
Event: 2.205 Thread 0x000002abacaa3000 1892   !   3       java.lang.ref.ReferenceQueue::enqueue (119 bytes)
Event: 2.207 Thread 0x000002abacaa3000 nmethod 1892 0x000002ab99bd6a10 code [0x000002ab99bd6c00, 0x000002ab99bd7368]
Event: 2.209 Thread 0x000002abacaa3000 1893       3       java.lang.ref.ReferenceQueue::reallyPoll (65 bytes)
Event: 2.209 Thread 0x000002abacaa3000 nmethod 1893 0x000002ab99bd7510 code [0x000002ab99bd7700, 0x000002ab99bd7bf8]
Event: 2.213 Thread 0x000002abacaa3000 1894       3       java.lang.invoke.MethodHandles$Lookup::checkSecurityManager (104 bytes)
Event: 2.213 Thread 0x000002abacaa2000 1895       4       jdk.internal.org.objectweb.asm.ClassWriter::newUTF8 (70 bytes)
Event: 2.214 Thread 0x000002abacaa3000 nmethod 1894 0x000002ab99bd7d10 code [0x000002ab99bd8000, 0x000002ab99bd8ec8]
Event: 2.214 Thread 0x000002abacaa3000 1898       3       java.lang.String::substring (68 bytes)
Event: 2.214 Thread 0x000002abacaa3000 nmethod 1898 0x000002ab99bd9390 code [0x000002ab99bd95e0, 0x000002ab99bd9d18]
Event: 2.214 Thread 0x000002abacaa3000 1896       3       jdk.internal.reflect.ReflectionFactory::copyConstructor (10 bytes)
Event: 2.214 Thread 0x000002abacaa3000 nmethod 1896 0x000002ab99bd9f90 code [0x000002ab99bda180, 0x000002ab99bda488]
Event: 2.214 Thread 0x000002abacaa3000 1897       3       java.lang.reflect.ReflectAccess::copyConstructor (5 bytes)
Event: 2.214 Thread 0x000002abacaa3000 nmethod 1897 0x000002ab99bda610 code [0x000002ab99bda7c0, 0x000002ab99bda8e8]
Event: 2.214 Thread 0x000002abacaa3000 1900       3       jdk.internal.org.objectweb.asm.MethodWriter::visitEnd (1 bytes)
Event: 2.214 Thread 0x000002abacaa3000 nmethod 1900 0x000002ab99bda990 code [0x000002ab99bdab40, 0x000002ab99bdac38]
Event: 2.214 Thread 0x000002abacaa3000 1901       3       jdk.internal.org.objectweb.asm.MethodWriter::getSize (838 bytes)
Event: 2.216 Thread 0x000002abacaa3000 nmethod 1901 0x000002ab99bdad10 code [0x000002ab99bdb1c0, 0x000002ab99bdd0a8]
Event: 2.216 Thread 0x000002abacaa3000 1902       3       jdk.internal.org.objectweb.asm.MethodWriter::put (1602 bytes)
Event: 2.219 Thread 0x000002abacaa3000 nmethod 1902 0x000002ab99bdde90 code [0x000002ab99bde780, 0x000002ab99be1b38]

GC Heap History (4 events):
Event: 0.488 GC heap before
{Heap before GC invocations=0 (full 0):
 garbage-first heap   total 262144K, used 29696K [0x00000000e0000000, 0x0000000100000000)
  region size 1024K, 24 young (24576K), 0 survivors (0K)
 Metaspace       used 9808K, capacity 9994K, committed 10112K, reserved 264192K
  class space    used 1022K, capacity 1102K, committed 1152K, reserved 253952K
}
Event: 0.493 GC heap after
{Heap after GC invocations=1 (full 0):
 garbage-first heap   total 262144K, used 9493K [0x00000000e0000000, 0x0000000100000000)
  region size 1024K, 3 young (3072K), 3 survivors (3072K)
 Metaspace       used 9808K, capacity 9994K, committed 10112K, reserved 264192K
  class space    used 1022K, capacity 1102K, committed 1152K, reserved 253952K
}
Event: 2.195 GC heap before
{Heap before GC invocations=1 (full 0):
 garbage-first heap   total 262144K, used 105749K [0x00000000e0000000, 0x0000000100000000)
  region size 1024K, 98 young (100352K), 3 survivors (3072K)
 Metaspace       used 20618K, capacity 21126K, committed 21248K, reserved 272384K
  class space    used 2522K, capacity 2720K, committed 2816K, reserved 253952K
}
Event: 2.205 GC heap after
{Heap after GC invocations=2 (full 0):
 garbage-first heap   total 262144K, used 16641K [0x00000000e0000000, 0x0000000100000000)
  region size 1024K, 10 young (10240K), 10 survivors (10240K)
 Metaspace       used 20618K, capacity 21126K, committed 21248K, reserved 272384K
  class space    used 2522K, capacity 2720K, committed 2816K, reserved 253952K
}

Deoptimization events (20 events):
Event: 2.028 Thread 0x000002abaed82000 Uncommon trap: trap_request=0xffffff4d fr.pc=0x000002aba0da41f8 relative=0x0000000000000218
Event: 2.028 Thread 0x000002abaed82000 Uncommon trap: reason=unstable_if action=reinterpret pc=0x000002aba0da41f8 method=java.util.regex.Matcher.reset()Ljava/util/regex/Matcher; @ 71 c2
Event: 2.028 Thread 0x000002abaed82000 DEOPT PACKING pc=0x000002aba0da41f8 sp=0x000000f003cf85d0
Event: 2.028 Thread 0x000002abaed82000 DEOPT UNPACKING pc=0x000002ab992978af sp=0x000000f003cf8560 mode 2
Event: 2.152 Thread 0x000002abaed82000 Uncommon trap: trap_request=0xffffff4d fr.pc=0x000002aba0d59400 relative=0x0000000000000a40
Event: 2.152 Thread 0x000002abaed82000 Uncommon trap: reason=unstable_if action=reinterpret pc=0x000002aba0d59400 method=java.io.WinNTFileSystem.resolve(Ljava/lang/String;Ljava/lang/String;)Ljava/lang/String; @ 19 c2
Event: 2.152 Thread 0x000002abaed82000 DEOPT PACKING pc=0x000002aba0d59400 sp=0x000000f003cfba70
Event: 2.152 Thread 0x000002abaed82000 DEOPT UNPACKING pc=0x000002ab992978af sp=0x000000f003cfba08 mode 2
Event: 2.153 Thread 0x000002abaed82000 Uncommon trap: trap_request=0xffffffc6 fr.pc=0x000002aba0db01a4 relative=0x0000000000000084
Event: 2.153 Thread 0x000002abaed82000 Uncommon trap: reason=bimorphic_or_optimized_type_check action=maybe_recompile pc=0x000002aba0db01a4 method=java.util.AbstractList$Itr.hasNext()Z @ 8 c2
Event: 2.153 Thread 0x000002abaed82000 DEOPT PACKING pc=0x000002aba0db01a4 sp=0x000000f003cfb040
Event: 2.153 Thread 0x000002abaed82000 DEOPT UNPACKING pc=0x000002ab992978af sp=0x000000f003cfafd8 mode 2
Event: 2.153 Thread 0x000002abaed82000 Uncommon trap: trap_request=0xffffffc6 fr.pc=0x000002aba0db0554 relative=0x0000000000000114
Event: 2.153 Thread 0x000002abaed82000 Uncommon trap: reason=bimorphic_or_optimized_type_check action=maybe_recompile pc=0x000002aba0db0554 method=java.util.AbstractList$Itr.next()Ljava/lang/Object; @ 14 c2
Event: 2.153 Thread 0x000002abaed82000 DEOPT PACKING pc=0x000002aba0db0554 sp=0x000000f003cfb030
Event: 2.153 Thread 0x000002abaed82000 DEOPT UNPACKING pc=0x000002ab992978af sp=0x000000f003cfafc8 mode 2
Event: 2.153 Thread 0x000002abaed82000 Uncommon trap: trap_request=0xffffff4d fr.pc=0x000002aba0da8f08 relative=0x00000000000004c8
Event: 2.153 Thread 0x000002abaed82000 Uncommon trap: reason=unstable_if action=reinterpret pc=0x000002aba0da8f08 method=java.lang.String.substring(I)Ljava/lang/String; @ 34 c2
Event: 2.153 Thread 0x000002abaed82000 DEOPT PACKING pc=0x000002aba0da8f08 sp=0x000000f003cfb990
Event: 2.153 Thread 0x000002abaed82000 DEOPT UNPACKING pc=0x000002ab992978af sp=0x000000f003cfb968 mode 2

Classes redefined (0 events):
No events

Internal exceptions (20 events):
Event: 1.578 Thread 0x000002abaea47800 Exception <a 'java/lang/NoSuchMethodError'{0x00000000ec0202e0}: <clinit>> (0x00000000ec0202e0) thrown at [./src/hotspot/share/prims/jni.cpp, line 1362]
Event: 1.579 Thread 0x000002abaea47800 Exception <a 'java/lang/NoSuchMethodError'{0x00000000ec028b78}: <clinit>> (0x00000000ec028b78) thrown at [./src/hotspot/share/prims/jni.cpp, line 1362]
Event: 1.582 Thread 0x000002abaea47800 Exception <a 'java/lang/NoSuchMethodError'{0x00000000ec03e8e8}: <clinit>> (0x00000000ec03e8e8) thrown at [./src/hotspot/share/prims/jni.cpp, line 1362]
Event: 1.589 Thread 0x000002abaea47800 Exception <a 'java/lang/NoSuchMethodError'{0x00000000ec097998}: <clinit>> (0x00000000ec097998) thrown at [./src/hotspot/share/prims/jni.cpp, line 1362]
Event: 1.594 Thread 0x000002abaea47800 Exception <a 'java/lang/NoSuchMethodError'{0x00000000ec0d3620}: <clinit>> (0x00000000ec0d3620) thrown at [./src/hotspot/share/prims/jni.cpp, line 1362]
Event: 1.598 Thread 0x000002abaea47800 Exception <a 'java/lang/NoSuchMethodError'{0x00000000ebf06290}: <clinit>> (0x00000000ebf06290) thrown at [./src/hotspot/share/prims/jni.cpp, line 1362]
Event: 1.642 Thread 0x000002abaed82000 Exception <a 'java/lang/NoSuchMethodError'{0x00000000ebc95e58}: 'void java.lang.invoke.DirectMethodHandle$Holder.invokeVirtual(java.lang.Object, java.lang.Object, java.lang.Object, java.lang.Object)'> (0x00000000ebc95e58) thrown at [./src/hotspot/share/interpreter/linkResolver.cpp, line 773]
Event: 1.643 Thread 0x000002abaed82000 Exception <a 'java/lang/NoSuchMethodError'{0x00000000ebca28c0}: 'void java.lang.invoke.DelegatingMethodHandle$Holder.reinvoke_L(java.lang.Object, java.lang.Object, java.lang.Object, java.lang.Object)'> (0x00000000ebca28c0) thrown at [./src/hotspot/share/interpreter/linkResolver.cpp, line 773]
Event: 1.646 Thread 0x000002abaed82000 Exception <a 'java/lang/NoSuchMethodError'{0x00000000ebcd3250}: 'long java.lang.invoke.DirectMethodHandle$Holder.invokeInterface(java.lang.Object, java.lang.Object)'> (0x00000000ebcd3250) thrown at [./src/hotspot/share/interpreter/linkResolver.cpp, line 773]
Event: 1.648 Thread 0x000002abaed82000 Exception <a 'java/lang/NoSuchMethodError'{0x00000000ebcf5f18}: 'void java.lang.invoke.DelegatingMethodHandle$Holder.reinvoke_L(java.lang.Object, java.lang.Object, java.lang.Object, java.lang.Object, java.lang.Object, java.lang.Object, java.lang.Object)'> (0x00000000ebcf5f18) thrown at [./src/hotspot/share/interpreter/linkResolver.cpp, line 773]
Event: 1.929 Thread 0x000002abaed82000 Exception <a 'java/lang/NoSuchMethodError'{0x00000000eab8cec0}: 'java.lang.Object java.lang.invoke.DirectMethodHandle$Holder.invokeVirtual(java.lang.Object, java.lang.Object, java.lang.Object)'> (0x00000000eab8cec0) thrown at [./src/hotspot/share/interpreter/linkResolver.cpp, line 773]
Event: 1.995 Thread 0x000002abaed82000 Exception <a 'java/lang/NoSuchMethodError'{0x00000000ea72f188}: 'void java.lang.invoke.DirectMethodHandle$Holder.invokeInterface(java.lang.Object, java.lang.Object)'> (0x00000000ea72f188) thrown at [./src/hotspot/share/interpreter/linkResolver.cpp, line 773]
Event: 1.995 Thread 0x000002abaed82000 Exception <a 'java/lang/IncompatibleClassChangeError'{0x00000000ea732338}: Found class java.lang.Object, but interface was expected> (0x00000000ea732338) thrown at [./src/hotspot/share/interpreter/linkResolver.cpp, line 839]
Event: 2.017 Thread 0x000002abaed82000 Exception <a 'java/lang/NoSuchMethodError'{0x00000000ea6a6ab0}: 'void java.lang.invoke.DirectMethodHandle$Holder.invokeStaticInit(java.lang.Object)'> (0x00000000ea6a6ab0) thrown at [./src/hotspot/share/interpreter/linkResolver.cpp, line 773]
Event: 2.101 Thread 0x000002abaed82000 Exception <a 'java/lang/NoSuchMethodError'{0x00000000ea3117b0}: 'java.lang.Object java.lang.invoke.DirectMethodHandle$Holder.invokeStatic(java.lang.Object, java.lang.Object, java.lang.Object, int)'> (0x00000000ea3117b0) thrown at [./src/hotspot/share/interpreter/linkResolver.cpp, line 773]
Event: 2.102 Thread 0x000002abaed82000 Exception <a 'java/lang/NoSuchMethodError'{0x00000000ea315978}: 'java.lang.Object java.lang.invoke.DirectMethodHandle$Holder.invokeSpecial(java.lang.Object, java.lang.Object, java.lang.Object, java.lang.Object, int)'> (0x00000000ea315978) thrown at [./src/hotspot/share/interpreter/linkResolver.cpp, line 773]
Event: 2.102 Thread 0x000002abaed82000 Exception <a 'java/lang/NoSuchMethodError'{0x00000000ea319360}: 'java.lang.Object java.lang.invoke.Invokers$Holder.linkToTargetMethod(java.lang.Object, java.lang.Object, int, java.lang.Object)'> (0x00000000ea319360) thrown at [./src/hotspot/share/interpreter/linkResolver.cpp, line 773]
Event: 2.212 Thread 0x000002abaed82000 Exception <a 'java/lang/NoSuchMethodError'{0x00000000eff220c0}: 'int java.lang.invoke.DirectMethodHandle$Holder.invokeSpecialIFC(java.lang.Object, java.lang.Object, java.lang.Object, java.lang.Object)'> (0x00000000eff220c0) thrown at [./src/hotspot/share/interpreter/linkResolver.cpp, line 773]
Event: 2.213 Thread 0x000002abaed82000 Exception <a 'java/lang/NoSuchMethodError'{0x00000000eff2fe80}: 'java.lang.Object java.lang.invoke.DirectMethodHandle$Holder.invokeInterface(java.lang.Object, java.lang.Object, java.lang.Object)'> (0x00000000eff2fe80) thrown at [./src/hotspot/share/interpreter/linkResolver.cpp, line 773]
Event: 2.214 Thread 0x000002abaed82000 Exception <a 'java/lang/IncompatibleClassChangeError'{0x00000000eff33358}: Found class java.lang.Object, but interface was expected> (0x00000000eff33358) thrown at [./src/hotspot/share/interpreter/linkResolver.cpp, line 839]

Events (20 events):
Event: 2.217 loading class org/gradle/api/internal/changedetection/state/ResourceEntryFilter$1
Event: 2.217 loading class org/gradle/api/internal/changedetection/state/ResourceEntryFilter$1 done
Event: 2.217 loading class org/gradle/api/internal/changedetection/state/PropertiesFileFilter
Event: 2.217 loading class org/gradle/api/internal/changedetection/state/PropertiesFileFilter done
Event: 2.218 loading class org/gradle/api/internal/changedetection/state/RuntimeClasspathResourceHasher
Event: 2.218 loading class org/gradle/api/internal/changedetection/state/RuntimeClasspathResourceHasher done
Event: 2.219 loading class org/gradle/internal/hash/HashingOutputStream
Event: 2.219 loading class org/gradle/internal/hash/HashingOutputStream done
Event: 2.219 loading class org/gradle/internal/fingerprint/classpath/impl/ClasspathFingerprintingStrategy
Event: 2.219 loading class org/gradle/internal/fingerprint/classpath/impl/ClasspathFingerprintingStrategy done
Event: 2.220 loading class org/gradle/internal/fingerprint/impl/AbstractFingerprintingStrategy
Event: 2.220 loading class org/gradle/internal/fingerprint/impl/AbstractFingerprintingStrategy done
Event: 2.220 loading class org/gradle/internal/fingerprint/CurrentFileCollectionFingerprint
Event: 2.220 loading class org/gradle/internal/fingerprint/CurrentFileCollectionFingerprint done
Event: 2.221 loading class org/gradle/internal/fingerprint/FileCollectionFingerprint
Event: 2.221 loading class org/gradle/internal/fingerprint/FileCollectionFingerprint done
Event: 2.221 loading class org/gradle/internal/snapshot/RelativePathTrackingFileSystemSnapshotHierarchyVisitor
Event: 2.221 loading class org/gradle/internal/snapshot/RelativePathTrackingFileSystemSnapshotHierarchyVisitor done
Event: 2.221 loading class org/gradle/api/internal/changedetection/state/PropertiesFileAwareClasspathResourceHasher
Event: 2.221 loading class org/gradle/api/internal/changedetection/state/PropertiesFileAwareClasspathResourceHasher done


Dynamic libraries:
0x00007ff7e0f90000 - 0x00007ff7e0f9a000 	C:\Program Files\Android\Android Studio\jre\bin\java.exe
0x00007ffd2ecc0000 - 0x00007ffd2eec7000 	C:\WINDOWS\SYSTEM32\ntdll.dll
0x00007ffd2e120000 - 0x00007ffd2e1dd000 	C:\WINDOWS\System32\KERNEL32.DLL
0x00007ffd2c670000 - 0x00007ffd2c9e4000 	C:\WINDOWS\System32\KERNELBASE.dll
0x00007ffd2c1a0000 - 0x00007ffd2c2b1000 	C:\WINDOWS\System32\ucrtbase.dll
0x00007ffd17b00000 - 0x00007ffd17b19000 	C:\Program Files\Android\Android Studio\jre\bin\jli.dll
0x00007ffd10ed0000 - 0x00007ffd10ee7000 	C:\Program Files\Android\Android Studio\jre\bin\VCRUNTIME140.dll
0x00007ffd1ac00000 - 0x00007ffd1aea5000 	C:\WINDOWS\WinSxS\amd64_microsoft.windows.common-controls_6595b64144ccf1df_6.0.22000.120_none_9d947278b86cc467\COMCTL32.dll
0x00007ffd2da80000 - 0x00007ffd2dc2c000 	C:\WINDOWS\System32\USER32.dll
0x00007ffd2e300000 - 0x00007ffd2e3a3000 	C:\WINDOWS\System32\msvcrt.dll
0x00007ffd2c2c0000 - 0x00007ffd2c2e6000 	C:\WINDOWS\System32\win32u.dll
0x00007ffd2d800000 - 0x00007ffd2d829000 	C:\WINDOWS\System32\GDI32.dll
0x00007ffd2c550000 - 0x00007ffd2c662000 	C:\WINDOWS\System32\gdi32full.dll
0x00007ffd2cab0000 - 0x00007ffd2cb4d000 	C:\WINDOWS\System32\msvcp_win.dll
0x00007ffd2de50000 - 0x00007ffd2de81000 	C:\WINDOWS\System32\IMM32.DLL
0x00007ffcf54b0000 - 0x00007ffcf554d000 	C:\Program Files\Android\Android Studio\jre\bin\msvcp140.dll
0x00007ffce0570000 - 0x00007ffce103f000 	C:\Program Files\Android\Android Studio\jre\bin\server\jvm.dll
0x00007ffd2e1e0000 - 0x00007ffd2e28c000 	C:\WINDOWS\System32\ADVAPI32.dll
0x00007ffd2e3b0000 - 0x00007ffd2e44d000 	C:\WINDOWS\System32\sechost.dll
0x00007ffd2d530000 - 0x00007ffd2d651000 	C:\WINDOWS\System32\RPCRT4.dll
0x00007ffd2e450000 - 0x00007ffd2e458000 	C:\WINDOWS\System32\PSAPI.DLL
0x00007ffd29de0000 - 0x00007ffd29e13000 	C:\WINDOWS\SYSTEM32\WINMM.dll
0x00007ffd0fc80000 - 0x00007ffd0fc89000 	C:\WINDOWS\SYSTEM32\WSOCK32.dll
0x00007ffd24e20000 - 0x00007ffd24e2a000 	C:\WINDOWS\SYSTEM32\VERSION.dll
0x00007ffd2cb50000 - 0x00007ffd2cbbf000 	C:\WINDOWS\System32\WS2_32.dll
0x00007ffd2b330000 - 0x00007ffd2b348000 	C:\WINDOWS\SYSTEM32\kernel.appcore.dll
0x00007ffd1b400000 - 0x00007ffd1b411000 	C:\Program Files\Android\Android Studio\jre\bin\verify.dll
0x00007ffd29bb0000 - 0x00007ffd29dd1000 	C:\WINDOWS\SYSTEM32\DBGHELP.DLL
0x00007ffd29b70000 - 0x00007ffd29ba1000 	C:\WINDOWS\SYSTEM32\dbgcore.DLL
0x00007ffd2c460000 - 0x00007ffd2c4e0000 	C:\WINDOWS\System32\bcryptPrimitives.dll
0x00007ffd1b3d0000 - 0x00007ffd1b3f9000 	C:\Program Files\Android\Android Studio\jre\bin\java.dll
0x00007ffd24270000 - 0x00007ffd2427b000 	C:\Program Files\Android\Android Studio\jre\bin\jimage.dll
0x00007ffd1b3b0000 - 0x00007ffd1b3c8000 	C:\Program Files\Android\Android Studio\jre\bin\zip.dll
0x00007ffd2e460000 - 0x00007ffd2ec0a000 	C:\WINDOWS\System32\SHELL32.dll
0x00007ffd2a340000 - 0x00007ffd2aba2000 	C:\WINDOWS\SYSTEM32\windows.storage.dll
0x00007ffd2cbe0000 - 0x00007ffd2cf58000 	C:\WINDOWS\System32\combase.dll
0x00007ffd2a1d0000 - 0x00007ffd2a336000 	C:\WINDOWS\SYSTEM32\wintypes.dll
0x00007ffd2d830000 - 0x00007ffd2d91a000 	C:\WINDOWS\System32\SHCORE.dll
0x00007ffd2d3d0000 - 0x00007ffd2d42d000 	C:\WINDOWS\System32\shlwapi.dll
0x00007ffd2c0d0000 - 0x00007ffd2c0f1000 	C:\WINDOWS\SYSTEM32\profapi.dll
0x00007ffd1b390000 - 0x00007ffd1b3aa000 	C:\Program Files\Android\Android Studio\jre\bin\net.dll
0x00007ffd273f0000 - 0x00007ffd274fc000 	C:\WINDOWS\SYSTEM32\WINHTTP.dll
0x00007ffd2b740000 - 0x00007ffd2b7a7000 	C:\WINDOWS\system32\mswsock.dll
0x00007ffd1b370000 - 0x00007ffd1b384000 	C:\Program Files\Android\Android Studio\jre\bin\nio.dll
0x00007ffd1b010000 - 0x00007ffd1b037000 	C:\Users\DELL\.gradle\native\8bec1ad78214c89d9ad589b4d07fe93259594b29d510b10fafb7a158f7737e5d\windows-amd64\native-platform.dll
0x00007ffcf4c00000 - 0x00007ffcf4d3d000 	C:\Users\DELL\.gradle\native\53dbd7edfb1c66fb8903c78663c9afc45aea4f116125fa6feffd364cf09443e8\windows-amd64\native-platform-file-events.dll
0x00007ffd241d0000 - 0x00007ffd241da000 	C:\Program Files\Android\Android Studio\jre\bin\management.dll
0x00007ffd206e0000 - 0x00007ffd206ec000 	C:\Program Files\Android\Android Studio\jre\bin\management_ext.dll
0x00007ffd2b9b0000 - 0x00007ffd2b9c8000 	C:\WINDOWS\SYSTEM32\CRYPTSP.dll
0x00007ffd2b290000 - 0x00007ffd2b2c5000 	C:\WINDOWS\system32\rsaenh.dll
0x00007ffd2b840000 - 0x00007ffd2b869000 	C:\WINDOWS\SYSTEM32\USERENV.dll
0x00007ffd2bb80000 - 0x00007ffd2bba7000 	C:\WINDOWS\SYSTEM32\bcrypt.dll
0x00007ffd2b9d0000 - 0x00007ffd2b9dc000 	C:\WINDOWS\SYSTEM32\CRYPTBASE.dll
0x00007ffd2ae00000 - 0x00007ffd2ae2d000 	C:\WINDOWS\SYSTEM32\IPHLPAPI.DLL
0x00007ffd2d520000 - 0x00007ffd2d529000 	C:\WINDOWS\System32\NSI.dll
0x00007ffd26a50000 - 0x00007ffd26a69000 	C:\WINDOWS\SYSTEM32\dhcpcsvc6.DLL
0x00007ffd26ab0000 - 0x00007ffd26ace000 	C:\WINDOWS\SYSTEM32\dhcpcsvc.DLL
0x00007ffd2ae30000 - 0x00007ffd2af17000 	C:\WINDOWS\SYSTEM32\DNSAPI.dll

dbghelp: loaded successfully - version: 4.0.5 - missing functions: none
symbol engine: initialized successfully - sym options: 0x614 - pdb path: .;C:\Program Files\Android\Android Studio\jre\bin;C:\WINDOWS\SYSTEM32;C:\WINDOWS\WinSxS\amd64_microsoft.windows.common-controls_6595b64144ccf1df_6.0.22000.120_none_9d947278b86cc467;C:\Program Files\Android\Android Studio\jre\bin\server;C:\Users\DELL\.gradle\native\8bec1ad78214c89d9ad589b4d07fe93259594b29d510b10fafb7a158f7737e5d\windows-amd64;C:\Users\DELL\.gradle\native\53dbd7edfb1c66fb8903c78663c9afc45aea4f116125fa6feffd364cf09443e8\windows-amd64

VM Arguments:
jvm_args: --add-opens=java.base/java.util=ALL-UNNAMED --add-opens=java.base/java.lang=ALL-UNNAMED --add-opens=java.base/java.lang.invoke=ALL-UNNAMED --add-opens=java.base/java.util=ALL-UNNAMED --add-opens=java.prefs/java.util.prefs=ALL-UNNAMED --add-opens=java.prefs/java.util.prefs=ALL-UNNAMED --add-opens=java.base/java.nio.charset=ALL-UNNAMED --add-opens=java.base/java.net=ALL-UNNAMED --add-opens=java.base/java.util.concurrent.atomic=ALL-UNNAMED -XX:MaxMetaspaceSize=256m -XX:+HeapDumpOnOutOfMemoryError -Xms256m -Xmx512m -Dfile.encoding=windows-1252 -Duser.country=US -Duser.language=en -Duser.variant 
java_command: org.gradle.launcher.daemon.bootstrap.GradleDaemon 7.0.2
java_class_path (initial): C:\Users\DELL\.gradle\wrapper\dists\gradle-7.0.2-bin\857tjihv64xamwrf0h14cai3r\gradle-7.0.2\lib\gradle-launcher-7.0.2.jar
Launcher Type: SUN_STANDARD

[Global flags]
     intx CICompilerCount                          = 4                                         {product} {ergonomic}
   size_t CompressedClassSpaceSize                 = 260046848                                 {product} {ergonomic}
     uint ConcGCThreads                            = 2                                         {product} {ergonomic}
     uint G1ConcRefinementThreads                  = 8                                         {product} {ergonomic}
   size_t G1HeapRegionSize                         = 1048576                                   {product} {ergonomic}
    uintx GCDrainStackTargetSize                   = 64                                        {product} {ergonomic}
     bool HeapDumpOnOutOfMemoryError               = true                                   {manageable} {command line}
   size_t InitialHeapSize                          = 268435456                                 {product} {command line}
   size_t MarkStackSize                            = 4194304                                   {product} {ergonomic}
   size_t MaxHeapSize                              = 536870912                                 {product} {command line}
   size_t MaxMetaspaceSize                         = 268435456                                 {product} {command line}
   size_t MaxNewSize                               = 321912832                                 {product} {ergonomic}
   size_t MinHeapDeltaBytes                        = 1048576                                   {product} {ergonomic}
    uintx NonNMethodCodeHeapSize                   = 5836300                                {pd product} {ergonomic}
    uintx NonProfiledCodeHeapSize                  = 122910970                              {pd product} {ergonomic}
    uintx ProfiledCodeHeapSize                     = 122910970                              {pd product} {ergonomic}
    uintx ReservedCodeCacheSize                    = 251658240                              {pd product} {ergonomic}
     bool SegmentedCodeCache                       = true                                      {product} {ergonomic}
     bool UseCompressedClassPointers               = true                                 {lp64_product} {ergonomic}
     bool UseCompressedOops                        = true                                 {lp64_product} {ergonomic}
     bool UseG1GC                                  = true                                      {product} {ergonomic}
     bool UseLargePagesIndividualAllocation        = false                                  {pd product} {ergonomic}

Logging:
Log output configuration:
 #0: stdout all=warning uptime,level,tags
 #1: stderr all=off uptime,level,tags

Environment Variables:
PATH=C:\app\DELL\product\21c\dbhomeXE\bin;D:\db_home\bin;C:\db_home\bin;C:\Program Files (x86)\VMware\VMware Player\bin\;C:\Program Files\Python39\Scripts\;C:\Program Files\Python39\;C:\Program Files\Common Files\Oracle\Java\javapath;C:\WINDOWS\system32;C:\WINDOWS;C:\WINDOWS\System32\Wbem;C:\WINDOWS\System32\WindowsPowerShell\v1.0\;C:\WINDOWS\System32\OpenSSH\;C:\Program Files\Git\cmd;C:\Program Files (x86)\dotnet\;C:\Users\DELL\AppData\Local\Microsoft\WindowsApps;C:\Users\DELL\AppData\Local\Programs\Microsoft VS Code\bin;C:\Program Files\CodeBlocks\MinGW\bin;C:\Program Files\JetBrains\PyCharm Community Edition 2021.2.1\bin;C:\Users\DELL\AppData\Local\atom\bin;%USERPROFILE%\AppData\Local\Microsoft\WindowsApps;
USERNAME=DELL
OS=Windows_NT
PROCESSOR_IDENTIFIER=AMD64 Family 23 Model 96 Stepping 1, AuthenticAMD



---------------  S Y S T E M  ---------------

OS: Windows 10 , 64 bit Build 22000 (10.0.22000.318)
OS uptime: 0 days 8:37 hours

CPU:total 8 (initial active 8) (8 cores per cpu, 1 threads per core) family 23 model 96 stepping 1 microcode 0x0, cmov, cx8, fxsr, mmx, sse, sse2, sse3, ssse3, sse4.1, sse4.2, popcnt, avx, avx2, aes, clmul, mmxext, 3dnowpref, lzcnt, sse4a, tsc, tscinvbit, tscinv, bmi1, bmi2, adx, sha, 

Memory: 4k page, system-wide physical 7545M (1308M free)
TotalPageFile size 7545M (AvailPageFile size 3M)
current process WorkingSet (physical memory assigned to process): 207M, peak: 207M
current process commit charge ("private bytes"): 389M, peak: 390M

vm_info: OpenJDK 64-Bit Server VM (11.0.10+0-b96-7249189) for windows-amd64 JRE (11.0.10+0-b96-7249189), built on Mar 31 2021 21:44:00 by "builder" with MS VC++ 14.0 (VS2015)

END.
