#
# There is insufficient memory for the Java Runtime Environment to continue.
# Native memory allocation (mmap) failed to map 49283072 bytes for Failed to commit area from 0x00000000b7b00000 to 0x00000000baa00000 of length 49283072.
# Possible reasons:
#   The system is out of physical RAM or swap space
#   The process is running with CompressedOops enabled, and the Java Heap may be blocking the growth of the native heap
# Possible solutions:
#   Reduce memory load on the system
#   Increase physical memory or swap space
#   Check if swap backing store is full
#   Decrease Java heap size (-Xmx/-Xms)
#   Decrease number of Java threads
#   Decrease Java thread stack sizes (-Xss)
#   Set larger code cache with -XX:ReservedCodeCacheSize=
#   JVM is running with Unscaled Compressed Oops mode in which the Java heap is
#     placed in the first 4GB address space. The Java Heap base address is the
#     maximum limit for the native heap growth. Please use -XX:HeapBaseMinAddress
#     to set the Java Heap base and to place the Java Heap above 4GB virtual address.
# This output file may be truncated or incomplete.
#
#  Out of Memory Error (./src/hotspot/os/windows/os_windows.cpp:3301), pid=13252, tid=17172
#
# JRE version: OpenJDK Runtime Environment (11.0.10) (build 11.0.10+0-b96-7249189)
# Java VM: OpenJDK 64-Bit Server VM (11.0.10+0-b96-7249189, mixed mode, tiered, compressed oops, g1 gc, windows-amd64)
# No core dump will be written. Minidumps are not enabled by default on client versions of Windows
#

---------------  S U M M A R Y ------------

Command Line: --add-opens=java.base/java.util=ALL-UNNAMED --add-opens=java.base/java.lang=ALL-UNNAMED --add-opens=java.base/java.lang.invoke=ALL-UNNAMED --add-opens=java.base/java.util=ALL-UNNAMED --add-opens=java.prefs/java.util.prefs=ALL-UNNAMED --add-opens=java.prefs/java.util.prefs=ALL-UNNAMED --add-opens=java.base/java.nio.charset=ALL-UNNAMED --add-opens=java.base/java.net=ALL-UNNAMED --add-opens=java.base/java.util.concurrent.atomic=ALL-UNNAMED -Xmx1500m -Dfile.encoding=UTF-8 -Duser.country=US -Duser.language=en -Duser.variant org.gradle.launcher.daemon.bootstrap.GradleDaemon 7.0.2

Host: AMD Ryzen 7 4700U with Radeon Graphics         , 8 cores, 7G,  Windows 10 , 64 bit Build 22000 (10.0.22000.318)
Time: Wed Dec 15 23:18:16 2021 Pakistan Standard Time elapsed time: 16.389025 seconds (0d 0h 0m 16s)

---------------  T H R E A D  ---------------

Current thread (0x000001ca7b285000):  VMThread "VM Thread" [stack: 0x0000005ba8400000,0x0000005ba8500000] [id=17172]

Stack: [0x0000005ba8400000,0x0000005ba8500000]
[error occurred during error reporting (printing stack bounds), id 0xc0000005, EXCEPTION_ACCESS_VIOLATION (0xc0000005) at pc=0x000001ca65d60f2d]

Native frames: (J=compiled Java code, j=interpreted, Vv=VM code, C=native code)
V  [jvm.dll+0x5ecfaa]
V  [jvm.dll+0x722bd5]
V  [jvm.dll+0x72412d]
V  [jvm.dll+0x724745]
V  [jvm.dll+0x7246fb]
V  [jvm.dll+0x5ec348]
V  [jvm.dll+0x5ecad8]
C  [ntdll.dll+0xa82ff]
C  [ntdll.dll+0x35a0a]
C  [ntdll.dll+0xa730e]
C  0x000001ca65d60f2d

VM_Operation (0x0000005babaf8fe0): G1CollectForAllocation, mode: safepoint, requested by thread 0x000001ca02d40800


---------------  P R O C E S S  ---------------

Threads class SMR info:
_java_thread_list=0x000001ca01ca83e0, length=71, elements={
0x000001ca6226d000, 0x000001ca7b287800, 0x000001ca7b292800, 0x000001ca7bb04800,
0x000001ca7bb05800, 0x000001ca7bb06800, 0x000001ca7bb08000, 0x000001ca7bb0b000,
0x000001ca7bb10000, 0x000001ca7bca9800, 0x000001ca7d487000, 0x000001ca7ee4c800,
0x000001ca7c108000, 0x000001ca7c038800, 0x000001ca7dd28800, 0x000001ca7d472800,
0x000001ca7e42b800, 0x000001ca7dc8a800, 0x000001ca7df1b000, 0x000001ca7df1d800,
0x000001ca7df1c000, 0x000001ca7df1e800, 0x000001ca7df1c800, 0x000001ca7df18800,
0x000001ca7df1f000, 0x000001ca7df19800, 0x000001ca7df1a800, 0x000001ca7fa7b000,
0x000001ca7fa7f000, 0x000001ca7dd92800, 0x000001ca7fa7e000, 0x000001ca7fa7d800,
0x000001ca7fa80000, 0x000001ca7fa7a000, 0x000001ca7fa80800, 0x000001ca7fa84000,
0x000001ca7fa83000, 0x000001ca7fa84800, 0x000001ca7fa87000, 0x000001ca7fa88000,
0x000001ca7fa85800, 0x000001ca7fa86800, 0x000001ca7fa82800, 0x000001ca7fa89000,
0x000001ca02d40800, 0x000001ca02d41800, 0x000001ca02d42800, 0x000001ca02d3e000,
0x000001ca02d40000, 0x000001ca02d43000, 0x000001ca02d3f000, 0x000001ca02d44800,
0x000001ca02d49800, 0x000001ca02d44000, 0x000001ca02d48000, 0x000001ca02d46800,
0x000001ca02d47000, 0x000001ca02d4a800, 0x000001ca02d4b800, 0x000001ca02d4c000,
0x000001ca7d272800, 0x000001ca7d274000, 0x000001ca7d276800, 0x000001ca7d274800,
0x000001ca7d271800, 0x000001ca7d277000, 0x000001ca7d273000, 0x000001ca7d279800,
0x000001ca7d27b000, 0x000001ca7d278000, 0x000001ca7d27d800
}

Java Threads: ( => current thread )
  0x000001ca6226d000 JavaThread "main" [_thread_blocked, id=2936, stack(0x0000005ba7e00000,0x0000005ba7f00000)]
  0x000001ca7b287800 JavaThread "Reference Handler" daemon [_thread_blocked, id=2320, stack(0x0000005ba8500000,0x0000005ba8600000)]
  0x000001ca7b292800 JavaThread "Finalizer" daemon [_thread_blocked, id=4152, stack(0x0000005ba8600000,0x0000005ba8700000)]
  0x000001ca7bb04800 JavaThread "Signal Dispatcher" daemon [_thread_blocked, id=12688, stack(0x0000005ba8700000,0x0000005ba8800000)]
  0x000001ca7bb05800 JavaThread "Attach Listener" daemon [_thread_blocked, id=13908, stack(0x0000005ba8800000,0x0000005ba8900000)]
  0x000001ca7bb06800 JavaThread "Service Thread" daemon [_thread_blocked, id=2444, stack(0x0000005ba8900000,0x0000005ba8a00000)]
  0x000001ca7bb08000 JavaThread "C2 CompilerThread0" daemon [_thread_blocked, id=2708, stack(0x0000005ba8a00000,0x0000005ba8b00000)]
  0x000001ca7bb0b000 JavaThread "C1 CompilerThread0" daemon [_thread_blocked, id=8176, stack(0x0000005ba8b00000,0x0000005ba8c00000)]
  0x000001ca7bb10000 JavaThread "Sweeper thread" daemon [_thread_blocked, id=13708, stack(0x0000005ba8c00000,0x0000005ba8d00000)]
  0x000001ca7bca9800 JavaThread "Common-Cleaner" daemon [_thread_blocked, id=15520, stack(0x0000005ba8d00000,0x0000005ba8e00000)]
  0x000001ca7d487000 JavaThread "Daemon health stats" [_thread_blocked, id=528, stack(0x0000005ba9200000,0x0000005ba9300000)]
  0x000001ca7ee4c800 JavaThread "Incoming local TCP Connector on port 51484" [_thread_in_native, id=14804, stack(0x0000005ba8f00000,0x0000005ba9000000)]
  0x000001ca7c108000 JavaThread "C2 CompilerThread1" daemon [_thread_blocked, id=14460, stack(0x0000005ba9000000,0x0000005ba9100000)]
  0x000001ca7c038800 JavaThread "Daemon periodic checks" [_thread_blocked, id=8872, stack(0x0000005ba9300000,0x0000005ba9400000)]
  0x000001ca7dd28800 JavaThread "Daemon" [_thread_blocked, id=12400, stack(0x0000005ba9400000,0x0000005ba9500000)]
  0x000001ca7d472800 JavaThread "Handler for socket connection from /127.0.0.1:51484 to /127.0.0.1:51485" [_thread_in_native, id=13180, stack(0x0000005ba9500000,0x0000005ba9600000)]
  0x000001ca7e42b800 JavaThread "Cancel handler" [_thread_blocked, id=9788, stack(0x0000005ba9600000,0x0000005ba9700000)]
  0x000001ca7dc8a800 JavaThread "Daemon worker" [_thread_blocked, id=2716, stack(0x0000005ba9700000,0x0000005ba9800000)]
  0x000001ca7df1b000 JavaThread "Asynchronous log dispatcher for DefaultDaemonConnection: socket connection from /127.0.0.1:51484 to /127.0.0.1:51485" [_thread_blocked, id=1128, stack(0x0000005ba9800000,0x0000005ba9900000)]
  0x000001ca7df1d800 JavaThread "Stdin handler" [_thread_blocked, id=6236, stack(0x0000005ba9900000,0x0000005ba9a00000)]
  0x000001ca7df1c000 JavaThread "Daemon client event forwarder" [_thread_blocked, id=7016, stack(0x0000005ba9a00000,0x0000005ba9b00000)]
  0x000001ca7df1e800 JavaThread "Cache worker for file hash cache (C:\Users\DELL\.gradle\caches\7.0.2\fileHashes)" [_thread_blocked, id=15820, stack(0x0000005baa200000,0x0000005baa300000)]
  0x000001ca7df1c800 JavaThread "File lock request listener" [_thread_in_native, id=15512, stack(0x0000005baa300000,0x0000005baa400000)]
  0x000001ca7df18800 JavaThread "Cache worker for journal cache (C:\Users\DELL\.gradle\caches\journal-1)" [_thread_blocked, id=2296, stack(0x0000005baa500000,0x0000005baa600000)]
  0x000001ca7df1f000 JavaThread "Cache worker for file hash cache (D:\TRA\.gradle\7.0.2\fileHashes)" [_thread_blocked, id=9680, stack(0x0000005baa600000,0x0000005baa700000)]
  0x000001ca7df19800 JavaThread "File watcher server" daemon [_thread_blocked, id=16900, stack(0x0000005baa700000,0x0000005baa800000)]
  0x000001ca7df1a800 JavaThread "File watcher consumer" daemon [_thread_blocked, id=17164, stack(0x0000005baa800000,0x0000005baa900000)]
  0x000001ca7fa7b000 JavaThread "Cache worker for checksums cache (D:\TRA\.gradle\checksums)" [_thread_blocked, id=15932, stack(0x0000005baa900000,0x0000005baaa00000)]
  0x000001ca7fa7f000 JavaThread "Cache worker for cache directory md-supplier (C:\Users\DELL\.gradle\caches\7.0.2\md-supplier)" [_thread_blocked, id=15256, stack(0x0000005baaa00000,0x0000005baab00000)]
  0x000001ca7dd92800 JavaThread "C2 CompilerThread2" daemon [_thread_in_native, id=6176, stack(0x0000005baab00000,0x0000005baac00000)]
  0x000001ca7fa7e000 JavaThread "Cache worker for cache directory md-rule (C:\Users\DELL\.gradle\caches\7.0.2\md-rule)" [_thread_blocked, id=3656, stack(0x0000005baac00000,0x0000005baad00000)]
  0x000001ca7fa7d800 JavaThread "Cache worker for execution history cache (C:\Users\DELL\.gradle\caches\7.0.2\executionHistory)" [_thread_blocked, id=1248, stack(0x0000005baad00000,0x0000005baae00000)]
  0x000001ca7fa80000 JavaThread "jar transforms" [_thread_blocked, id=8512, stack(0x0000005baae00000,0x0000005baaf00000)]
  0x000001ca7fa7a000 JavaThread "jar transforms Thread 2" [_thread_blocked, id=13248, stack(0x0000005baaf00000,0x0000005bab000000)]
  0x000001ca7fa80800 JavaThread "Cache worker for file content cache (C:\Users\DELL\.gradle\caches\7.0.2\fileContent)" [_thread_blocked, id=12480, stack(0x0000005bab000000,0x0000005bab100000)]
  0x000001ca7fa84000 JavaThread "Cache worker for dependencies-accessors (D:\TRA\.gradle\7.0.2\dependencies-accessors)" [_thread_blocked, id=8360, stack(0x0000005bab100000,0x0000005bab200000)]
  0x000001ca7fa83000 JavaThread "jar transforms Thread 3" [_thread_blocked, id=15464, stack(0x0000005bab200000,0x0000005bab300000)]
  0x000001ca7fa84800 JavaThread "Cache worker for Build Output Cleanup Cache (D:\TRA\.gradle\buildOutputCleanup)" [_thread_blocked, id=5512, stack(0x0000005bab300000,0x0000005bab400000)]
  0x000001ca7fa87000 JavaThread "Build operations" [_thread_blocked, id=2080, stack(0x0000005bab400000,0x0000005bab500000)]
  0x000001ca7fa88000 JavaThread "Build operations Thread 2" [_thread_blocked, id=16776, stack(0x0000005bab500000,0x0000005bab600000)]
  0x000001ca7fa85800 JavaThread "Build operations Thread 3" [_thread_blocked, id=8196, stack(0x0000005bab600000,0x0000005bab700000)]
  0x000001ca7fa86800 JavaThread "Build operations Thread 4" [_thread_blocked, id=9768, stack(0x0000005bab700000,0x0000005bab800000)]
  0x000001ca7fa82800 JavaThread "Build operations Thread 5" [_thread_blocked, id=7644, stack(0x0000005bab800000,0x0000005bab900000)]
  0x000001ca7fa89000 JavaThread "Build operations Thread 6" [_thread_blocked, id=14328, stack(0x0000005bab900000,0x0000005baba00000)]
  0x000001ca02d40800 JavaThread "Build operations Thread 7" [_thread_blocked, id=11280, stack(0x0000005baba00000,0x0000005babb00000)]
  0x000001ca02d41800 JavaThread "Build operations Thread 8" [_thread_blocked, id=15328, stack(0x0000005babb00000,0x0000005babc00000)]
  0x000001ca02d42800 JavaThread "jar transforms Thread 4" [_thread_blocked, id=15708, stack(0x0000005babc00000,0x0000005babd00000)]
  0x000001ca02d3e000 JavaThread "jar transforms Thread 5" [_thread_blocked, id=9848, stack(0x0000005babd00000,0x0000005babe00000)]
  0x000001ca02d40000 JavaThread "jar transforms Thread 6" [_thread_blocked, id=12284, stack(0x0000005babe00000,0x0000005babf00000)]
  0x000001ca02d43000 JavaThread "jar transforms Thread 7" [_thread_blocked, id=4716, stack(0x0000005babf00000,0x0000005bac000000)]
  0x000001ca02d3f000 JavaThread "jar transforms Thread 8" [_thread_blocked, id=4872, stack(0x0000005bac000000,0x0000005bac100000)]
  0x000001ca02d44800 JavaThread "Memory manager" [_thread_blocked, id=7592, stack(0x0000005bac100000,0x0000005bac200000)]
  0x000001ca02d49800 JavaThread "build event listener" [_thread_blocked, id=2668, stack(0x0000005bac200000,0x0000005bac300000)]
  0x000001ca02d44000 JavaThread "pool-3-thread-1" [_thread_blocked, id=16836, stack(0x0000005bac300000,0x0000005bac400000)]
  0x000001ca02d48000 JavaThread "build event listener" [_thread_blocked, id=11296, stack(0x0000005bac400000,0x0000005bac500000)]
  0x000001ca02d46800 JavaThread "Execution worker for ':'" [_thread_blocked, id=16344, stack(0x0000005bac500000,0x0000005bac600000)]
  0x000001ca02d47000 JavaThread "Execution worker for ':' Thread 2" [_thread_blocked, id=7340, stack(0x0000005bac600000,0x0000005bac700000)]
  0x000001ca02d4a800 JavaThread "Execution worker for ':' Thread 3" [_thread_blocked, id=6248, stack(0x0000005bac700000,0x0000005bac800000)]
  0x000001ca02d4b800 JavaThread "Execution worker for ':' Thread 4" [_thread_blocked, id=7128, stack(0x0000005bac800000,0x0000005bac900000)]
  0x000001ca02d4c000 JavaThread "Execution worker for ':' Thread 5" [_thread_blocked, id=11516, stack(0x0000005bac900000,0x0000005baca00000)]
  0x000001ca7d272800 JavaThread "Execution worker for ':' Thread 6" [_thread_blocked, id=1564, stack(0x0000005baca00000,0x0000005bacb00000)]
  0x000001ca7d274000 JavaThread "Execution worker for ':' Thread 7" [_thread_blocked, id=2028, stack(0x0000005bacb00000,0x0000005bacc00000)]
  0x000001ca7d276800 JavaThread "Cache worker for execution history cache (D:\TRA\.gradle\7.0.2\executionHistory)" [_thread_blocked, id=876, stack(0x0000005bacc00000,0x0000005bacd00000)]
  0x000001ca7d274800 JavaThread "WorkerExecutor Queue" [_thread_blocked, id=16704, stack(0x0000005bacd00000,0x0000005bace00000)]
  0x000001ca7d271800 JavaThread "WorkerExecutor Queue Thread 2" [_thread_blocked, id=4448, stack(0x0000005bace00000,0x0000005bacf00000)]
  0x000001ca7d277000 JavaThread "WorkerExecutor Queue Thread 3" [_thread_blocked, id=7336, stack(0x0000005bacf00000,0x0000005bad000000)]
  0x000001ca7d273000 JavaThread "WorkerExecutor Queue Thread 4" [_thread_blocked, id=13048, stack(0x0000005bad000000,0x0000005bad100000)]
  0x000001ca7d279800 JavaThread "WorkerExecutor Queue Thread 5" [_thread_blocked, id=11112, stack(0x0000005bad100000,0x0000005bad200000)]
  0x000001ca7d27b000 JavaThread "WorkerExecutor Queue Thread 6" [_thread_blocked, id=15628, stack(0x0000005bad200000,0x0000005bad300000)]
  0x000001ca7d278000 JavaThread "WorkerExecutor Queue Thread 7" [_thread_blocked, id=2332, stack(0x0000005bad300000,0x0000005bad400000)]
  0x000001ca7d27d800 JavaThread "WorkerExecutor Queue Thread 8" [_thread_blocked, id=11576, stack(0x0000005bad400000,0x0000005bad500000)]

Other Threads:
=>0x000001ca7b285000 VMThread "VM Thread" [stack: 0x0000005ba8400000,0x0000005ba8500000] [id=17172]
  0x000001ca7bcce800 WatcherThread [stack: 0x0000005ba8e00000,0x0000005ba8f00000] [id=15656]
  0x000001ca62287800 GCTaskThread "GC Thread#0" [stack: 0x0000005ba7f00000,0x0000005ba8000000] [id=14612]
  0x000001ca7ca35000 GCTaskThread "GC Thread#1" [stack: 0x0000005ba9100000,0x0000005ba9200000] [id=12332]
  0x000001ca7d5af800 GCTaskThread "GC Thread#2" [stack: 0x0000005ba9b00000,0x0000005ba9c00000] [id=4948]
  0x000001ca7d5b0000 GCTaskThread "GC Thread#3" [stack: 0x0000005ba9c00000,0x0000005ba9d00000] [id=14620]
  0x000001ca7d677800 GCTaskThread "GC Thread#4" [stack: 0x0000005ba9d00000,0x0000005ba9e00000] [id=14864]
  0x000001ca7d678800 GCTaskThread "GC Thread#5" [stack: 0x0000005ba9e00000,0x0000005ba9f00000] [id=3244]
  0x000001ca7d3ef800 GCTaskThread "GC Thread#6" [stack: 0x0000005ba9f00000,0x0000005baa000000] [id=8]
  0x000001ca7d3f0000 GCTaskThread "GC Thread#7" [stack: 0x0000005baa000000,0x0000005baa100000] [id=16076]
  0x000001ca622ad800 ConcurrentGCThread "G1 Main Marker" [stack: 0x0000005ba8000000,0x0000005ba8100000] [id=6216]
  0x000001ca622ae800 ConcurrentGCThread "G1 Conc#0" [stack: 0x0000005ba8100000,0x0000005ba8200000] [id=1320]
  0x000001ca7dc77800 ConcurrentGCThread "G1 Conc#1" [stack: 0x0000005baa400000,0x0000005baa500000] [id=15624]
  0x000001ca6234e000 ConcurrentGCThread "G1 Refine#0" [stack: 0x0000005ba8200000,0x0000005ba8300000] [id=10544]
  0x000001ca7c9a4000 ConcurrentGCThread "G1 Refine#1" [stack: 0x0000005baa100000,0x0000005baa200000] [id=8652]
  0x000001ca7b0ed800 ConcurrentGCThread "G1 Young RemSet Sampling" [stack: 0x0000005ba8300000,0x0000005ba8400000] [id=12268]

Threads with active compile tasks:
C2 CompilerThread0  16397 17573       4       com.android.tools.r8.graph.H::a (1035 bytes)
C2 CompilerThread1  16397 17471       4       com.android.tools.r8.internal.X4::a (366 bytes)
C2 CompilerThread2  16397 17482       4       com.android.tools.r8.internal.Me::a (1137 bytes)

VM state:at safepoint (normal execution)

VM Mutex/Monitor currently owned by a thread:  ([mutex/lock_event])
[0x000001ca622693d0] Threads_lock - owner thread: 0x000001ca7b285000
[0x000001ca62268da0] Heap_lock - owner thread: 0x000001ca02d40800

Heap address: 0x00000000a2400000, size: 1500 MB, Compressed Oops mode: 32-bit
Narrow klass base: 0x0000000000000000, Narrow klass shift: 3
Compressed class space size: 1073741824 Address: 0x0000000100000000

Heap:
 garbage-first heap   total 399360K, used 145701K [0x00000000a2400000, 0x0000000100000000)
  region size 1024K, 9 young (9216K), 9 survivors (9216K)
 Metaspace       used 107038K, capacity 109752K, committed 109900K, reserved 1144832K
  class space    used 13474K, capacity 14531K, committed 14668K, reserved 1048576K
Heap Regions: E=young(eden), S=young(survivor), O=old, HS=humongous(starts), HC=humongous(continues), CS=collection set, F=free, A=archive, TAMS=top-at-mark-start (previous, next)
|   0|0x00000000a2400000, 0x00000000a2500000, 0x00000000a2500000|100%| O|  |TAMS 0x00000000a2500000, 0x00000000a2400000| Untracked 
|   1|0x00000000a2500000, 0x00000000a2600000, 0x00000000a2600000|100%| O|  |TAMS 0x00000000a2600000, 0x00000000a2500000| Untracked 
|   2|0x00000000a2600000, 0x00000000a2700000, 0x00000000a2700000|100%| O|  |TAMS 0x00000000a2700000, 0x00000000a2600000| Untracked 
|   3|0x00000000a2700000, 0x00000000a2800000, 0x00000000a2800000|100%|HS|  |TAMS 0x00000000a2800000, 0x00000000a2700000| Complete 
|   4|0x00000000a2800000, 0x00000000a2900000, 0x00000000a2900000|100%|HC|  |TAMS 0x00000000a2900000, 0x00000000a2800000| Complete 
|   5|0x00000000a2900000, 0x00000000a2a00000, 0x00000000a2a00000|100%|HC|  |TAMS 0x00000000a2a00000, 0x00000000a2900000| Complete 
|   6|0x00000000a2a00000, 0x00000000a2b00000, 0x00000000a2b00000|100%| O|  |TAMS 0x00000000a2b00000, 0x00000000a2a00000| Untracked 
|   7|0x00000000a2b00000, 0x00000000a2c00000, 0x00000000a2c00000|100%| O|  |TAMS 0x00000000a2c00000, 0x00000000a2b00000| Untracked 
|   8|0x00000000a2c00000, 0x00000000a2d00000, 0x00000000a2d00000|100%| O|  |TAMS 0x00000000a2d00000, 0x00000000a2c00000| Untracked 
|   9|0x00000000a2d00000, 0x00000000a2e00000, 0x00000000a2e00000|100%| O|  |TAMS 0x00000000a2e00000, 0x00000000a2d00000| Untracked 
|  10|0x00000000a2e00000, 0x00000000a2f00000, 0x00000000a2f00000|100%| O|  |TAMS 0x00000000a2f00000, 0x00000000a2e00000| Untracked 
|  11|0x00000000a2f00000, 0x00000000a3000000, 0x00000000a3000000|100%| O|  |TAMS 0x00000000a3000000, 0x00000000a2f00000| Untracked 
|  12|0x00000000a3000000, 0x00000000a3100000, 0x00000000a3100000|100%| O|  |TAMS 0x00000000a3100000, 0x00000000a3000000| Untracked 
|  13|0x00000000a3100000, 0x00000000a3200000, 0x00000000a3200000|100%| O|  |TAMS 0x00000000a3200000, 0x00000000a3100000| Untracked 
|  14|0x00000000a3200000, 0x00000000a3300000, 0x00000000a3300000|100%| O|  |TAMS 0x00000000a3300000, 0x00000000a3200000| Untracked 
|  15|0x00000000a3300000, 0x00000000a3400000, 0x00000000a3400000|100%| O|  |TAMS 0x00000000a3400000, 0x00000000a3300000| Untracked 
|  16|0x00000000a3400000, 0x00000000a3500000, 0x00000000a3500000|100%| O|  |TAMS 0x00000000a3500000, 0x00000000a3400000| Untracked 
|  17|0x00000000a3500000, 0x00000000a3600000, 0x00000000a3600000|100%| O|  |TAMS 0x00000000a3600000, 0x00000000a3500000| Untracked 
|  18|0x00000000a3600000, 0x00000000a3700000, 0x00000000a3700000|100%| O|  |TAMS 0x00000000a3700000, 0x00000000a3600000| Untracked 
|  19|0x00000000a3700000, 0x00000000a3800000, 0x00000000a3800000|100%| O|  |TAMS 0x00000000a3800000, 0x00000000a3700000| Untracked 
|  20|0x00000000a3800000, 0x00000000a3900000, 0x00000000a3900000|100%| O|  |TAMS 0x00000000a3900000, 0x00000000a3800000| Untracked 
|  21|0x00000000a3900000, 0x00000000a3a00000, 0x00000000a3a00000|100%| O|  |TAMS 0x00000000a3a00000, 0x00000000a3900000| Untracked 
|  22|0x00000000a3a00000, 0x00000000a3b00000, 0x00000000a3b00000|100%| O|  |TAMS 0x00000000a3b00000, 0x00000000a3a00000| Untracked 
|  23|0x00000000a3b00000, 0x00000000a3c00000, 0x00000000a3c00000|100%| O|  |TAMS 0x00000000a3c00000, 0x00000000a3b00000| Untracked 
|  24|0x00000000a3c00000, 0x00000000a3d00000, 0x00000000a3d00000|100%| O|  |TAMS 0x00000000a3d00000, 0x00000000a3c00000| Untracked 
|  25|0x00000000a3d00000, 0x00000000a3e00000, 0x00000000a3e00000|100%| O|  |TAMS 0x00000000a3e00000, 0x00000000a3d00000| Untracked 
|  26|0x00000000a3e00000, 0x00000000a3f00000, 0x00000000a3f00000|100%| O|  |TAMS 0x00000000a3f00000, 0x00000000a3e00000| Untracked 
|  27|0x00000000a3f00000, 0x00000000a4000000, 0x00000000a4000000|100%|HS|  |TAMS 0x00000000a4000000, 0x00000000a3f00000| Complete 
|  28|0x00000000a4000000, 0x00000000a4100000, 0x00000000a4100000|100%|HS|  |TAMS 0x00000000a4100000, 0x00000000a4000000| Complete 
|  29|0x00000000a4100000, 0x00000000a4200000, 0x00000000a4200000|100%|HS|  |TAMS 0x00000000a4200000, 0x00000000a4100000| Complete 
|  30|0x00000000a4200000, 0x00000000a4300000, 0x00000000a4300000|100%|HC|  |TAMS 0x00000000a4300000, 0x00000000a4200000| Complete 
|  31|0x00000000a4300000, 0x00000000a4400000, 0x00000000a4400000|100%| O|  |TAMS 0x00000000a4400000, 0x00000000a4300000| Untracked 
|  32|0x00000000a4400000, 0x00000000a4500000, 0x00000000a4500000|100%| O|  |TAMS 0x00000000a4500000, 0x00000000a4400000| Untracked 
|  33|0x00000000a4500000, 0x00000000a4600000, 0x00000000a4600000|100%| O|  |TAMS 0x00000000a4600000, 0x00000000a4500000| Untracked 
|  34|0x00000000a4600000, 0x00000000a4700000, 0x00000000a4700000|100%| O|  |TAMS 0x00000000a4700000, 0x00000000a4600000| Untracked 
|  35|0x00000000a4700000, 0x00000000a4800000, 0x00000000a4800000|100%| O|  |TAMS 0x00000000a4800000, 0x00000000a4700000| Untracked 
|  36|0x00000000a4800000, 0x00000000a4900000, 0x00000000a4900000|100%| O|  |TAMS 0x00000000a4900000, 0x00000000a4800000| Untracked 
|  37|0x00000000a4900000, 0x00000000a4a00000, 0x00000000a4a00000|100%| O|  |TAMS 0x00000000a4a00000, 0x00000000a4900000| Untracked 
|  38|0x00000000a4a00000, 0x00000000a4b00000, 0x00000000a4b00000|100%| O|  |TAMS 0x00000000a4b00000, 0x00000000a4a00000| Untracked 
|  39|0x00000000a4b00000, 0x00000000a4c00000, 0x00000000a4c00000|100%| O|  |TAMS 0x00000000a4c00000, 0x00000000a4b00000| Untracked 
|  40|0x00000000a4c00000, 0x00000000a4d00000, 0x00000000a4d00000|100%| O|  |TAMS 0x00000000a4d00000, 0x00000000a4c00000| Untracked 
|  41|0x00000000a4d00000, 0x00000000a4e00000, 0x00000000a4e00000|100%| O|  |TAMS 0x00000000a4e00000, 0x00000000a4d00000| Untracked 
|  42|0x00000000a4e00000, 0x00000000a4f00000, 0x00000000a4f00000|100%| O|  |TAMS 0x00000000a4f00000, 0x00000000a4e00000| Untracked 
|  43|0x00000000a4f00000, 0x00000000a5000000, 0x00000000a5000000|100%| O|  |TAMS 0x00000000a5000000, 0x00000000a4f00000| Untracked 
|  44|0x00000000a5000000, 0x00000000a5100000, 0x00000000a5100000|100%| O|  |TAMS 0x00000000a5100000, 0x00000000a5000000| Untracked 
|  45|0x00000000a5100000, 0x00000000a5200000, 0x00000000a5200000|100%| O|  |TAMS 0x00000000a5200000, 0x00000000a5100000| Untracked 
|  46|0x00000000a5200000, 0x00000000a5300000, 0x00000000a5300000|100%| O|  |TAMS 0x00000000a5300000, 0x00000000a5200000| Untracked 
|  47|0x00000000a5300000, 0x00000000a5400000, 0x00000000a5400000|100%| O|  |TAMS 0x00000000a5400000, 0x00000000a5300000| Untracked 
|  48|0x00000000a5400000, 0x00000000a5500000, 0x00000000a5500000|100%| O|  |TAMS 0x00000000a5500000, 0x00000000a5400000| Untracked 
|  49|0x00000000a5500000, 0x00000000a5600000, 0x00000000a5600000|100%| O|  |TAMS 0x00000000a5600000, 0x00000000a5500000| Untracked 
|  50|0x00000000a5600000, 0x00000000a5700000, 0x00000000a5700000|100%| O|  |TAMS 0x00000000a5700000, 0x00000000a5600000| Untracked 
|  51|0x00000000a5700000, 0x00000000a5800000, 0x00000000a5800000|100%| O|  |TAMS 0x00000000a5800000, 0x00000000a5700000| Untracked 
|  52|0x00000000a5800000, 0x00000000a5900000, 0x00000000a5900000|100%| O|  |TAMS 0x00000000a5900000, 0x00000000a5800000| Untracked 
|  53|0x00000000a5900000, 0x00000000a5a00000, 0x00000000a5a00000|100%| O|  |TAMS 0x00000000a5a00000, 0x00000000a5900000| Untracked 
|  54|0x00000000a5a00000, 0x00000000a5b00000, 0x00000000a5b00000|100%| O|  |TAMS 0x00000000a5b00000, 0x00000000a5a00000| Untracked 
|  55|0x00000000a5b00000, 0x00000000a5c00000, 0x00000000a5c00000|100%| O|  |TAMS 0x00000000a5c00000, 0x00000000a5b00000| Untracked 
|  56|0x00000000a5c00000, 0x00000000a5d00000, 0x00000000a5d00000|100%| O|  |TAMS 0x00000000a5d00000, 0x00000000a5c00000| Untracked 
|  57|0x00000000a5d00000, 0x00000000a5e00000, 0x00000000a5e00000|100%| O|  |TAMS 0x00000000a5e00000, 0x00000000a5d00000| Untracked 
|  58|0x00000000a5e00000, 0x00000000a5f00000, 0x00000000a5f00000|100%| O|  |TAMS 0x00000000a5f00000, 0x00000000a5e00000| Untracked 
|  59|0x00000000a5f00000, 0x00000000a6000000, 0x00000000a6000000|100%| O|  |TAMS 0x00000000a6000000, 0x00000000a5f00000| Untracked 
|  60|0x00000000a6000000, 0x00000000a6100000, 0x00000000a6100000|100%| O|  |TAMS 0x00000000a6100000, 0x00000000a6000000| Untracked 
|  61|0x00000000a6100000, 0x00000000a6200000, 0x00000000a6200000|100%| O|  |TAMS 0x00000000a6200000, 0x00000000a6100000| Untracked 
|  62|0x00000000a6200000, 0x00000000a6300000, 0x00000000a6300000|100%| O|  |TAMS 0x00000000a6300000, 0x00000000a6200000| Untracked 
|  63|0x00000000a6300000, 0x00000000a6400000, 0x00000000a6400000|100%| O|  |TAMS 0x00000000a6400000, 0x00000000a6300000| Untracked 
|  64|0x00000000a6400000, 0x00000000a6500000, 0x00000000a6500000|100%| O|  |TAMS 0x00000000a6500000, 0x00000000a6400000| Untracked 
|  65|0x00000000a6500000, 0x00000000a6600000, 0x00000000a6600000|100%| O|  |TAMS 0x00000000a6600000, 0x00000000a6500000| Untracked 
|  66|0x00000000a6600000, 0x00000000a6700000, 0x00000000a6700000|100%| O|  |TAMS 0x00000000a6700000, 0x00000000a6600000| Untracked 
|  67|0x00000000a6700000, 0x00000000a6800000, 0x00000000a6800000|100%| O|  |TAMS 0x00000000a6800000, 0x00000000a6700000| Untracked 
|  68|0x00000000a6800000, 0x00000000a6900000, 0x00000000a6900000|100%| O|  |TAMS 0x00000000a6900000, 0x00000000a6800000| Untracked 
|  69|0x00000000a6900000, 0x00000000a6a00000, 0x00000000a6a00000|100%| O|  |TAMS 0x00000000a6a00000, 0x00000000a6900000| Untracked 
|  70|0x00000000a6a00000, 0x00000000a6a00000, 0x00000000a6b00000|  0%| F|  |TAMS 0x00000000a6a00000, 0x00000000a6a00000| Untracked 
|  71|0x00000000a6b00000, 0x00000000a6c00000, 0x00000000a6c00000|100%| O|  |TAMS 0x00000000a6c00000, 0x00000000a6b00000| Untracked 
|  72|0x00000000a6c00000, 0x00000000a6d00000, 0x00000000a6d00000|100%| O|  |TAMS 0x00000000a6d00000, 0x00000000a6c00000| Untracked 
|  73|0x00000000a6d00000, 0x00000000a6e00000, 0x00000000a6e00000|100%| O|  |TAMS 0x00000000a6e00000, 0x00000000a6d00000| Untracked 
|  74|0x00000000a6e00000, 0x00000000a6f00000, 0x00000000a6f00000|100%| O|  |TAMS 0x00000000a6f00000, 0x00000000a6e00000| Untracked 
|  75|0x00000000a6f00000, 0x00000000a7000000, 0x00000000a7000000|100%| O|  |TAMS 0x00000000a7000000, 0x00000000a6f00000| Untracked 
|  76|0x00000000a7000000, 0x00000000a7100000, 0x00000000a7100000|100%| O|  |TAMS 0x00000000a7100000, 0x00000000a7000000| Untracked 
|  77|0x00000000a7100000, 0x00000000a7200000, 0x00000000a7200000|100%| O|  |TAMS 0x00000000a7200000, 0x00000000a7100000| Untracked 
|  78|0x00000000a7200000, 0x00000000a7300000, 0x00000000a7300000|100%| O|  |TAMS 0x00000000a7300000, 0x00000000a7200000| Untracked 
|  79|0x00000000a7300000, 0x00000000a7400000, 0x00000000a7400000|100%| O|  |TAMS 0x00000000a7400000, 0x00000000a7300000| Untracked 
|  80|0x00000000a7400000, 0x00000000a7500000, 0x00000000a7500000|100%| O|  |TAMS 0x00000000a7500000, 0x00000000a7400000| Untracked 
|  81|0x00000000a7500000, 0x00000000a7500000, 0x00000000a7600000|  0%| F|  |TAMS 0x00000000a7500000, 0x00000000a7500000| Untracked 
|  82|0x00000000a7600000, 0x00000000a7700000, 0x00000000a7700000|100%| O|  |TAMS 0x00000000a7700000, 0x00000000a7600000| Untracked 
|  83|0x00000000a7700000, 0x00000000a7800000, 0x00000000a7800000|100%| O|  |TAMS 0x00000000a7800000, 0x00000000a7700000| Untracked 
|  84|0x00000000a7800000, 0x00000000a7900000, 0x00000000a7900000|100%| O|  |TAMS 0x00000000a7900000, 0x00000000a7800000| Untracked 
|  85|0x00000000a7900000, 0x00000000a7a00000, 0x00000000a7a00000|100%| O|  |TAMS 0x00000000a7a00000, 0x00000000a7900000| Untracked 
|  86|0x00000000a7a00000, 0x00000000a7b00000, 0x00000000a7b00000|100%| O|  |TAMS 0x00000000a7b00000, 0x00000000a7a00000| Untracked 
|  87|0x00000000a7b00000, 0x00000000a7c00000, 0x00000000a7c00000|100%| O|  |TAMS 0x00000000a7c00000, 0x00000000a7b00000| Untracked 
|  88|0x00000000a7c00000, 0x00000000a7d00000, 0x00000000a7d00000|100%| O|  |TAMS 0x00000000a7d00000, 0x00000000a7c00000| Untracked 
|  89|0x00000000a7d00000, 0x00000000a7e00000, 0x00000000a7e00000|100%| O|  |TAMS 0x00000000a7d00000, 0x00000000a7d00000| Untracked 
|  90|0x00000000a7e00000, 0x00000000a7f00000, 0x00000000a7f00000|100%| O|  |TAMS 0x00000000a7e00000, 0x00000000a7e00000| Untracked 
|  91|0x00000000a7f00000, 0x00000000a7f00000, 0x00000000a8000000|  0%| F|  |TAMS 0x00000000a7f00000, 0x00000000a7f00000| Untracked 
|  92|0x00000000a8000000, 0x00000000a8049400, 0x00000000a8100000| 28%| O|  |TAMS 0x00000000a8000000, 0x00000000a8000000| Untracked 
|  93|0x00000000a8100000, 0x00000000a8200000, 0x00000000a8200000|100%| O|  |TAMS 0x00000000a8200000, 0x00000000a8100000| Untracked 
|  94|0x00000000a8200000, 0x00000000a8300000, 0x00000000a8300000|100%| O|  |TAMS 0x00000000a8300000, 0x00000000a8200000| Untracked 
|  95|0x00000000a8300000, 0x00000000a8400000, 0x00000000a8400000|100%| O|  |TAMS 0x00000000a8400000, 0x00000000a8300000| Untracked 
|  96|0x00000000a8400000, 0x00000000a8500000, 0x00000000a8500000|100%| O|  |TAMS 0x00000000a8500000, 0x00000000a8400000| Untracked 
|  97|0x00000000a8500000, 0x00000000a8600000, 0x00000000a8600000|100%| O|  |TAMS 0x00000000a8600000, 0x00000000a8500000| Untracked 
|  98|0x00000000a8600000, 0x00000000a8700000, 0x00000000a8700000|100%| O|  |TAMS 0x00000000a8700000, 0x00000000a8600000| Untracked 
|  99|0x00000000a8700000, 0x00000000a8800000, 0x00000000a8800000|100%| O|  |TAMS 0x00000000a8800000, 0x00000000a8700000| Untracked 
| 100|0x00000000a8800000, 0x00000000a8900000, 0x00000000a8900000|100%| O|  |TAMS 0x00000000a8900000, 0x00000000a8800000| Untracked 
| 101|0x00000000a8900000, 0x00000000a8a00000, 0x00000000a8a00000|100%| O|  |TAMS 0x00000000a8a00000, 0x00000000a8900000| Untracked 
| 102|0x00000000a8a00000, 0x00000000a8b00000, 0x00000000a8b00000|100%| O|  |TAMS 0x00000000a8b00000, 0x00000000a8a00000| Untracked 
| 103|0x00000000a8b00000, 0x00000000a8c00000, 0x00000000a8c00000|100%| O|  |TAMS 0x00000000a8c00000, 0x00000000a8b00000| Untracked 
| 104|0x00000000a8c00000, 0x00000000a8d00000, 0x00000000a8d00000|100%| O|  |TAMS 0x00000000a8d00000, 0x00000000a8c00000| Untracked 
| 105|0x00000000a8d00000, 0x00000000a8e00000, 0x00000000a8e00000|100%| O|  |TAMS 0x00000000a8e00000, 0x00000000a8d00000| Untracked 
| 106|0x00000000a8e00000, 0x00000000a8f00000, 0x00000000a8f00000|100%| O|  |TAMS 0x00000000a8f00000, 0x00000000a8e00000| Untracked 
| 107|0x00000000a8f00000, 0x00000000a9000000, 0x00000000a9000000|100%| O|  |TAMS 0x00000000a9000000, 0x00000000a8f00000| Untracked 
| 108|0x00000000a9000000, 0x00000000a9100000, 0x00000000a9100000|100%| O|  |TAMS 0x00000000a9100000, 0x00000000a9000000| Untracked 
| 109|0x00000000a9100000, 0x00000000a9200000, 0x00000000a9200000|100%| O|  |TAMS 0x00000000a9200000, 0x00000000a9100000| Untracked 
| 110|0x00000000a9200000, 0x00000000a9300000, 0x00000000a9300000|100%| O|  |TAMS 0x00000000a9300000, 0x00000000a9200000| Untracked 
| 111|0x00000000a9300000, 0x00000000a9400000, 0x00000000a9400000|100%| O|  |TAMS 0x00000000a9400000, 0x00000000a9300000| Untracked 
| 112|0x00000000a9400000, 0x00000000a9500000, 0x00000000a9500000|100%| O|  |TAMS 0x00000000a9500000, 0x00000000a9400000| Untracked 
| 113|0x00000000a9500000, 0x00000000a9600000, 0x00000000a9600000|100%| O|  |TAMS 0x00000000a9600000, 0x00000000a9500000| Untracked 
| 114|0x00000000a9600000, 0x00000000a9700000, 0x00000000a9700000|100%| O|  |TAMS 0x00000000a9700000, 0x00000000a9600000| Untracked 
| 115|0x00000000a9700000, 0x00000000a9800000, 0x00000000a9800000|100%| O|  |TAMS 0x00000000a9800000, 0x00000000a9700000| Untracked 
| 116|0x00000000a9800000, 0x00000000a9900000, 0x00000000a9900000|100%| O|  |TAMS 0x00000000a9900000, 0x00000000a9800000| Untracked 
| 117|0x00000000a9900000, 0x00000000a9a00000, 0x00000000a9a00000|100%| O|  |TAMS 0x00000000a9a00000, 0x00000000a9900000| Untracked 
| 118|0x00000000a9a00000, 0x00000000a9b00000, 0x00000000a9b00000|100%| O|  |TAMS 0x00000000a9b00000, 0x00000000a9a00000| Untracked 
| 119|0x00000000a9b00000, 0x00000000a9c00000, 0x00000000a9c00000|100%| O|  |TAMS 0x00000000a9c00000, 0x00000000a9b00000| Untracked 
| 120|0x00000000a9c00000, 0x00000000a9d00000, 0x00000000a9d00000|100%| O|  |TAMS 0x00000000a9d00000, 0x00000000a9c00000| Untracked 
| 121|0x00000000a9d00000, 0x00000000a9e00000, 0x00000000a9e00000|100%| O|  |TAMS 0x00000000a9e00000, 0x00000000a9d00000| Untracked 
| 122|0x00000000a9e00000, 0x00000000a9f00000, 0x00000000a9f00000|100%| O|  |TAMS 0x00000000a9f00000, 0x00000000a9e00000| Untracked 
| 123|0x00000000a9f00000, 0x00000000aa000000, 0x00000000aa000000|100%| O|  |TAMS 0x00000000aa000000, 0x00000000a9f00000| Untracked 
| 124|0x00000000aa000000, 0x00000000aa100000, 0x00000000aa100000|100%| O|  |TAMS 0x00000000aa100000, 0x00000000aa000000| Untracked 
| 125|0x00000000aa100000, 0x00000000aa200000, 0x00000000aa200000|100%| O|  |TAMS 0x00000000aa200000, 0x00000000aa100000| Untracked 
| 126|0x00000000aa200000, 0x00000000aa300000, 0x00000000aa300000|100%| O|  |TAMS 0x00000000aa300000, 0x00000000aa200000| Untracked 
| 127|0x00000000aa300000, 0x00000000aa400000, 0x00000000aa400000|100%| O|  |TAMS 0x00000000aa400000, 0x00000000aa300000| Untracked 
| 128|0x00000000aa400000, 0x00000000aa500000, 0x00000000aa500000|100%| O|  |TAMS 0x00000000aa500000, 0x00000000aa400000| Untracked 
| 129|0x00000000aa500000, 0x00000000aa600000, 0x00000000aa600000|100%| O|  |TAMS 0x00000000aa600000, 0x00000000aa500000| Untracked 
| 130|0x00000000aa600000, 0x00000000aa700000, 0x00000000aa700000|100%| O|  |TAMS 0x00000000aa700000, 0x00000000aa600000| Untracked 
| 131|0x00000000aa700000, 0x00000000aa800000, 0x00000000aa800000|100%| O|  |TAMS 0x00000000aa800000, 0x00000000aa700000| Untracked 
| 132|0x00000000aa800000, 0x00000000aa900000, 0x00000000aa900000|100%| O|  |TAMS 0x00000000aa900000, 0x00000000aa800000| Untracked 
| 133|0x00000000aa900000, 0x00000000aaa00000, 0x00000000aaa00000|100%| O|  |TAMS 0x00000000aaa00000, 0x00000000aa900000| Untracked 
| 134|0x00000000aaa00000, 0x00000000aab00000, 0x00000000aab00000|100%| O|  |TAMS 0x00000000aab00000, 0x00000000aaa00000| Untracked 
| 135|0x00000000aab00000, 0x00000000aac00000, 0x00000000aac00000|100%| O|  |TAMS 0x00000000aac00000, 0x00000000aab00000| Untracked 
| 136|0x00000000aac00000, 0x00000000aad00000, 0x00000000aad00000|100%| O|  |TAMS 0x00000000aacbd000, 0x00000000aac00000| Untracked 
| 137|0x00000000aad00000, 0x00000000aad00000, 0x00000000aae00000|  0%| F|  |TAMS 0x00000000aad00000, 0x00000000aad00000| Untracked 
| 138|0x00000000aae00000, 0x00000000aae00000, 0x00000000aaf00000|  0%| F|  |TAMS 0x00000000aae00000, 0x00000000aae00000| Untracked 
| 139|0x00000000aaf00000, 0x00000000aaf00000, 0x00000000ab000000|  0%| F|  |TAMS 0x00000000aaf00000, 0x00000000aaf00000| Untracked 
| 140|0x00000000ab000000, 0x00000000ab000000, 0x00000000ab100000|  0%| F|  |TAMS 0x00000000ab000000, 0x00000000ab000000| Untracked 
| 141|0x00000000ab100000, 0x00000000ab100000, 0x00000000ab200000|  0%| F|  |TAMS 0x00000000ab100000, 0x00000000ab100000| Untracked 
| 142|0x00000000ab200000, 0x00000000ab200000, 0x00000000ab300000|  0%| F|  |TAMS 0x00000000ab200000, 0x00000000ab200000| Untracked 
| 143|0x00000000ab300000, 0x00000000ab300000, 0x00000000ab400000|  0%| F|  |TAMS 0x00000000ab300000, 0x00000000ab300000| Untracked 
| 144|0x00000000ab400000, 0x00000000ab400000, 0x00000000ab500000|  0%| F|  |TAMS 0x00000000ab400000, 0x00000000ab400000| Untracked 
| 145|0x00000000ab500000, 0x00000000ab500000, 0x00000000ab600000|  0%| F|  |TAMS 0x00000000ab500000, 0x00000000ab500000| Untracked 
| 146|0x00000000ab600000, 0x00000000ab600000, 0x00000000ab700000|  0%| F|  |TAMS 0x00000000ab600000, 0x00000000ab600000| Untracked 
| 147|0x00000000ab700000, 0x00000000ab700000, 0x00000000ab800000|  0%| F|  |TAMS 0x00000000ab700000, 0x00000000ab700000| Untracked 
| 148|0x00000000ab800000, 0x00000000ab800000, 0x00000000ab900000|  0%| F|  |TAMS 0x00000000ab800000, 0x00000000ab800000| Untracked 
| 149|0x00000000ab900000, 0x00000000ab900000, 0x00000000aba00000|  0%| F|  |TAMS 0x00000000ab900000, 0x00000000ab900000| Untracked 
| 150|0x00000000aba00000, 0x00000000aba00000, 0x00000000abb00000|  0%| F|  |TAMS 0x00000000aba00000, 0x00000000aba00000| Untracked 
| 151|0x00000000abb00000, 0x00000000abb00000, 0x00000000abc00000|  0%| F|  |TAMS 0x00000000abb00000, 0x00000000abb00000| Untracked 
| 152|0x00000000abc00000, 0x00000000abc00000, 0x00000000abd00000|  0%| F|  |TAMS 0x00000000abc00000, 0x00000000abc00000| Untracked 
| 153|0x00000000abd00000, 0x00000000abd00000, 0x00000000abe00000|  0%| F|  |TAMS 0x00000000abd00000, 0x00000000abd00000| Untracked 
| 154|0x00000000abe00000, 0x00000000abe00000, 0x00000000abf00000|  0%| F|  |TAMS 0x00000000abe00000, 0x00000000abe00000| Untracked 
| 155|0x00000000abf00000, 0x00000000abf00000, 0x00000000ac000000|  0%| F|  |TAMS 0x00000000abf00000, 0x00000000abf00000| Untracked 
| 156|0x00000000ac000000, 0x00000000ac000000, 0x00000000ac100000|  0%| F|  |TAMS 0x00000000ac000000, 0x00000000ac000000| Untracked 
| 157|0x00000000ac100000, 0x00000000ac100000, 0x00000000ac200000|  0%| F|  |TAMS 0x00000000ac100000, 0x00000000ac100000| Untracked 
| 158|0x00000000ac200000, 0x00000000ac200000, 0x00000000ac300000|  0%| F|  |TAMS 0x00000000ac200000, 0x00000000ac200000| Untracked 
| 159|0x00000000ac300000, 0x00000000ac300000, 0x00000000ac400000|  0%| F|  |TAMS 0x00000000ac300000, 0x00000000ac300000| Untracked 
| 160|0x00000000ac400000, 0x00000000ac400000, 0x00000000ac500000|  0%| F|  |TAMS 0x00000000ac400000, 0x00000000ac400000| Untracked 
| 161|0x00000000ac500000, 0x00000000ac500000, 0x00000000ac600000|  0%| F|  |TAMS 0x00000000ac500000, 0x00000000ac500000| Untracked 
| 162|0x00000000ac600000, 0x00000000ac600000, 0x00000000ac700000|  0%| F|  |TAMS 0x00000000ac600000, 0x00000000ac600000| Untracked 
| 163|0x00000000ac700000, 0x00000000ac700000, 0x00000000ac800000|  0%| F|  |TAMS 0x00000000ac700000, 0x00000000ac700000| Untracked 
| 164|0x00000000ac800000, 0x00000000ac800000, 0x00000000ac900000|  0%| F|  |TAMS 0x00000000ac800000, 0x00000000ac800000| Untracked 
| 165|0x00000000ac900000, 0x00000000ac900000, 0x00000000aca00000|  0%| F|  |TAMS 0x00000000ac900000, 0x00000000ac900000| Untracked 
| 166|0x00000000aca00000, 0x00000000aca00000, 0x00000000acb00000|  0%| F|  |TAMS 0x00000000aca00000, 0x00000000aca00000| Untracked 
| 167|0x00000000acb00000, 0x00000000acb00000, 0x00000000acc00000|  0%| F|  |TAMS 0x00000000acb00000, 0x00000000acb00000| Untracked 
| 168|0x00000000acc00000, 0x00000000acc00000, 0x00000000acd00000|  0%| F|  |TAMS 0x00000000acc00000, 0x00000000acc00000| Untracked 
| 169|0x00000000acd00000, 0x00000000acd00000, 0x00000000ace00000|  0%| F|  |TAMS 0x00000000acd00000, 0x00000000acd00000| Untracked 
| 170|0x00000000ace00000, 0x00000000ace00000, 0x00000000acf00000|  0%| F|  |TAMS 0x00000000ace00000, 0x00000000ace00000| Untracked 
| 171|0x00000000acf00000, 0x00000000acf00000, 0x00000000ad000000|  0%| F|  |TAMS 0x00000000acf00000, 0x00000000acf00000| Untracked 
| 172|0x00000000ad000000, 0x00000000ad000000, 0x00000000ad100000|  0%| F|  |TAMS 0x00000000ad000000, 0x00000000ad000000| Untracked 
| 173|0x00000000ad100000, 0x00000000ad100000, 0x00000000ad200000|  0%| F|  |TAMS 0x00000000ad100000, 0x00000000ad100000| Untracked 
| 174|0x00000000ad200000, 0x00000000ad200000, 0x00000000ad300000|  0%| F|  |TAMS 0x00000000ad200000, 0x00000000ad200000| Untracked 
| 175|0x00000000ad300000, 0x00000000ad400000, 0x00000000ad400000|100%| S|CS|TAMS 0x00000000ad300000, 0x00000000ad300000| Complete 
| 176|0x00000000ad400000, 0x00000000ad500000, 0x00000000ad500000|100%| S|CS|TAMS 0x00000000ad400000, 0x00000000ad400000| Complete 
| 177|0x00000000ad500000, 0x00000000ad500000, 0x00000000ad600000|  0%| F|  |TAMS 0x00000000ad500000, 0x00000000ad500000| Untracked 
| 178|0x00000000ad600000, 0x00000000ad600000, 0x00000000ad700000|  0%| F|  |TAMS 0x00000000ad600000, 0x00000000ad600000| Untracked 
| 179|0x00000000ad700000, 0x00000000ad700000, 0x00000000ad800000|  0%| F|  |TAMS 0x00000000ad700000, 0x00000000ad700000| Untracked 
| 180|0x00000000ad800000, 0x00000000ad800000, 0x00000000ad900000|  0%| F|  |TAMS 0x00000000ad800000, 0x00000000ad800000| Untracked 
| 181|0x00000000ad900000, 0x00000000ada00000, 0x00000000ada00000|100%| S|CS|TAMS 0x00000000ad900000, 0x00000000ad900000| Complete 
| 182|0x00000000ada00000, 0x00000000adb00000, 0x00000000adb00000|100%| S|CS|TAMS 0x00000000ada00000, 0x00000000ada00000| Complete 
| 183|0x00000000adb00000, 0x00000000adc00000, 0x00000000adc00000|100%| S|CS|TAMS 0x00000000adb00000, 0x00000000adb00000| Complete 
| 184|0x00000000adc00000, 0x00000000add00000, 0x00000000add00000|100%| S|CS|TAMS 0x00000000adc00000, 0x00000000adc00000| Complete 
| 185|0x00000000add00000, 0x00000000add00000, 0x00000000ade00000|  0%| F|  |TAMS 0x00000000add00000, 0x00000000add00000| Untracked 
| 186|0x00000000ade00000, 0x00000000adf00000, 0x00000000adf00000|100%| S|CS|TAMS 0x00000000ade00000, 0x00000000ade00000| Complete 
| 187|0x00000000adf00000, 0x00000000ae000000, 0x00000000ae000000|100%| S|CS|TAMS 0x00000000adf00000, 0x00000000adf00000| Complete 
| 188|0x00000000ae000000, 0x00000000ae100000, 0x00000000ae100000|100%| S|CS|TAMS 0x00000000ae000000, 0x00000000ae000000| Complete 
| 189|0x00000000ae100000, 0x00000000ae100000, 0x00000000ae200000|  0%| F|  |TAMS 0x00000000ae100000, 0x00000000ae100000| Untracked 
| 190|0x00000000ae200000, 0x00000000ae200000, 0x00000000ae300000|  0%| F|  |TAMS 0x00000000ae200000, 0x00000000ae200000| Untracked 
| 191|0x00000000ae300000, 0x00000000ae300000, 0x00000000ae400000|  0%| F|  |TAMS 0x00000000ae300000, 0x00000000ae300000| Untracked 
| 192|0x00000000ae400000, 0x00000000ae400000, 0x00000000ae500000|  0%| F|  |TAMS 0x00000000ae400000, 0x00000000ae400000| Untracked 
| 193|0x00000000ae500000, 0x00000000ae500000, 0x00000000ae600000|  0%| F|  |TAMS 0x00000000ae500000, 0x00000000ae500000| Untracked 
| 194|0x00000000ae600000, 0x00000000ae600000, 0x00000000ae700000|  0%| F|  |TAMS 0x00000000ae600000, 0x00000000ae600000| Untracked 
| 195|0x00000000ae700000, 0x00000000ae700000, 0x00000000ae800000|  0%| F|  |TAMS 0x00000000ae700000, 0x00000000ae700000| Untracked 
| 196|0x00000000ae800000, 0x00000000ae800000, 0x00000000ae900000|  0%| F|  |TAMS 0x00000000ae800000, 0x00000000ae800000| Untracked 
| 197|0x00000000ae900000, 0x00000000ae900000, 0x00000000aea00000|  0%| F|  |TAMS 0x00000000ae900000, 0x00000000ae900000| Untracked 
| 198|0x00000000aea00000, 0x00000000aea00000, 0x00000000aeb00000|  0%| F|  |TAMS 0x00000000aea00000, 0x00000000aea00000| Untracked 
| 199|0x00000000aeb00000, 0x00000000aeb00000, 0x00000000aec00000|  0%| F|  |TAMS 0x00000000aeb00000, 0x00000000aeb00000| Untracked 
| 200|0x00000000aec00000, 0x00000000aec00000, 0x00000000aed00000|  0%| F|  |TAMS 0x00000000aec00000, 0x00000000aec00000| Untracked 
| 201|0x00000000aed00000, 0x00000000aed00000, 0x00000000aee00000|  0%| F|  |TAMS 0x00000000aed00000, 0x00000000aed00000| Untracked 
| 202|0x00000000aee00000, 0x00000000aee00000, 0x00000000aef00000|  0%| F|  |TAMS 0x00000000aee00000, 0x00000000aee00000| Untracked 
| 203|0x00000000aef00000, 0x00000000aef00000, 0x00000000af000000|  0%| F|  |TAMS 0x00000000aef00000, 0x00000000aef00000| Untracked 
| 204|0x00000000af000000, 0x00000000af000000, 0x00000000af100000|  0%| F|  |TAMS 0x00000000af000000, 0x00000000af000000| Untracked 
| 205|0x00000000af100000, 0x00000000af100000, 0x00000000af200000|  0%| F|  |TAMS 0x00000000af100000, 0x00000000af100000| Untracked 
| 206|0x00000000af200000, 0x00000000af200000, 0x00000000af300000|  0%| F|  |TAMS 0x00000000af200000, 0x00000000af200000| Untracked 
| 207|0x00000000af300000, 0x00000000af300000, 0x00000000af400000|  0%| F|  |TAMS 0x00000000af300000, 0x00000000af300000| Untracked 
| 208|0x00000000af400000, 0x00000000af400000, 0x00000000af500000|  0%| F|  |TAMS 0x00000000af400000, 0x00000000af400000| Untracked 
| 209|0x00000000af500000, 0x00000000af500000, 0x00000000af600000|  0%| F|  |TAMS 0x00000000af500000, 0x00000000af500000| Untracked 
| 210|0x00000000af600000, 0x00000000af600000, 0x00000000af700000|  0%| F|  |TAMS 0x00000000af600000, 0x00000000af600000| Untracked 
| 211|0x00000000af700000, 0x00000000af700000, 0x00000000af800000|  0%| F|  |TAMS 0x00000000af700000, 0x00000000af700000| Untracked 
| 212|0x00000000af800000, 0x00000000af800000, 0x00000000af900000|  0%| F|  |TAMS 0x00000000af800000, 0x00000000af800000| Untracked 
| 213|0x00000000af900000, 0x00000000af900000, 0x00000000afa00000|  0%| F|  |TAMS 0x00000000af900000, 0x00000000af900000| Untracked 
| 214|0x00000000afa00000, 0x00000000afa00000, 0x00000000afb00000|  0%| F|  |TAMS 0x00000000afa00000, 0x00000000afa00000| Untracked 
| 215|0x00000000afb00000, 0x00000000afb00000, 0x00000000afc00000|  0%| F|  |TAMS 0x00000000afb00000, 0x00000000afb00000| Untracked 
| 216|0x00000000afc00000, 0x00000000afc00000, 0x00000000afd00000|  0%| F|  |TAMS 0x00000000afc00000, 0x00000000afc00000| Untracked 
| 217|0x00000000afd00000, 0x00000000afd00000, 0x00000000afe00000|  0%| F|  |TAMS 0x00000000afd00000, 0x00000000afd00000| Untracked 
| 218|0x00000000afe00000, 0x00000000afe00000, 0x00000000aff00000|  0%| F|  |TAMS 0x00000000afe00000, 0x00000000afe00000| Untracked 
| 219|0x00000000aff00000, 0x00000000aff00000, 0x00000000b0000000|  0%| F|  |TAMS 0x00000000aff00000, 0x00000000aff00000| Untracked 
| 220|0x00000000b0000000, 0x00000000b0000000, 0x00000000b0100000|  0%| F|  |TAMS 0x00000000b0000000, 0x00000000b0000000| Untracked 
| 221|0x00000000b0100000, 0x00000000b0100000, 0x00000000b0200000|  0%| F|  |TAMS 0x00000000b0100000, 0x00000000b0100000| Untracked 
| 222|0x00000000b0200000, 0x00000000b0200000, 0x00000000b0300000|  0%| F|  |TAMS 0x00000000b0200000, 0x00000000b0200000| Untracked 
| 223|0x00000000b0300000, 0x00000000b0300000, 0x00000000b0400000|  0%| F|  |TAMS 0x00000000b0300000, 0x00000000b0300000| Untracked 
| 224|0x00000000b0400000, 0x00000000b0400000, 0x00000000b0500000|  0%| F|  |TAMS 0x00000000b0400000, 0x00000000b0400000| Untracked 
| 225|0x00000000b0500000, 0x00000000b0500000, 0x00000000b0600000|  0%| F|  |TAMS 0x00000000b0500000, 0x00000000b0500000| Untracked 
| 226|0x00000000b0600000, 0x00000000b0600000, 0x00000000b0700000|  0%| F|  |TAMS 0x00000000b0600000, 0x00000000b0600000| Untracked 
| 227|0x00000000b0700000, 0x00000000b0700000, 0x00000000b0800000|  0%| F|  |TAMS 0x00000000b0700000, 0x00000000b0700000| Untracked 
| 228|0x00000000b0800000, 0x00000000b0800000, 0x00000000b0900000|  0%| F|  |TAMS 0x00000000b0800000, 0x00000000b0800000| Untracked 
| 229|0x00000000b0900000, 0x00000000b0900000, 0x00000000b0a00000|  0%| F|  |TAMS 0x00000000b0900000, 0x00000000b0900000| Untracked 
| 230|0x00000000b0a00000, 0x00000000b0a00000, 0x00000000b0b00000|  0%| F|  |TAMS 0x00000000b0a00000, 0x00000000b0a00000| Untracked 
| 231|0x00000000b0b00000, 0x00000000b0b00000, 0x00000000b0c00000|  0%| F|  |TAMS 0x00000000b0b00000, 0x00000000b0b00000| Untracked 
| 232|0x00000000b0c00000, 0x00000000b0c00000, 0x00000000b0d00000|  0%| F|  |TAMS 0x00000000b0c00000, 0x00000000b0c00000| Untracked 
| 233|0x00000000b0d00000, 0x00000000b0d00000, 0x00000000b0e00000|  0%| F|  |TAMS 0x00000000b0d00000, 0x00000000b0d00000| Untracked 
| 234|0x00000000b0e00000, 0x00000000b0e00000, 0x00000000b0f00000|  0%| F|  |TAMS 0x00000000b0e00000, 0x00000000b0e00000| Untracked 
| 235|0x00000000b0f00000, 0x00000000b0f00000, 0x00000000b1000000|  0%| F|  |TAMS 0x00000000b0f00000, 0x00000000b0f00000| Untracked 
| 236|0x00000000b1000000, 0x00000000b1000000, 0x00000000b1100000|  0%| F|  |TAMS 0x00000000b1000000, 0x00000000b1000000| Untracked 
| 237|0x00000000b1100000, 0x00000000b1100000, 0x00000000b1200000|  0%| F|  |TAMS 0x00000000b1100000, 0x00000000b1100000| Untracked 
| 238|0x00000000b1200000, 0x00000000b1200000, 0x00000000b1300000|  0%| F|  |TAMS 0x00000000b1200000, 0x00000000b1200000| Untracked 
| 239|0x00000000b1300000, 0x00000000b1300000, 0x00000000b1400000|  0%| F|  |TAMS 0x00000000b1300000, 0x00000000b1300000| Untracked 
| 240|0x00000000b1400000, 0x00000000b1400000, 0x00000000b1500000|  0%| F|  |TAMS 0x00000000b1400000, 0x00000000b1400000| Untracked 
| 241|0x00000000b1500000, 0x00000000b1500000, 0x00000000b1600000|  0%| F|  |TAMS 0x00000000b1500000, 0x00000000b1500000| Untracked 
| 242|0x00000000b1600000, 0x00000000b1600000, 0x00000000b1700000|  0%| F|  |TAMS 0x00000000b1600000, 0x00000000b1600000| Untracked 
| 243|0x00000000b1700000, 0x00000000b1700000, 0x00000000b1800000|  0%| F|  |TAMS 0x00000000b1700000, 0x00000000b1700000| Untracked 
| 244|0x00000000b1800000, 0x00000000b1800000, 0x00000000b1900000|  0%| F|  |TAMS 0x00000000b1800000, 0x00000000b1800000| Untracked 
| 245|0x00000000b1900000, 0x00000000b1900000, 0x00000000b1a00000|  0%| F|  |TAMS 0x00000000b1900000, 0x00000000b1900000| Untracked 
| 246|0x00000000b1a00000, 0x00000000b1a00000, 0x00000000b1b00000|  0%| F|  |TAMS 0x00000000b1a00000, 0x00000000b1a00000| Untracked 
| 247|0x00000000b1b00000, 0x00000000b1b00000, 0x00000000b1c00000|  0%| F|  |TAMS 0x00000000b1b00000, 0x00000000b1b00000| Untracked 
| 248|0x00000000b1c00000, 0x00000000b1c00000, 0x00000000b1d00000|  0%| F|  |TAMS 0x00000000b1c00000, 0x00000000b1c00000| Untracked 
| 249|0x00000000b1d00000, 0x00000000b1d00000, 0x00000000b1e00000|  0%| F|  |TAMS 0x00000000b1d00000, 0x00000000b1d00000| Untracked 
| 250|0x00000000b1e00000, 0x00000000b1e00000, 0x00000000b1f00000|  0%| F|  |TAMS 0x00000000b1e00000, 0x00000000b1e00000| Untracked 
| 251|0x00000000b1f00000, 0x00000000b1f00000, 0x00000000b2000000|  0%| F|  |TAMS 0x00000000b1f00000, 0x00000000b1f00000| Untracked 
| 252|0x00000000b2000000, 0x00000000b2000000, 0x00000000b2100000|  0%| F|  |TAMS 0x00000000b2000000, 0x00000000b2000000| Untracked 
| 253|0x00000000b2100000, 0x00000000b2100000, 0x00000000b2200000|  0%| F|  |TAMS 0x00000000b2100000, 0x00000000b2100000| Untracked 
| 254|0x00000000b2200000, 0x00000000b2200000, 0x00000000b2300000|  0%| F|  |TAMS 0x00000000b2200000, 0x00000000b2200000| Untracked 
| 255|0x00000000b2300000, 0x00000000b2300000, 0x00000000b2400000|  0%| F|  |TAMS 0x00000000b2300000, 0x00000000b2300000| Untracked 
| 256|0x00000000b2400000, 0x00000000b2400000, 0x00000000b2500000|  0%| F|  |TAMS 0x00000000b2400000, 0x00000000b2400000| Untracked 
| 257|0x00000000b2500000, 0x00000000b2500000, 0x00000000b2600000|  0%| F|  |TAMS 0x00000000b2500000, 0x00000000b2500000| Untracked 
| 258|0x00000000b2600000, 0x00000000b2600000, 0x00000000b2700000|  0%| F|  |TAMS 0x00000000b2600000, 0x00000000b2600000| Untracked 
| 259|0x00000000b2700000, 0x00000000b2700000, 0x00000000b2800000|  0%| F|  |TAMS 0x00000000b2700000, 0x00000000b2700000| Untracked 
| 260|0x00000000b2800000, 0x00000000b2800000, 0x00000000b2900000|  0%| F|  |TAMS 0x00000000b2800000, 0x00000000b2800000| Untracked 
| 261|0x00000000b2900000, 0x00000000b2900000, 0x00000000b2a00000|  0%| F|  |TAMS 0x00000000b2900000, 0x00000000b2900000| Untracked 
| 262|0x00000000b2a00000, 0x00000000b2a00000, 0x00000000b2b00000|  0%| F|  |TAMS 0x00000000b2a00000, 0x00000000b2a00000| Untracked 
| 263|0x00000000b2b00000, 0x00000000b2b00000, 0x00000000b2c00000|  0%| F|  |TAMS 0x00000000b2b00000, 0x00000000b2b00000| Untracked 
| 264|0x00000000b2c00000, 0x00000000b2c00000, 0x00000000b2d00000|  0%| F|  |TAMS 0x00000000b2c00000, 0x00000000b2c00000| Untracked 
| 265|0x00000000b2d00000, 0x00000000b2d00000, 0x00000000b2e00000|  0%| F|  |TAMS 0x00000000b2d00000, 0x00000000b2d00000| Untracked 
| 266|0x00000000b2e00000, 0x00000000b2e00000, 0x00000000b2f00000|  0%| F|  |TAMS 0x00000000b2e00000, 0x00000000b2e00000| Untracked 
| 267|0x00000000b2f00000, 0x00000000b2f00000, 0x00000000b3000000|  0%| F|  |TAMS 0x00000000b2f00000, 0x00000000b2f00000| Untracked 
| 268|0x00000000b3000000, 0x00000000b3000000, 0x00000000b3100000|  0%| F|  |TAMS 0x00000000b3000000, 0x00000000b3000000| Untracked 
| 269|0x00000000b3100000, 0x00000000b3100000, 0x00000000b3200000|  0%| F|  |TAMS 0x00000000b3100000, 0x00000000b3100000| Untracked 
| 270|0x00000000b3200000, 0x00000000b3200000, 0x00000000b3300000|  0%| F|  |TAMS 0x00000000b3200000, 0x00000000b3200000| Untracked 
| 271|0x00000000b3300000, 0x00000000b3300000, 0x00000000b3400000|  0%| F|  |TAMS 0x00000000b3300000, 0x00000000b3300000| Untracked 
| 272|0x00000000b3400000, 0x00000000b3400000, 0x00000000b3500000|  0%| F|  |TAMS 0x00000000b3400000, 0x00000000b3400000| Untracked 
| 273|0x00000000b3500000, 0x00000000b3500000, 0x00000000b3600000|  0%| F|  |TAMS 0x00000000b3500000, 0x00000000b3500000| Untracked 
| 274|0x00000000b3600000, 0x00000000b3600000, 0x00000000b3700000|  0%| F|  |TAMS 0x00000000b3600000, 0x00000000b3600000| Untracked 
| 275|0x00000000b3700000, 0x00000000b3700000, 0x00000000b3800000|  0%| F|  |TAMS 0x00000000b3700000, 0x00000000b3700000| Untracked 
| 276|0x00000000b3800000, 0x00000000b3800000, 0x00000000b3900000|  0%| F|  |TAMS 0x00000000b3800000, 0x00000000b3800000| Untracked 
| 277|0x00000000b3900000, 0x00000000b3900000, 0x00000000b3a00000|  0%| F|  |TAMS 0x00000000b3900000, 0x00000000b3900000| Untracked 
| 278|0x00000000b3a00000, 0x00000000b3a00000, 0x00000000b3b00000|  0%| F|  |TAMS 0x00000000b3a00000, 0x00000000b3a00000| Untracked 
| 279|0x00000000b3b00000, 0x00000000b3b00000, 0x00000000b3c00000|  0%| F|  |TAMS 0x00000000b3b00000, 0x00000000b3b00000| Untracked 
| 280|0x00000000b3c00000, 0x00000000b3c00000, 0x00000000b3d00000|  0%| F|  |TAMS 0x00000000b3c00000, 0x00000000b3c00000| Untracked 
| 281|0x00000000b3d00000, 0x00000000b3d00000, 0x00000000b3e00000|  0%| F|  |TAMS 0x00000000b3d00000, 0x00000000b3d00000| Untracked 
| 282|0x00000000b3e00000, 0x00000000b3e00000, 0x00000000b3f00000|  0%| F|  |TAMS 0x00000000b3e00000, 0x00000000b3e00000| Untracked 
| 283|0x00000000b3f00000, 0x00000000b3f00000, 0x00000000b4000000|  0%| F|  |TAMS 0x00000000b3f00000, 0x00000000b3f00000| Untracked 
| 284|0x00000000b4000000, 0x00000000b4000000, 0x00000000b4100000|  0%| F|  |TAMS 0x00000000b4000000, 0x00000000b4000000| Untracked 
| 285|0x00000000b4100000, 0x00000000b4100000, 0x00000000b4200000|  0%| F|  |TAMS 0x00000000b4100000, 0x00000000b4100000| Untracked 
| 286|0x00000000b4200000, 0x00000000b4200000, 0x00000000b4300000|  0%| F|  |TAMS 0x00000000b4200000, 0x00000000b4200000| Untracked 
| 287|0x00000000b4300000, 0x00000000b4300000, 0x00000000b4400000|  0%| F|  |TAMS 0x00000000b4300000, 0x00000000b4300000| Untracked 
| 288|0x00000000b4400000, 0x00000000b4400000, 0x00000000b4500000|  0%| F|  |TAMS 0x00000000b4400000, 0x00000000b4400000| Untracked 
| 289|0x00000000b4500000, 0x00000000b4500000, 0x00000000b4600000|  0%| F|  |TAMS 0x00000000b4500000, 0x00000000b4500000| Untracked 
| 290|0x00000000b4600000, 0x00000000b4600000, 0x00000000b4700000|  0%| F|  |TAMS 0x00000000b4600000, 0x00000000b4600000| Untracked 
| 291|0x00000000b4700000, 0x00000000b4700000, 0x00000000b4800000|  0%| F|  |TAMS 0x00000000b4700000, 0x00000000b4700000| Untracked 
| 292|0x00000000b4800000, 0x00000000b4800000, 0x00000000b4900000|  0%| F|  |TAMS 0x00000000b4800000, 0x00000000b4800000| Untracked 
| 293|0x00000000b4900000, 0x00000000b4900000, 0x00000000b4a00000|  0%| F|  |TAMS 0x00000000b4900000, 0x00000000b4900000| Untracked 
| 294|0x00000000b4a00000, 0x00000000b4a00000, 0x00000000b4b00000|  0%| F|  |TAMS 0x00000000b4a00000, 0x00000000b4a00000| Untracked 
| 295|0x00000000b4b00000, 0x00000000b4b00000, 0x00000000b4c00000|  0%| F|  |TAMS 0x00000000b4b00000, 0x00000000b4b00000| Untracked 
| 296|0x00000000b4c00000, 0x00000000b4c00000, 0x00000000b4d00000|  0%| F|  |TAMS 0x00000000b4c00000, 0x00000000b4c00000| Untracked 
| 297|0x00000000b4d00000, 0x00000000b4d00000, 0x00000000b4e00000|  0%| F|  |TAMS 0x00000000b4d00000, 0x00000000b4d00000| Untracked 
| 298|0x00000000b4e00000, 0x00000000b4e00000, 0x00000000b4f00000|  0%| F|  |TAMS 0x00000000b4e00000, 0x00000000b4e00000| Untracked 
| 299|0x00000000b4f00000, 0x00000000b4f00000, 0x00000000b5000000|  0%| F|  |TAMS 0x00000000b4f00000, 0x00000000b4f00000| Untracked 
| 300|0x00000000b5000000, 0x00000000b5000000, 0x00000000b5100000|  0%| F|  |TAMS 0x00000000b5000000, 0x00000000b5000000| Untracked 
| 301|0x00000000b5100000, 0x00000000b5100000, 0x00000000b5200000|  0%| F|  |TAMS 0x00000000b5100000, 0x00000000b5100000| Untracked 
| 302|0x00000000b5200000, 0x00000000b5200000, 0x00000000b5300000|  0%| F|  |TAMS 0x00000000b5200000, 0x00000000b5200000| Untracked 
| 303|0x00000000b5300000, 0x00000000b5300000, 0x00000000b5400000|  0%| F|  |TAMS 0x00000000b5300000, 0x00000000b5300000| Untracked 
| 304|0x00000000b5400000, 0x00000000b5400000, 0x00000000b5500000|  0%| F|  |TAMS 0x00000000b5400000, 0x00000000b5400000| Untracked 
| 305|0x00000000b5500000, 0x00000000b5500000, 0x00000000b5600000|  0%| F|  |TAMS 0x00000000b5500000, 0x00000000b5500000| Untracked 
| 306|0x00000000b5600000, 0x00000000b5600000, 0x00000000b5700000|  0%| F|  |TAMS 0x00000000b5600000, 0x00000000b5600000| Untracked 
| 307|0x00000000b5700000, 0x00000000b5700000, 0x00000000b5800000|  0%| F|  |TAMS 0x00000000b5700000, 0x00000000b5700000| Untracked 
| 308|0x00000000b5800000, 0x00000000b5800000, 0x00000000b5900000|  0%| F|  |TAMS 0x00000000b5800000, 0x00000000b5800000| Untracked 
| 309|0x00000000b5900000, 0x00000000b5900000, 0x00000000b5a00000|  0%| F|  |TAMS 0x00000000b5900000, 0x00000000b5900000| Untracked 
| 310|0x00000000b5a00000, 0x00000000b5a00000, 0x00000000b5b00000|  0%| F|  |TAMS 0x00000000b5a00000, 0x00000000b5a00000| Untracked 
| 311|0x00000000b5b00000, 0x00000000b5b00000, 0x00000000b5c00000|  0%| F|  |TAMS 0x00000000b5b00000, 0x00000000b5b00000| Untracked 
| 312|0x00000000b5c00000, 0x00000000b5c00000, 0x00000000b5d00000|  0%| F|  |TAMS 0x00000000b5c00000, 0x00000000b5c00000| Untracked 
| 313|0x00000000b5d00000, 0x00000000b5d00000, 0x00000000b5e00000|  0%| F|  |TAMS 0x00000000b5d00000, 0x00000000b5d00000| Untracked 
| 314|0x00000000b5e00000, 0x00000000b5e00000, 0x00000000b5f00000|  0%| F|  |TAMS 0x00000000b5e00000, 0x00000000b5e00000| Untracked 
| 315|0x00000000b5f00000, 0x00000000b5f00000, 0x00000000b6000000|  0%| F|  |TAMS 0x00000000b5f00000, 0x00000000b5f00000| Untracked 
| 316|0x00000000b6000000, 0x00000000b6000000, 0x00000000b6100000|  0%| F|  |TAMS 0x00000000b6000000, 0x00000000b6000000| Untracked 
| 317|0x00000000b6100000, 0x00000000b6100000, 0x00000000b6200000|  0%| F|  |TAMS 0x00000000b6100000, 0x00000000b6100000| Untracked 
| 318|0x00000000b6200000, 0x00000000b6200000, 0x00000000b6300000|  0%| F|  |TAMS 0x00000000b6200000, 0x00000000b6200000| Untracked 
| 319|0x00000000b6300000, 0x00000000b6300000, 0x00000000b6400000|  0%| F|  |TAMS 0x00000000b6300000, 0x00000000b6300000| Untracked 
| 320|0x00000000b6400000, 0x00000000b6400000, 0x00000000b6500000|  0%| F|  |TAMS 0x00000000b6400000, 0x00000000b6400000| Untracked 
| 321|0x00000000b6500000, 0x00000000b6500000, 0x00000000b6600000|  0%| F|  |TAMS 0x00000000b6500000, 0x00000000b6500000| Untracked 
| 322|0x00000000b6600000, 0x00000000b6600000, 0x00000000b6700000|  0%| F|  |TAMS 0x00000000b6600000, 0x00000000b6600000| Untracked 
| 323|0x00000000b6700000, 0x00000000b6700000, 0x00000000b6800000|  0%| F|  |TAMS 0x00000000b6700000, 0x00000000b6700000| Untracked 
| 324|0x00000000b6800000, 0x00000000b6800000, 0x00000000b6900000|  0%| F|  |TAMS 0x00000000b6800000, 0x00000000b6800000| Untracked 
| 325|0x00000000b6900000, 0x00000000b6900000, 0x00000000b6a00000|  0%| F|  |TAMS 0x00000000b6900000, 0x00000000b6900000| Untracked 
| 326|0x00000000b6a00000, 0x00000000b6a00000, 0x00000000b6b00000|  0%| F|  |TAMS 0x00000000b6a00000, 0x00000000b6a00000| Untracked 
| 327|0x00000000b6b00000, 0x00000000b6b00000, 0x00000000b6c00000|  0%| F|  |TAMS 0x00000000b6b00000, 0x00000000b6b00000| Untracked 
| 328|0x00000000b6c00000, 0x00000000b6c00000, 0x00000000b6d00000|  0%| F|  |TAMS 0x00000000b6c00000, 0x00000000b6c00000| Untracked 
| 329|0x00000000b6d00000, 0x00000000b6d00000, 0x00000000b6e00000|  0%| F|  |TAMS 0x00000000b6d00000, 0x00000000b6d00000| Untracked 
| 330|0x00000000b6e00000, 0x00000000b6e00000, 0x00000000b6f00000|  0%| F|  |TAMS 0x00000000b6e00000, 0x00000000b6e00000| Untracked 
| 331|0x00000000b6f00000, 0x00000000b6f00000, 0x00000000b7000000|  0%| F|  |TAMS 0x00000000b6f00000, 0x00000000b6f00000| Untracked 
| 332|0x00000000b7000000, 0x00000000b7000000, 0x00000000b7100000|  0%| F|  |TAMS 0x00000000b7000000, 0x00000000b7000000| Untracked 
| 333|0x00000000b7100000, 0x00000000b7100000, 0x00000000b7200000|  0%| F|  |TAMS 0x00000000b7100000, 0x00000000b7100000| Untracked 
| 334|0x00000000b7200000, 0x00000000b7200000, 0x00000000b7300000|  0%| F|  |TAMS 0x00000000b7200000, 0x00000000b7200000| Untracked 
| 335|0x00000000b7300000, 0x00000000b7300000, 0x00000000b7400000|  0%| F|  |TAMS 0x00000000b7300000, 0x00000000b7300000| Untracked 
| 336|0x00000000b7400000, 0x00000000b7400000, 0x00000000b7500000|  0%| F|  |TAMS 0x00000000b7400000, 0x00000000b7400000| Untracked 
| 337|0x00000000b7500000, 0x00000000b7500000, 0x00000000b7600000|  0%| F|  |TAMS 0x00000000b7500000, 0x00000000b7500000| Untracked 
| 338|0x00000000b7600000, 0x00000000b7600000, 0x00000000b7700000|  0%| F|  |TAMS 0x00000000b7600000, 0x00000000b7600000| Untracked 
| 339|0x00000000b7700000, 0x00000000b7700000, 0x00000000b7800000|  0%| F|  |TAMS 0x00000000b7700000, 0x00000000b7700000| Untracked 
| 340|0x00000000b7800000, 0x00000000b7800000, 0x00000000b7900000|  0%| F|  |TAMS 0x00000000b7800000, 0x00000000b7800000| Untracked 
| 341|0x00000000b7900000, 0x00000000b7900000, 0x00000000b7a00000|  0%| F|  |TAMS 0x00000000b7900000, 0x00000000b7900000| Untracked 
| 342|0x00000000b7a00000, 0x00000000b7a00000, 0x00000000b7b00000|  0%| F|  |TAMS 0x00000000b7a00000, 0x00000000b7a00000| Untracked 

Card table byte_map: [0x000001ca75380000,0x000001ca75670000] _byte_map_base: 0x000001ca74e6e000

Marking Bits (Prev, Next): (CMBitMap*) 0x000001ca622a6f18, (CMBitMap*) 0x000001ca622a6f50
 Prev Bits: [0x000001ca75960000, 0x000001ca770d0000)
 Next Bits: [0x000001ca770d0000, 0x000001ca78840000)

Polling page: 0x000001ca61a50000

Metaspace:

Usage:
  Non-class:     92.99 MB capacity,    91.37 MB ( 98%) used,     1.29 MB (  1%) free+waste,   331.25 KB ( <1%) overhead. 
      Class:     14.19 MB capacity,    13.16 MB ( 93%) used,   911.27 KB (  6%) free+waste,   145.06 KB ( <1%) overhead. 
       Both:    107.18 MB capacity,   104.53 MB ( 98%) used,     2.18 MB (  2%) free+waste,   476.31 KB ( <1%) overhead. 

Virtual space:
  Non-class space:       94.00 MB reserved,      93.00 MB ( 99%) committed 
      Class space:        1.00 GB reserved,      14.32 MB (  1%) committed 
             Both:        1.09 GB reserved,     107.32 MB ( 10%) committed 

Chunk freelists:
   Non-Class:  11.00 KB
       Class:  125.00 KB
        Both:  136.00 KB

MaxMetaspaceSize: 17179869184.00 GB
CompressedClassSpaceSize: 1.00 GB

CodeHeap 'non-profiled nmethods': size=120000Kb used=10140Kb max_used=10140Kb free=109859Kb
 bounds [0x000001ca6d830000, 0x000001ca6e220000, 0x000001ca74d60000]
CodeHeap 'profiled nmethods': size=120000Kb used=38160Kb max_used=38160Kb free=81839Kb
 bounds [0x000001ca66300000, 0x000001ca68850000, 0x000001ca6d830000]
CodeHeap 'non-nmethods': size=5760Kb used=2320Kb max_used=2398Kb free=3439Kb
 bounds [0x000001ca65d60000, 0x000001ca65fd0000, 0x000001ca66300000]
 total_blobs=18095 nmethods=17170 adapters=834
 compilation: enabled
              stopped_count=0, restarted_count=0
 full_count=0

Compilation events (20 events):
Event: 16.340 Thread 0x000001ca7bb0b000 17568       2       com.android.tools.r8.internal.dp::b (8 bytes)
Event: 16.340 Thread 0x000001ca7bb0b000 nmethod 17568 0x000001ca68839c90 code [0x000001ca68839e40, 0x000001ca68839f48]
Event: 16.344 Thread 0x000001ca7bb0b000 17570 %     3       com.android.tools.r8.internal.Tr::a @ 75 (282 bytes)
Event: 16.347 Thread 0x000001ca7bb0b000 nmethod 17570% 0x000001ca6883a010 code [0x000001ca6883a4c0, 0x000001ca6883d4d8]
Event: 16.351 Thread 0x000001ca7bb0b000 17571       3       com.android.tools.r8.internal.Tr::a (282 bytes)
Event: 16.354 Thread 0x000001ca7bb0b000 nmethod 17571 0x000001ca6883e310 code [0x000001ca6883e7c0, 0x000001ca68841638]
Event: 16.360 Thread 0x000001ca7bb08000 nmethod 16950 0x000001ca6e209490 code [0x000001ca6e209cc0, 0x000001ca6e211af8]
Event: 16.360 Thread 0x000001ca7bb08000 17573       4       com.android.tools.r8.graph.H::a (1035 bytes)
Event: 16.363 Thread 0x000001ca7bb0b000 17575   !   2       com.android.tools.r8.graph.T::b (34 bytes)
Event: 16.364 Thread 0x000001ca7bb0b000 nmethod 17575 0x000001ca68842390 code [0x000001ca68842560, 0x000001ca68842928]
Event: 16.367 Thread 0x000001ca7bb0b000 17578       2       com.android.tools.r8.internal.Xv::a (16 bytes)
Event: 16.367 Thread 0x000001ca7bb0b000 nmethod 17578 0x000001ca68842b90 code [0x000001ca68842d40, 0x000001ca68842e98]
Event: 16.368 Thread 0x000001ca7bb0b000 17579 %     3       com.android.tools.r8.internal.XF::a @ 0 (138 bytes)
Event: 16.368 Thread 0x000001ca7bb0b000 nmethod 17579% 0x000001ca68842f90 code [0x000001ca688431e0, 0x000001ca68843ab8]
Event: 16.375 Thread 0x000001ca7bb0b000 17580       1       com.android.tools.r8.graph.Q::K (2 bytes)
Event: 16.375 Thread 0x000001ca7bb0b000 nmethod 17580 0x000001ca6e216b90 code [0x000001ca6e216d40, 0x000001ca6e216df8]
Event: 16.376 Thread 0x000001ca7bb0b000 17581       1       com.android.tools.r8.code.J::w (2 bytes)
Event: 16.376 Thread 0x000001ca7bb0b000 nmethod 17581 0x000001ca6e216e90 code [0x000001ca6e217040, 0x000001ca6e2170f8]
Event: 16.377 Thread 0x000001ca7bb0b000 17582       2       com.android.tools.r8.internal.Nh::a (38 bytes)
Event: 16.378 Thread 0x000001ca7bb0b000 nmethod 17582 0x000001ca68843d10 code [0x000001ca68843ec0, 0x000001ca68844168]

GC Heap History (20 events):
Event: 14.705 GC heap after
{Heap after GC invocations=55 (full 0):
 garbage-first heap   total 301056K, used 137104K [0x00000000a2400000, 0x0000000100000000)
  region size 1024K, 1 young (1024K), 1 survivors (1024K)
 Metaspace       used 106241K, capacity 108945K, committed 109132K, reserved 1144832K
  class space    used 13452K, capacity 14484K, committed 14668K, reserved 1048576K
}
Event: 14.845 GC heap before
{Heap before GC invocations=55 (full 0):
 garbage-first heap   total 301056K, used 243600K [0x00000000a2400000, 0x0000000100000000)
  region size 1024K, 106 young (108544K), 1 survivors (1024K)
 Metaspace       used 106416K, capacity 109159K, committed 109388K, reserved 1144832K
  class space    used 13452K, capacity 14484K, committed 14668K, reserved 1048576K
}
Event: 14.849 GC heap after
{Heap after GC invocations=56 (full 0):
 garbage-first heap   total 301056K, used 138983K [0x00000000a2400000, 0x0000000100000000)
  region size 1024K, 3 young (3072K), 3 survivors (3072K)
 Metaspace       used 106416K, capacity 109159K, committed 109388K, reserved 1144832K
  class space    used 13452K, capacity 14484K, committed 14668K, reserved 1048576K
}
Event: 14.988 GC heap before
{Heap before GC invocations=56 (full 0):
 garbage-first heap   total 301056K, used 248551K [0x00000000a2400000, 0x0000000100000000)
  region size 1024K, 110 young (112640K), 3 survivors (3072K)
 Metaspace       used 106459K, capacity 109163K, committed 109388K, reserved 1144832K
  class space    used 13452K, capacity 14484K, committed 14668K, reserved 1048576K
}
Event: 14.992 GC heap after
{Heap after GC invocations=57 (full 0):
 garbage-first heap   total 301056K, used 139793K [0x00000000a2400000, 0x0000000100000000)
  region size 1024K, 4 young (4096K), 4 survivors (4096K)
 Metaspace       used 106459K, capacity 109163K, committed 109388K, reserved 1144832K
  class space    used 13452K, capacity 14484K, committed 14668K, reserved 1048576K
}
Event: 15.103 GC heap before
{Heap before GC invocations=57 (full 0):
 garbage-first heap   total 301056K, used 250385K [0x00000000a2400000, 0x0000000100000000)
  region size 1024K, 112 young (114688K), 4 survivors (4096K)
 Metaspace       used 106601K, capacity 109326K, committed 109644K, reserved 1144832K
  class space    used 13456K, capacity 14491K, committed 14668K, reserved 1048576K
}
Event: 15.108 GC heap after
{Heap after GC invocations=58 (full 0):
 garbage-first heap   total 351232K, used 139852K [0x00000000a2400000, 0x0000000100000000)
  region size 1024K, 4 young (4096K), 4 survivors (4096K)
 Metaspace       used 106601K, capacity 109326K, committed 109644K, reserved 1144832K
  class space    used 13456K, capacity 14491K, committed 14668K, reserved 1048576K
}
Event: 15.306 GC heap before
{Heap before GC invocations=58 (full 0):
 garbage-first heap   total 351232K, used 293452K [0x00000000a2400000, 0x0000000100000000)
  region size 1024K, 154 young (157696K), 4 survivors (4096K)
 Metaspace       used 106663K, capacity 109399K, committed 109644K, reserved 1144832K
  class space    used 13459K, capacity 14492K, committed 14668K, reserved 1048576K
}
Event: 15.310 GC heap after
{Heap after GC invocations=59 (full 0):
 garbage-first heap   total 351232K, used 139285K [0x00000000a2400000, 0x0000000100000000)
  region size 1024K, 3 young (3072K), 3 survivors (3072K)
 Metaspace       used 106663K, capacity 109399K, committed 109644K, reserved 1144832K
  class space    used 13459K, capacity 14492K, committed 14668K, reserved 1048576K
}
Event: 15.491 GC heap before
{Heap before GC invocations=59 (full 0):
 garbage-first heap   total 351232K, used 302101K [0x00000000a2400000, 0x0000000100000000)
  region size 1024K, 162 young (165888K), 3 survivors (3072K)
 Metaspace       used 106692K, capacity 109402K, committed 109644K, reserved 1144832K
  class space    used 13466K, capacity 14493K, committed 14668K, reserved 1048576K
}
Event: 15.495 GC heap after
{Heap after GC invocations=60 (full 0):
 garbage-first heap   total 351232K, used 140388K [0x00000000a2400000, 0x0000000100000000)
  region size 1024K, 4 young (4096K), 4 survivors (4096K)
 Metaspace       used 106692K, capacity 109402K, committed 109644K, reserved 1144832K
  class space    used 13466K, capacity 14493K, committed 14668K, reserved 1048576K
}
Event: 15.720 GC heap before
{Heap before GC invocations=60 (full 0):
 garbage-first heap   total 351232K, used 303204K [0x00000000a2400000, 0x0000000100000000)
  region size 1024K, 162 young (165888K), 4 survivors (4096K)
 Metaspace       used 106888K, capacity 109569K, committed 109900K, reserved 1144832K
  class space    used 13469K, capacity 14494K, committed 14668K, reserved 1048576K
}
Event: 15.726 GC heap after
{Heap after GC invocations=61 (full 0):
 garbage-first heap   total 351232K, used 143228K [0x00000000a2400000, 0x0000000100000000)
  region size 1024K, 7 young (7168K), 7 survivors (7168K)
 Metaspace       used 106888K, capacity 109569K, committed 109900K, reserved 1144832K
  class space    used 13469K, capacity 14494K, committed 14668K, reserved 1048576K
}
Event: 15.906 GC heap before
{Heap before GC invocations=61 (full 0):
 garbage-first heap   total 351232K, used 302972K [0x00000000a2400000, 0x0000000100000000)
  region size 1024K, 163 young (166912K), 7 survivors (7168K)
 Metaspace       used 106948K, capacity 109637K, committed 109900K, reserved 1144832K
  class space    used 13471K, capacity 14495K, committed 14668K, reserved 1048576K
}
Event: 15.914 GC heap after
{Heap after GC invocations=62 (full 0):
 garbage-first heap   total 351232K, used 144213K [0x00000000a2400000, 0x0000000100000000)
  region size 1024K, 8 young (8192K), 8 survivors (8192K)
 Metaspace       used 106948K, capacity 109637K, committed 109900K, reserved 1144832K
  class space    used 13471K, capacity 14495K, committed 14668K, reserved 1048576K
}
Event: 16.080 GC heap before
{Heap before GC invocations=62 (full 0):
 garbage-first heap   total 351232K, used 302933K [0x00000000a2400000, 0x0000000100000000)
  region size 1024K, 163 young (166912K), 8 survivors (8192K)
 Metaspace       used 106983K, capacity 109641K, committed 109900K, reserved 1144832K
  class space    used 13471K, capacity 14495K, committed 14668K, reserved 1048576K
}
Event: 16.088 GC heap after
{Heap after GC invocations=63 (full 0):
 garbage-first heap   total 351232K, used 144499K [0x00000000a2400000, 0x0000000100000000)
  region size 1024K, 8 young (8192K), 8 survivors (8192K)
 Metaspace       used 106983K, capacity 109641K, committed 109900K, reserved 1144832K
  class space    used 13471K, capacity 14495K, committed 14668K, reserved 1048576K
}
Event: 16.239 GC heap before
{Heap before GC invocations=63 (full 0):
 garbage-first heap   total 351232K, used 303219K [0x00000000a2400000, 0x0000000100000000)
  region size 1024K, 164 young (167936K), 8 survivors (8192K)
 Metaspace       used 107022K, capacity 109740K, committed 109900K, reserved 1144832K
  class space    used 13472K, capacity 14527K, committed 14668K, reserved 1048576K
}
Event: 16.248 GC heap after
{Heap after GC invocations=64 (full 0):
 garbage-first heap   total 351232K, used 146069K [0x00000000a2400000, 0x0000000100000000)
  region size 1024K, 10 young (10240K), 10 survivors (10240K)
 Metaspace       used 107022K, capacity 109740K, committed 109900K, reserved 1144832K
  class space    used 13472K, capacity 14527K, committed 14668K, reserved 1048576K
}
Event: 16.380 GC heap before
{Heap before GC invocations=64 (full 0):
 garbage-first heap   total 351232K, used 303765K [0x00000000a2400000, 0x0000000100000000)
  region size 1024K, 164 young (167936K), 10 survivors (10240K)
 Metaspace       used 107038K, capacity 109752K, committed 109900K, reserved 1144832K
  class space    used 13474K, capacity 14531K, committed 14668K, reserved 1048576K
}

Deoptimization events (20 events):
Event: 16.272 Thread 0x000001ca7fa89000 DEOPT PACKING pc=0x000001ca6814a2ce sp=0x0000005bab9f8b40
Event: 16.272 Thread 0x000001ca7fa89000 DEOPT UNPACKING pc=0x000001ca65d876ce sp=0x0000005bab9f7fd0 mode 0
Event: 16.310 Thread 0x000001ca02d40800 DEOPT PACKING pc=0x000001ca6814a2ce sp=0x0000005babaf95e0
Event: 16.310 Thread 0x000001ca02d40800 DEOPT UNPACKING pc=0x000001ca65d876ce sp=0x0000005babaf8a70 mode 0
Event: 16.323 Thread 0x000001ca7fa82800 DEOPT PACKING pc=0x000001ca6835f4ee sp=0x0000005bab8f9620
Event: 16.323 Thread 0x000001ca7fa82800 DEOPT UNPACKING pc=0x000001ca65d876ce sp=0x0000005bab8f8b08 mode 0
Event: 16.325 Thread 0x000001ca7fa82800 DEOPT PACKING pc=0x000001ca6814a2ce sp=0x0000005bab8f91d0
Event: 16.325 Thread 0x000001ca7fa82800 DEOPT UNPACKING pc=0x000001ca65d876ce sp=0x0000005bab8f8660 mode 0
Event: 16.347 Thread 0x000001ca7fa89000 DEOPT PACKING pc=0x000001ca6814a2ce sp=0x0000005bab9f8fe0
Event: 16.347 Thread 0x000001ca7fa89000 DEOPT UNPACKING pc=0x000001ca65d876ce sp=0x0000005bab9f8470 mode 0
Event: 16.347 Thread 0x000001ca7fa89000 DEOPT PACKING pc=0x000001ca6814a2ce sp=0x0000005bab9f8fe0
Event: 16.347 Thread 0x000001ca7fa89000 DEOPT UNPACKING pc=0x000001ca65d876ce sp=0x0000005bab9f8470 mode 0
Event: 16.348 Thread 0x000001ca7fa89000 DEOPT PACKING pc=0x000001ca6814a2ce sp=0x0000005bab9f8f10
Event: 16.348 Thread 0x000001ca7fa89000 DEOPT UNPACKING pc=0x000001ca65d876ce sp=0x0000005bab9f83a0 mode 0
Event: 16.360 Thread 0x000001ca7fa89000 Uncommon trap: trap_request=0xffffff76 fr.pc=0x000001ca6e20f4b0 relative=0x00000000000057f0
Event: 16.360 Thread 0x000001ca7fa89000 Uncommon trap: reason=loop_limit_check action=maybe_recompile pc=0x000001ca6e20f4b0 method=com.android.tools.r8.internal.k9.a(Lcom/android/tools/r8/internal/vh;)Z @ 119 c2
Event: 16.360 Thread 0x000001ca7fa89000 DEOPT PACKING pc=0x000001ca6e20f4b0 sp=0x0000005bab9f94f0
Event: 16.360 Thread 0x000001ca7fa89000 DEOPT UNPACKING pc=0x000001ca65d878af sp=0x0000005bab9f9490 mode 2
Event: 16.361 Thread 0x000001ca02d40800 DEOPT PACKING pc=0x000001ca6814a2ce sp=0x0000005babaf9210
Event: 16.361 Thread 0x000001ca02d40800 DEOPT UNPACKING pc=0x000001ca65d876ce sp=0x0000005babaf86a0 mode 0

Classes redefined (0 events):
No events

Internal exceptions (20 events):
Event: 14.246 Thread 0x000001ca7fa86800 Exception <a 'java/lang/NoSuchMethodError'{0x00000000b3726848}: 'void java.lang.invoke.DirectMethodHandle$Holder.invokeStatic(java.lang.Object, java.lang.Object, java.lang.Object, java.lang.Object, java.lang.Object, java.lang.Object, java.lang.Object, java.lang.Object)'> (0x00000000b3726848) thrown at [./src/hotspot/share/interpreter/linkResolver.cpp, line 773]
Event: 14.327 Thread 0x000001ca7fa86800 Exception <a 'java/lang/IncompatibleClassChangeError'{0x00000000b00e4c50}: Found class java.lang.Object, but interface was expected> (0x00000000b00e4c50) thrown at [./src/hotspot/share/interpreter/linkResolver.cpp, line 839]
Event: 14.467 Thread 0x000001ca7fa85800 Exception <a 'java/lang/NoSuchMethodError'{0x00000000b2e95460}: 'void java.lang.invoke.DirectMethodHandle$Holder.invokeVirtual(java.lang.Object, java.lang.Object, int)'> (0x00000000b2e95460) thrown at [./src/hotspot/share/interpreter/linkResolver.cpp, line 773]
Event: 14.546 Thread 0x000001ca7fa85800 Exception <a 'sun/nio/fs/WindowsException'{0x00000000b1d1dd78}> (0x00000000b1d1dd78) thrown at [./src/hotspot/share/prims/jni.cpp, line 615]
Event: 14.548 Thread 0x000001ca7fa86800 Exception <a 'sun/nio/fs/WindowsException'{0x00000000b1e69880}> (0x00000000b1e69880) thrown at [./src/hotspot/share/prims/jni.cpp, line 615]
Event: 14.557 Thread 0x000001ca7fa87000 Exception <a 'sun/nio/fs/WindowsException'{0x00000000b1e38530}> (0x00000000b1e38530) thrown at [./src/hotspot/share/prims/jni.cpp, line 615]
Event: 14.598 Thread 0x000001ca7fa85800 Implicit null exception at 0x000001ca6dfe09fd to 0x000001ca6dfe12ec
Event: 14.657 Thread 0x000001ca7fa85800 Exception <a 'sun/nio/fs/WindowsException'{0x00000000af5cdc48}> (0x00000000af5cdc48) thrown at [./src/hotspot/share/prims/jni.cpp, line 615]
Event: 14.750 Thread 0x000001ca7fa85800 Exception <a 'sun/nio/fs/WindowsException'{0x00000000b2b721a0}> (0x00000000b2b721a0) thrown at [./src/hotspot/share/prims/jni.cpp, line 615]
Event: 14.776 Thread 0x000001ca7fa85800 Exception <a 'sun/nio/fs/WindowsException'{0x00000000b1997cb0}> (0x00000000b1997cb0) thrown at [./src/hotspot/share/prims/jni.cpp, line 615]
Event: 15.090 Thread 0x000001ca7fa85800 Implicit null exception at 0x000001ca6e1867ef to 0x000001ca6e186c6a
Event: 15.110 Thread 0x000001ca7fa85800 Exception <a 'sun/nio/fs/WindowsException'{0x00000000b7982c30}> (0x00000000b7982c30) thrown at [./src/hotspot/share/prims/jni.cpp, line 615]
Event: 15.627 Thread 0x000001ca7fa88000 Exception <a 'sun/nio/fs/WindowsException'{0x00000000b1613910}> (0x00000000b1613910) thrown at [./src/hotspot/share/prims/jni.cpp, line 615]
Event: 15.689 Thread 0x000001ca02d40800 Exception <a 'sun/nio/fs/WindowsException'{0x00000000af1667d8}> (0x00000000af1667d8) thrown at [./src/hotspot/share/prims/jni.cpp, line 615]
Event: 15.698 Thread 0x000001ca7fa88000 Exception <a 'sun/nio/fs/WindowsException'{0x00000000aed71eb8}> (0x00000000aed71eb8) thrown at [./src/hotspot/share/prims/jni.cpp, line 615]
Event: 15.738 Thread 0x000001ca7fa89000 Implicit null exception at 0x000001ca6e16c78c to 0x000001ca6e16da10
Event: 15.918 Thread 0x000001ca02d40800 Exception <a 'sun/nio/fs/WindowsException'{0x00000000b79a11e0}> (0x00000000b79a11e0) thrown at [./src/hotspot/share/prims/jni.cpp, line 615]
Event: 15.958 Thread 0x000001ca02d40800 Exception <a 'sun/nio/fs/WindowsException'{0x00000000b5722c40}> (0x00000000b5722c40) thrown at [./src/hotspot/share/prims/jni.cpp, line 615]
Event: 16.127 Thread 0x000001ca02d40800 Exception <a 'sun/nio/fs/WindowsException'{0x00000000b5696e38}> (0x00000000b5696e38) thrown at [./src/hotspot/share/prims/jni.cpp, line 615]
Event: 16.153 Thread 0x000001ca02d40800 Exception <a 'sun/nio/fs/WindowsException'{0x00000000b3d21768}> (0x00000000b3d21768) thrown at [./src/hotspot/share/prims/jni.cpp, line 615]

Events (20 events):
Event: 16.180 loading class com/android/tools/r8/internal/a5 done
Event: 16.239 Executing VM operation: G1CollectForAllocation
Event: 16.248 Executing VM operation: G1CollectForAllocation done
Event: 16.295 loading class com/android/tools/r8/code/G0
Event: 16.295 loading class com/android/tools/r8/code/G0 done
Event: 16.295 loading class com/android/tools/r8/code/G0
Event: 16.295 loading class com/android/tools/r8/code/G0 done
Event: 16.375 loading class com/android/tools/r8/internal/GE
Event: 16.375 loading class com/android/tools/r8/internal/GE done
Event: 16.375 loading class com/android/tools/r8/internal/GE
Event: 16.375 loading class com/android/tools/r8/internal/GE done
Event: 16.376 loading class com/android/tools/r8/internal/FE
Event: 16.376 loading class com/android/tools/r8/internal/FE done
Event: 16.376 loading class com/android/tools/r8/code/F0
Event: 16.376 loading class com/android/tools/r8/code/F0 done
Event: 16.376 loading class com/android/tools/r8/code/F0
Event: 16.376 loading class com/android/tools/r8/code/F0 done
Event: 16.376 loading class com/android/tools/r8/code/F0
Event: 16.376 loading class com/android/tools/r8/code/F0 done
Event: 16.379 Executing VM operation: G1CollectForAllocation


Dynamic libraries:
0x00007ff732110000 - 0x00007ff73211a000 	C:\Program Files\Android\Android Studio\jre\bin\java.exe
0x00007ffd2e0e0000 - 0x00007ffd2e2e7000 	C:\WINDOWS\SYSTEM32\ntdll.dll
0x00007ffd2d440000 - 0x00007ffd2d4fd000 	C:\WINDOWS\System32\KERNEL32.DLL
0x00007ffd2bb50000 - 0x00007ffd2bec4000 	C:\WINDOWS\System32\KERNELBASE.dll
0x00007ffd2b900000 - 0x00007ffd2ba11000 	C:\WINDOWS\System32\ucrtbase.dll
0x00007ffd27a40000 - 0x00007ffd27a59000 	C:\Program Files\Android\Android Studio\jre\bin\jli.dll
0x00007ffd29370000 - 0x00007ffd29387000 	C:\Program Files\Android\Android Studio\jre\bin\VCRUNTIME140.dll
0x00007ffd2d520000 - 0x00007ffd2d6cc000 	C:\WINDOWS\System32\USER32.dll
0x00007ffd2b8d0000 - 0x00007ffd2b8f6000 	C:\WINDOWS\System32\win32u.dll
0x00007ffd18fa0000 - 0x00007ffd19245000 	C:\WINDOWS\WinSxS\amd64_microsoft.windows.common-controls_6595b64144ccf1df_6.0.22000.120_none_9d947278b86cc467\COMCTL32.dll
0x00007ffd2bf70000 - 0x00007ffd2bf99000 	C:\WINDOWS\System32\GDI32.dll
0x00007ffd2dea0000 - 0x00007ffd2df43000 	C:\WINDOWS\System32\msvcrt.dll
0x00007ffd2b5c0000 - 0x00007ffd2b6d2000 	C:\WINDOWS\System32\gdi32full.dll
0x00007ffd2bed0000 - 0x00007ffd2bf6d000 	C:\WINDOWS\System32\msvcp_win.dll
0x00007ffd2c880000 - 0x00007ffd2c8b1000 	C:\WINDOWS\System32\IMM32.DLL
0x00007ffcf0c00000 - 0x00007ffcf0c9d000 	C:\Program Files\Android\Android Studio\jre\bin\msvcp140.dll
0x00007ffcd7830000 - 0x00007ffcd82ff000 	C:\Program Files\Android\Android Studio\jre\bin\server\jvm.dll
0x00007ffd2c5c0000 - 0x00007ffd2c66c000 	C:\WINDOWS\System32\ADVAPI32.dll
0x00007ffd2d850000 - 0x00007ffd2d8ed000 	C:\WINDOWS\System32\sechost.dll
0x00007ffd2c430000 - 0x00007ffd2c551000 	C:\WINDOWS\System32\RPCRT4.dll
0x00007ffd2e000000 - 0x00007ffd2e008000 	C:\WINDOWS\System32\PSAPI.DLL
0x00007ffd14f10000 - 0x00007ffd14f19000 	C:\WINDOWS\SYSTEM32\WSOCK32.dll
0x00007ffd29170000 - 0x00007ffd291a3000 	C:\WINDOWS\SYSTEM32\WINMM.dll
0x00007ffd2c8c0000 - 0x00007ffd2c92f000 	C:\WINDOWS\System32\WS2_32.dll
0x00007ffd21b30000 - 0x00007ffd21b3a000 	C:\WINDOWS\SYSTEM32\VERSION.dll
0x00007ffd2a750000 - 0x00007ffd2a768000 	C:\WINDOWS\SYSTEM32\kernel.appcore.dll
0x00007ffd29280000 - 0x00007ffd29291000 	C:\Program Files\Android\Android Studio\jre\bin\verify.dll
0x00007ffd28e50000 - 0x00007ffd29071000 	C:\WINDOWS\SYSTEM32\DBGHELP.DLL
0x00007ffd28cf0000 - 0x00007ffd28d21000 	C:\WINDOWS\SYSTEM32\dbgcore.DLL
0x00007ffd2b6e0000 - 0x00007ffd2b760000 	C:\WINDOWS\System32\bcryptPrimitives.dll
0x00007ffd27690000 - 0x00007ffd276b9000 	C:\Program Files\Android\Android Studio\jre\bin\java.dll
0x00007ffd291e0000 - 0x00007ffd291eb000 	C:\Program Files\Android\Android Studio\jre\bin\jimage.dll
0x00007ffd277a0000 - 0x00007ffd277b8000 	C:\Program Files\Android\Android Studio\jre\bin\zip.dll
0x00007ffd2c930000 - 0x00007ffd2d0da000 	C:\WINDOWS\System32\SHELL32.dll
0x00007ffd29760000 - 0x00007ffd29fc2000 	C:\WINDOWS\SYSTEM32\windows.storage.dll
0x00007ffd2d8f0000 - 0x00007ffd2dc68000 	C:\WINDOWS\System32\combase.dll
0x00007ffd295f0000 - 0x00007ffd29756000 	C:\WINDOWS\SYSTEM32\wintypes.dll
0x00007ffd2c790000 - 0x00007ffd2c87a000 	C:\WINDOWS\System32\SHCORE.dll
0x00007ffd2de40000 - 0x00007ffd2de9d000 	C:\WINDOWS\System32\shlwapi.dll
0x00007ffd2b4f0000 - 0x00007ffd2b511000 	C:\WINDOWS\SYSTEM32\profapi.dll
0x00007ffd001a0000 - 0x00007ffd001ba000 	C:\Program Files\Android\Android Studio\jre\bin\net.dll
0x00007ffd26720000 - 0x00007ffd2682c000 	C:\WINDOWS\SYSTEM32\WINHTTP.dll
0x00007ffd2ab70000 - 0x00007ffd2abd7000 	C:\WINDOWS\system32\mswsock.dll
0x00007ffd00180000 - 0x00007ffd00194000 	C:\Program Files\Android\Android Studio\jre\bin\nio.dll
0x00007ffd27720000 - 0x00007ffd27747000 	C:\Users\DELL\.gradle\native\8bec1ad78214c89d9ad589b4d07fe93259594b29d510b10fafb7a158f7737e5d\windows-amd64\native-platform.dll
0x00007ffceffe0000 - 0x00007ffcf011d000 	C:\Users\DELL\.gradle\native\53dbd7edfb1c66fb8903c78663c9afc45aea4f116125fa6feffd364cf09443e8\windows-amd64\native-platform-file-events.dll
0x00007ffd291c0000 - 0x00007ffd291ca000 	C:\Program Files\Android\Android Studio\jre\bin\management.dll
0x00007ffd28ad0000 - 0x00007ffd28adc000 	C:\Program Files\Android\Android Studio\jre\bin\management_ext.dll
0x00007ffd2ae20000 - 0x00007ffd2ae38000 	C:\WINDOWS\SYSTEM32\CRYPTSP.dll
0x00007ffd2a6b0000 - 0x00007ffd2a6e5000 	C:\WINDOWS\system32\rsaenh.dll
0x00007ffd2acd0000 - 0x00007ffd2acf9000 	C:\WINDOWS\SYSTEM32\USERENV.dll
0x00007ffd2afa0000 - 0x00007ffd2afc7000 	C:\WINDOWS\SYSTEM32\bcrypt.dll
0x00007ffd2ae40000 - 0x00007ffd2ae4c000 	C:\WINDOWS\SYSTEM32\CRYPTBASE.dll
0x00007ffd2a210000 - 0x00007ffd2a23d000 	C:\WINDOWS\SYSTEM32\IPHLPAPI.DLL
0x00007ffd2bfa0000 - 0x00007ffd2bfa9000 	C:\WINDOWS\System32\NSI.dll
0x00007ffd25ee0000 - 0x00007ffd25ef9000 	C:\WINDOWS\SYSTEM32\dhcpcsvc6.DLL
0x00007ffd25fb0000 - 0x00007ffd25fce000 	C:\WINDOWS\SYSTEM32\dhcpcsvc.DLL
0x00007ffd2a240000 - 0x00007ffd2a327000 	C:\WINDOWS\SYSTEM32\DNSAPI.dll

dbghelp: loaded successfully - version: 4.0.5 - missing functions: none
symbol engine: initialized successfully - sym options: 0x614 - pdb path: .;C:\Program Files\Android\Android Studio\jre\bin;C:\WINDOWS\SYSTEM32;C:\WINDOWS\WinSxS\amd64_microsoft.windows.common-controls_6595b64144ccf1df_6.0.22000.120_none_9d947278b86cc467;C:\Program Files\Android\Android Studio\jre\bin\server;C:\Users\DELL\.gradle\native\8bec1ad78214c89d9ad589b4d07fe93259594b29d510b10fafb7a158f7737e5d\windows-amd64;C:\Users\DELL\.gradle\native\53dbd7edfb1c66fb8903c78663c9afc45aea4f116125fa6feffd364cf09443e8\windows-amd64

VM Arguments:
jvm_args: --add-opens=java.base/java.util=ALL-UNNAMED --add-opens=java.base/java.lang=ALL-UNNAMED --add-opens=java.base/java.lang.invoke=ALL-UNNAMED --add-opens=java.base/java.util=ALL-UNNAMED --add-opens=java.prefs/java.util.prefs=ALL-UNNAMED --add-opens=java.prefs/java.util.prefs=ALL-UNNAMED --add-opens=java.base/java.nio.charset=ALL-UNNAMED --add-opens=java.base/java.net=ALL-UNNAMED --add-opens=java.base/java.util.concurrent.atomic=ALL-UNNAMED -Xmx1500m -Dfile.encoding=UTF-8 -Duser.country=US -Duser.language=en -Duser.variant 
java_command: org.gradle.launcher.daemon.bootstrap.GradleDaemon 7.0.2
java_class_path (initial): C:\Users\DELL\.gradle\wrapper\dists\gradle-7.0.2-bin\857tjihv64xamwrf0h14cai3r\gradle-7.0.2\lib\gradle-launcher-7.0.2.jar
Launcher Type: SUN_STANDARD

[Global flags]
     intx CICompilerCount                          = 4                                         {product} {ergonomic}
     uint ConcGCThreads                            = 2                                         {product} {ergonomic}
     uint G1ConcRefinementThreads                  = 8                                         {product} {ergonomic}
   size_t G1HeapRegionSize                         = 1048576                                   {product} {ergonomic}
    uintx GCDrainStackTargetSize                   = 64                                        {product} {ergonomic}
   size_t InitialHeapSize                          = 123731968                                 {product} {ergonomic}
   size_t MarkStackSize                            = 4194304                                   {product} {ergonomic}
   size_t MaxHeapSize                              = 1572864000                                {product} {command line}
   size_t MaxNewSize                               = 943718400                                 {product} {ergonomic}
   size_t MinHeapDeltaBytes                        = 1048576                                   {product} {ergonomic}
    uintx NonNMethodCodeHeapSize                   = 5836300                                {pd product} {ergonomic}
    uintx NonProfiledCodeHeapSize                  = 122910970                              {pd product} {ergonomic}
    uintx ProfiledCodeHeapSize                     = 122910970                              {pd product} {ergonomic}
    uintx ReservedCodeCacheSize                    = 251658240                              {pd product} {ergonomic}
     bool SegmentedCodeCache                       = true                                      {product} {ergonomic}
     bool UseCompressedClassPointers               = true                                 {lp64_product} {ergonomic}
     bool UseCompressedOops                        = true                                 {lp64_product} {ergonomic}
     bool UseG1GC                                  = true                                      {product} {ergonomic}
     bool UseLargePagesIndividualAllocation        = false                                  {pd product} {ergonomic}

Logging:
Log output configuration:
 #0: stdout all=warning uptime,level,tags
 #1: stderr all=off uptime,level,tags

Environment Variables:
PATH=C:\app\DELL\product\21c\dbhomeXE\bin;D:\db_home\bin;C:\db_home\bin;C:\Program Files (x86)\VMware\VMware Player\bin\;C:\Program Files\Python39\Scripts\;C:\Program Files\Python39\;C:\Program Files\Common Files\Oracle\Java\javapath;C:\WINDOWS\system32;C:\WINDOWS;C:\WINDOWS\System32\Wbem;C:\WINDOWS\System32\WindowsPowerShell\v1.0\;C:\WINDOWS\System32\OpenSSH\;C:\Program Files\Git\cmd;C:\Program Files (x86)\dotnet\;C:\Users\DELL\AppData\Local\Microsoft\WindowsApps;C:\Users\DELL\AppData\Local\Programs\Microsoft VS Code\bin;C:\Program Files\CodeBlocks\MinGW\bin;C:\Program Files\JetBrains\PyCharm Community Edition 2021.2.1\bin;C:\Users\DELL\AppData\Local\atom\bin;%USERPROFILE%\AppData\Local\Microsoft\WindowsApps;
USERNAME=DELL
OS=Windows_NT
PROCESSOR_IDENTIFIER=AMD64 Family 23 Model 96 Stepping 1, AuthenticAMD



---------------  S Y S T E M  ---------------

OS: Windows 10 , 64 bit Build 22000 (10.0.22000.318)
OS uptime: 1 days 7:14 hours

CPU:total 8 (initial active 8) (8 cores per cpu, 1 threads per core) family 23 model 96 stepping 1 microcode 0x0, cmov, cx8, fxsr, mmx, sse, sse2, sse3, ssse3, sse4.1, sse4.2, popcnt, avx, avx2, aes, clmul, mmxext, 3dnowpref, lzcnt, sse4a, tsc, tscinvbit, tscinv, bmi1, bmi2, adx, sha, 

Memory: 4k page, system-wide physical 7545M (651M free)
TotalPageFile size 7545M (AvailPageFile size 25M)
current process WorkingSet (physical memory assigned to process): 718M, peak: 727M
current process commit charge ("private bytes"): 774M, peak: 821M

vm_info: OpenJDK 64-Bit Server VM (11.0.10+0-b96-7249189) for windows-amd64 JRE (11.0.10+0-b96-7249189), built on Mar 31 2021 21:44:00 by "builder" with MS VC++ 14.0 (VS2015)

END.
