#
# There is insufficient memory for the Java Runtime Environment to continue.
# Native memory allocation (malloc) failed to allocate 32744 bytes for ChunkPool::allocate
# Possible reasons:
#   The system is out of physical RAM or swap space
#   The process is running with CompressedOops enabled, and the Java Heap may be blocking the growth of the native heap
# Possible solutions:
#   Reduce memory load on the system
#   Increase physical memory or swap space
#   Check if swap backing store is full
#   Decrease Java heap size (-Xmx/-Xms)
#   Decrease number of Java threads
#   Decrease Java thread stack sizes (-Xss)
#   Set larger code cache with -XX:ReservedCodeCacheSize=
#   JVM is running with Unscaled Compressed Oops mode in which the Java heap is
#     placed in the first 4GB address space. The Java Heap base address is the
#     maximum limit for the native heap growth. Please use -XX:HeapBaseMinAddress
#     to set the Java Heap base and to place the Java Heap above 4GB virtual address.
# This output file may be truncated or incomplete.
#
#  Out of Memory Error (./src/hotspot/share/memory/arena.cpp:81), pid=10220, tid=8716
#
# JRE version: OpenJDK Runtime Environment (11.0.10) (build 11.0.10+0-b96-7249189)
# Java VM: OpenJDK 64-Bit Server VM (11.0.10+0-b96-7249189, mixed mode, tiered, compressed oops, g1 gc, windows-amd64)
# No core dump will be written. Minidumps are not enabled by default on client versions of Windows
#

---------------  S U M M A R Y ------------

Command Line: --add-opens=java.base/java.util=ALL-UNNAMED --add-opens=java.base/java.lang=ALL-UNNAMED --add-opens=java.base/java.lang.invoke=ALL-UNNAMED --add-opens=java.base/java.util=ALL-UNNAMED --add-opens=java.prefs/java.util.prefs=ALL-UNNAMED --add-opens=java.prefs/java.util.prefs=ALL-UNNAMED --add-opens=java.base/java.nio.charset=ALL-UNNAMED --add-opens=java.base/java.net=ALL-UNNAMED --add-opens=java.base/java.util.concurrent.atomic=ALL-UNNAMED -XX:MaxMetaspaceSize=256m -XX:+HeapDumpOnOutOfMemoryError -Xms256m -Xmx512m -Dfile.encoding=windows-1252 -Duser.country=US -Duser.language=en -Duser.variant org.gradle.launcher.daemon.bootstrap.GradleDaemon 7.0.2

Host: AMD Ryzen 7 4700U with Radeon Graphics         , 8 cores, 7G,  Windows 10 , 64 bit Build 22000 (10.0.22000.318)
Time: Mon Dec 13 14:07:34 2021 Pakistan Standard Time elapsed time: 24.604987 seconds (0d 0h 0m 24s)

---------------  T H R E A D  ---------------

Current thread (0x000001d9b4096800):  JavaThread "C2 CompilerThread0" daemon [_thread_in_native, id=8716, stack(0x0000000d1d100000,0x0000000d1d200000)]


Current CompileTask:
C2:  24605 8467   !   4       com.sun.crypto.provider.GaloisCounterMode::decryptFinal (304 bytes)

Stack: [0x0000000d1d100000,0x0000000d1d200000]
Native frames: (J=compiled Java code, j=interpreted, Vv=VM code, C=native code)
V  [jvm.dll+0x5ecfaa]
V  [jvm.dll+0x722bd5]
V  [jvm.dll+0x72412d]
V  [jvm.dll+0x7247e3]
V  [jvm.dll+0x242928]
V  [jvm.dll+0xbc75b]
V  [jvm.dll+0xbca0c]
V  [jvm.dll+0xbc608]
V  [jvm.dll+0x5cd2ee]
V  [jvm.dll+0x196002]
V  [jvm.dll+0x2bb975]
V  [jvm.dll+0x2be2c2]
V  [jvm.dll+0x2bc52a]
V  [jvm.dll+0x2be399]
V  [jvm.dll+0x2bc52a]
V  [jvm.dll+0x2be399]
V  [jvm.dll+0x2bc52a]
V  [jvm.dll+0x2be399]
V  [jvm.dll+0x2bc52a]
V  [jvm.dll+0x2bfc42]
V  [jvm.dll+0x2bb617]
V  [jvm.dll+0x2bbafc]
V  [jvm.dll+0x1fc9d5]
V  [jvm.dll+0x1fa77f]
V  [jvm.dll+0x18354c]
V  [jvm.dll+0x208ee7]
V  [jvm.dll+0x207731]
V  [jvm.dll+0x6eb1cf]
V  [jvm.dll+0x6e3d45]
V  [jvm.dll+0x5ebe96]
C  [ucrtbase.dll+0x26c0c]
C  [KERNEL32.DLL+0x154e0]
C  [ntdll.dll+0x485b]


---------------  P R O C E S S  ---------------

Threads class SMR info:
_java_thread_list=0x000001d9ba4ee270, length=50, elements={
0x000001d99b5be800, 0x000001d9b4076000, 0x000001d9b4085800, 0x000001d9b4092800,
0x000001d9b4093800, 0x000001d9b4094800, 0x000001d9b4096800, 0x000001d9b409d000,
0x000001d9b4a56800, 0x000001d9b4bb6000, 0x000001d9b4bb3000, 0x000001d9b4bb4800,
0x000001d9b4bb5800, 0x000001d9b4bb3800, 0x000001d9b4bb7000, 0x000001d9b4bb2000,
0x000001d9b4bb1800, 0x000001d9b4bb8000, 0x000001d9b6f8e800, 0x000001d9b6f8f800,
0x000001d9b6f91000, 0x000001d9b6f90800, 0x000001d9b6f92000, 0x000001d9b6f8c800,
0x000001d9b6f93000, 0x000001d9b6f8d000, 0x000001d9b6f93800, 0x000001d9b6f8e000,
0x000001d9b6f97800, 0x000001d9b6f98800, 0x000001d9b6f96000, 0x000001d9b6f97000,
0x000001d9b6f99800, 0x000001d9b95dd800, 0x000001d9b95df000, 0x000001d9b95d9000,
0x000001d9b95dc800, 0x000001d9b95de000, 0x000001d9b95e0000, 0x000001d9b95da000,
0x000001d9b95db000, 0x000001d9b95e0800, 0x000001d9b95e1800, 0x000001d9b95db800,
0x000001d9b95e3000, 0x000001d9b95e4800, 0x000001d9b95e5800, 0x000001d9b95e7000,
0x000001d9b95e8000, 0x000001d9b95e2000
}

Java Threads: ( => current thread )
  0x000001d99b5be800 JavaThread "main" [_thread_blocked, id=8868, stack(0x0000000d1c500000,0x0000000d1c600000)]
  0x000001d9b4076000 JavaThread "Reference Handler" daemon [_thread_blocked, id=13144, stack(0x0000000d1cc00000,0x0000000d1cd00000)]
  0x000001d9b4085800 JavaThread "Finalizer" daemon [_thread_blocked, id=6648, stack(0x0000000d1cd00000,0x0000000d1ce00000)]
  0x000001d9b4092800 JavaThread "Signal Dispatcher" daemon [_thread_blocked, id=5456, stack(0x0000000d1ce00000,0x0000000d1cf00000)]
  0x000001d9b4093800 JavaThread "Attach Listener" daemon [_thread_blocked, id=3272, stack(0x0000000d1cf00000,0x0000000d1d000000)]
  0x000001d9b4094800 JavaThread "Service Thread" daemon [_thread_blocked, id=10044, stack(0x0000000d1d000000,0x0000000d1d100000)]
=>0x000001d9b4096800 JavaThread "C2 CompilerThread0" daemon [_thread_in_native, id=8716, stack(0x0000000d1d100000,0x0000000d1d200000)]
  0x000001d9b409d000 JavaThread "C1 CompilerThread0" daemon [_thread_blocked, id=12004, stack(0x0000000d1d200000,0x0000000d1d300000)]
  0x000001d9b4a56800 JavaThread "Sweeper thread" daemon [_thread_blocked, id=1440, stack(0x0000000d1d300000,0x0000000d1d400000)]
  0x000001d9b4bb6000 JavaThread "Common-Cleaner" daemon [_thread_blocked, id=10212, stack(0x0000000d1d400000,0x0000000d1d500000)]
  0x000001d9b4bb3000 JavaThread "Daemon health stats" [_thread_blocked, id=2196, stack(0x0000000d1dd00000,0x0000000d1de00000)]
  0x000001d9b4bb4800 JavaThread "Incoming local TCP Connector on port 50611" [_thread_in_native, id=14332, stack(0x0000000d1d600000,0x0000000d1d700000)]
  0x000001d9b4bb5800 JavaThread "Daemon periodic checks" [_thread_blocked, id=6936, stack(0x0000000d1d700000,0x0000000d1d800000)]
  0x000001d9b4bb3800 JavaThread "Daemon" [_thread_blocked, id=6664, stack(0x0000000d1de00000,0x0000000d1df00000)]
  0x000001d9b4bb7000 JavaThread "Handler for socket connection from /127.0.0.1:50611 to /127.0.0.1:50612" [_thread_in_native, id=14108, stack(0x0000000d1df00000,0x0000000d1e000000)]
  0x000001d9b4bb2000 JavaThread "Cancel handler" [_thread_blocked, id=12728, stack(0x0000000d1e000000,0x0000000d1e100000)]
  0x000001d9b4bb1800 JavaThread "Daemon worker" [_thread_in_native, id=10944, stack(0x0000000d1e100000,0x0000000d1e200000)]
  0x000001d9b4bb8000 JavaThread "Asynchronous log dispatcher for DefaultDaemonConnection: socket connection from /127.0.0.1:50611 to /127.0.0.1:50612" [_thread_blocked, id=11592, stack(0x0000000d1e200000,0x0000000d1e300000)]
  0x000001d9b6f8e800 JavaThread "Stdin handler" [_thread_blocked, id=12380, stack(0x0000000d1e300000,0x0000000d1e400000)]
  0x000001d9b6f8f800 JavaThread "Daemon client event forwarder" [_thread_blocked, id=12932, stack(0x0000000d1e400000,0x0000000d1e500000)]
  0x000001d9b6f91000 JavaThread "Cache worker for file hash cache (C:\Users\DELL\.gradle\caches\7.0.2\fileHashes)" [_thread_blocked, id=9152, stack(0x0000000d1e500000,0x0000000d1e600000)]
  0x000001d9b6f90800 JavaThread "File lock request listener" [_thread_in_native, id=5240, stack(0x0000000d1e600000,0x0000000d1e700000)]
  0x000001d9b6f92000 JavaThread "Cache worker for journal cache (C:\Users\DELL\.gradle\caches\journal-1)" [_thread_blocked, id=7124, stack(0x0000000d1ea00000,0x0000000d1eb00000)]
  0x000001d9b6f8c800 JavaThread "Cache worker for file hash cache (D:\TRA\.gradle\7.0.2\fileHashes)" [_thread_blocked, id=8660, stack(0x0000000d1ed00000,0x0000000d1ee00000)]
  0x000001d9b6f93000 JavaThread "File watcher server" daemon [_thread_in_native, id=3124, stack(0x0000000d1ee00000,0x0000000d1ef00000)]
  0x000001d9b6f8d000 JavaThread "File watcher consumer" daemon [_thread_blocked, id=11520, stack(0x0000000d1ef00000,0x0000000d1f000000)]
  0x000001d9b6f93800 JavaThread "Cache worker for checksums cache (D:\TRA\.gradle\checksums)" [_thread_blocked, id=3060, stack(0x0000000d1f000000,0x0000000d1f100000)]
  0x000001d9b6f8e000 JavaThread "Cache worker for cache directory md-supplier (C:\Users\DELL\.gradle\caches\7.0.2\md-supplier)" [_thread_blocked, id=12812, stack(0x0000000d1f100000,0x0000000d1f200000)]
  0x000001d9b6f97800 JavaThread "Cache worker for cache directory md-rule (C:\Users\DELL\.gradle\caches\7.0.2\md-rule)" [_thread_blocked, id=9508, stack(0x0000000d1f200000,0x0000000d1f300000)]
  0x000001d9b6f98800 JavaThread "Cache worker for execution history cache (C:\Users\DELL\.gradle\caches\7.0.2\executionHistory)" [_thread_blocked, id=10880, stack(0x0000000d1f300000,0x0000000d1f400000)]
  0x000001d9b6f96000 JavaThread "jar transforms" [_thread_blocked, id=13964, stack(0x0000000d1f400000,0x0000000d1f500000)]
  0x000001d9b6f97000 JavaThread "jar transforms Thread 2" [_thread_blocked, id=10692, stack(0x0000000d1f500000,0x0000000d1f600000)]
  0x000001d9b6f99800 JavaThread "Cache worker for file content cache (C:\Users\DELL\.gradle\caches\7.0.2\fileContent)" [_thread_blocked, id=13196, stack(0x0000000d1f600000,0x0000000d1f700000)]
  0x000001d9b95dd800 JavaThread "Cache worker for dependencies-accessors (D:\TRA\.gradle\7.0.2\dependencies-accessors)" [_thread_blocked, id=12008, stack(0x0000000d1f700000,0x0000000d1f800000)]
  0x000001d9b95df000 JavaThread "jar transforms Thread 3" [_thread_blocked, id=8520, stack(0x0000000d1f800000,0x0000000d1f900000)]
  0x000001d9b95d9000 JavaThread "Cache worker for Build Output Cleanup Cache (D:\TRA\.gradle\buildOutputCleanup)" [_thread_blocked, id=11772, stack(0x0000000d1f900000,0x0000000d1fa00000)]
  0x000001d9b95dc800 JavaThread "Build operations" [_thread_blocked, id=5080, stack(0x0000000d1fa00000,0x0000000d1fb00000)]
  0x000001d9b95de000 JavaThread "Build operations Thread 2" [_thread_blocked, id=2772, stack(0x0000000d1fb00000,0x0000000d1fc00000)]
  0x000001d9b95e0000 JavaThread "Build operations Thread 3" [_thread_blocked, id=12248, stack(0x0000000d1fc00000,0x0000000d1fd00000)]
  0x000001d9b95da000 JavaThread "Build operations Thread 4" [_thread_blocked, id=8092, stack(0x0000000d1fd00000,0x0000000d1fe00000)]
  0x000001d9b95db000 JavaThread "Build operations Thread 5" [_thread_blocked, id=3028, stack(0x0000000d1fe00000,0x0000000d1ff00000)]
  0x000001d9b95e0800 JavaThread "Build operations Thread 6" [_thread_blocked, id=12768, stack(0x0000000d1ff00000,0x0000000d20000000)]
  0x000001d9b95e1800 JavaThread "Build operations Thread 7" [_thread_blocked, id=5448, stack(0x0000000d20000000,0x0000000d20100000)]
  0x000001d9b95db800 JavaThread "Build operations Thread 8" [_thread_blocked, id=12308, stack(0x0000000d20100000,0x0000000d20200000)]
  0x000001d9b95e3000 JavaThread "jar transforms Thread 4" [_thread_blocked, id=14088, stack(0x0000000d20200000,0x0000000d20300000)]
  0x000001d9b95e4800 JavaThread "jar transforms Thread 5" [_thread_blocked, id=14156, stack(0x0000000d20300000,0x0000000d20400000)]
  0x000001d9b95e5800 JavaThread "jar transforms Thread 6" [_thread_blocked, id=4160, stack(0x0000000d20400000,0x0000000d20500000)]
  0x000001d9b95e7000 JavaThread "jar transforms Thread 7" [_thread_blocked, id=14160, stack(0x0000000d20500000,0x0000000d20600000)]
  0x000001d9b95e8000 JavaThread "jar transforms Thread 8" [_thread_blocked, id=8312, stack(0x0000000d20600000,0x0000000d20700000)]
  0x000001d9b95e2000 JavaThread "Memory manager" [_thread_blocked, id=2364, stack(0x0000000d20700000,0x0000000d20800000)]

Other Threads:
  0x000001d9b4053800 VMThread "VM Thread" [stack: 0x0000000d1cb00000,0x0000000d1cc00000] [id=2956]
  0x000001d9b4bbc000 WatcherThread [stack: 0x0000000d1d500000,0x0000000d1d600000] [id=14140]
  0x000001d99b5d8000 GCTaskThread "GC Thread#0" [stack: 0x0000000d1c600000,0x0000000d1c700000] [id=12232]
  0x000001d9b5a51800 GCTaskThread "GC Thread#1" [stack: 0x0000000d1d800000,0x0000000d1d900000] [id=9832]
  0x000001d9b5877800 GCTaskThread "GC Thread#2" [stack: 0x0000000d1d900000,0x0000000d1da00000] [id=8508]
  0x000001d9b5800800 GCTaskThread "GC Thread#3" [stack: 0x0000000d1da00000,0x0000000d1db00000] [id=4672]
  0x000001d9b58bb800 GCTaskThread "GC Thread#4" [stack: 0x0000000d1db00000,0x0000000d1dc00000] [id=2172]
  0x000001d9b5847800 GCTaskThread "GC Thread#5" [stack: 0x0000000d1dc00000,0x0000000d1dd00000] [id=3328]
  0x000001d9b6e99000 GCTaskThread "GC Thread#6" [stack: 0x0000000d1e700000,0x0000000d1e800000] [id=13456]
  0x000001d9b6e97800 GCTaskThread "GC Thread#7" [stack: 0x0000000d1e800000,0x0000000d1e900000] [id=2544]
  0x000001d99b5ea800 ConcurrentGCThread "G1 Main Marker" [stack: 0x0000000d1c700000,0x0000000d1c800000] [id=1108]
  0x000001d99b5eb800 ConcurrentGCThread "G1 Conc#0" [stack: 0x0000000d1c800000,0x0000000d1c900000] [id=13252]
  0x000001d9b6e93800 ConcurrentGCThread "G1 Conc#1" [stack: 0x0000000d1e900000,0x0000000d1ea00000] [id=1844]
  0x000001d9b3eee800 ConcurrentGCThread "G1 Refine#0" [stack: 0x0000000d1c900000,0x0000000d1ca00000] [id=9372]
  0x000001d9b3eef000 ConcurrentGCThread "G1 Young RemSet Sampling" [stack: 0x0000000d1ca00000,0x0000000d1cb00000] [id=7088]

Threads with active compile tasks:
C2 CompilerThread0  24634 8467   !   4       com.sun.crypto.provider.GaloisCounterMode::decryptFinal (304 bytes)

VM state:not at safepoint (normal execution)

VM Mutex/Monitor currently owned by a thread: None

Heap address: 0x00000000e0000000, size: 512 MB, Compressed Oops mode: 32-bit
Narrow klass base: 0x0000000000000000, Narrow klass shift: 3
Compressed class space size: 260046848 Address: 0x0000000100000000

Heap:
 garbage-first heap   total 262144K, used 138488K [0x00000000e0000000, 0x0000000100000000)
  region size 1024K, 87 young (89088K), 9 survivors (9216K)
 Metaspace       used 81028K, capacity 82952K, committed 83020K, reserved 327680K
  class space    used 10387K, capacity 11030K, committed 11084K, reserved 253952K
Heap Regions: E=young(eden), S=young(survivor), O=old, HS=humongous(starts), HC=humongous(continues), CS=collection set, F=free, A=archive, TAMS=top-at-mark-start (previous, next)
|   0|0x00000000e0000000, 0x00000000e0100000, 0x00000000e0100000|100%| O|  |TAMS 0x00000000e0100000, 0x00000000e0000000| Untracked 
|   1|0x00000000e0100000, 0x00000000e0200000, 0x00000000e0200000|100%| O|  |TAMS 0x00000000e0200000, 0x00000000e0100000| Untracked 
|   2|0x00000000e0200000, 0x00000000e0300000, 0x00000000e0300000|100%| O|  |TAMS 0x00000000e0300000, 0x00000000e0200000| Untracked 
|   3|0x00000000e0300000, 0x00000000e0400000, 0x00000000e0400000|100%|HS|  |TAMS 0x00000000e0400000, 0x00000000e0300000| Complete 
|   4|0x00000000e0400000, 0x00000000e0500000, 0x00000000e0500000|100%|HC|  |TAMS 0x00000000e0500000, 0x00000000e0400000| Complete 
|   5|0x00000000e0500000, 0x00000000e0600000, 0x00000000e0600000|100%|HC|  |TAMS 0x00000000e0600000, 0x00000000e0500000| Complete 
|   6|0x00000000e0600000, 0x00000000e0700000, 0x00000000e0700000|100%| O|  |TAMS 0x00000000e0700000, 0x00000000e0600000| Untracked 
|   7|0x00000000e0700000, 0x00000000e0800000, 0x00000000e0800000|100%| O|  |TAMS 0x00000000e0800000, 0x00000000e0700000| Untracked 
|   8|0x00000000e0800000, 0x00000000e0900000, 0x00000000e0900000|100%| O|  |TAMS 0x00000000e0900000, 0x00000000e0800000| Untracked 
|   9|0x00000000e0900000, 0x00000000e0a00000, 0x00000000e0a00000|100%| O|  |TAMS 0x00000000e0a00000, 0x00000000e0900000| Untracked 
|  10|0x00000000e0a00000, 0x00000000e0b00000, 0x00000000e0b00000|100%| O|  |TAMS 0x00000000e0b00000, 0x00000000e0a00000| Untracked 
|  11|0x00000000e0b00000, 0x00000000e0c00000, 0x00000000e0c00000|100%| O|  |TAMS 0x00000000e0c00000, 0x00000000e0b00000| Untracked 
|  12|0x00000000e0c00000, 0x00000000e0d00000, 0x00000000e0d00000|100%| O|  |TAMS 0x00000000e0d00000, 0x00000000e0c00000| Untracked 
|  13|0x00000000e0d00000, 0x00000000e0e00000, 0x00000000e0e00000|100%| O|  |TAMS 0x00000000e0e00000, 0x00000000e0d00000| Untracked 
|  14|0x00000000e0e00000, 0x00000000e0f00000, 0x00000000e0f00000|100%| O|  |TAMS 0x00000000e0f00000, 0x00000000e0e00000| Untracked 
|  15|0x00000000e0f00000, 0x00000000e1000000, 0x00000000e1000000|100%| O|  |TAMS 0x00000000e1000000, 0x00000000e0f00000| Untracked 
|  16|0x00000000e1000000, 0x00000000e1100000, 0x00000000e1100000|100%|HS|  |TAMS 0x00000000e1100000, 0x00000000e1000000| Complete 
|  17|0x00000000e1100000, 0x00000000e1200000, 0x00000000e1200000|100%|HS|  |TAMS 0x00000000e1200000, 0x00000000e1100000| Complete 
|  18|0x00000000e1200000, 0x00000000e1300000, 0x00000000e1300000|100%|HS|  |TAMS 0x00000000e1300000, 0x00000000e1200000| Complete 
|  19|0x00000000e1300000, 0x00000000e1400000, 0x00000000e1400000|100%|HC|  |TAMS 0x00000000e1400000, 0x00000000e1300000| Complete 
|  20|0x00000000e1400000, 0x00000000e1500000, 0x00000000e1500000|100%| O|  |TAMS 0x00000000e1500000, 0x00000000e1400000| Untracked 
|  21|0x00000000e1500000, 0x00000000e1600000, 0x00000000e1600000|100%| O|  |TAMS 0x00000000e1600000, 0x00000000e1500000| Untracked 
|  22|0x00000000e1600000, 0x00000000e1700000, 0x00000000e1700000|100%| O|  |TAMS 0x00000000e1700000, 0x00000000e1600000| Untracked 
|  23|0x00000000e1700000, 0x00000000e1800000, 0x00000000e1800000|100%| O|  |TAMS 0x00000000e1800000, 0x00000000e1700000| Untracked 
|  24|0x00000000e1800000, 0x00000000e1900000, 0x00000000e1900000|100%| O|  |TAMS 0x00000000e1900000, 0x00000000e1800000| Untracked 
|  25|0x00000000e1900000, 0x00000000e1a00000, 0x00000000e1a00000|100%| O|  |TAMS 0x00000000e1a00000, 0x00000000e1900000| Untracked 
|  26|0x00000000e1a00000, 0x00000000e1b00000, 0x00000000e1b00000|100%| O|  |TAMS 0x00000000e1b00000, 0x00000000e1a00000| Untracked 
|  27|0x00000000e1b00000, 0x00000000e1c00000, 0x00000000e1c00000|100%| O|  |TAMS 0x00000000e1c00000, 0x00000000e1b00000| Untracked 
|  28|0x00000000e1c00000, 0x00000000e1d00000, 0x00000000e1d00000|100%| O|  |TAMS 0x00000000e1d00000, 0x00000000e1c00000| Untracked 
|  29|0x00000000e1d00000, 0x00000000e1e00000, 0x00000000e1e00000|100%| O|  |TAMS 0x00000000e1e00000, 0x00000000e1d00000| Untracked 
|  30|0x00000000e1e00000, 0x00000000e1f00000, 0x00000000e1f00000|100%| O|  |TAMS 0x00000000e1eea800, 0x00000000e1e00000| Untracked 
|  31|0x00000000e1f00000, 0x00000000e2000000, 0x00000000e2000000|100%| O|  |TAMS 0x00000000e1f00000, 0x00000000e1f00000| Untracked 
|  32|0x00000000e2000000, 0x00000000e2100000, 0x00000000e2100000|100%| O|  |TAMS 0x00000000e2000000, 0x00000000e2000000| Untracked 
|  33|0x00000000e2100000, 0x00000000e2200000, 0x00000000e2200000|100%| O|  |TAMS 0x00000000e2100000, 0x00000000e2100000| Untracked 
|  34|0x00000000e2200000, 0x00000000e2300000, 0x00000000e2300000|100%| O|  |TAMS 0x00000000e2200000, 0x00000000e2200000| Untracked 
|  35|0x00000000e2300000, 0x00000000e2400000, 0x00000000e2400000|100%| O|  |TAMS 0x00000000e2300000, 0x00000000e2300000| Untracked 
|  36|0x00000000e2400000, 0x00000000e2500000, 0x00000000e2500000|100%| O|  |TAMS 0x00000000e2400000, 0x00000000e2400000| Untracked 
|  37|0x00000000e2500000, 0x00000000e2600000, 0x00000000e2600000|100%| O|  |TAMS 0x00000000e2500000, 0x00000000e2500000| Untracked 
|  38|0x00000000e2600000, 0x00000000e2700000, 0x00000000e2700000|100%| O|  |TAMS 0x00000000e2600000, 0x00000000e2600000| Untracked 
|  39|0x00000000e2700000, 0x00000000e2800000, 0x00000000e2800000|100%| O|  |TAMS 0x00000000e2700000, 0x00000000e2700000| Untracked 
|  40|0x00000000e2800000, 0x00000000e2900000, 0x00000000e2900000|100%| O|  |TAMS 0x00000000e2800000, 0x00000000e2800000| Untracked 
|  41|0x00000000e2900000, 0x00000000e2a00000, 0x00000000e2a00000|100%| O|  |TAMS 0x00000000e2900000, 0x00000000e2900000| Untracked 
|  42|0x00000000e2a00000, 0x00000000e2b00000, 0x00000000e2b00000|100%| O|  |TAMS 0x00000000e2a00000, 0x00000000e2a00000| Untracked 
|  43|0x00000000e2b00000, 0x00000000e2c00000, 0x00000000e2c00000|100%| O|  |TAMS 0x00000000e2b00000, 0x00000000e2b00000| Untracked 
|  44|0x00000000e2c00000, 0x00000000e2d00000, 0x00000000e2d00000|100%| O|  |TAMS 0x00000000e2c00000, 0x00000000e2c00000| Untracked 
|  45|0x00000000e2d00000, 0x00000000e2e00000, 0x00000000e2e00000|100%| O|  |TAMS 0x00000000e2d00000, 0x00000000e2d00000| Untracked 
|  46|0x00000000e2e00000, 0x00000000e2f00000, 0x00000000e2f00000|100%| O|  |TAMS 0x00000000e2e00000, 0x00000000e2e00000| Untracked 
|  47|0x00000000e2f00000, 0x00000000e3000000, 0x00000000e3000000|100%| O|  |TAMS 0x00000000e2f00000, 0x00000000e2f00000| Untracked 
|  48|0x00000000e3000000, 0x00000000e3100000, 0x00000000e3100000|100%| O|  |TAMS 0x00000000e3000000, 0x00000000e3000000| Untracked 
|  49|0x00000000e3100000, 0x00000000e3200000, 0x00000000e3200000|100%| O|  |TAMS 0x00000000e3100000, 0x00000000e3100000| Untracked 
|  50|0x00000000e3200000, 0x00000000e3300000, 0x00000000e3300000|100%| O|  |TAMS 0x00000000e3200000, 0x00000000e3200000| Untracked 
|  51|0x00000000e3300000, 0x00000000e3300000, 0x00000000e3400000|  0%| F|  |TAMS 0x00000000e3300000, 0x00000000e3300000| Untracked 
|  52|0x00000000e3400000, 0x00000000e3400000, 0x00000000e3500000|  0%| F|  |TAMS 0x00000000e3400000, 0x00000000e3400000| Untracked 
|  53|0x00000000e3500000, 0x00000000e3500000, 0x00000000e3600000|  0%| F|  |TAMS 0x00000000e3500000, 0x00000000e3500000| Untracked 
|  54|0x00000000e3600000, 0x00000000e3600000, 0x00000000e3700000|  0%| F|  |TAMS 0x00000000e3600000, 0x00000000e3600000| Untracked 
|  55|0x00000000e3700000, 0x00000000e3700000, 0x00000000e3800000|  0%| F|  |TAMS 0x00000000e3700000, 0x00000000e3700000| Untracked 
|  56|0x00000000e3800000, 0x00000000e3800000, 0x00000000e3900000|  0%| F|  |TAMS 0x00000000e3800000, 0x00000000e3800000| Untracked 
|  57|0x00000000e3900000, 0x00000000e3900000, 0x00000000e3a00000|  0%| F|  |TAMS 0x00000000e3900000, 0x00000000e3900000| Untracked 
|  58|0x00000000e3a00000, 0x00000000e3a00000, 0x00000000e3b00000|  0%| F|  |TAMS 0x00000000e3a00000, 0x00000000e3a00000| Untracked 
|  59|0x00000000e3b00000, 0x00000000e3b00000, 0x00000000e3c00000|  0%| F|  |TAMS 0x00000000e3b00000, 0x00000000e3b00000| Untracked 
|  60|0x00000000e3c00000, 0x00000000e3c00000, 0x00000000e3d00000|  0%| F|  |TAMS 0x00000000e3c00000, 0x00000000e3c00000| Untracked 
|  61|0x00000000e3d00000, 0x00000000e3d00000, 0x00000000e3e00000|  0%| F|  |TAMS 0x00000000e3d00000, 0x00000000e3d00000| Untracked 
|  62|0x00000000e3e00000, 0x00000000e3e00000, 0x00000000e3f00000|  0%| F|  |TAMS 0x00000000e3e00000, 0x00000000e3e00000| Untracked 
|  63|0x00000000e3f00000, 0x00000000e3f00000, 0x00000000e4000000|  0%| F|  |TAMS 0x00000000e3f00000, 0x00000000e3f00000| Untracked 
|  64|0x00000000e4000000, 0x00000000e4000000, 0x00000000e4100000|  0%| F|  |TAMS 0x00000000e4000000, 0x00000000e4000000| Untracked 
|  65|0x00000000e4100000, 0x00000000e4100000, 0x00000000e4200000|  0%| F|  |TAMS 0x00000000e4100000, 0x00000000e4100000| Untracked 
|  66|0x00000000e4200000, 0x00000000e4200000, 0x00000000e4300000|  0%| F|  |TAMS 0x00000000e4200000, 0x00000000e4200000| Untracked 
|  67|0x00000000e4300000, 0x00000000e4300000, 0x00000000e4400000|  0%| F|  |TAMS 0x00000000e4300000, 0x00000000e4300000| Untracked 
|  68|0x00000000e4400000, 0x00000000e4400000, 0x00000000e4500000|  0%| F|  |TAMS 0x00000000e4400000, 0x00000000e4400000| Untracked 
|  69|0x00000000e4500000, 0x00000000e4500000, 0x00000000e4600000|  0%| F|  |TAMS 0x00000000e4500000, 0x00000000e4500000| Untracked 
|  70|0x00000000e4600000, 0x00000000e4600000, 0x00000000e4700000|  0%| F|  |TAMS 0x00000000e4600000, 0x00000000e4600000| Untracked 
|  71|0x00000000e4700000, 0x00000000e4700000, 0x00000000e4800000|  0%| F|  |TAMS 0x00000000e4700000, 0x00000000e4700000| Untracked 
|  72|0x00000000e4800000, 0x00000000e4800000, 0x00000000e4900000|  0%| F|  |TAMS 0x00000000e4800000, 0x00000000e4800000| Untracked 
|  73|0x00000000e4900000, 0x00000000e4900000, 0x00000000e4a00000|  0%| F|  |TAMS 0x00000000e4900000, 0x00000000e4900000| Untracked 
|  74|0x00000000e4a00000, 0x00000000e4a00000, 0x00000000e4b00000|  0%| F|  |TAMS 0x00000000e4a00000, 0x00000000e4a00000| Untracked 
|  75|0x00000000e4b00000, 0x00000000e4b00000, 0x00000000e4c00000|  0%| F|  |TAMS 0x00000000e4b00000, 0x00000000e4b00000| Untracked 
|  76|0x00000000e4c00000, 0x00000000e4c00000, 0x00000000e4d00000|  0%| F|  |TAMS 0x00000000e4c00000, 0x00000000e4c00000| Untracked 
|  77|0x00000000e4d00000, 0x00000000e4d00000, 0x00000000e4e00000|  0%| F|  |TAMS 0x00000000e4d00000, 0x00000000e4d00000| Untracked 
|  78|0x00000000e4e00000, 0x00000000e4e00000, 0x00000000e4f00000|  0%| F|  |TAMS 0x00000000e4e00000, 0x00000000e4e00000| Untracked 
|  79|0x00000000e4f00000, 0x00000000e4f00000, 0x00000000e5000000|  0%| F|  |TAMS 0x00000000e4f00000, 0x00000000e4f00000| Untracked 
|  80|0x00000000e5000000, 0x00000000e5000000, 0x00000000e5100000|  0%| F|  |TAMS 0x00000000e5000000, 0x00000000e5000000| Untracked 
|  81|0x00000000e5100000, 0x00000000e5100000, 0x00000000e5200000|  0%| F|  |TAMS 0x00000000e5100000, 0x00000000e5100000| Untracked 
|  82|0x00000000e5200000, 0x00000000e5200000, 0x00000000e5300000|  0%| F|  |TAMS 0x00000000e5200000, 0x00000000e5200000| Untracked 
|  83|0x00000000e5300000, 0x00000000e5300000, 0x00000000e5400000|  0%| F|  |TAMS 0x00000000e5300000, 0x00000000e5300000| Untracked 
|  84|0x00000000e5400000, 0x00000000e5400000, 0x00000000e5500000|  0%| F|  |TAMS 0x00000000e5400000, 0x00000000e5400000| Untracked 
|  85|0x00000000e5500000, 0x00000000e5500000, 0x00000000e5600000|  0%| F|  |TAMS 0x00000000e5500000, 0x00000000e5500000| Untracked 
|  86|0x00000000e5600000, 0x00000000e5600000, 0x00000000e5700000|  0%| F|  |TAMS 0x00000000e5600000, 0x00000000e5600000| Untracked 
|  87|0x00000000e5700000, 0x00000000e5700000, 0x00000000e5800000|  0%| F|  |TAMS 0x00000000e5700000, 0x00000000e5700000| Untracked 
|  88|0x00000000e5800000, 0x00000000e5800000, 0x00000000e5900000|  0%| F|  |TAMS 0x00000000e5800000, 0x00000000e5800000| Untracked 
|  89|0x00000000e5900000, 0x00000000e5900000, 0x00000000e5a00000|  0%| F|  |TAMS 0x00000000e5900000, 0x00000000e5900000| Untracked 
|  90|0x00000000e5a00000, 0x00000000e5a00000, 0x00000000e5b00000|  0%| F|  |TAMS 0x00000000e5a00000, 0x00000000e5a00000| Untracked 
|  91|0x00000000e5b00000, 0x00000000e5b00000, 0x00000000e5c00000|  0%| F|  |TAMS 0x00000000e5b00000, 0x00000000e5b00000| Untracked 
|  92|0x00000000e5c00000, 0x00000000e5c00000, 0x00000000e5d00000|  0%| F|  |TAMS 0x00000000e5c00000, 0x00000000e5c00000| Untracked 
|  93|0x00000000e5d00000, 0x00000000e5d00000, 0x00000000e5e00000|  0%| F|  |TAMS 0x00000000e5d00000, 0x00000000e5d00000| Untracked 
|  94|0x00000000e5e00000, 0x00000000e5e00000, 0x00000000e5f00000|  0%| F|  |TAMS 0x00000000e5e00000, 0x00000000e5e00000| Untracked 
|  95|0x00000000e5f00000, 0x00000000e5f00000, 0x00000000e6000000|  0%| F|  |TAMS 0x00000000e5f00000, 0x00000000e5f00000| Untracked 
|  96|0x00000000e6000000, 0x00000000e6000000, 0x00000000e6100000|  0%| F|  |TAMS 0x00000000e6000000, 0x00000000e6000000| Untracked 
|  97|0x00000000e6100000, 0x00000000e6100000, 0x00000000e6200000|  0%| F|  |TAMS 0x00000000e6100000, 0x00000000e6100000| Untracked 
|  98|0x00000000e6200000, 0x00000000e6200000, 0x00000000e6300000|  0%| F|  |TAMS 0x00000000e6200000, 0x00000000e6200000| Untracked 
|  99|0x00000000e6300000, 0x00000000e6300000, 0x00000000e6400000|  0%| F|  |TAMS 0x00000000e6300000, 0x00000000e6300000| Untracked 
| 100|0x00000000e6400000, 0x00000000e6400000, 0x00000000e6500000|  0%| F|  |TAMS 0x00000000e6400000, 0x00000000e6400000| Untracked 
| 101|0x00000000e6500000, 0x00000000e6500000, 0x00000000e6600000|  0%| F|  |TAMS 0x00000000e6500000, 0x00000000e6500000| Untracked 
| 102|0x00000000e6600000, 0x00000000e6600000, 0x00000000e6700000|  0%| F|  |TAMS 0x00000000e6600000, 0x00000000e6600000| Untracked 
| 103|0x00000000e6700000, 0x00000000e6700000, 0x00000000e6800000|  0%| F|  |TAMS 0x00000000e6700000, 0x00000000e6700000| Untracked 
| 104|0x00000000e6800000, 0x00000000e6800000, 0x00000000e6900000|  0%| F|  |TAMS 0x00000000e6800000, 0x00000000e6800000| Untracked 
| 105|0x00000000e6900000, 0x00000000e6900000, 0x00000000e6a00000|  0%| F|  |TAMS 0x00000000e6900000, 0x00000000e6900000| Untracked 
| 106|0x00000000e6a00000, 0x00000000e6a00000, 0x00000000e6b00000|  0%| F|  |TAMS 0x00000000e6a00000, 0x00000000e6a00000| Untracked 
| 107|0x00000000e6b00000, 0x00000000e6b00000, 0x00000000e6c00000|  0%| F|  |TAMS 0x00000000e6b00000, 0x00000000e6b00000| Untracked 
| 108|0x00000000e6c00000, 0x00000000e6c00000, 0x00000000e6d00000|  0%| F|  |TAMS 0x00000000e6c00000, 0x00000000e6c00000| Untracked 
| 109|0x00000000e6d00000, 0x00000000e6d00000, 0x00000000e6e00000|  0%| F|  |TAMS 0x00000000e6d00000, 0x00000000e6d00000| Untracked 
| 110|0x00000000e6e00000, 0x00000000e6e00000, 0x00000000e6f00000|  0%| F|  |TAMS 0x00000000e6e00000, 0x00000000e6e00000| Untracked 
| 111|0x00000000e6f00000, 0x00000000e6f00000, 0x00000000e7000000|  0%| F|  |TAMS 0x00000000e6f00000, 0x00000000e6f00000| Untracked 
| 112|0x00000000e7000000, 0x00000000e7000000, 0x00000000e7100000|  0%| F|  |TAMS 0x00000000e7000000, 0x00000000e7000000| Untracked 
| 113|0x00000000e7100000, 0x00000000e7100000, 0x00000000e7200000|  0%| F|  |TAMS 0x00000000e7100000, 0x00000000e7100000| Untracked 
| 114|0x00000000e7200000, 0x00000000e7200000, 0x00000000e7300000|  0%| F|  |TAMS 0x00000000e7200000, 0x00000000e7200000| Untracked 
| 115|0x00000000e7300000, 0x00000000e7300000, 0x00000000e7400000|  0%| F|  |TAMS 0x00000000e7300000, 0x00000000e7300000| Untracked 
| 116|0x00000000e7400000, 0x00000000e7400000, 0x00000000e7500000|  0%| F|  |TAMS 0x00000000e7400000, 0x00000000e7400000| Untracked 
| 117|0x00000000e7500000, 0x00000000e7500000, 0x00000000e7600000|  0%| F|  |TAMS 0x00000000e7500000, 0x00000000e7500000| Untracked 
| 118|0x00000000e7600000, 0x00000000e7600000, 0x00000000e7700000|  0%| F|  |TAMS 0x00000000e7600000, 0x00000000e7600000| Untracked 
| 119|0x00000000e7700000, 0x00000000e7700000, 0x00000000e7800000|  0%| F|  |TAMS 0x00000000e7700000, 0x00000000e7700000| Untracked 
| 120|0x00000000e7800000, 0x00000000e7800000, 0x00000000e7900000|  0%| F|  |TAMS 0x00000000e7800000, 0x00000000e7800000| Untracked 
| 121|0x00000000e7900000, 0x00000000e7900000, 0x00000000e7a00000|  0%| F|  |TAMS 0x00000000e7900000, 0x00000000e7900000| Untracked 
| 122|0x00000000e7a00000, 0x00000000e7a00000, 0x00000000e7b00000|  0%| F|  |TAMS 0x00000000e7a00000, 0x00000000e7a00000| Untracked 
| 123|0x00000000e7b00000, 0x00000000e7b00000, 0x00000000e7c00000|  0%| F|  |TAMS 0x00000000e7b00000, 0x00000000e7b00000| Untracked 
| 124|0x00000000e7c00000, 0x00000000e7c00000, 0x00000000e7d00000|  0%| F|  |TAMS 0x00000000e7c00000, 0x00000000e7c00000| Untracked 
| 125|0x00000000e7d00000, 0x00000000e7d00000, 0x00000000e7e00000|  0%| F|  |TAMS 0x00000000e7d00000, 0x00000000e7d00000| Untracked 
| 126|0x00000000e7e00000, 0x00000000e7e00000, 0x00000000e7f00000|  0%| F|  |TAMS 0x00000000e7e00000, 0x00000000e7e00000| Untracked 
| 127|0x00000000e7f00000, 0x00000000e7f00000, 0x00000000e8000000|  0%| F|  |TAMS 0x00000000e7f00000, 0x00000000e7f00000| Untracked 
| 128|0x00000000e8000000, 0x00000000e803e3a8, 0x00000000e8100000| 24%| S|CS|TAMS 0x00000000e8000000, 0x00000000e8000000| Complete 
| 129|0x00000000e8100000, 0x00000000e8200000, 0x00000000e8200000|100%| S|CS|TAMS 0x00000000e8100000, 0x00000000e8100000| Complete 
| 130|0x00000000e8200000, 0x00000000e8300000, 0x00000000e8300000|100%| S|CS|TAMS 0x00000000e8200000, 0x00000000e8200000| Complete 
| 131|0x00000000e8300000, 0x00000000e8400000, 0x00000000e8400000|100%| S|CS|TAMS 0x00000000e8300000, 0x00000000e8300000| Complete 
| 132|0x00000000e8400000, 0x00000000e8500000, 0x00000000e8500000|100%| S|CS|TAMS 0x00000000e8400000, 0x00000000e8400000| Complete 
| 133|0x00000000e8500000, 0x00000000e8600000, 0x00000000e8600000|100%| S|CS|TAMS 0x00000000e8500000, 0x00000000e8500000| Complete 
| 134|0x00000000e8600000, 0x00000000e8700000, 0x00000000e8700000|100%| S|CS|TAMS 0x00000000e8600000, 0x00000000e8600000| Complete 
| 135|0x00000000e8700000, 0x00000000e8800000, 0x00000000e8800000|100%| S|CS|TAMS 0x00000000e8700000, 0x00000000e8700000| Complete 
| 136|0x00000000e8800000, 0x00000000e8900000, 0x00000000e8900000|100%| S|CS|TAMS 0x00000000e8800000, 0x00000000e8800000| Complete 
| 137|0x00000000e8900000, 0x00000000e8900000, 0x00000000e8a00000|  0%| F|  |TAMS 0x00000000e8900000, 0x00000000e8900000| Untracked 
| 138|0x00000000e8a00000, 0x00000000e8a00000, 0x00000000e8b00000|  0%| F|  |TAMS 0x00000000e8a00000, 0x00000000e8a00000| Untracked 
| 139|0x00000000e8b00000, 0x00000000e8b00000, 0x00000000e8c00000|  0%| F|  |TAMS 0x00000000e8b00000, 0x00000000e8b00000| Untracked 
| 140|0x00000000e8c00000, 0x00000000e8c00000, 0x00000000e8d00000|  0%| F|  |TAMS 0x00000000e8c00000, 0x00000000e8c00000| Untracked 
| 141|0x00000000e8d00000, 0x00000000e8d00000, 0x00000000e8e00000|  0%| F|  |TAMS 0x00000000e8d00000, 0x00000000e8d00000| Untracked 
| 142|0x00000000e8e00000, 0x00000000e8e00000, 0x00000000e8f00000|  0%| F|  |TAMS 0x00000000e8e00000, 0x00000000e8e00000| Untracked 
| 143|0x00000000e8f00000, 0x00000000e8f00000, 0x00000000e9000000|  0%| F|  |TAMS 0x00000000e8f00000, 0x00000000e8f00000| Untracked 
| 144|0x00000000e9000000, 0x00000000e9000000, 0x00000000e9100000|  0%| F|  |TAMS 0x00000000e9000000, 0x00000000e9000000| Untracked 
| 145|0x00000000e9100000, 0x00000000e9100000, 0x00000000e9200000|  0%| F|  |TAMS 0x00000000e9100000, 0x00000000e9100000| Untracked 
| 146|0x00000000e9200000, 0x00000000e9200000, 0x00000000e9300000|  0%| F|  |TAMS 0x00000000e9200000, 0x00000000e9200000| Untracked 
| 147|0x00000000e9300000, 0x00000000e9300000, 0x00000000e9400000|  0%| F|  |TAMS 0x00000000e9300000, 0x00000000e9300000| Untracked 
| 148|0x00000000e9400000, 0x00000000e9400000, 0x00000000e9500000|  0%| F|  |TAMS 0x00000000e9400000, 0x00000000e9400000| Untracked 
| 149|0x00000000e9500000, 0x00000000e9500000, 0x00000000e9600000|  0%| F|  |TAMS 0x00000000e9500000, 0x00000000e9500000| Untracked 
| 150|0x00000000e9600000, 0x00000000e9600000, 0x00000000e9700000|  0%| F|  |TAMS 0x00000000e9600000, 0x00000000e9600000| Untracked 
| 151|0x00000000e9700000, 0x00000000e9700000, 0x00000000e9800000|  0%| F|  |TAMS 0x00000000e9700000, 0x00000000e9700000| Untracked 
| 152|0x00000000e9800000, 0x00000000e9800000, 0x00000000e9900000|  0%| F|  |TAMS 0x00000000e9800000, 0x00000000e9800000| Untracked 
| 153|0x00000000e9900000, 0x00000000e9900000, 0x00000000e9a00000|  0%| F|  |TAMS 0x00000000e9900000, 0x00000000e9900000| Untracked 
| 154|0x00000000e9a00000, 0x00000000e9a00000, 0x00000000e9b00000|  0%| F|  |TAMS 0x00000000e9a00000, 0x00000000e9a00000| Untracked 
| 155|0x00000000e9b00000, 0x00000000e9b00000, 0x00000000e9c00000|  0%| F|  |TAMS 0x00000000e9b00000, 0x00000000e9b00000| Untracked 
| 156|0x00000000e9c00000, 0x00000000e9c00000, 0x00000000e9d00000|  0%| F|  |TAMS 0x00000000e9c00000, 0x00000000e9c00000| Untracked 
| 157|0x00000000e9d00000, 0x00000000e9d00000, 0x00000000e9e00000|  0%| F|  |TAMS 0x00000000e9d00000, 0x00000000e9d00000| Untracked 
| 158|0x00000000e9e00000, 0x00000000e9e00000, 0x00000000e9f00000|  0%| F|  |TAMS 0x00000000e9e00000, 0x00000000e9e00000| Untracked 
| 159|0x00000000e9f00000, 0x00000000e9f00000, 0x00000000ea000000|  0%| F|  |TAMS 0x00000000e9f00000, 0x00000000e9f00000| Untracked 
| 160|0x00000000ea000000, 0x00000000ea000000, 0x00000000ea100000|  0%| F|  |TAMS 0x00000000ea000000, 0x00000000ea000000| Untracked 
| 161|0x00000000ea100000, 0x00000000ea100000, 0x00000000ea200000|  0%| F|  |TAMS 0x00000000ea100000, 0x00000000ea100000| Untracked 
| 162|0x00000000ea200000, 0x00000000ea200000, 0x00000000ea300000|  0%| F|  |TAMS 0x00000000ea200000, 0x00000000ea200000| Untracked 
| 163|0x00000000ea300000, 0x00000000ea300000, 0x00000000ea400000|  0%| F|  |TAMS 0x00000000ea300000, 0x00000000ea300000| Untracked 
| 164|0x00000000ea400000, 0x00000000ea400000, 0x00000000ea500000|  0%| F|  |TAMS 0x00000000ea400000, 0x00000000ea400000| Untracked 
| 165|0x00000000ea500000, 0x00000000ea500000, 0x00000000ea600000|  0%| F|  |TAMS 0x00000000ea500000, 0x00000000ea500000| Untracked 
| 166|0x00000000ea600000, 0x00000000ea600000, 0x00000000ea700000|  0%| F|  |TAMS 0x00000000ea600000, 0x00000000ea600000| Untracked 
| 167|0x00000000ea700000, 0x00000000ea700000, 0x00000000ea800000|  0%| F|  |TAMS 0x00000000ea700000, 0x00000000ea700000| Untracked 
| 168|0x00000000ea800000, 0x00000000ea800000, 0x00000000ea900000|  0%| F|  |TAMS 0x00000000ea800000, 0x00000000ea800000| Untracked 
| 169|0x00000000ea900000, 0x00000000ea900000, 0x00000000eaa00000|  0%| F|  |TAMS 0x00000000ea900000, 0x00000000ea900000| Untracked 
| 170|0x00000000eaa00000, 0x00000000eaa00000, 0x00000000eab00000|  0%| F|  |TAMS 0x00000000eaa00000, 0x00000000eaa00000| Untracked 
| 171|0x00000000eab00000, 0x00000000eab00000, 0x00000000eac00000|  0%| F|  |TAMS 0x00000000eab00000, 0x00000000eab00000| Untracked 
| 172|0x00000000eac00000, 0x00000000eac00000, 0x00000000ead00000|  0%| F|  |TAMS 0x00000000eac00000, 0x00000000eac00000| Untracked 
| 173|0x00000000ead00000, 0x00000000ead00000, 0x00000000eae00000|  0%| F|  |TAMS 0x00000000ead00000, 0x00000000ead00000| Untracked 
| 174|0x00000000eae00000, 0x00000000eae00000, 0x00000000eaf00000|  0%| F|  |TAMS 0x00000000eae00000, 0x00000000eae00000| Untracked 
| 175|0x00000000eaf00000, 0x00000000eaf00000, 0x00000000eb000000|  0%| F|  |TAMS 0x00000000eaf00000, 0x00000000eaf00000| Untracked 
| 176|0x00000000eb000000, 0x00000000eb000000, 0x00000000eb100000|  0%| F|  |TAMS 0x00000000eb000000, 0x00000000eb000000| Untracked 
| 177|0x00000000eb100000, 0x00000000eb100000, 0x00000000eb200000|  0%| F|  |TAMS 0x00000000eb100000, 0x00000000eb100000| Untracked 
| 178|0x00000000eb200000, 0x00000000eb280800, 0x00000000eb300000| 50%| E|  |TAMS 0x00000000eb200000, 0x00000000eb200000| Complete 
| 179|0x00000000eb300000, 0x00000000eb400000, 0x00000000eb400000|100%| E|CS|TAMS 0x00000000eb300000, 0x00000000eb300000| Complete 
| 180|0x00000000eb400000, 0x00000000eb500000, 0x00000000eb500000|100%| E|CS|TAMS 0x00000000eb400000, 0x00000000eb400000| Complete 
| 181|0x00000000eb500000, 0x00000000eb600000, 0x00000000eb600000|100%| E|CS|TAMS 0x00000000eb500000, 0x00000000eb500000| Complete 
| 182|0x00000000eb600000, 0x00000000eb700000, 0x00000000eb700000|100%| E|CS|TAMS 0x00000000eb600000, 0x00000000eb600000| Complete 
| 183|0x00000000eb700000, 0x00000000eb800000, 0x00000000eb800000|100%| E|CS|TAMS 0x00000000eb700000, 0x00000000eb700000| Complete 
| 184|0x00000000eb800000, 0x00000000eb900000, 0x00000000eb900000|100%| E|CS|TAMS 0x00000000eb800000, 0x00000000eb800000| Complete 
| 185|0x00000000eb900000, 0x00000000eba00000, 0x00000000eba00000|100%| E|CS|TAMS 0x00000000eb900000, 0x00000000eb900000| Complete 
| 186|0x00000000eba00000, 0x00000000ebb00000, 0x00000000ebb00000|100%| E|CS|TAMS 0x00000000eba00000, 0x00000000eba00000| Complete 
| 187|0x00000000ebb00000, 0x00000000ebc00000, 0x00000000ebc00000|100%| E|CS|TAMS 0x00000000ebb00000, 0x00000000ebb00000| Complete 
| 188|0x00000000ebc00000, 0x00000000ebd00000, 0x00000000ebd00000|100%| E|CS|TAMS 0x00000000ebc00000, 0x00000000ebc00000| Complete 
| 189|0x00000000ebd00000, 0x00000000ebe00000, 0x00000000ebe00000|100%| E|CS|TAMS 0x00000000ebd00000, 0x00000000ebd00000| Complete 
| 190|0x00000000ebe00000, 0x00000000ebf00000, 0x00000000ebf00000|100%| E|CS|TAMS 0x00000000ebe00000, 0x00000000ebe00000| Complete 
| 191|0x00000000ebf00000, 0x00000000ec000000, 0x00000000ec000000|100%| E|CS|TAMS 0x00000000ebf00000, 0x00000000ebf00000| Complete 
| 192|0x00000000ec000000, 0x00000000ec100000, 0x00000000ec100000|100%| E|CS|TAMS 0x00000000ec000000, 0x00000000ec000000| Complete 
| 193|0x00000000ec100000, 0x00000000ec200000, 0x00000000ec200000|100%| E|CS|TAMS 0x00000000ec100000, 0x00000000ec100000| Complete 
| 194|0x00000000ec200000, 0x00000000ec300000, 0x00000000ec300000|100%| E|CS|TAMS 0x00000000ec200000, 0x00000000ec200000| Complete 
| 195|0x00000000ec300000, 0x00000000ec400000, 0x00000000ec400000|100%| E|CS|TAMS 0x00000000ec300000, 0x00000000ec300000| Complete 
| 196|0x00000000ec400000, 0x00000000ec500000, 0x00000000ec500000|100%| E|CS|TAMS 0x00000000ec400000, 0x00000000ec400000| Complete 
| 197|0x00000000ec500000, 0x00000000ec600000, 0x00000000ec600000|100%| E|CS|TAMS 0x00000000ec500000, 0x00000000ec500000| Complete 
| 198|0x00000000ec600000, 0x00000000ec700000, 0x00000000ec700000|100%| E|CS|TAMS 0x00000000ec600000, 0x00000000ec600000| Complete 
| 199|0x00000000ec700000, 0x00000000ec800000, 0x00000000ec800000|100%| E|CS|TAMS 0x00000000ec700000, 0x00000000ec700000| Complete 
| 200|0x00000000ec800000, 0x00000000ec900000, 0x00000000ec900000|100%| E|CS|TAMS 0x00000000ec800000, 0x00000000ec800000| Complete 
| 201|0x00000000ec900000, 0x00000000eca00000, 0x00000000eca00000|100%| E|CS|TAMS 0x00000000ec900000, 0x00000000ec900000| Complete 
| 202|0x00000000eca00000, 0x00000000ecb00000, 0x00000000ecb00000|100%| E|CS|TAMS 0x00000000eca00000, 0x00000000eca00000| Complete 
| 203|0x00000000ecb00000, 0x00000000ecc00000, 0x00000000ecc00000|100%| E|CS|TAMS 0x00000000ecb00000, 0x00000000ecb00000| Complete 
| 204|0x00000000ecc00000, 0x00000000ecd00000, 0x00000000ecd00000|100%| E|CS|TAMS 0x00000000ecc00000, 0x00000000ecc00000| Complete 
| 205|0x00000000ecd00000, 0x00000000ece00000, 0x00000000ece00000|100%| E|CS|TAMS 0x00000000ecd00000, 0x00000000ecd00000| Complete 
| 206|0x00000000ece00000, 0x00000000ecf00000, 0x00000000ecf00000|100%| E|CS|TAMS 0x00000000ece00000, 0x00000000ece00000| Complete 
| 207|0x00000000ecf00000, 0x00000000ed000000, 0x00000000ed000000|100%| E|CS|TAMS 0x00000000ecf00000, 0x00000000ecf00000| Complete 
| 208|0x00000000ed000000, 0x00000000ed100000, 0x00000000ed100000|100%| E|CS|TAMS 0x00000000ed000000, 0x00000000ed000000| Complete 
| 209|0x00000000ed100000, 0x00000000ed200000, 0x00000000ed200000|100%| E|CS|TAMS 0x00000000ed100000, 0x00000000ed100000| Complete 
| 210|0x00000000ed200000, 0x00000000ed300000, 0x00000000ed300000|100%| E|CS|TAMS 0x00000000ed200000, 0x00000000ed200000| Complete 
| 211|0x00000000ed300000, 0x00000000ed400000, 0x00000000ed400000|100%| E|CS|TAMS 0x00000000ed300000, 0x00000000ed300000| Complete 
| 212|0x00000000ed400000, 0x00000000ed500000, 0x00000000ed500000|100%| E|CS|TAMS 0x00000000ed400000, 0x00000000ed400000| Complete 
| 213|0x00000000ed500000, 0x00000000ed600000, 0x00000000ed600000|100%| E|CS|TAMS 0x00000000ed500000, 0x00000000ed500000| Complete 
| 214|0x00000000ed600000, 0x00000000ed700000, 0x00000000ed700000|100%| E|CS|TAMS 0x00000000ed600000, 0x00000000ed600000| Complete 
| 215|0x00000000ed700000, 0x00000000ed800000, 0x00000000ed800000|100%| E|CS|TAMS 0x00000000ed700000, 0x00000000ed700000| Complete 
| 216|0x00000000ed800000, 0x00000000ed900000, 0x00000000ed900000|100%| E|CS|TAMS 0x00000000ed800000, 0x00000000ed800000| Complete 
| 217|0x00000000ed900000, 0x00000000eda00000, 0x00000000eda00000|100%| E|CS|TAMS 0x00000000ed900000, 0x00000000ed900000| Complete 
| 218|0x00000000eda00000, 0x00000000edb00000, 0x00000000edb00000|100%| E|CS|TAMS 0x00000000eda00000, 0x00000000eda00000| Complete 
| 219|0x00000000edb00000, 0x00000000edc00000, 0x00000000edc00000|100%| E|CS|TAMS 0x00000000edb00000, 0x00000000edb00000| Complete 
| 220|0x00000000edc00000, 0x00000000edd00000, 0x00000000edd00000|100%| E|CS|TAMS 0x00000000edc00000, 0x00000000edc00000| Complete 
| 221|0x00000000edd00000, 0x00000000ede00000, 0x00000000ede00000|100%| E|CS|TAMS 0x00000000edd00000, 0x00000000edd00000| Complete 
| 222|0x00000000ede00000, 0x00000000edf00000, 0x00000000edf00000|100%| E|CS|TAMS 0x00000000ede00000, 0x00000000ede00000| Complete 
| 223|0x00000000edf00000, 0x00000000ee000000, 0x00000000ee000000|100%| E|CS|TAMS 0x00000000edf00000, 0x00000000edf00000| Complete 
| 224|0x00000000ee000000, 0x00000000ee100000, 0x00000000ee100000|100%| E|CS|TAMS 0x00000000ee000000, 0x00000000ee000000| Complete 
| 225|0x00000000ee100000, 0x00000000ee200000, 0x00000000ee200000|100%| E|CS|TAMS 0x00000000ee100000, 0x00000000ee100000| Complete 
| 226|0x00000000ee200000, 0x00000000ee300000, 0x00000000ee300000|100%| E|CS|TAMS 0x00000000ee200000, 0x00000000ee200000| Complete 
| 227|0x00000000ee300000, 0x00000000ee400000, 0x00000000ee400000|100%| E|CS|TAMS 0x00000000ee300000, 0x00000000ee300000| Complete 
| 228|0x00000000ee400000, 0x00000000ee500000, 0x00000000ee500000|100%| E|CS|TAMS 0x00000000ee400000, 0x00000000ee400000| Complete 
| 229|0x00000000ee500000, 0x00000000ee600000, 0x00000000ee600000|100%| E|CS|TAMS 0x00000000ee500000, 0x00000000ee500000| Complete 
| 230|0x00000000ee600000, 0x00000000ee700000, 0x00000000ee700000|100%| E|CS|TAMS 0x00000000ee600000, 0x00000000ee600000| Complete 
| 231|0x00000000ee700000, 0x00000000ee800000, 0x00000000ee800000|100%| E|CS|TAMS 0x00000000ee700000, 0x00000000ee700000| Complete 
| 232|0x00000000ee800000, 0x00000000ee900000, 0x00000000ee900000|100%| E|CS|TAMS 0x00000000ee800000, 0x00000000ee800000| Complete 
| 233|0x00000000ee900000, 0x00000000eea00000, 0x00000000eea00000|100%| E|CS|TAMS 0x00000000ee900000, 0x00000000ee900000| Complete 
| 234|0x00000000eea00000, 0x00000000eeb00000, 0x00000000eeb00000|100%| E|CS|TAMS 0x00000000eea00000, 0x00000000eea00000| Complete 
| 235|0x00000000eeb00000, 0x00000000eec00000, 0x00000000eec00000|100%| E|CS|TAMS 0x00000000eeb00000, 0x00000000eeb00000| Complete 
| 236|0x00000000eec00000, 0x00000000eed00000, 0x00000000eed00000|100%| E|CS|TAMS 0x00000000eec00000, 0x00000000eec00000| Complete 
| 237|0x00000000eed00000, 0x00000000eee00000, 0x00000000eee00000|100%| E|CS|TAMS 0x00000000eed00000, 0x00000000eed00000| Complete 
| 238|0x00000000eee00000, 0x00000000eef00000, 0x00000000eef00000|100%| E|CS|TAMS 0x00000000eee00000, 0x00000000eee00000| Complete 
| 239|0x00000000eef00000, 0x00000000ef000000, 0x00000000ef000000|100%| E|CS|TAMS 0x00000000eef00000, 0x00000000eef00000| Complete 
| 240|0x00000000ef000000, 0x00000000ef100000, 0x00000000ef100000|100%| E|CS|TAMS 0x00000000ef000000, 0x00000000ef000000| Complete 
| 241|0x00000000ef100000, 0x00000000ef200000, 0x00000000ef200000|100%| E|CS|TAMS 0x00000000ef100000, 0x00000000ef100000| Complete 
| 242|0x00000000ef200000, 0x00000000ef300000, 0x00000000ef300000|100%| E|CS|TAMS 0x00000000ef200000, 0x00000000ef200000| Complete 
| 243|0x00000000ef300000, 0x00000000ef400000, 0x00000000ef400000|100%| E|CS|TAMS 0x00000000ef300000, 0x00000000ef300000| Complete 
| 244|0x00000000ef400000, 0x00000000ef500000, 0x00000000ef500000|100%| E|CS|TAMS 0x00000000ef400000, 0x00000000ef400000| Complete 
| 245|0x00000000ef500000, 0x00000000ef600000, 0x00000000ef600000|100%| E|CS|TAMS 0x00000000ef500000, 0x00000000ef500000| Complete 
| 246|0x00000000ef600000, 0x00000000ef700000, 0x00000000ef700000|100%| E|CS|TAMS 0x00000000ef600000, 0x00000000ef600000| Complete 
| 247|0x00000000ef700000, 0x00000000ef800000, 0x00000000ef800000|100%| E|CS|TAMS 0x00000000ef700000, 0x00000000ef700000| Complete 
| 248|0x00000000ef800000, 0x00000000ef900000, 0x00000000ef900000|100%| E|CS|TAMS 0x00000000ef800000, 0x00000000ef800000| Complete 
| 249|0x00000000ef900000, 0x00000000efa00000, 0x00000000efa00000|100%| E|CS|TAMS 0x00000000ef900000, 0x00000000ef900000| Complete 
| 250|0x00000000efa00000, 0x00000000efb00000, 0x00000000efb00000|100%| E|CS|TAMS 0x00000000efa00000, 0x00000000efa00000| Complete 
| 251|0x00000000efb00000, 0x00000000efc00000, 0x00000000efc00000|100%| E|CS|TAMS 0x00000000efb00000, 0x00000000efb00000| Complete 
| 252|0x00000000efc00000, 0x00000000efd00000, 0x00000000efd00000|100%| E|CS|TAMS 0x00000000efc00000, 0x00000000efc00000| Complete 
| 253|0x00000000efd00000, 0x00000000efe00000, 0x00000000efe00000|100%| E|CS|TAMS 0x00000000efd00000, 0x00000000efd00000| Complete 
| 254|0x00000000efe00000, 0x00000000eff00000, 0x00000000eff00000|100%| E|  |TAMS 0x00000000efe00000, 0x00000000efe00000| Complete 
| 255|0x00000000eff00000, 0x00000000f0000000, 0x00000000f0000000|100%| E|CS|TAMS 0x00000000eff00000, 0x00000000eff00000| Complete 

Card table byte_map: [0x000001d9b03f0000,0x000001d9b04f0000] _byte_map_base: 0x000001d9afcf0000

Marking Bits (Prev, Next): (CMBitMap*) 0x000001d99b5e7a20, (CMBitMap*) 0x000001d99b5e79e8
 Prev Bits: [0x000001d9b0df0000, 0x000001d9b15f0000)
 Next Bits: [0x000001d9b05f0000, 0x000001d9b0df0000)

Polling page: 0x000001d99b6a0000

Metaspace:

Usage:
  Non-class:     70.24 MB capacity,    68.99 MB ( 98%) used,     1.05 MB (  1%) free+waste,   201.75 KB ( <1%) overhead. 
      Class:     10.77 MB capacity,    10.14 MB ( 94%) used,   549.74 KB (  5%) free+waste,    92.88 KB ( <1%) overhead. 
       Both:     81.01 MB capacity,    79.13 MB ( 98%) used,     1.59 MB (  2%) free+waste,   294.63 KB ( <1%) overhead. 

Virtual space:
  Non-class space:       72.00 MB reserved,      70.25 MB ( 98%) committed 
      Class space:      248.00 MB reserved,      10.82 MB (  4%) committed 
             Both:      320.00 MB reserved,      81.07 MB ( 25%) committed 

Chunk freelists:
   Non-Class:  14.00 KB
       Class:  0 bytes
        Both:  14.00 KB

MaxMetaspaceSize: 256.00 MB
CompressedClassSpaceSize: 248.00 MB

CodeHeap 'non-profiled nmethods': size=120000Kb used=5580Kb max_used=5580Kb free=114419Kb
 bounds [0x000001d9a8360000, 0x000001d9a88e0000, 0x000001d9af890000]
CodeHeap 'profiled nmethods': size=120000Kb used=18462Kb max_used=18462Kb free=101537Kb
 bounds [0x000001d9a0e30000, 0x000001d9a2040000, 0x000001d9a8360000]
CodeHeap 'non-nmethods': size=5760Kb used=2288Kb max_used=2348Kb free=3471Kb
 bounds [0x000001d9a0890000, 0x000001d9a0b00000, 0x000001d9a0e30000]
 total_blobs=9342 nmethods=8450 adapters=803
 compilation: enabled
              stopped_count=0, restarted_count=0
 full_count=0

Compilation events (20 events):
Event: 18.718 Thread 0x000001d9b4096800 nmethod 8457 0x000001d9a88d0b10 code [0x000001d9a88d0ca0, 0x000001d9a88d14d8]
Event: 20.210 Thread 0x000001d9b409d000 8458       3       sun.security.ssl.ProtocolVersion::useTLS13PlusSpec (47 bytes)
Event: 20.212 Thread 0x000001d9b409d000 nmethod 8458 0x000001d9a2034d10 code [0x000001d9a2034ec0, 0x000001d9a20350f8]
Event: 20.428 Thread 0x000001d9b409d000 8459       3       java.util.stream.AbstractPipeline::sequential (10 bytes)
Event: 20.428 Thread 0x000001d9b409d000 nmethod 8459 0x000001d9a2035210 code [0x000001d9a20353c0, 0x000001d9a20354d8]
Event: 21.648 Thread 0x000001d9b409d000 8460   !   3       javax.crypto.Cipher::chooseFirstProvider (298 bytes)
Event: 21.649 Thread 0x000001d9b409d000 nmethod 8460 0x000001d9a2035590 code [0x000001d9a20358e0, 0x000001d9a20370b8]
Event: 23.159 Thread 0x000001d9b4096800 8461       4       com.sun.crypto.provider.GHASH::update (37 bytes)
Event: 23.163 Thread 0x000001d9b4096800 nmethod 8461 0x000001d9a88d1790 code [0x000001d9a88d1940, 0x000001d9a88d1b38]
Event: 23.209 Thread 0x000001d9b4096800 8462       4       java.nio.ByteBuffer::<init> (45 bytes)
Event: 23.211 Thread 0x000001d9b4096800 nmethod 8462 0x000001d9a88d1d90 code [0x000001d9a88d1f20, 0x000001d9a88d20f8]
Event: 23.789 Thread 0x000001d9b4096800 8463       4       com.sun.crypto.provider.GHASH::putLong (37 bytes)
Event: 23.792 Thread 0x000001d9b4096800 nmethod 8463 0x000001d9a88d2290 code [0x000001d9a88d2420, 0x000001d9a88d25b8]
Event: 24.303 Thread 0x000001d9b4096800 8464       4       java.security.MessageDigest::isEqual (100 bytes)
Event: 24.308 Thread 0x000001d9b4096800 nmethod 8464 0x000001d9a88d2690 code [0x000001d9a88d2820, 0x000001d9a88d2b18]
Event: 24.308 Thread 0x000001d9b4096800 8465       4       jdk.internal.misc.Unsafe::checkNativeAddress (28 bytes)
Event: 24.309 Thread 0x000001d9b4096800 nmethod 8465 0x000001d9a88d2d10 code [0x000001d9a88d2ea0, 0x000001d9a88d2ef8]
Event: 24.550 Thread 0x000001d9b4096800 8466       4       com.sun.crypto.provider.GaloisCounterMode::getLengthBlock (192 bytes)
Event: 24.552 Thread 0x000001d9b4096800 nmethod 8466 0x000001d9a88d2f90 code [0x000001d9a88d3120, 0x000001d9a88d32d8]
Event: 24.586 Thread 0x000001d9b4096800 8467   !   4       com.sun.crypto.provider.GaloisCounterMode::decryptFinal (304 bytes)

GC Heap History (18 events):
Event: 0.788 GC heap before
{Heap before GC invocations=0 (full 0):
 garbage-first heap   total 262144K, used 29696K [0x00000000e0000000, 0x0000000100000000)
  region size 1024K, 24 young (24576K), 0 survivors (0K)
 Metaspace       used 9822K, capacity 9990K, committed 10112K, reserved 264192K
  class space    used 1022K, capacity 1102K, committed 1152K, reserved 253952K
}
Event: 0.802 GC heap after
{Heap after GC invocations=1 (full 0):
 garbage-first heap   total 262144K, used 9023K [0x00000000e0000000, 0x0000000100000000)
  region size 1024K, 3 young (3072K), 3 survivors (3072K)
 Metaspace       used 9822K, capacity 9990K, committed 10112K, reserved 264192K
  class space    used 1022K, capacity 1102K, committed 1152K, reserved 253952K
}
Event: 2.838 GC heap before
{Heap before GC invocations=1 (full 0):
 garbage-first heap   total 262144K, used 105279K [0x00000000e0000000, 0x0000000100000000)
  region size 1024K, 98 young (100352K), 3 survivors (3072K)
 Metaspace       used 20623K, capacity 21122K, committed 21248K, reserved 272384K
  class space    used 2522K, capacity 2720K, committed 2816K, reserved 253952K
}
Event: 2.848 GC heap after
{Heap after GC invocations=2 (full 0):
 garbage-first heap   total 262144K, used 16862K [0x00000000e0000000, 0x0000000100000000)
  region size 1024K, 11 young (11264K), 11 survivors (11264K)
 Metaspace       used 20623K, capacity 21122K, committed 21248K, reserved 272384K
  class space    used 2522K, capacity 2720K, committed 2816K, reserved 253952K
}
Event: 3.291 GC heap before
{Heap before GC invocations=3 (full 0):
 garbage-first heap   total 262144K, used 48606K [0x00000000e0000000, 0x0000000100000000)
  region size 1024K, 42 young (43008K), 11 survivors (11264K)
 Metaspace       used 23654K, capacity 24216K, committed 24576K, reserved 276480K
  class space    used 3023K, capacity 3223K, committed 3328K, reserved 253952K
}
Event: 3.302 GC heap after
{Heap after GC invocations=4 (full 0):
 garbage-first heap   total 262144K, used 17786K [0x00000000e0000000, 0x0000000100000000)
  region size 1024K, 2 young (2048K), 2 survivors (2048K)
 Metaspace       used 23654K, capacity 24216K, committed 24576K, reserved 276480K
  class space    used 3023K, capacity 3223K, committed 3328K, reserved 253952K
}
Event: 4.386 GC heap before
{Heap before GC invocations=4 (full 0):
 garbage-first heap   total 262144K, used 95610K [0x00000000e0000000, 0x0000000100000000)
  region size 1024K, 80 young (81920K), 2 survivors (2048K)
 Metaspace       used 35040K, capacity 35834K, committed 35840K, reserved 286720K
  class space    used 4536K, capacity 4864K, committed 4864K, reserved 253952K
}
Event: 4.394 GC heap after
{Heap after GC invocations=5 (full 0):
 garbage-first heap   total 262144K, used 21935K [0x00000000e0000000, 0x0000000100000000)
  region size 1024K, 6 young (6144K), 6 survivors (6144K)
 Metaspace       used 35040K, capacity 35834K, committed 35840K, reserved 286720K
  class space    used 4536K, capacity 4864K, committed 4864K, reserved 253952K
}
Event: 5.334 GC heap before
{Heap before GC invocations=6 (full 0):
 garbage-first heap   total 262144K, used 131503K [0x00000000e0000000, 0x0000000100000000)
  region size 1024K, 109 young (111616K), 6 survivors (6144K)
 Metaspace       used 43615K, capacity 44703K, committed 44876K, reserved 292864K
  class space    used 5576K, capacity 5934K, committed 5964K, reserved 253952K
}
Event: 5.343 GC heap after
{Heap after GC invocations=7 (full 0):
 garbage-first heap   total 262144K, used 28210K [0x00000000e0000000, 0x0000000100000000)
  region size 1024K, 12 young (12288K), 12 survivors (12288K)
 Metaspace       used 43615K, capacity 44703K, committed 44876K, reserved 292864K
  class space    used 5576K, capacity 5934K, committed 5964K, reserved 253952K
}
Event: 6.973 GC heap before
{Heap before GC invocations=7 (full 0):
 garbage-first heap   total 262144K, used 159282K [0x00000000e0000000, 0x0000000100000000)
  region size 1024K, 137 young (140288K), 12 survivors (12288K)
 Metaspace       used 55769K, capacity 57186K, committed 57292K, reserved 305152K
  class space    used 7039K, capacity 7539K, committed 7628K, reserved 253952K
}
Event: 6.989 GC heap after
{Heap after GC invocations=8 (full 0):
 garbage-first heap   total 262144K, used 41927K [0x00000000e0000000, 0x0000000100000000)
  region size 1024K, 16 young (16384K), 16 survivors (16384K)
 Metaspace       used 55769K, capacity 57186K, committed 57292K, reserved 305152K
  class space    used 7039K, capacity 7539K, committed 7628K, reserved 253952K
}
Event: 7.244 GC heap before
{Heap before GC invocations=8 (full 0):
 garbage-first heap   total 262144K, used 60359K [0x00000000e0000000, 0x0000000100000000)
  region size 1024K, 35 young (35840K), 16 survivors (16384K)
 Metaspace       used 58720K, capacity 60145K, committed 60236K, reserved 307200K
  class space    used 7418K, capacity 7925K, committed 8012K, reserved 253952K
}
Event: 7.256 GC heap after
{Heap after GC invocations=9 (full 0):
 garbage-first heap   total 262144K, used 43816K [0x00000000e0000000, 0x0000000100000000)
  region size 1024K, 12 young (12288K), 12 survivors (12288K)
 Metaspace       used 58720K, capacity 60145K, committed 60236K, reserved 307200K
  class space    used 7418K, capacity 7925K, committed 8012K, reserved 253952K
}
Event: 8.470 GC heap before
{Heap before GC invocations=10 (full 0):
 garbage-first heap   total 262144K, used 163624K [0x00000000e0000000, 0x0000000100000000)
  region size 1024K, 129 young (132096K), 12 survivors (12288K)
 Metaspace       used 69606K, capacity 71301K, committed 71628K, reserved 317440K
  class space    used 8964K, capacity 9599K, committed 9676K, reserved 253952K
}
Event: 8.483 GC heap after
{Heap after GC invocations=11 (full 0):
 garbage-first heap   total 262144K, used 52858K [0x00000000e0000000, 0x0000000100000000)
  region size 1024K, 11 young (11264K), 11 survivors (11264K)
 Metaspace       used 69606K, capacity 71301K, committed 71628K, reserved 317440K
  class space    used 8964K, capacity 9599K, committed 9676K, reserved 253952K
}
Event: 10.684 GC heap before
{Heap before GC invocations=11 (full 0):
 garbage-first heap   total 262144K, used 173690K [0x00000000e0000000, 0x0000000100000000)
  region size 1024K, 130 young (133120K), 11 survivors (11264K)
 Metaspace       used 80217K, capacity 82115K, committed 82252K, reserved 325632K
  class space    used 10327K, capacity 10986K, committed 11084K, reserved 253952K
}
Event: 10.696 GC heap after
{Heap after GC invocations=12 (full 0):
 garbage-first heap   total 262144K, used 60664K [0x00000000e0000000, 0x0000000100000000)
  region size 1024K, 9 young (9216K), 9 survivors (9216K)
 Metaspace       used 80217K, capacity 82115K, committed 82252K, reserved 325632K
  class space    used 10327K, capacity 10986K, committed 11084K, reserved 253952K
}

Deoptimization events (20 events):
Event: 10.842 Thread 0x000001d9b4bb1800 DEOPT PACKING pc=0x000001d9a1f00a5a sp=0x0000000d1e1f9ca0
Event: 10.842 Thread 0x000001d9b4bb1800 DEOPT UNPACKING pc=0x000001d9a08b76ce sp=0x0000000d1e1f91c0 mode 0
Event: 10.848 Thread 0x000001d9b4bb1800 DEOPT PACKING pc=0x000001d9a1f00a5a sp=0x0000000d1e1f9ca0
Event: 10.848 Thread 0x000001d9b4bb1800 DEOPT UNPACKING pc=0x000001d9a08b76ce sp=0x0000000d1e1f91c0 mode 0
Event: 10.850 Thread 0x000001d9b4bb1800 DEOPT PACKING pc=0x000001d9a1f00a5a sp=0x0000000d1e1f9ca0
Event: 10.850 Thread 0x000001d9b4bb1800 DEOPT UNPACKING pc=0x000001d9a08b76ce sp=0x0000000d1e1f91c0 mode 0
Event: 12.043 Thread 0x000001d9b4bb1800 Uncommon trap: trap_request=0xffffff4d fr.pc=0x000001d9a861f034 relative=0x00000000000002d4
Event: 12.043 Thread 0x000001d9b4bb1800 Uncommon trap: reason=unstable_if action=reinterpret pc=0x000001d9a861f034 method=java.io.WinNTFileSystem.prefixLength(Ljava/lang/String;)I @ 42 c2
Event: 12.043 Thread 0x000001d9b4bb1800 DEOPT PACKING pc=0x000001d9a861f034 sp=0x0000000d1e1fab10
Event: 12.043 Thread 0x000001d9b4bb1800 DEOPT UNPACKING pc=0x000001d9a08b78af sp=0x0000000d1e1faa88 mode 2
Event: 12.126 Thread 0x000001d9b4bb1800 DEOPT PACKING pc=0x000001d9a1e5e3b8 sp=0x0000000d1e1f9ab0
Event: 12.126 Thread 0x000001d9b4bb1800 DEOPT UNPACKING pc=0x000001d9a08b76ce sp=0x0000000d1e1f8fc0 mode 0
Event: 17.767 Thread 0x000001d9b4bb1800 DEOPT PACKING pc=0x000001d9a1ecf2ac sp=0x0000000d1e1f9820
Event: 17.767 Thread 0x000001d9b4bb1800 DEOPT UNPACKING pc=0x000001d9a08b76ce sp=0x0000000d1e1f8cd0 mode 0
Event: 18.702 Thread 0x000001d9b4bb1800 DEOPT PACKING pc=0x000001d9a1e7681d sp=0x0000000d1e1f9800
Event: 18.702 Thread 0x000001d9b4bb1800 DEOPT UNPACKING pc=0x000001d9a08b76ce sp=0x0000000d1e1f8ce8 mode 0
Event: 20.215 Thread 0x000001d9b773d800 Uncommon trap: trap_request=0xffffffc6 fr.pc=0x000001d9a886ad10 relative=0x0000000000000b90
Event: 20.215 Thread 0x000001d9b773d800 Uncommon trap: reason=bimorphic_or_optimized_type_check action=maybe_recompile pc=0x000001d9a886ad10 method=java.util.HashMap.removeNode(ILjava/lang/Object;Ljava/lang/Object;ZZ)Ljava/util/HashMap$Node; @ 283 c2
Event: 20.215 Thread 0x000001d9b773d800 DEOPT PACKING pc=0x000001d9a886ad10 sp=0x0000000d1ebff410
Event: 20.215 Thread 0x000001d9b773d800 DEOPT UNPACKING pc=0x000001d9a08b78af sp=0x0000000d1ebff3a8 mode 2

Classes redefined (0 events):
No events

Internal exceptions (20 events):
Event: 9.489 Thread 0x000001d9b4bb1800 Implicit null exception at 0x000001d9a84a0d00 to 0x000001d9a84a4800
Event: 9.530 Thread 0x000001d9b4bb1800 Exception <a 'sun/nio/fs/WindowsException'{0x00000000ec2c4b40}> (0x00000000ec2c4b40) thrown at [./src/hotspot/share/prims/jni.cpp, line 615]
Event: 10.218 Thread 0x000001d9b4bb1800 Exception <a 'sun/nio/fs/WindowsException'{0x00000000eb33f900}> (0x00000000eb33f900) thrown at [./src/hotspot/share/prims/jni.cpp, line 615]
Event: 10.219 Thread 0x000001d9b4bb1800 Exception <a 'java/lang/NoSuchMethodError'{0x00000000eb343630}: 'void java.lang.invoke.DirectMethodHandle$Holder.invokeStatic(java.lang.Object, int, java.lang.Object)'> (0x00000000eb343630) thrown at [./src/hotspot/share/interpreter/linkResolver.cpp, line 773]
Event: 11.066 Thread 0x000001d9b4bb1800 Exception <a 'sun/nio/fs/WindowsException'{0x00000000eb8b9b30}> (0x00000000eb8b9b30) thrown at [./src/hotspot/share/prims/jni.cpp, line 615]
Event: 11.066 Thread 0x000001d9b4bb1800 Exception <a 'sun/nio/fs/WindowsException'{0x00000000eb8b9c38}> (0x00000000eb8b9c38) thrown at [./src/hotspot/share/prims/jni.cpp, line 615]
Event: 11.066 Thread 0x000001d9b4bb1800 Exception <a 'sun/nio/fs/WindowsException'{0x00000000eb8bbd50}> (0x00000000eb8bbd50) thrown at [./src/hotspot/share/prims/jni.cpp, line 615]
Event: 11.066 Thread 0x000001d9b4bb1800 Exception <a 'sun/nio/fs/WindowsException'{0x00000000eb8bbe88}> (0x00000000eb8bbe88) thrown at [./src/hotspot/share/prims/jni.cpp, line 615]
Event: 11.066 Thread 0x000001d9b4bb1800 Exception <a 'sun/nio/fs/WindowsException'{0x00000000eb8be010}> (0x00000000eb8be010) thrown at [./src/hotspot/share/prims/jni.cpp, line 615]
Event: 11.066 Thread 0x000001d9b4bb1800 Exception <a 'sun/nio/fs/WindowsException'{0x00000000eb8bef00}> (0x00000000eb8bef00) thrown at [./src/hotspot/share/prims/jni.cpp, line 615]
Event: 11.066 Thread 0x000001d9b4bb1800 Exception <a 'sun/nio/fs/WindowsException'{0x00000000eb8bf008}> (0x00000000eb8bf008) thrown at [./src/hotspot/share/prims/jni.cpp, line 615]
Event: 11.067 Thread 0x000001d9b4bb1800 Exception <a 'sun/nio/fs/WindowsException'{0x00000000eb8c0c58}> (0x00000000eb8c0c58) thrown at [./src/hotspot/share/prims/jni.cpp, line 615]
Event: 11.068 Thread 0x000001d9b4bb1800 Exception <a 'sun/nio/fs/WindowsException'{0x00000000eb8c28a8}> (0x00000000eb8c28a8) thrown at [./src/hotspot/share/prims/jni.cpp, line 615]
Event: 11.068 Thread 0x000001d9b4bb1800 Exception <a 'sun/nio/fs/WindowsException'{0x00000000eb8c29b8}> (0x00000000eb8c29b8) thrown at [./src/hotspot/share/prims/jni.cpp, line 615]
Event: 11.071 Thread 0x000001d9b4bb1800 Exception <a 'sun/nio/fs/WindowsException'{0x00000000eb8d0b28}> (0x00000000eb8d0b28) thrown at [./src/hotspot/share/prims/jni.cpp, line 615]
Event: 11.074 Thread 0x000001d9b4bb1800 Exception <a 'sun/nio/fs/WindowsException'{0x00000000eb8df7c0}> (0x00000000eb8df7c0) thrown at [./src/hotspot/share/prims/jni.cpp, line 615]
Event: 11.074 Thread 0x000001d9b4bb1800 Exception <a 'sun/nio/fs/WindowsException'{0x00000000eb8df8f8}> (0x00000000eb8df8f8) thrown at [./src/hotspot/share/prims/jni.cpp, line 615]
Event: 11.074 Thread 0x000001d9b4bb1800 Exception <a 'sun/nio/fs/WindowsException'{0x00000000eb8e2d98}> (0x00000000eb8e2d98) thrown at [./src/hotspot/share/prims/jni.cpp, line 615]
Event: 11.074 Thread 0x000001d9b4bb1800 Exception <a 'sun/nio/fs/WindowsException'{0x00000000eb8e2f40}> (0x00000000eb8e2f40) thrown at [./src/hotspot/share/prims/jni.cpp, line 615]
Event: 11.074 Thread 0x000001d9b4bb1800 Exception <a 'sun/nio/fs/WindowsException'{0x00000000eb8e4b90}> (0x00000000eb8e4b90) thrown at [./src/hotspot/share/prims/jni.cpp, line 615]

Events (20 events):
Event: 20.214 Executing VM operation: RevokeBias done
Event: 20.214 Executing VM operation: RevokeBias
Event: 20.214 Executing VM operation: RevokeBias done
Event: 20.214 Executing VM operation: RevokeBias
Event: 20.214 Executing VM operation: RevokeBias done
Event: 20.214 Executing VM operation: RevokeBias
Event: 20.214 Executing VM operation: RevokeBias done
Event: 20.214 Executing VM operation: RevokeBias
Event: 20.215 Executing VM operation: RevokeBias done
Event: 20.215 Executing VM operation: RevokeBias
Event: 20.215 Executing VM operation: RevokeBias done
Event: 20.215 Executing VM operation: RevokeBias
Event: 20.215 Executing VM operation: RevokeBias done
Event: 20.215 Executing VM operation: RevokeBias
Event: 20.215 Executing VM operation: RevokeBias done
Event: 20.215 Executing VM operation: RevokeBias
Event: 20.215 Executing VM operation: RevokeBias done
Event: 20.215 Executing VM operation: RevokeBias
Event: 20.215 Executing VM operation: RevokeBias done
Event: 20.215 Thread 0x000001d9b773d800 Thread exited: 0x000001d9b773d800


Dynamic libraries:
0x00007ff632520000 - 0x00007ff63252a000 	C:\Program Files\Android\Android Studio\jre\bin\java.exe
0x00007ffd2ecc0000 - 0x00007ffd2eec7000 	C:\WINDOWS\SYSTEM32\ntdll.dll
0x00007ffd2e120000 - 0x00007ffd2e1dd000 	C:\WINDOWS\System32\KERNEL32.DLL
0x00007ffd2c670000 - 0x00007ffd2c9e4000 	C:\WINDOWS\System32\KERNELBASE.dll
0x00007ffd2c1a0000 - 0x00007ffd2c2b1000 	C:\WINDOWS\System32\ucrtbase.dll
0x00007ffd28780000 - 0x00007ffd28797000 	C:\Program Files\Android\Android Studio\jre\bin\VCRUNTIME140.dll
0x00007ffd281f0000 - 0x00007ffd28209000 	C:\Program Files\Android\Android Studio\jre\bin\jli.dll
0x00007ffd2da80000 - 0x00007ffd2dc2c000 	C:\WINDOWS\System32\USER32.dll
0x00007ffd2c2c0000 - 0x00007ffd2c2e6000 	C:\WINDOWS\System32\win32u.dll
0x00007ffd1ac00000 - 0x00007ffd1aea5000 	C:\WINDOWS\WinSxS\amd64_microsoft.windows.common-controls_6595b64144ccf1df_6.0.22000.120_none_9d947278b86cc467\COMCTL32.dll
0x00007ffd2d800000 - 0x00007ffd2d829000 	C:\WINDOWS\System32\GDI32.dll
0x00007ffd2e300000 - 0x00007ffd2e3a3000 	C:\WINDOWS\System32\msvcrt.dll
0x00007ffd2c550000 - 0x00007ffd2c662000 	C:\WINDOWS\System32\gdi32full.dll
0x00007ffd2cab0000 - 0x00007ffd2cb4d000 	C:\WINDOWS\System32\msvcp_win.dll
0x00007ffd2de50000 - 0x00007ffd2de81000 	C:\WINDOWS\System32\IMM32.DLL
0x00007ffd10d50000 - 0x00007ffd10ded000 	C:\Program Files\Android\Android Studio\jre\bin\msvcp140.dll
0x00007ffcdc4c0000 - 0x00007ffcdcf8f000 	C:\Program Files\Android\Android Studio\jre\bin\server\jvm.dll
0x00007ffd2e1e0000 - 0x00007ffd2e28c000 	C:\WINDOWS\System32\ADVAPI32.dll
0x00007ffd2e3b0000 - 0x00007ffd2e44d000 	C:\WINDOWS\System32\sechost.dll
0x00007ffd2d530000 - 0x00007ffd2d651000 	C:\WINDOWS\System32\RPCRT4.dll
0x00007ffd2e450000 - 0x00007ffd2e458000 	C:\WINDOWS\System32\PSAPI.DLL
0x00007ffd0fc80000 - 0x00007ffd0fc89000 	C:\WINDOWS\SYSTEM32\WSOCK32.dll
0x00007ffd24e20000 - 0x00007ffd24e2a000 	C:\WINDOWS\SYSTEM32\VERSION.dll
0x00007ffd2cb50000 - 0x00007ffd2cbbf000 	C:\WINDOWS\System32\WS2_32.dll
0x00007ffd29de0000 - 0x00007ffd29e13000 	C:\WINDOWS\SYSTEM32\WINMM.dll
0x00007ffd2b330000 - 0x00007ffd2b348000 	C:\WINDOWS\SYSTEM32\kernel.appcore.dll
0x00007ffd282a0000 - 0x00007ffd282b1000 	C:\Program Files\Android\Android Studio\jre\bin\verify.dll
0x00007ffd29bb0000 - 0x00007ffd29dd1000 	C:\WINDOWS\SYSTEM32\DBGHELP.DLL
0x00007ffd29b70000 - 0x00007ffd29ba1000 	C:\WINDOWS\SYSTEM32\dbgcore.DLL
0x00007ffd2c460000 - 0x00007ffd2c4e0000 	C:\WINDOWS\System32\bcryptPrimitives.dll
0x00007ffd27100000 - 0x00007ffd27129000 	C:\Program Files\Android\Android Studio\jre\bin\java.dll
0x00007ffd28290000 - 0x00007ffd2829b000 	C:\Program Files\Android\Android Studio\jre\bin\jimage.dll
0x00007ffd26fb0000 - 0x00007ffd26fc8000 	C:\Program Files\Android\Android Studio\jre\bin\zip.dll
0x00007ffd2e460000 - 0x00007ffd2ec0a000 	C:\WINDOWS\System32\SHELL32.dll
0x00007ffd2a340000 - 0x00007ffd2aba2000 	C:\WINDOWS\SYSTEM32\windows.storage.dll
0x00007ffd2cbe0000 - 0x00007ffd2cf58000 	C:\WINDOWS\System32\combase.dll
0x00007ffd2a1d0000 - 0x00007ffd2a336000 	C:\WINDOWS\SYSTEM32\wintypes.dll
0x00007ffd2d830000 - 0x00007ffd2d91a000 	C:\WINDOWS\System32\SHCORE.dll
0x00007ffd2d3d0000 - 0x00007ffd2d42d000 	C:\WINDOWS\System32\shlwapi.dll
0x00007ffd2c0d0000 - 0x00007ffd2c0f1000 	C:\WINDOWS\SYSTEM32\profapi.dll
0x00007ffd1d6c0000 - 0x00007ffd1d6da000 	C:\Program Files\Android\Android Studio\jre\bin\net.dll
0x00007ffd273f0000 - 0x00007ffd274fc000 	C:\WINDOWS\SYSTEM32\WINHTTP.dll
0x00007ffd2b740000 - 0x00007ffd2b7a7000 	C:\WINDOWS\system32\mswsock.dll
0x00007ffd1d6a0000 - 0x00007ffd1d6b4000 	C:\Program Files\Android\Android Studio\jre\bin\nio.dll
0x00007ffd18de0000 - 0x00007ffd18e07000 	C:\Users\DELL\.gradle\native\8bec1ad78214c89d9ad589b4d07fe93259594b29d510b10fafb7a158f7737e5d\windows-amd64\native-platform.dll
0x00007ffcedbd0000 - 0x00007ffcedd0d000 	C:\Users\DELL\.gradle\native\53dbd7edfb1c66fb8903c78663c9afc45aea4f116125fa6feffd364cf09443e8\windows-amd64\native-platform-file-events.dll
0x00007ffd270f0000 - 0x00007ffd270fa000 	C:\Program Files\Android\Android Studio\jre\bin\management.dll
0x00007ffd26fa0000 - 0x00007ffd26fac000 	C:\Program Files\Android\Android Studio\jre\bin\management_ext.dll
0x00007ffd2b9b0000 - 0x00007ffd2b9c8000 	C:\WINDOWS\SYSTEM32\CRYPTSP.dll
0x00007ffd2b290000 - 0x00007ffd2b2c5000 	C:\WINDOWS\system32\rsaenh.dll
0x00007ffd2b840000 - 0x00007ffd2b869000 	C:\WINDOWS\SYSTEM32\USERENV.dll
0x00007ffd2bb80000 - 0x00007ffd2bba7000 	C:\WINDOWS\SYSTEM32\bcrypt.dll
0x00007ffd2b9d0000 - 0x00007ffd2b9dc000 	C:\WINDOWS\SYSTEM32\CRYPTBASE.dll
0x00007ffd2ae00000 - 0x00007ffd2ae2d000 	C:\WINDOWS\SYSTEM32\IPHLPAPI.DLL
0x00007ffd2d520000 - 0x00007ffd2d529000 	C:\WINDOWS\System32\NSI.dll
0x00007ffd26a50000 - 0x00007ffd26a69000 	C:\WINDOWS\SYSTEM32\dhcpcsvc6.DLL
0x00007ffd26ab0000 - 0x00007ffd26ace000 	C:\WINDOWS\SYSTEM32\dhcpcsvc.DLL
0x00007ffd2ae30000 - 0x00007ffd2af17000 	C:\WINDOWS\SYSTEM32\DNSAPI.dll
0x00007ffcdfc30000 - 0x00007ffcdfc57000 	C:\Program Files\Android\Android Studio\jre\bin\sunec.dll
0x00007ffd26a30000 - 0x00007ffd26a3a000 	C:\Windows\System32\rasadhlp.dll
0x00007ffd23560000 - 0x00007ffd235e1000 	C:\WINDOWS\System32\fwpuclnt.dll

dbghelp: loaded successfully - version: 4.0.5 - missing functions: none
symbol engine: initialized successfully - sym options: 0x614 - pdb path: .;C:\Program Files\Android\Android Studio\jre\bin;C:\WINDOWS\SYSTEM32;C:\WINDOWS\WinSxS\amd64_microsoft.windows.common-controls_6595b64144ccf1df_6.0.22000.120_none_9d947278b86cc467;C:\Program Files\Android\Android Studio\jre\bin\server;C:\Users\DELL\.gradle\native\8bec1ad78214c89d9ad589b4d07fe93259594b29d510b10fafb7a158f7737e5d\windows-amd64;C:\Users\DELL\.gradle\native\53dbd7edfb1c66fb8903c78663c9afc45aea4f116125fa6feffd364cf09443e8\windows-amd64

VM Arguments:
jvm_args: --add-opens=java.base/java.util=ALL-UNNAMED --add-opens=java.base/java.lang=ALL-UNNAMED --add-opens=java.base/java.lang.invoke=ALL-UNNAMED --add-opens=java.base/java.util=ALL-UNNAMED --add-opens=java.prefs/java.util.prefs=ALL-UNNAMED --add-opens=java.prefs/java.util.prefs=ALL-UNNAMED --add-opens=java.base/java.nio.charset=ALL-UNNAMED --add-opens=java.base/java.net=ALL-UNNAMED --add-opens=java.base/java.util.concurrent.atomic=ALL-UNNAMED -XX:MaxMetaspaceSize=256m -XX:+HeapDumpOnOutOfMemoryError -Xms256m -Xmx512m -Dfile.encoding=windows-1252 -Duser.country=US -Duser.language=en -Duser.variant 
java_command: org.gradle.launcher.daemon.bootstrap.GradleDaemon 7.0.2
java_class_path (initial): C:\Users\DELL\.gradle\wrapper\dists\gradle-7.0.2-bin\857tjihv64xamwrf0h14cai3r\gradle-7.0.2\lib\gradle-launcher-7.0.2.jar
Launcher Type: SUN_STANDARD

[Global flags]
     intx CICompilerCount                          = 4                                         {product} {ergonomic}
   size_t CompressedClassSpaceSize                 = 260046848                                 {product} {ergonomic}
     uint ConcGCThreads                            = 2                                         {product} {ergonomic}
     uint G1ConcRefinementThreads                  = 8                                         {product} {ergonomic}
   size_t G1HeapRegionSize                         = 1048576                                   {product} {ergonomic}
    uintx GCDrainStackTargetSize                   = 64                                        {product} {ergonomic}
     bool HeapDumpOnOutOfMemoryError               = true                                   {manageable} {command line}
   size_t InitialHeapSize                          = 268435456                                 {product} {command line}
   size_t MarkStackSize                            = 4194304                                   {product} {ergonomic}
   size_t MaxHeapSize                              = 536870912                                 {product} {command line}
   size_t MaxMetaspaceSize                         = 268435456                                 {product} {command line}
   size_t MaxNewSize                               = 321912832                                 {product} {ergonomic}
   size_t MinHeapDeltaBytes                        = 1048576                                   {product} {ergonomic}
    uintx NonNMethodCodeHeapSize                   = 5836300                                {pd product} {ergonomic}
    uintx NonProfiledCodeHeapSize                  = 122910970                              {pd product} {ergonomic}
    uintx ProfiledCodeHeapSize                     = 122910970                              {pd product} {ergonomic}
    uintx ReservedCodeCacheSize                    = 251658240                              {pd product} {ergonomic}
     bool SegmentedCodeCache                       = true                                      {product} {ergonomic}
     bool UseCompressedClassPointers               = true                                 {lp64_product} {ergonomic}
     bool UseCompressedOops                        = true                                 {lp64_product} {ergonomic}
     bool UseG1GC                                  = true                                      {product} {ergonomic}
     bool UseLargePagesIndividualAllocation        = false                                  {pd product} {ergonomic}

Logging:
Log output configuration:
 #0: stdout all=warning uptime,level,tags
 #1: stderr all=off uptime,level,tags

Environment Variables:
PATH=C:\app\DELL\product\21c\dbhomeXE\bin;D:\db_home\bin;C:\db_home\bin;C:\Program Files (x86)\VMware\VMware Player\bin\;C:\Program Files\Python39\Scripts\;C:\Program Files\Python39\;C:\Program Files\Common Files\Oracle\Java\javapath;C:\WINDOWS\system32;C:\WINDOWS;C:\WINDOWS\System32\Wbem;C:\WINDOWS\System32\WindowsPowerShell\v1.0\;C:\WINDOWS\System32\OpenSSH\;C:\Program Files\Git\cmd;C:\Program Files (x86)\dotnet\;C:\Users\DELL\AppData\Local\Microsoft\WindowsApps;C:\Users\DELL\AppData\Local\Programs\Microsoft VS Code\bin;C:\Program Files\CodeBlocks\MinGW\bin;C:\Program Files\JetBrains\PyCharm Community Edition 2021.2.1\bin;C:\Users\DELL\AppData\Local\atom\bin;%USERPROFILE%\AppData\Local\Microsoft\WindowsApps;
USERNAME=DELL
OS=Windows_NT
PROCESSOR_IDENTIFIER=AMD64 Family 23 Model 96 Stepping 1, AuthenticAMD



---------------  S Y S T E M  ---------------

OS: Windows 10 , 64 bit Build 22000 (10.0.22000.318)
OS uptime: 0 days 0:20 hours

CPU:total 8 (initial active 8) (8 cores per cpu, 1 threads per core) family 23 model 96 stepping 1 microcode 0x0, cmov, cx8, fxsr, mmx, sse, sse2, sse3, ssse3, sse4.1, sse4.2, popcnt, avx, avx2, aes, clmul, mmxext, 3dnowpref, lzcnt, sse4a, tsc, tscinvbit, tscinv, bmi1, bmi2, adx, sha, 

Memory: 4k page, system-wide physical 7545M (861M free)
TotalPageFile size 7545M (AvailPageFile size 3M)
current process WorkingSet (physical memory assigned to process): 413M, peak: 452M
current process commit charge ("private bytes"): 504M, peak: 538M

vm_info: OpenJDK 64-Bit Server VM (11.0.10+0-b96-7249189) for windows-amd64 JRE (11.0.10+0-b96-7249189), built on Mar 31 2021 21:44:00 by "builder" with MS VC++ 14.0 (VS2015)

END.
