#
# There is insufficient memory for the Java Runtime Environment to continue.
# Native memory allocation (mmap) failed to map 36700160 bytes for Failed to commit area from 0x000000008ab00000 to 0x000000008ce00000 of length 36700160.
# Possible reasons:
#   The system is out of physical RAM or swap space
#   The process is running with CompressedOops enabled, and the Java Heap may be blocking the growth of the native heap
# Possible solutions:
#   Reduce memory load on the system
#   Increase physical memory or swap space
#   Check if swap backing store is full
#   Decrease Java heap size (-Xmx/-Xms)
#   Decrease number of Java threads
#   Decrease Java thread stack sizes (-Xss)
#   Set larger code cache with -XX:ReservedCodeCacheSize=
#   JVM is running with Unscaled Compressed Oops mode in which the Java heap is
#     placed in the first 4GB address space. The Java Heap base address is the
#     maximum limit for the native heap growth. Please use -XX:HeapBaseMinAddress
#     to set the Java Heap base and to place the Java Heap above 4GB virtual address.
# This output file may be truncated or incomplete.
#
#  Out of Memory Error (./src/hotspot/os/windows/os_windows.cpp:3301), pid=13692, tid=14272
#
# JRE version: OpenJDK Runtime Environment (11.0.10) (build 11.0.10+0-b96-7249189)
# Java VM: OpenJDK 64-Bit Server VM (11.0.10+0-b96-7249189, mixed mode, tiered, compressed oops, g1 gc, windows-amd64)
# No core dump will be written. Minidumps are not enabled by default on client versions of Windows
#

---------------  S U M M A R Y ------------

Command Line: --add-opens=java.base/java.util=ALL-UNNAMED --add-opens=java.base/java.lang=ALL-UNNAMED --add-opens=java.base/java.lang.invoke=ALL-UNNAMED --add-opens=java.base/java.util=ALL-UNNAMED --add-opens=java.prefs/java.util.prefs=ALL-UNNAMED --add-opens=java.prefs/java.util.prefs=ALL-UNNAMED --add-opens=java.base/java.nio.charset=ALL-UNNAMED --add-opens=java.base/java.net=ALL-UNNAMED --add-opens=java.base/java.util.concurrent.atomic=ALL-UNNAMED -Xmx2048m -Dfile.encoding=UTF-8 -Duser.country=US -Duser.language=en -Duser.variant org.gradle.launcher.daemon.bootstrap.GradleDaemon 7.0.2

Host: AMD Ryzen 7 4700U with Radeon Graphics         , 8 cores, 7G,  Windows 10 , 64 bit Build 22000 (10.0.22000.318)
Time: Sun Dec 12 22:59:57 2021 Pakistan Standard Time elapsed time: 5.952664 seconds (0d 0h 0m 5s)

---------------  T H R E A D  ---------------

Current thread (0x00000123a669f800):  VMThread "VM Thread" [stack: 0x0000000100c00000,0x0000000100d00000] [id=14272]

Stack: [0x0000000100c00000,0x0000000100d00000]
[error occurred during error reporting (printing stack bounds), id 0xc0000005, EXCEPTION_ACCESS_VIOLATION (0xc0000005) at pc=0x000001238fd30f2d]

Native frames: (J=compiled Java code, j=interpreted, Vv=VM code, C=native code)
V  [jvm.dll+0x5ecfaa]
V  [jvm.dll+0x722bd5]
V  [jvm.dll+0x72412d]
V  [jvm.dll+0x724745]
V  [jvm.dll+0x7246fb]
V  [jvm.dll+0x5ec348]
V  [jvm.dll+0x5ecad8]
C  [ntdll.dll+0xa82ff]
C  [ntdll.dll+0x35a0a]
C  [ntdll.dll+0xa730e]
C  0x000001238fd30f2d

VM_Operation (0x00000001031fe400): G1CollectForAllocation, mode: safepoint, requested by thread 0x00000123e90fa800


---------------  P R O C E S S  ---------------

Threads class SMR info:
_java_thread_list=0x00000123edafcda0, length=51, elements={
0x000001238c23e000, 0x00000123a66a1000, 0x00000123a66a6800, 0x00000123e7032800,
0x00000123a66c2000, 0x00000123a66c3000, 0x00000123a66c4000, 0x00000123a66c7000,
0x00000123a66c9000, 0x00000123e7187800, 0x00000123e9666800, 0x00000123e9665800,
0x00000123e9668000, 0x00000123e9663000, 0x00000123e9669800, 0x00000123e9667000,
0x00000123e9669000, 0x00000123e9664000, 0x00000123e9665000, 0x00000123e90fd800,
0x00000123e90fb000, 0x00000123e90f8800, 0x00000123e90fc000, 0x00000123e90f8000,
0x00000123e90fe800, 0x00000123e90f9800, 0x00000123e90fd000, 0x00000123e90fa800,
0x00000123e95e3800, 0x00000123e95e4000, 0x00000123e95e5000, 0x00000123e95e6000,
0x00000123e95e0000, 0x00000123e95e6800, 0x00000123e95e1000, 0x00000123e95e1800,
0x00000123e95e2800, 0x00000123ecaf1800, 0x00000123ecaf2000, 0x00000123ecaf4000,
0x00000123ecaf3000, 0x00000123ecafc000, 0x00000123ecafa800, 0x00000123ecaf9800,
0x00000123ecafb000, 0x00000123ecafc800, 0x00000123ecaf7000, 0x00000123ecaf8800,
0x00000123ecafd800, 0x00000123ecaf8000, 0x00000123ecafe800
}

Java Threads: ( => current thread )
  0x000001238c23e000 JavaThread "main" [_thread_blocked, id=11748, stack(0x0000000100600000,0x0000000100700000)]
  0x00000123a66a1000 JavaThread "Reference Handler" daemon [_thread_blocked, id=14100, stack(0x0000000100d00000,0x0000000100e00000)]
  0x00000123a66a6800 JavaThread "Finalizer" daemon [_thread_blocked, id=8728, stack(0x0000000100e00000,0x0000000100f00000)]
  0x00000123e7032800 JavaThread "Signal Dispatcher" daemon [_thread_blocked, id=6328, stack(0x0000000100f00000,0x0000000101000000)]
  0x00000123a66c2000 JavaThread "Attach Listener" daemon [_thread_blocked, id=1548, stack(0x0000000101000000,0x0000000101100000)]
  0x00000123a66c3000 JavaThread "Service Thread" daemon [_thread_blocked, id=5372, stack(0x0000000101100000,0x0000000101200000)]
  0x00000123a66c4000 JavaThread "C2 CompilerThread0" daemon [_thread_in_native, id=6168, stack(0x0000000101200000,0x0000000101300000)]
  0x00000123a66c7000 JavaThread "C1 CompilerThread0" daemon [_thread_blocked, id=10064, stack(0x0000000101300000,0x0000000101400000)]
  0x00000123a66c9000 JavaThread "Sweeper thread" daemon [_thread_blocked, id=4992, stack(0x0000000101400000,0x0000000101500000)]
  0x00000123e7187800 JavaThread "Common-Cleaner" daemon [_thread_blocked, id=7716, stack(0x0000000101500000,0x0000000101600000)]
  0x00000123e9666800 JavaThread "Daemon health stats" [_thread_blocked, id=11304, stack(0x0000000101a00000,0x0000000101b00000)]
  0x00000123e9665800 JavaThread "Incoming local TCP Connector on port 63524" [_thread_in_native, id=13392, stack(0x0000000101700000,0x0000000101800000)]
  0x00000123e9668000 JavaThread "Daemon periodic checks" [_thread_blocked, id=4076, stack(0x0000000101800000,0x0000000101900000)]
  0x00000123e9663000 JavaThread "Daemon" [_thread_blocked, id=2568, stack(0x0000000101b00000,0x0000000101c00000)]
  0x00000123e9669800 JavaThread "Handler for socket connection from /127.0.0.1:63524 to /127.0.0.1:63525" [_thread_in_native, id=3500, stack(0x0000000101c00000,0x0000000101d00000)]
  0x00000123e9667000 JavaThread "Cancel handler" [_thread_blocked, id=11316, stack(0x0000000101d00000,0x0000000101e00000)]
  0x00000123e9669000 JavaThread "Daemon worker" [_thread_blocked, id=11560, stack(0x0000000101e00000,0x0000000101f00000)]
  0x00000123e9664000 JavaThread "Asynchronous log dispatcher for DefaultDaemonConnection: socket connection from /127.0.0.1:63524 to /127.0.0.1:63525" [_thread_blocked, id=1580, stack(0x0000000101f00000,0x0000000102000000)]
  0x00000123e9665000 JavaThread "Stdin handler" [_thread_blocked, id=11256, stack(0x0000000102000000,0x0000000102100000)]
  0x00000123e90fd800 JavaThread "Daemon client event forwarder" [_thread_blocked, id=11376, stack(0x0000000102100000,0x0000000102200000)]
  0x00000123e90fb000 JavaThread "Cache worker for file hash cache (C:\Users\DELL\.gradle\caches\7.0.2\fileHashes)" [_thread_blocked, id=3316, stack(0x0000000102900000,0x0000000102a00000)]
  0x00000123e90f8800 JavaThread "File lock request listener" [_thread_in_native, id=532, stack(0x0000000102a00000,0x0000000102b00000)]
  0x00000123e90fc000 JavaThread "Cache worker for journal cache (C:\Users\DELL\.gradle\caches\journal-1)" [_thread_blocked, id=8868, stack(0x0000000102c00000,0x0000000102d00000)]
  0x00000123e90f8000 JavaThread "C2 CompilerThread1" daemon [_thread_in_native, id=10476, stack(0x0000000102d00000,0x0000000102e00000)]
  0x00000123e90fe800 JavaThread "Cache worker for file hash cache (D:\TRA\.gradle\7.0.2\fileHashes)" [_thread_blocked, id=4824, stack(0x0000000102e00000,0x0000000102f00000)]
  0x00000123e90f9800 JavaThread "File watcher server" daemon [_thread_in_native, id=9168, stack(0x0000000102f00000,0x0000000103000000)]
  0x00000123e90fd000 JavaThread "File watcher consumer" daemon [_thread_blocked, id=4408, stack(0x0000000103000000,0x0000000103100000)]
  0x00000123e90fa800 JavaThread "jar transforms" [_thread_blocked, id=12616, stack(0x0000000103100000,0x0000000103200000)]
  0x00000123e95e3800 JavaThread "jar transforms Thread 2" [_thread_blocked, id=2840, stack(0x0000000103200000,0x0000000103300000)]
  0x00000123e95e4000 JavaThread "jar transforms Thread 3" [_thread_blocked, id=12168, stack(0x0000000103300000,0x0000000103400000)]
  0x00000123e95e5000 JavaThread "jar transforms Thread 4" [_thread_blocked, id=2464, stack(0x0000000103400000,0x0000000103500000)]
  0x00000123e95e6000 JavaThread "jar transforms Thread 5" [_thread_blocked, id=10628, stack(0x0000000103500000,0x0000000103600000)]
  0x00000123e95e0000 JavaThread "jar transforms Thread 6" [_thread_blocked, id=8748, stack(0x0000000103600000,0x0000000103700000)]
  0x00000123e95e6800 JavaThread "jar transforms Thread 7" [_thread_blocked, id=880, stack(0x0000000103700000,0x0000000103800000)]
  0x00000123e95e1000 JavaThread "jar transforms Thread 8" [_thread_blocked, id=2316, stack(0x0000000103800000,0x0000000103900000)]
  0x00000123e95e1800 JavaThread "C2 CompilerThread2" daemon [_thread_in_native, id=9708, stack(0x0000000103900000,0x0000000103a00000)]
  0x00000123e95e2800 JavaThread "Cache worker for checksums cache (D:\TRA\.gradle\checksums)" [_thread_blocked, id=2940, stack(0x0000000103a00000,0x0000000103b00000)]
  0x00000123ecaf1800 JavaThread "Cache worker for cache directory md-supplier (C:\Users\DELL\.gradle\caches\7.0.2\md-supplier)" [_thread_blocked, id=4392, stack(0x0000000103b00000,0x0000000103c00000)]
  0x00000123ecaf2000 JavaThread "Cache worker for cache directory md-rule (C:\Users\DELL\.gradle\caches\7.0.2\md-rule)" [_thread_blocked, id=4640, stack(0x0000000103c00000,0x0000000103d00000)]
  0x00000123ecaf4000 JavaThread "Cache worker for execution history cache (C:\Users\DELL\.gradle\caches\7.0.2\executionHistory)" [_thread_blocked, id=5500, stack(0x0000000103d00000,0x0000000103e00000)]
  0x00000123ecaf3000 JavaThread "Cache worker for file content cache (C:\Users\DELL\.gradle\caches\7.0.2\fileContent)" [_thread_blocked, id=10080, stack(0x0000000103e00000,0x0000000103f00000)]
  0x00000123ecafc000 JavaThread "Cache worker for dependencies-accessors (D:\TRA\.gradle\7.0.2\dependencies-accessors)" [_thread_blocked, id=8524, stack(0x0000000103f00000,0x0000000104000000)]
  0x00000123ecafa800 JavaThread "Cache worker for Build Output Cleanup Cache (D:\TRA\.gradle\buildOutputCleanup)" [_thread_blocked, id=2112, stack(0x0000000104000000,0x0000000104100000)]
  0x00000123ecaf9800 JavaThread "Build operations" [_thread_blocked, id=2608, stack(0x0000000104100000,0x0000000104200000)]
  0x00000123ecafb000 JavaThread "Build operations Thread 2" [_thread_blocked, id=8, stack(0x0000000104200000,0x0000000104300000)]
  0x00000123ecafc800 JavaThread "Build operations Thread 3" [_thread_blocked, id=13620, stack(0x0000000104300000,0x0000000104400000)]
  0x00000123ecaf7000 JavaThread "Build operations Thread 4" [_thread_blocked, id=3480, stack(0x0000000104400000,0x0000000104500000)]
  0x00000123ecaf8800 JavaThread "Build operations Thread 5" [_thread_blocked, id=11912, stack(0x0000000104500000,0x0000000104600000)]
  0x00000123ecafd800 JavaThread "Build operations Thread 6" [_thread_blocked, id=8424, stack(0x0000000104600000,0x0000000104700000)]
  0x00000123ecaf8000 JavaThread "Build operations Thread 7" [_thread_blocked, id=7056, stack(0x0000000104700000,0x0000000104800000)]
  0x00000123ecafe800 JavaThread "Build operations Thread 8" [_thread_blocked, id=11792, stack(0x0000000104800000,0x0000000104900000)]

Other Threads:
=>0x00000123a669f800 VMThread "VM Thread" [stack: 0x0000000100c00000,0x0000000100d00000] [id=14272]
  0x00000123e7193000 WatcherThread [stack: 0x0000000101600000,0x0000000101700000] [id=10832]
  0x000001238c258000 GCTaskThread "GC Thread#0" [stack: 0x0000000100700000,0x0000000100800000] [id=13340]
  0x00000123e7601000 GCTaskThread "GC Thread#1" [stack: 0x0000000101900000,0x0000000101a00000] [id=11068]
  0x00000123e8fdd800 GCTaskThread "GC Thread#2" [stack: 0x0000000102200000,0x0000000102300000] [id=9268]
  0x00000123e98c8000 GCTaskThread "GC Thread#3" [stack: 0x0000000102300000,0x0000000102400000] [id=13140]
  0x00000123e8e00800 GCTaskThread "GC Thread#4" [stack: 0x0000000102400000,0x0000000102500000] [id=13368]
  0x00000123e89f0800 GCTaskThread "GC Thread#5" [stack: 0x0000000102500000,0x0000000102600000] [id=13944]
  0x00000123e9232000 GCTaskThread "GC Thread#6" [stack: 0x0000000102600000,0x0000000102700000] [id=3920]
  0x00000123e96f7000 GCTaskThread "GC Thread#7" [stack: 0x0000000102700000,0x0000000102800000] [id=14256]
  0x000001238c289000 ConcurrentGCThread "G1 Main Marker" [stack: 0x0000000100800000,0x0000000100900000] [id=14188]
  0x000001238c28a800 ConcurrentGCThread "G1 Conc#0" [stack: 0x0000000100900000,0x0000000100a00000] [id=12628]
  0x00000123e8434000 ConcurrentGCThread "G1 Conc#1" [stack: 0x0000000102b00000,0x0000000102c00000] [id=10212]
  0x000001238c318800 ConcurrentGCThread "G1 Refine#0" [stack: 0x0000000100a00000,0x0000000100b00000] [id=13116]
  0x00000123e8ec4800 ConcurrentGCThread "G1 Refine#1" [stack: 0x0000000102800000,0x0000000102900000] [id=11860]
  0x000001238c31a000 ConcurrentGCThread "G1 Young RemSet Sampling" [stack: 0x0000000100b00000,0x0000000100c00000] [id=12784]

Threads with active compile tasks:
C2 CompilerThread0   5958 5732       4       org.objectweb.asm.ClassReader::accept (1404 bytes)
C2 CompilerThread1   5958 5849       4       org.objectweb.asm.ClassWriter::toByteArray (1535 bytes)
C2 CompilerThread2   5958 5794       4       org.objectweb.asm.ClassReader::readCode (5109 bytes)

VM state:at safepoint (normal execution)

VM Mutex/Monitor currently owned by a thread:  ([mutex/lock_event])
[0x000001238c23a5e0] Threads_lock - owner thread: 0x00000123a669f800
[0x000001238c23a670] Heap_lock - owner thread: 0x00000123e90fa800

Heap address: 0x0000000080000000, size: 2048 MB, Compressed Oops mode: 32-bit
Narrow klass base: 0x00000123a66f0000, Narrow klass shift: 0
Compressed class space size: 1073741824 Address: 0x00000123a66f0000

Heap:
 garbage-first heap   total 210944K, used 63829K [0x0000000080000000, 0x0000000100000000)
  region size 1024K, 6 young (6144K), 6 survivors (6144K)
 Metaspace       used 49801K, capacity 51329K, committed 51456K, reserved 1093632K
  class space    used 6343K, capacity 6844K, committed 6912K, reserved 1048576K
Heap Regions: E=young(eden), S=young(survivor), O=old, HS=humongous(starts), HC=humongous(continues), CS=collection set, F=free, A=archive, TAMS=top-at-mark-start (previous, next)
|   0|0x0000000080000000, 0x0000000080100000, 0x0000000080100000|100%| O|  |TAMS 0x0000000080100000, 0x0000000080000000| Untracked 
|   1|0x0000000080100000, 0x0000000080200000, 0x0000000080200000|100%| O|  |TAMS 0x0000000080200000, 0x0000000080100000| Untracked 
|   2|0x0000000080200000, 0x0000000080300000, 0x0000000080300000|100%| O|  |TAMS 0x0000000080300000, 0x0000000080200000| Untracked 
|   3|0x0000000080300000, 0x0000000080400000, 0x0000000080400000|100%|HS|  |TAMS 0x0000000080400000, 0x0000000080300000| Complete 
|   4|0x0000000080400000, 0x0000000080500000, 0x0000000080500000|100%|HC|  |TAMS 0x0000000080500000, 0x0000000080400000| Complete 
|   5|0x0000000080500000, 0x0000000080600000, 0x0000000080600000|100%|HC|  |TAMS 0x0000000080600000, 0x0000000080500000| Complete 
|   6|0x0000000080600000, 0x0000000080700000, 0x0000000080700000|100%| O|  |TAMS 0x0000000080700000, 0x0000000080600000| Untracked 
|   7|0x0000000080700000, 0x0000000080800000, 0x0000000080800000|100%| O|  |TAMS 0x0000000080800000, 0x0000000080700000| Untracked 
|   8|0x0000000080800000, 0x0000000080900000, 0x0000000080900000|100%| O|  |TAMS 0x0000000080900000, 0x0000000080800000| Untracked 
|   9|0x0000000080900000, 0x0000000080a00000, 0x0000000080a00000|100%| O|  |TAMS 0x0000000080a00000, 0x0000000080900000| Untracked 
|  10|0x0000000080a00000, 0x0000000080b00000, 0x0000000080b00000|100%| O|  |TAMS 0x0000000080b00000, 0x0000000080a00000| Untracked 
|  11|0x0000000080b00000, 0x0000000080c00000, 0x0000000080c00000|100%| O|  |TAMS 0x0000000080c00000, 0x0000000080b00000| Untracked 
|  12|0x0000000080c00000, 0x0000000080d00000, 0x0000000080d00000|100%| O|  |TAMS 0x0000000080d00000, 0x0000000080c00000| Untracked 
|  13|0x0000000080d00000, 0x0000000080e00000, 0x0000000080e00000|100%| O|  |TAMS 0x0000000080e00000, 0x0000000080d00000| Untracked 
|  14|0x0000000080e00000, 0x0000000080f00000, 0x0000000080f00000|100%| O|  |TAMS 0x0000000080f00000, 0x0000000080e00000| Untracked 
|  15|0x0000000080f00000, 0x0000000081000000, 0x0000000081000000|100%| O|  |TAMS 0x0000000081000000, 0x0000000080f00000| Untracked 
|  16|0x0000000081000000, 0x0000000081100000, 0x0000000081100000|100%|HS|  |TAMS 0x0000000081100000, 0x0000000081000000| Complete 
|  17|0x0000000081100000, 0x0000000081200000, 0x0000000081200000|100%|HC|  |TAMS 0x0000000081200000, 0x0000000081100000| Complete 
|  18|0x0000000081200000, 0x0000000081300000, 0x0000000081300000|100%|HS|  |TAMS 0x0000000081300000, 0x0000000081200000| Complete 
|  19|0x0000000081300000, 0x0000000081400000, 0x0000000081400000|100%|HC|  |TAMS 0x0000000081400000, 0x0000000081300000| Complete 
|  20|0x0000000081400000, 0x0000000081500000, 0x0000000081500000|100%|HC|  |TAMS 0x0000000081500000, 0x0000000081400000| Complete 
|  21|0x0000000081500000, 0x0000000081600000, 0x0000000081600000|100%|HS|  |TAMS 0x0000000081600000, 0x0000000081500000| Complete 
|  22|0x0000000081600000, 0x0000000081700000, 0x0000000081700000|100%|HC|  |TAMS 0x0000000081700000, 0x0000000081600000| Complete 
|  23|0x0000000081700000, 0x0000000081800000, 0x0000000081800000|100%|HC|  |TAMS 0x0000000081800000, 0x0000000081700000| Complete 
|  24|0x0000000081800000, 0x0000000081900000, 0x0000000081900000|100%|HC|  |TAMS 0x0000000081900000, 0x0000000081800000| Complete 
|  25|0x0000000081900000, 0x0000000081a00000, 0x0000000081a00000|100%|HC|  |TAMS 0x0000000081a00000, 0x0000000081900000| Complete 
|  26|0x0000000081a00000, 0x0000000081b00000, 0x0000000081b00000|100%| O|  |TAMS 0x0000000081b00000, 0x0000000081a00000| Untracked 
|  27|0x0000000081b00000, 0x0000000081c00000, 0x0000000081c00000|100%| O|  |TAMS 0x0000000081c00000, 0x0000000081b00000| Untracked 
|  28|0x0000000081c00000, 0x0000000081d00000, 0x0000000081d00000|100%|HS|  |TAMS 0x0000000081c00000, 0x0000000081c00000| Complete 
|  29|0x0000000081d00000, 0x0000000081e00000, 0x0000000081e00000|100%|HC|  |TAMS 0x0000000081d00000, 0x0000000081d00000| Complete 
|  30|0x0000000081e00000, 0x0000000081f00000, 0x0000000081f00000|100%|HC|  |TAMS 0x0000000081e00000, 0x0000000081e00000| Complete 
|  31|0x0000000081f00000, 0x0000000082000000, 0x0000000082000000|100%| O|  |TAMS 0x0000000082000000, 0x0000000081f00000| Untracked 
|  32|0x0000000082000000, 0x0000000082100000, 0x0000000082100000|100%| O|  |TAMS 0x0000000082100000, 0x0000000082000000| Untracked 
|  33|0x0000000082100000, 0x0000000082200000, 0x0000000082200000|100%| O|  |TAMS 0x00000000821f4600, 0x0000000082100000| Untracked 
|  34|0x0000000082200000, 0x0000000082300000, 0x0000000082300000|100%|HS|  |TAMS 0x0000000082200000, 0x0000000082200000| Complete 
|  35|0x0000000082300000, 0x0000000082400000, 0x0000000082400000|100%|HC|  |TAMS 0x0000000082300000, 0x0000000082300000| Complete 
|  36|0x0000000082400000, 0x0000000082500000, 0x0000000082500000|100%|HC|  |TAMS 0x0000000082400000, 0x0000000082400000| Complete 
|  37|0x0000000082500000, 0x0000000082600000, 0x0000000082600000|100%|HC|  |TAMS 0x0000000082500000, 0x0000000082500000| Complete 
|  38|0x0000000082600000, 0x0000000082700000, 0x0000000082700000|100%|HC|  |TAMS 0x0000000082600000, 0x0000000082600000| Complete 
|  39|0x0000000082700000, 0x0000000082800000, 0x0000000082800000|100%| O|  |TAMS 0x0000000082700000, 0x0000000082700000| Untracked 
|  40|0x0000000082800000, 0x0000000082900000, 0x0000000082900000|100%| O|  |TAMS 0x0000000082800000, 0x0000000082800000| Untracked 
|  41|0x0000000082900000, 0x0000000082a00000, 0x0000000082a00000|100%| O|  |TAMS 0x0000000082900000, 0x0000000082900000| Untracked 
|  42|0x0000000082a00000, 0x0000000082b00000, 0x0000000082b00000|100%| O|  |TAMS 0x0000000082a00000, 0x0000000082a00000| Untracked 
|  43|0x0000000082b00000, 0x0000000082c00000, 0x0000000082c00000|100%| O|  |TAMS 0x0000000082b00000, 0x0000000082b00000| Untracked 
|  44|0x0000000082c00000, 0x0000000082d00000, 0x0000000082d00000|100%| O|  |TAMS 0x0000000082c00000, 0x0000000082c00000| Untracked 
|  45|0x0000000082d00000, 0x0000000082e00000, 0x0000000082e00000|100%| O|  |TAMS 0x0000000082d00000, 0x0000000082d00000| Untracked 
|  46|0x0000000082e00000, 0x0000000082f00000, 0x0000000082f00000|100%| O|  |TAMS 0x0000000082e00000, 0x0000000082e00000| Untracked 
|  47|0x0000000082f00000, 0x0000000083000000, 0x0000000083000000|100%|HS|  |TAMS 0x0000000082f00000, 0x0000000082f00000| Complete 
|  48|0x0000000083000000, 0x0000000083100000, 0x0000000083100000|100%|HS|  |TAMS 0x0000000083000000, 0x0000000083000000| Complete 
|  49|0x0000000083100000, 0x0000000083200000, 0x0000000083200000|100%| O|  |TAMS 0x0000000083100000, 0x0000000083100000| Untracked 
|  50|0x0000000083200000, 0x0000000083300000, 0x0000000083300000|100%| O|  |TAMS 0x0000000083200000, 0x0000000083200000| Untracked 
|  51|0x0000000083300000, 0x0000000083400000, 0x0000000083400000|100%| O|  |TAMS 0x0000000083300000, 0x0000000083300000| Untracked 
|  52|0x0000000083400000, 0x0000000083500000, 0x0000000083500000|100%| O|  |TAMS 0x0000000083400000, 0x0000000083400000| Untracked 
|  53|0x0000000083500000, 0x0000000083600000, 0x0000000083600000|100%| O|  |TAMS 0x0000000083500000, 0x0000000083500000| Untracked 
|  54|0x0000000083600000, 0x0000000083700000, 0x0000000083700000|100%| O|  |TAMS 0x0000000083600000, 0x0000000083600000| Untracked 
|  55|0x0000000083700000, 0x0000000083800000, 0x0000000083800000|100%| O|  |TAMS 0x0000000083700000, 0x0000000083700000| Untracked 
|  56|0x0000000083800000, 0x0000000083855400, 0x0000000083900000| 33%| O|  |TAMS 0x0000000083800000, 0x0000000083800000| Untracked 
|  57|0x0000000083900000, 0x0000000083900000, 0x0000000083a00000|  0%| F|  |TAMS 0x0000000083900000, 0x0000000083900000| Untracked 
|  58|0x0000000083a00000, 0x0000000083a00000, 0x0000000083b00000|  0%| F|  |TAMS 0x0000000083a00000, 0x0000000083a00000| Untracked 
|  59|0x0000000083b00000, 0x0000000083b00000, 0x0000000083c00000|  0%| F|  |TAMS 0x0000000083b00000, 0x0000000083b00000| Untracked 
|  60|0x0000000083c00000, 0x0000000083c00000, 0x0000000083d00000|  0%| F|  |TAMS 0x0000000083c00000, 0x0000000083c00000| Untracked 
|  61|0x0000000083d00000, 0x0000000083d00000, 0x0000000083e00000|  0%| F|  |TAMS 0x0000000083d00000, 0x0000000083d00000| Untracked 
|  62|0x0000000083e00000, 0x0000000083e00000, 0x0000000083f00000|  0%| F|  |TAMS 0x0000000083e00000, 0x0000000083e00000| Untracked 
|  63|0x0000000083f00000, 0x0000000083f00000, 0x0000000084000000|  0%| F|  |TAMS 0x0000000083f00000, 0x0000000083f00000| Untracked 
|  64|0x0000000084000000, 0x0000000084000000, 0x0000000084100000|  0%| F|  |TAMS 0x0000000084000000, 0x0000000084000000| Untracked 
|  65|0x0000000084100000, 0x0000000084100000, 0x0000000084200000|  0%| F|  |TAMS 0x0000000084100000, 0x0000000084100000| Untracked 
|  66|0x0000000084200000, 0x0000000084200000, 0x0000000084300000|  0%| F|  |TAMS 0x0000000084200000, 0x0000000084200000| Untracked 
|  67|0x0000000084300000, 0x0000000084300000, 0x0000000084400000|  0%| F|  |TAMS 0x0000000084300000, 0x0000000084300000| Untracked 
|  68|0x0000000084400000, 0x0000000084400000, 0x0000000084500000|  0%| F|  |TAMS 0x0000000084400000, 0x0000000084400000| Untracked 
|  69|0x0000000084500000, 0x0000000084500000, 0x0000000084600000|  0%| F|  |TAMS 0x0000000084500000, 0x0000000084500000| Untracked 
|  70|0x0000000084600000, 0x0000000084600000, 0x0000000084700000|  0%| F|  |TAMS 0x0000000084600000, 0x0000000084600000| Untracked 
|  71|0x0000000084700000, 0x0000000084700000, 0x0000000084800000|  0%| F|  |TAMS 0x0000000084700000, 0x0000000084700000| Untracked 
|  72|0x0000000084800000, 0x0000000084800000, 0x0000000084900000|  0%| F|  |TAMS 0x0000000084800000, 0x0000000084800000| Untracked 
|  73|0x0000000084900000, 0x0000000084900000, 0x0000000084a00000|  0%| F|  |TAMS 0x0000000084900000, 0x0000000084900000| Untracked 
|  74|0x0000000084a00000, 0x0000000084a00000, 0x0000000084b00000|  0%| F|  |TAMS 0x0000000084a00000, 0x0000000084a00000| Untracked 
|  75|0x0000000084b00000, 0x0000000084b00000, 0x0000000084c00000|  0%| F|  |TAMS 0x0000000084b00000, 0x0000000084b00000| Untracked 
|  76|0x0000000084c00000, 0x0000000084d00000, 0x0000000084d00000|100%| S|CS|TAMS 0x0000000084c00000, 0x0000000084c00000| Complete 
|  77|0x0000000084d00000, 0x0000000084d00000, 0x0000000084e00000|  0%| F|  |TAMS 0x0000000084d00000, 0x0000000084d00000| Untracked 
|  78|0x0000000084e00000, 0x0000000084e00000, 0x0000000084f00000|  0%| F|  |TAMS 0x0000000084e00000, 0x0000000084e00000| Untracked 
|  79|0x0000000084f00000, 0x0000000085000000, 0x0000000085000000|100%| S|CS|TAMS 0x0000000084f00000, 0x0000000084f00000| Complete 
|  80|0x0000000085000000, 0x0000000085100000, 0x0000000085100000|100%| S|CS|TAMS 0x0000000085000000, 0x0000000085000000| Complete 
|  81|0x0000000085100000, 0x0000000085200000, 0x0000000085200000|100%| S|CS|TAMS 0x0000000085100000, 0x0000000085100000| Complete 
|  82|0x0000000085200000, 0x0000000085200000, 0x0000000085300000|  0%| F|  |TAMS 0x0000000085200000, 0x0000000085200000| Untracked 
|  83|0x0000000085300000, 0x0000000085300000, 0x0000000085400000|  0%| F|  |TAMS 0x0000000085300000, 0x0000000085300000| Untracked 
|  84|0x0000000085400000, 0x0000000085400000, 0x0000000085500000|  0%| F|  |TAMS 0x0000000085400000, 0x0000000085400000| Untracked 
|  85|0x0000000085500000, 0x0000000085500000, 0x0000000085600000|  0%| F|  |TAMS 0x0000000085500000, 0x0000000085500000| Untracked 
|  86|0x0000000085600000, 0x0000000085700000, 0x0000000085700000|100%| S|CS|TAMS 0x0000000085600000, 0x0000000085600000| Complete 
|  87|0x0000000085700000, 0x0000000085800000, 0x0000000085800000|100%| S|CS|TAMS 0x0000000085700000, 0x0000000085700000| Complete 
|  88|0x0000000085800000, 0x0000000085800000, 0x0000000085900000|  0%| F|  |TAMS 0x0000000085800000, 0x0000000085800000| Untracked 
|  89|0x0000000085900000, 0x0000000085900000, 0x0000000085a00000|  0%| F|  |TAMS 0x0000000085900000, 0x0000000085900000| Untracked 
|  90|0x0000000085a00000, 0x0000000085a00000, 0x0000000085b00000|  0%| F|  |TAMS 0x0000000085a00000, 0x0000000085a00000| Untracked 
|  91|0x0000000085b00000, 0x0000000085b00000, 0x0000000085c00000|  0%| F|  |TAMS 0x0000000085b00000, 0x0000000085b00000| Untracked 
|  92|0x0000000085c00000, 0x0000000085c00000, 0x0000000085d00000|  0%| F|  |TAMS 0x0000000085c00000, 0x0000000085c00000| Untracked 
|  93|0x0000000085d00000, 0x0000000085d00000, 0x0000000085e00000|  0%| F|  |TAMS 0x0000000085d00000, 0x0000000085d00000| Untracked 
|  94|0x0000000085e00000, 0x0000000085e00000, 0x0000000085f00000|  0%| F|  |TAMS 0x0000000085e00000, 0x0000000085e00000| Untracked 
|  95|0x0000000085f00000, 0x0000000085f00000, 0x0000000086000000|  0%| F|  |TAMS 0x0000000085f00000, 0x0000000085f00000| Untracked 
|  96|0x0000000086000000, 0x0000000086000000, 0x0000000086100000|  0%| F|  |TAMS 0x0000000086000000, 0x0000000086000000| Untracked 
|  97|0x0000000086100000, 0x0000000086100000, 0x0000000086200000|  0%| F|  |TAMS 0x0000000086100000, 0x0000000086100000| Untracked 
|  98|0x0000000086200000, 0x0000000086200000, 0x0000000086300000|  0%| F|  |TAMS 0x0000000086200000, 0x0000000086200000| Untracked 
|  99|0x0000000086300000, 0x0000000086300000, 0x0000000086400000|  0%| F|  |TAMS 0x0000000086300000, 0x0000000086300000| Untracked 
| 100|0x0000000086400000, 0x0000000086400000, 0x0000000086500000|  0%| F|  |TAMS 0x0000000086400000, 0x0000000086400000| Untracked 
| 101|0x0000000086500000, 0x0000000086500000, 0x0000000086600000|  0%| F|  |TAMS 0x0000000086500000, 0x0000000086500000| Untracked 
| 102|0x0000000086600000, 0x0000000086600000, 0x0000000086700000|  0%| F|  |TAMS 0x0000000086600000, 0x0000000086600000| Untracked 
| 103|0x0000000086700000, 0x0000000086700000, 0x0000000086800000|  0%| F|  |TAMS 0x0000000086700000, 0x0000000086700000| Untracked 
| 104|0x0000000086800000, 0x0000000086800000, 0x0000000086900000|  0%| F|  |TAMS 0x0000000086800000, 0x0000000086800000| Untracked 
| 105|0x0000000086900000, 0x0000000086900000, 0x0000000086a00000|  0%| F|  |TAMS 0x0000000086900000, 0x0000000086900000| Untracked 
| 106|0x0000000086a00000, 0x0000000086a00000, 0x0000000086b00000|  0%| F|  |TAMS 0x0000000086a00000, 0x0000000086a00000| Untracked 
| 107|0x0000000086b00000, 0x0000000086b00000, 0x0000000086c00000|  0%| F|  |TAMS 0x0000000086b00000, 0x0000000086b00000| Untracked 
| 108|0x0000000086c00000, 0x0000000086c00000, 0x0000000086d00000|  0%| F|  |TAMS 0x0000000086c00000, 0x0000000086c00000| Untracked 
| 109|0x0000000086d00000, 0x0000000086d00000, 0x0000000086e00000|  0%| F|  |TAMS 0x0000000086d00000, 0x0000000086d00000| Untracked 
| 110|0x0000000086e00000, 0x0000000086e00000, 0x0000000086f00000|  0%| F|  |TAMS 0x0000000086e00000, 0x0000000086e00000| Untracked 
| 111|0x0000000086f00000, 0x0000000086f00000, 0x0000000087000000|  0%| F|  |TAMS 0x0000000086f00000, 0x0000000086f00000| Untracked 
| 112|0x0000000087000000, 0x0000000087000000, 0x0000000087100000|  0%| F|  |TAMS 0x0000000087000000, 0x0000000087000000| Untracked 
| 113|0x0000000087100000, 0x0000000087100000, 0x0000000087200000|  0%| F|  |TAMS 0x0000000087100000, 0x0000000087100000| Untracked 
| 114|0x0000000087200000, 0x0000000087200000, 0x0000000087300000|  0%| F|  |TAMS 0x0000000087200000, 0x0000000087200000| Untracked 
| 115|0x0000000087300000, 0x0000000087300000, 0x0000000087400000|  0%| F|  |TAMS 0x0000000087300000, 0x0000000087300000| Untracked 
| 116|0x0000000087400000, 0x0000000087400000, 0x0000000087500000|  0%| F|  |TAMS 0x0000000087400000, 0x0000000087400000| Untracked 
| 117|0x0000000087500000, 0x0000000087500000, 0x0000000087600000|  0%| F|  |TAMS 0x0000000087500000, 0x0000000087500000| Untracked 
| 118|0x0000000087600000, 0x0000000087600000, 0x0000000087700000|  0%| F|  |TAMS 0x0000000087600000, 0x0000000087600000| Untracked 
| 119|0x0000000087700000, 0x0000000087700000, 0x0000000087800000|  0%| F|  |TAMS 0x0000000087700000, 0x0000000087700000| Untracked 
| 120|0x0000000087800000, 0x0000000087800000, 0x0000000087900000|  0%| F|  |TAMS 0x0000000087800000, 0x0000000087800000| Untracked 
| 121|0x0000000087900000, 0x0000000087900000, 0x0000000087a00000|  0%| F|  |TAMS 0x0000000087900000, 0x0000000087900000| Untracked 
| 122|0x0000000087a00000, 0x0000000087a00000, 0x0000000087b00000|  0%| F|  |TAMS 0x0000000087a00000, 0x0000000087a00000| Untracked 
| 123|0x0000000087b00000, 0x0000000087b00000, 0x0000000087c00000|  0%| F|  |TAMS 0x0000000087b00000, 0x0000000087b00000| Untracked 
| 124|0x0000000087c00000, 0x0000000087c00000, 0x0000000087d00000|  0%| F|  |TAMS 0x0000000087c00000, 0x0000000087c00000| Untracked 
| 125|0x0000000087d00000, 0x0000000087d00000, 0x0000000087e00000|  0%| F|  |TAMS 0x0000000087d00000, 0x0000000087d00000| Untracked 
| 126|0x0000000087e00000, 0x0000000087e00000, 0x0000000087f00000|  0%| F|  |TAMS 0x0000000087e00000, 0x0000000087e00000| Untracked 
| 127|0x0000000087f00000, 0x0000000087f00000, 0x0000000088000000|  0%| F|  |TAMS 0x0000000087f00000, 0x0000000087f00000| Untracked 
| 128|0x0000000088000000, 0x0000000088000000, 0x0000000088100000|  0%| F|  |TAMS 0x0000000088000000, 0x0000000088000000| Untracked 
| 129|0x0000000088100000, 0x0000000088100000, 0x0000000088200000|  0%| F|  |TAMS 0x0000000088100000, 0x0000000088100000| Untracked 
| 130|0x0000000088200000, 0x0000000088200000, 0x0000000088300000|  0%| F|  |TAMS 0x0000000088200000, 0x0000000088200000| Untracked 
| 131|0x0000000088300000, 0x0000000088300000, 0x0000000088400000|  0%| F|  |TAMS 0x0000000088300000, 0x0000000088300000| Untracked 
| 132|0x0000000088400000, 0x0000000088400000, 0x0000000088500000|  0%| F|  |TAMS 0x0000000088400000, 0x0000000088400000| Untracked 
| 133|0x0000000088500000, 0x0000000088500000, 0x0000000088600000|  0%| F|  |TAMS 0x0000000088500000, 0x0000000088500000| Untracked 
| 134|0x0000000088600000, 0x0000000088600000, 0x0000000088700000|  0%| F|  |TAMS 0x0000000088600000, 0x0000000088600000| Untracked 
| 135|0x0000000088700000, 0x0000000088700000, 0x0000000088800000|  0%| F|  |TAMS 0x0000000088700000, 0x0000000088700000| Untracked 
| 136|0x0000000088800000, 0x0000000088800000, 0x0000000088900000|  0%| F|  |TAMS 0x0000000088800000, 0x0000000088800000| Untracked 
| 137|0x0000000088900000, 0x0000000088900000, 0x0000000088a00000|  0%| F|  |TAMS 0x0000000088900000, 0x0000000088900000| Untracked 
| 138|0x0000000088a00000, 0x0000000088a00000, 0x0000000088b00000|  0%| F|  |TAMS 0x0000000088a00000, 0x0000000088a00000| Untracked 
| 139|0x0000000088b00000, 0x0000000088b00000, 0x0000000088c00000|  0%| F|  |TAMS 0x0000000088b00000, 0x0000000088b00000| Untracked 
| 140|0x0000000088c00000, 0x0000000088c00000, 0x0000000088d00000|  0%| F|  |TAMS 0x0000000088c00000, 0x0000000088c00000| Untracked 
| 141|0x0000000088d00000, 0x0000000088d00000, 0x0000000088e00000|  0%| F|  |TAMS 0x0000000088d00000, 0x0000000088d00000| Untracked 
| 142|0x0000000088e00000, 0x0000000088e00000, 0x0000000088f00000|  0%| F|  |TAMS 0x0000000088e00000, 0x0000000088e00000| Untracked 
| 143|0x0000000088f00000, 0x0000000088f00000, 0x0000000089000000|  0%| F|  |TAMS 0x0000000088f00000, 0x0000000088f00000| Untracked 
| 144|0x0000000089000000, 0x0000000089000000, 0x0000000089100000|  0%| F|  |TAMS 0x0000000089000000, 0x0000000089000000| Untracked 
| 145|0x0000000089100000, 0x0000000089100000, 0x0000000089200000|  0%| F|  |TAMS 0x0000000089100000, 0x0000000089100000| Untracked 
| 146|0x0000000089200000, 0x0000000089200000, 0x0000000089300000|  0%| F|  |TAMS 0x0000000089200000, 0x0000000089200000| Untracked 
| 147|0x0000000089300000, 0x0000000089300000, 0x0000000089400000|  0%| F|  |TAMS 0x0000000089300000, 0x0000000089300000| Untracked 
| 148|0x0000000089400000, 0x0000000089400000, 0x0000000089500000|  0%| F|  |TAMS 0x0000000089400000, 0x0000000089400000| Untracked 
| 149|0x0000000089500000, 0x0000000089500000, 0x0000000089600000|  0%| F|  |TAMS 0x0000000089500000, 0x0000000089500000| Untracked 
| 150|0x0000000089600000, 0x0000000089600000, 0x0000000089700000|  0%| F|  |TAMS 0x0000000089600000, 0x0000000089600000| Untracked 
| 151|0x0000000089700000, 0x0000000089700000, 0x0000000089800000|  0%| F|  |TAMS 0x0000000089700000, 0x0000000089700000| Untracked 
| 152|0x0000000089800000, 0x0000000089800000, 0x0000000089900000|  0%| F|  |TAMS 0x0000000089800000, 0x0000000089800000| Untracked 
| 153|0x0000000089900000, 0x0000000089900000, 0x0000000089a00000|  0%| F|  |TAMS 0x0000000089900000, 0x0000000089900000| Untracked 
| 154|0x0000000089a00000, 0x0000000089a00000, 0x0000000089b00000|  0%| F|  |TAMS 0x0000000089a00000, 0x0000000089a00000| Untracked 
| 155|0x0000000089b00000, 0x0000000089b00000, 0x0000000089c00000|  0%| F|  |TAMS 0x0000000089b00000, 0x0000000089b00000| Untracked 
| 156|0x0000000089c00000, 0x0000000089c00000, 0x0000000089d00000|  0%| F|  |TAMS 0x0000000089c00000, 0x0000000089c00000| Untracked 
| 157|0x0000000089d00000, 0x0000000089d00000, 0x0000000089e00000|  0%| F|  |TAMS 0x0000000089d00000, 0x0000000089d00000| Untracked 
| 158|0x0000000089e00000, 0x0000000089e00000, 0x0000000089f00000|  0%| F|  |TAMS 0x0000000089e00000, 0x0000000089e00000| Untracked 
| 159|0x0000000089f00000, 0x0000000089f00000, 0x000000008a000000|  0%| F|  |TAMS 0x0000000089f00000, 0x0000000089f00000| Untracked 
| 160|0x000000008a000000, 0x000000008a000000, 0x000000008a100000|  0%| F|  |TAMS 0x000000008a000000, 0x000000008a000000| Untracked 
| 161|0x000000008a100000, 0x000000008a100000, 0x000000008a200000|  0%| F|  |TAMS 0x000000008a100000, 0x000000008a100000| Untracked 
| 162|0x000000008a200000, 0x000000008a200000, 0x000000008a300000|  0%| F|  |TAMS 0x000000008a200000, 0x000000008a200000| Untracked 
| 163|0x000000008a300000, 0x000000008a300000, 0x000000008a400000|  0%| F|  |TAMS 0x000000008a300000, 0x000000008a300000| Untracked 
| 164|0x000000008a400000, 0x000000008a400000, 0x000000008a500000|  0%| F|  |TAMS 0x000000008a400000, 0x000000008a400000| Untracked 
| 165|0x000000008a500000, 0x000000008a500000, 0x000000008a600000|  0%| F|  |TAMS 0x000000008a500000, 0x000000008a500000| Untracked 
| 166|0x000000008a600000, 0x000000008a600000, 0x000000008a700000|  0%| F|  |TAMS 0x000000008a600000, 0x000000008a600000| Untracked 
| 167|0x000000008a700000, 0x000000008a700000, 0x000000008a800000|  0%| F|  |TAMS 0x000000008a700000, 0x000000008a700000| Untracked 
| 168|0x000000008a800000, 0x000000008a800000, 0x000000008a900000|  0%| F|  |TAMS 0x000000008a800000, 0x000000008a800000| Untracked 
| 169|0x000000008a900000, 0x000000008a900000, 0x000000008aa00000|  0%| F|  |TAMS 0x000000008a900000, 0x000000008a900000| Untracked 
| 170|0x000000008aa00000, 0x000000008aa00000, 0x000000008ab00000|  0%| F|  |TAMS 0x000000008aa00000, 0x000000008aa00000| Untracked 

Card table byte_map: [0x000001239f460000,0x000001239f860000] _byte_map_base: 0x000001239f060000

Marking Bits (Prev, Next): (CMBitMap*) 0x000001238c27f3b0, (CMBitMap*) 0x000001238c27f378
 Prev Bits: [0x00000123a1c60000, 0x00000123a3c60000)
 Next Bits: [0x000001239fc60000, 0x00000123a1c60000)

Polling page: 0x000001238a200000

Metaspace:

Usage:
  Non-class:     43.44 MB capacity,    42.44 MB ( 98%) used,   891.78 KB (  2%) free+waste,   134.69 KB ( <1%) overhead. 
      Class:      6.68 MB capacity,     6.19 MB ( 93%) used,   436.37 KB (  6%) free+waste,    64.63 KB ( <1%) overhead. 
       Both:     50.13 MB capacity,    48.63 MB ( 97%) used,     1.30 MB (  3%) free+waste,   199.31 KB ( <1%) overhead. 

Virtual space:
  Non-class space:       44.00 MB reserved,      43.50 MB ( 99%) committed 
      Class space:        1.00 GB reserved,       6.75 MB ( <1%) committed 
             Both:        1.04 GB reserved,      50.25 MB (  5%) committed 

Chunk freelists:
   Non-Class:  59.00 KB
       Class:  0 bytes
        Both:  59.00 KB

MaxMetaspaceSize: 17179869184.00 GB
CompressedClassSpaceSize: 1.00 GB

CodeHeap 'non-profiled nmethods': size=120000Kb used=3583Kb max_used=3583Kb free=116417Kb
 bounds [0x0000012397800000, 0x0000012397b80000, 0x000001239ed30000]
CodeHeap 'profiled nmethods': size=120000Kb used=12891Kb max_used=12891Kb free=107108Kb
 bounds [0x00000123902d0000, 0x0000012390f70000, 0x0000012397800000]
CodeHeap 'non-nmethods': size=5760Kb used=2234Kb max_used=2281Kb free=3525Kb
 bounds [0x000001238fd30000, 0x000001238ffa0000, 0x00000123902d0000]
 total_blobs=6593 nmethods=5795 adapters=708
 compilation: enabled
              stopped_count=0, restarted_count=0
 full_count=0

Compilation events (20 events):
Event: 5.857 Thread 0x00000123a66c7000 5878       2       org.objectweb.asm.Label::pushSuccessors (77 bytes)
Event: 5.857 Thread 0x00000123a66c7000 nmethod 5878 0x0000012390f4e510 code [0x0000012390f4e6c0, 0x0000012390f4e8d8]
Event: 5.859 Thread 0x00000123a66c7000 5879       3       org.objectweb.asm.AnnotationWriter::visit (935 bytes)
Event: 5.862 Thread 0x00000123a66c7000 nmethod 5879 0x0000012390f4ea10 code [0x0000012390f4f0e0, 0x0000012390f53118]
Event: 5.866 Thread 0x00000123a66c7000 5880       2       org.objectweb.asm.FieldWriter::visitTypeAnnotation (45 bytes)
Event: 5.866 Thread 0x00000123a66c7000 nmethod 5880 0x0000012390f54790 code [0x0000012390f54960, 0x0000012390f54b78]
Event: 5.866 Thread 0x00000123a66c7000 5881 %     3       org.objectweb.asm.ClassReader::readElementValue @ 980 (1237 bytes)
Event: 5.870 Thread 0x00000123a66c7000 nmethod 5881% 0x0000012390f54c90 code [0x0000012390f55460, 0x0000012390f5a668]
Event: 5.871 Thread 0x00000123a66c7000 5883       3       org.objectweb.asm.ClassReader::readElementValue (1237 bytes)
Event: 5.875 Thread 0x00000123a66c7000 nmethod 5883 0x0000012390f5c810 code [0x0000012390f5cfe0, 0x0000012390f620a8]
Event: 5.877 Thread 0x00000123a66c7000 5884       2       java.util.stream.AbstractPipeline::copyInto (54 bytes)
Event: 5.878 Thread 0x00000123a66c7000 nmethod 5884 0x0000012390f64210 code [0x0000012390f64420, 0x0000012390f646f8]
Event: 5.888 Thread 0x00000123a66c7000 5885       2       java.util.concurrent.locks.ReentrantLock$NonfairSync::<init> (5 bytes)
Event: 5.888 Thread 0x00000123a66c7000 nmethod 5885 0x0000012390f64890 code [0x0000012390f64a40, 0x0000012390f64b38]
Event: 5.888 Thread 0x00000123a66c7000 5886   !   2       java.util.concurrent.ArrayBlockingQueue::put (58 bytes)
Event: 5.889 Thread 0x00000123a66c7000 nmethod 5886 0x0000012390f64c10 code [0x0000012390f64e60, 0x0000012390f65348]
Event: 5.943 Thread 0x00000123a66c7000 5887 %     3       com.google.common.io.ByteStreams::read @ 27 (70 bytes)
Event: 5.943 Thread 0x00000123a66c7000 nmethod 5887% 0x0000012390f65790 code [0x0000012390f659c0, 0x0000012390f66138]
Event: 5.944 Thread 0x00000123a66c7000 5888       3       com.google.common.io.ByteStreams::read (70 bytes)
Event: 5.944 Thread 0x00000123a66c7000 nmethod 5888 0x0000012390f66390 code [0x0000012390f665c0, 0x0000012390f66c98]

GC Heap History (20 events):
Event: 4.902 GC heap after
{Heap after GC invocations=16 (full 0):
 garbage-first heap   total 145408K, used 59608K [0x0000000080000000, 0x0000000100000000)
  region size 1024K, 5 young (5120K), 5 survivors (5120K)
 Metaspace       used 49667K, capacity 51197K, committed 51456K, reserved 1093632K
  class space    used 6340K, capacity 6844K, committed 6912K, reserved 1048576K
}
Event: 4.978 GC heap before
{Heap before GC invocations=16 (full 0):
 garbage-first heap   total 145408K, used 115928K [0x0000000080000000, 0x0000000100000000)
  region size 1024K, 62 young (63488K), 5 survivors (5120K)
 Metaspace       used 49679K, capacity 51198K, committed 51456K, reserved 1093632K
  class space    used 6340K, capacity 6844K, committed 6912K, reserved 1048576K
}
Event: 4.981 GC heap after
{Heap after GC invocations=17 (full 0):
 garbage-first heap   total 145408K, used 59687K [0x0000000080000000, 0x0000000100000000)
  region size 1024K, 5 young (5120K), 5 survivors (5120K)
 Metaspace       used 49679K, capacity 51198K, committed 51456K, reserved 1093632K
  class space    used 6340K, capacity 6844K, committed 6912K, reserved 1048576K
}
Event: 5.068 GC heap before
{Heap before GC invocations=17 (full 0):
 garbage-first heap   total 145408K, used 117031K [0x0000000080000000, 0x0000000100000000)
  region size 1024K, 63 young (64512K), 5 survivors (5120K)
 Metaspace       used 49692K, capacity 51198K, committed 51456K, reserved 1093632K
  class space    used 6340K, capacity 6844K, committed 6912K, reserved 1048576K
}
Event: 5.071 GC heap after
{Heap after GC invocations=18 (full 0):
 garbage-first heap   total 145408K, used 60212K [0x0000000080000000, 0x0000000100000000)
  region size 1024K, 5 young (5120K), 5 survivors (5120K)
 Metaspace       used 49692K, capacity 51198K, committed 51456K, reserved 1093632K
  class space    used 6340K, capacity 6844K, committed 6912K, reserved 1048576K
}
Event: 5.152 GC heap before
{Heap before GC invocations=18 (full 0):
 garbage-first heap   total 145408K, used 118580K [0x0000000080000000, 0x0000000100000000)
  region size 1024K, 63 young (64512K), 5 survivors (5120K)
 Metaspace       used 49700K, capacity 51199K, committed 51456K, reserved 1093632K
  class space    used 6340K, capacity 6844K, committed 6912K, reserved 1048576K
}
Event: 5.157 GC heap after
{Heap after GC invocations=19 (full 0):
 garbage-first heap   total 175104K, used 60020K [0x0000000080000000, 0x0000000100000000)
  region size 1024K, 3 young (3072K), 3 survivors (3072K)
 Metaspace       used 49700K, capacity 51199K, committed 51456K, reserved 1093632K
  class space    used 6340K, capacity 6844K, committed 6912K, reserved 1048576K
}
Event: 5.276 GC heap before
{Heap before GC invocations=19 (full 0):
 garbage-first heap   total 175104K, used 135796K [0x0000000080000000, 0x0000000100000000)
  region size 1024K, 79 young (80896K), 3 survivors (3072K)
 Metaspace       used 49740K, capacity 51200K, committed 51456K, reserved 1093632K
  class space    used 6341K, capacity 6844K, committed 6912K, reserved 1048576K
}
Event: 5.279 GC heap after
{Heap after GC invocations=20 (full 0):
 garbage-first heap   total 175104K, used 60629K [0x0000000080000000, 0x0000000100000000)
  region size 1024K, 3 young (3072K), 3 survivors (3072K)
 Metaspace       used 49740K, capacity 51200K, committed 51456K, reserved 1093632K
  class space    used 6341K, capacity 6844K, committed 6912K, reserved 1048576K
}
Event: 5.387 GC heap before
{Heap before GC invocations=20 (full 0):
 garbage-first heap   total 175104K, used 142549K [0x0000000080000000, 0x0000000100000000)
  region size 1024K, 85 young (87040K), 3 survivors (3072K)
 Metaspace       used 49763K, capacity 51264K, committed 51456K, reserved 1093632K
  class space    used 6343K, capacity 6844K, committed 6912K, reserved 1048576K
}
Event: 5.389 GC heap after
{Heap after GC invocations=21 (full 0):
 garbage-first heap   total 175104K, used 61079K [0x0000000080000000, 0x0000000100000000)
  region size 1024K, 4 young (4096K), 4 survivors (4096K)
 Metaspace       used 49763K, capacity 51264K, committed 51456K, reserved 1093632K
  class space    used 6343K, capacity 6844K, committed 6912K, reserved 1048576K
}
Event: 5.519 GC heap before
{Heap before GC invocations=21 (full 0):
 garbage-first heap   total 175104K, used 144023K [0x0000000080000000, 0x0000000100000000)
  region size 1024K, 87 young (89088K), 4 survivors (4096K)
 Metaspace       used 49769K, capacity 51328K, committed 51456K, reserved 1093632K
  class space    used 6343K, capacity 6844K, committed 6912K, reserved 1048576K
}
Event: 5.521 GC heap after
{Heap after GC invocations=22 (full 0):
 garbage-first heap   total 175104K, used 61135K [0x0000000080000000, 0x0000000100000000)
  region size 1024K, 4 young (4096K), 4 survivors (4096K)
 Metaspace       used 49769K, capacity 51328K, committed 51456K, reserved 1093632K
  class space    used 6343K, capacity 6844K, committed 6912K, reserved 1048576K
}
Event: 5.624 GC heap before
{Heap before GC invocations=22 (full 0):
 garbage-first heap   total 175104K, used 144079K [0x0000000080000000, 0x0000000100000000)
  region size 1024K, 86 young (88064K), 4 survivors (4096K)
 Metaspace       used 49771K, capacity 51328K, committed 51456K, reserved 1093632K
  class space    used 6343K, capacity 6844K, committed 6912K, reserved 1048576K
}
Event: 5.628 GC heap after
{Heap after GC invocations=23 (full 0):
 garbage-first heap   total 175104K, used 62131K [0x0000000080000000, 0x0000000100000000)
  region size 1024K, 5 young (5120K), 5 survivors (5120K)
 Metaspace       used 49771K, capacity 51328K, committed 51456K, reserved 1093632K
  class space    used 6343K, capacity 6844K, committed 6912K, reserved 1048576K
}
Event: 5.728 GC heap before
{Heap before GC invocations=23 (full 0):
 garbage-first heap   total 175104K, used 145075K [0x0000000080000000, 0x0000000100000000)
  region size 1024K, 87 young (89088K), 5 survivors (5120K)
 Metaspace       used 49780K, capacity 51328K, committed 51456K, reserved 1093632K
  class space    used 6343K, capacity 6844K, committed 6912K, reserved 1048576K
}
Event: 5.730 GC heap after
{Heap after GC invocations=24 (full 0):
 garbage-first heap   total 175104K, used 62663K [0x0000000080000000, 0x0000000100000000)
  region size 1024K, 5 young (5120K), 5 survivors (5120K)
 Metaspace       used 49780K, capacity 51328K, committed 51456K, reserved 1093632K
  class space    used 6343K, capacity 6844K, committed 6912K, reserved 1048576K
}
Event: 5.836 GC heap before
{Heap before GC invocations=24 (full 0):
 garbage-first heap   total 175104K, used 146631K [0x0000000080000000, 0x0000000100000000)
  region size 1024K, 88 young (90112K), 5 survivors (5120K)
 Metaspace       used 49798K, capacity 51329K, committed 51456K, reserved 1093632K
  class space    used 6343K, capacity 6844K, committed 6912K, reserved 1048576K
}
Event: 5.839 GC heap after
{Heap after GC invocations=25 (full 0):
 garbage-first heap   total 175104K, used 63353K [0x0000000080000000, 0x0000000100000000)
  region size 1024K, 6 young (6144K), 6 survivors (6144K)
 Metaspace       used 49798K, capacity 51329K, committed 51456K, reserved 1093632K
  class space    used 6343K, capacity 6844K, committed 6912K, reserved 1048576K
}
Event: 5.948 GC heap before
{Heap before GC invocations=25 (full 0):
 garbage-first heap   total 175104K, used 147321K [0x0000000080000000, 0x0000000100000000)
  region size 1024K, 89 young (91136K), 6 survivors (6144K)
 Metaspace       used 49801K, capacity 51329K, committed 51456K, reserved 1093632K
  class space    used 6343K, capacity 6844K, committed 6912K, reserved 1048576K
}

Deoptimization events (20 events):
Event: 5.741 Thread 0x00000123e95e0000 DEOPT PACKING pc=0x0000012390e0de4e sp=0x00000001036fe650
Event: 5.741 Thread 0x00000123e95e0000 DEOPT UNPACKING pc=0x000001238fd578ce sp=0x00000001036fdb70 mode 0
Event: 5.745 Thread 0x00000123e95e5000 DEOPT PACKING pc=0x0000012390e0de4e sp=0x00000001034fe750
Event: 5.745 Thread 0x00000123e95e5000 DEOPT UNPACKING pc=0x000001238fd578ce sp=0x00000001034fdc70 mode 0
Event: 5.748 Thread 0x00000123e95e4000 DEOPT PACKING pc=0x0000012390e0de4e sp=0x00000001033fe830
Event: 5.748 Thread 0x00000123e95e4000 DEOPT UNPACKING pc=0x000001238fd578ce sp=0x00000001033fdd50 mode 0
Event: 5.754 Thread 0x00000123e95e6800 DEOPT PACKING pc=0x0000012390e0de4e sp=0x00000001037fe570
Event: 5.754 Thread 0x00000123e95e6800 DEOPT UNPACKING pc=0x000001238fd578ce sp=0x00000001037fda90 mode 0
Event: 5.798 Thread 0x00000123e90fa800 Uncommon trap: trap_request=0xffffff4d fr.pc=0x0000012397b710d4 relative=0x0000000000005b54
Event: 5.798 Thread 0x00000123e90fa800 Uncommon trap: reason=unstable_if action=reinterpret pc=0x0000012397b710d4 method=org.objectweb.asm.ClassReader.readMethod(Lorg/objectweb/asm/ClassVisitor;Lorg/objectweb/asm/Context;I)I @ 333 c2
Event: 5.799 Thread 0x00000123e90fa800 DEOPT PACKING pc=0x0000012397b710d4 sp=0x00000001031fe880
Event: 5.799 Thread 0x00000123e90fa800 DEOPT UNPACKING pc=0x000001238fd57aaf sp=0x00000001031fe828 mode 2
Event: 5.799 Thread 0x00000123e90fa800 Uncommon trap: trap_request=0xffffff4d fr.pc=0x0000012397b159f8 relative=0x0000000000000038
Event: 5.799 Thread 0x00000123e90fa800 Uncommon trap: reason=unstable_if action=reinterpret pc=0x0000012397b159f8 method=org.objectweb.asm.Attribute.computeAttributesSize(Lorg/objectweb/asm/SymbolTable;II)I @ 16 c2
Event: 5.799 Thread 0x00000123e90fa800 DEOPT PACKING pc=0x0000012397b159f8 sp=0x00000001031fe960
Event: 5.799 Thread 0x00000123e90fa800 DEOPT UNPACKING pc=0x000001238fd57aaf sp=0x00000001031fe8d8 mode 2
Event: 5.799 Thread 0x00000123e90fa800 Uncommon trap: trap_request=0xffffff4d fr.pc=0x0000012397b15ee4 relative=0x0000000000000044
Event: 5.799 Thread 0x00000123e90fa800 Uncommon trap: reason=unstable_if action=reinterpret pc=0x0000012397b15ee4 method=org.objectweb.asm.Attribute.putAttributes(Lorg/objectweb/asm/SymbolTable;IILorg/objectweb/asm/ByteVector;)V @ 14 c2
Event: 5.799 Thread 0x00000123e90fa800 DEOPT PACKING pc=0x0000012397b15ee4 sp=0x00000001031fe8e0
Event: 5.799 Thread 0x00000123e90fa800 DEOPT UNPACKING pc=0x000001238fd57aaf sp=0x00000001031fe8c8 mode 2

Classes redefined (0 events):
No events

Internal exceptions (20 events):
Event: 5.431 Thread 0x00000123e95e6800 Exception <a 'sun/nio/fs/WindowsException'{0x000000008912c270}> (0x000000008912c270) thrown at [./src/hotspot/share/prims/jni.cpp, line 615]
Event: 5.445 Thread 0x00000123e95e6800 Exception <a 'sun/nio/fs/WindowsException'{0x000000008912c418}> (0x000000008912c418) thrown at [./src/hotspot/share/prims/jni.cpp, line 615]
Event: 5.453 Thread 0x00000123e95e3800 Exception <a 'sun/nio/fs/WindowsException'{0x000000008810c458}> (0x000000008810c458) thrown at [./src/hotspot/share/prims/jni.cpp, line 615]
Event: 5.455 Thread 0x00000123e90fa800 Exception <a 'sun/nio/fs/WindowsException'{0x0000000087cbc3a8}> (0x0000000087cbc3a8) thrown at [./src/hotspot/share/prims/jni.cpp, line 615]
Event: 5.455 Thread 0x00000123e95e3800 Exception <a 'sun/nio/fs/WindowsException'{0x000000008810c610}> (0x000000008810c610) thrown at [./src/hotspot/share/prims/jni.cpp, line 615]
Event: 5.457 Thread 0x00000123e90fa800 Exception <a 'sun/nio/fs/WindowsException'{0x0000000087cbc538}> (0x0000000087cbc538) thrown at [./src/hotspot/share/prims/jni.cpp, line 615]
Event: 5.516 Thread 0x00000123e95e3800 Exception <a 'sun/nio/fs/WindowsException'{0x000000008582e890}> (0x000000008582e890) thrown at [./src/hotspot/share/prims/jni.cpp, line 615]
Event: 5.517 Thread 0x00000123e95e6800 Exception <a 'sun/nio/fs/WindowsException'{0x00000000891357c0}> (0x00000000891357c0) thrown at [./src/hotspot/share/prims/jni.cpp, line 615]
Event: 5.518 Thread 0x00000123e90fa800 Exception <a 'sun/nio/fs/WindowsException'{0x000000008585ebf8}> (0x000000008585ebf8) thrown at [./src/hotspot/share/prims/jni.cpp, line 615]
Event: 5.539 Thread 0x00000123e90fa800 Exception <a 'sun/nio/fs/WindowsException'{0x0000000089fbdf78}> (0x0000000089fbdf78) thrown at [./src/hotspot/share/prims/jni.cpp, line 615]
Event: 5.614 Thread 0x00000123e95e6800 Exception <a 'sun/nio/fs/WindowsException'{0x0000000088d999e0}> (0x0000000088d999e0) thrown at [./src/hotspot/share/prims/jni.cpp, line 615]
Event: 5.624 Thread 0x00000123e95e6800 Exception <a 'sun/nio/fs/WindowsException'{0x0000000088d99b68}> (0x0000000088d99b68) thrown at [./src/hotspot/share/prims/jni.cpp, line 615]
Event: 5.628 Thread 0x00000123e90fa800 Exception <a 'sun/nio/fs/WindowsException'{0x000000008aa00800}> (0x000000008aa00800) thrown at [./src/hotspot/share/prims/jni.cpp, line 615]
Event: 5.715 Thread 0x00000123e95e6800 Exception <a 'sun/nio/fs/WindowsException'{0x0000000086349320}> (0x0000000086349320) thrown at [./src/hotspot/share/prims/jni.cpp, line 615]
Event: 5.778 Thread 0x00000123e90fa800 Exception <a 'sun/nio/fs/WindowsException'{0x000000008aa20bc8}> (0x000000008aa20bc8) thrown at [./src/hotspot/share/prims/jni.cpp, line 615]
Event: 5.790 Thread 0x00000123e90fa800 Exception <a 'sun/nio/fs/WindowsException'{0x0000000087c07640}> (0x0000000087c07640) thrown at [./src/hotspot/share/prims/jni.cpp, line 615]
Event: 5.790 Thread 0x00000123e90fa800 Exception <a 'sun/nio/fs/WindowsException'{0x0000000087c077c0}> (0x0000000087c077c0) thrown at [./src/hotspot/share/prims/jni.cpp, line 615]
Event: 5.794 Thread 0x00000123e90fa800 Exception <a 'sun/nio/fs/WindowsException'{0x00000000879805c0}> (0x00000000879805c0) thrown at [./src/hotspot/share/prims/jni.cpp, line 615]
Event: 5.876 Thread 0x00000123e95e6800 Exception <a 'sun/nio/fs/WindowsException'{0x000000008a29bab0}> (0x000000008a29bab0) thrown at [./src/hotspot/share/prims/jni.cpp, line 615]
Event: 5.917 Thread 0x00000123e95e6800 Exception <a 'sun/nio/fs/WindowsException'{0x000000008a29bc58}> (0x000000008a29bc58) thrown at [./src/hotspot/share/prims/jni.cpp, line 615]

Events (20 events):
Event: 5.325 loading class org/objectweb/asm/TypeReference
Event: 5.325 loading class org/objectweb/asm/TypeReference done
Event: 5.326 loading class org/objectweb/asm/TypePath
Event: 5.326 loading class org/objectweb/asm/TypePath done
Event: 5.385 Executing VM operation: G1CollectForAllocation
Event: 5.386 Executing VM operation: G1CollectForAllocation done
Event: 5.387 Executing VM operation: G1CollectForAllocation
Event: 5.389 Executing VM operation: G1CollectForAllocation done
Event: 5.513 Executing VM operation: G1CollectForAllocation
Event: 5.514 Executing VM operation: G1CollectForAllocation done
Event: 5.519 Executing VM operation: G1CollectForAllocation
Event: 5.521 Executing VM operation: G1CollectForAllocation done
Event: 5.624 Executing VM operation: G1CollectForAllocation
Event: 5.628 Executing VM operation: G1CollectForAllocation done
Event: 5.727 Executing VM operation: G1CollectForAllocation
Event: 5.730 Executing VM operation: G1CollectForAllocation done
Event: 5.766 Loaded shared library C:\Program Files\Android\Android Studio\jre\bin\java.dll
Event: 5.836 Executing VM operation: G1CollectForAllocation
Event: 5.839 Executing VM operation: G1CollectForAllocation done
Event: 5.948 Executing VM operation: G1CollectForAllocation


Dynamic libraries:
0x00007ff7e98a0000 - 0x00007ff7e98aa000 	C:\Program Files\Android\Android Studio\jre\bin\java.exe
0x00007ff999240000 - 0x00007ff999447000 	C:\WINDOWS\SYSTEM32\ntdll.dll
0x00007ff9977f0000 - 0x00007ff9978ad000 	C:\WINDOWS\System32\KERNEL32.DLL
0x00007ff996840000 - 0x00007ff996bb4000 	C:\WINDOWS\System32\KERNELBASE.dll
0x00007ff996bc0000 - 0x00007ff996cd1000 	C:\WINDOWS\System32\ucrtbase.dll
0x00007ff97c880000 - 0x00007ff97c899000 	C:\Program Files\Android\Android Studio\jre\bin\jli.dll
0x00007ff979f80000 - 0x00007ff979f97000 	C:\Program Files\Android\Android Studio\jre\bin\VCRUNTIME140.dll
0x00007ff9979a0000 - 0x00007ff997b4c000 	C:\WINDOWS\System32\USER32.dll
0x00007ff985470000 - 0x00007ff985715000 	C:\WINDOWS\WinSxS\amd64_microsoft.windows.common-controls_6595b64144ccf1df_6.0.22000.120_none_9d947278b86cc467\COMCTL32.dll
0x00007ff996720000 - 0x00007ff996746000 	C:\WINDOWS\System32\win32u.dll
0x00007ff997c90000 - 0x00007ff997d33000 	C:\WINDOWS\System32\msvcrt.dll
0x00007ff998cb0000 - 0x00007ff998cd9000 	C:\WINDOWS\System32\GDI32.dll
0x00007ff996ce0000 - 0x00007ff996df2000 	C:\WINDOWS\System32\gdi32full.dll
0x00007ff996f70000 - 0x00007ff99700d000 	C:\WINDOWS\System32\msvcp_win.dll
0x00007ff997270000 - 0x00007ff9972a1000 	C:\WINDOWS\System32\IMM32.DLL
0x00007ff957df0000 - 0x00007ff957e8d000 	C:\Program Files\Android\Android Studio\jre\bin\msvcp140.dll
0x00007ff94e980000 - 0x00007ff94f44f000 	C:\Program Files\Android\Android Studio\jre\bin\server\jvm.dll
0x00007ff998390000 - 0x00007ff99843c000 	C:\WINDOWS\System32\ADVAPI32.dll
0x00007ff999150000 - 0x00007ff9991ed000 	C:\WINDOWS\System32\sechost.dll
0x00007ff997490000 - 0x00007ff9975b1000 	C:\WINDOWS\System32\RPCRT4.dll
0x00007ff998440000 - 0x00007ff998448000 	C:\WINDOWS\System32\PSAPI.DLL
0x00007ff994300000 - 0x00007ff994333000 	C:\WINDOWS\SYSTEM32\WINMM.dll
0x00007ff98d7c0000 - 0x00007ff98d7ca000 	C:\WINDOWS\SYSTEM32\VERSION.dll
0x00007ff97fa40000 - 0x00007ff97fa49000 	C:\WINDOWS\SYSTEM32\WSOCK32.dll
0x00007ff9990e0000 - 0x00007ff99914f000 	C:\WINDOWS\System32\WS2_32.dll
0x00007ff995930000 - 0x00007ff995948000 	C:\WINDOWS\SYSTEM32\kernel.appcore.dll
0x00007ff984ca0000 - 0x00007ff984cb1000 	C:\Program Files\Android\Android Studio\jre\bin\verify.dll
0x00007ff9940d0000 - 0x00007ff9942f1000 	C:\WINDOWS\SYSTEM32\DBGHELP.DLL
0x00007ff994090000 - 0x00007ff9940c1000 	C:\WINDOWS\SYSTEM32\dbgcore.DLL
0x00007ff996750000 - 0x00007ff9967d0000 	C:\WINDOWS\System32\bcryptPrimitives.dll
0x00007ff982f40000 - 0x00007ff982f69000 	C:\Program Files\Android\Android Studio\jre\bin\java.dll
0x00007ff98e580000 - 0x00007ff98e58b000 	C:\Program Files\Android\Android Studio\jre\bin\jimage.dll
0x00007ff9846d0000 - 0x00007ff9846e8000 	C:\Program Files\Android\Android Studio\jre\bin\zip.dll
0x00007ff998500000 - 0x00007ff998caa000 	C:\WINDOWS\System32\SHELL32.dll
0x00007ff994880000 - 0x00007ff9950e2000 	C:\WINDOWS\SYSTEM32\windows.storage.dll
0x00007ff998d60000 - 0x00007ff9990d8000 	C:\WINDOWS\System32\combase.dll
0x00007ff994710000 - 0x00007ff994876000 	C:\WINDOWS\SYSTEM32\wintypes.dll
0x00007ff9978b0000 - 0x00007ff99799a000 	C:\WINDOWS\System32\SHCORE.dll
0x00007ff997b50000 - 0x00007ff997bad000 	C:\WINDOWS\System32\shlwapi.dll
0x00007ff996650000 - 0x00007ff996671000 	C:\WINDOWS\SYSTEM32\profapi.dll
0x00007ff984350000 - 0x00007ff98436a000 	C:\Program Files\Android\Android Studio\jre\bin\net.dll
0x00007ff990c80000 - 0x00007ff990d8c000 	C:\WINDOWS\SYSTEM32\WINHTTP.dll
0x00007ff995d40000 - 0x00007ff995da7000 	C:\WINDOWS\system32\mswsock.dll
0x00007ff9842d0000 - 0x00007ff9842e4000 	C:\Program Files\Android\Android Studio\jre\bin\nio.dll
0x00007ff961b30000 - 0x00007ff961b57000 	C:\Users\DELL\.gradle\native\8bec1ad78214c89d9ad589b4d07fe93259594b29d510b10fafb7a158f7737e5d\windows-amd64\native-platform.dll
0x00007ff950160000 - 0x00007ff95029d000 	C:\Users\DELL\.gradle\native\53dbd7edfb1c66fb8903c78663c9afc45aea4f116125fa6feffd364cf09443e8\windows-amd64\native-platform-file-events.dll
0x00007ff9857c0000 - 0x00007ff9857ca000 	C:\Program Files\Android\Android Studio\jre\bin\management.dll
0x00007ff984a70000 - 0x00007ff984a7c000 	C:\Program Files\Android\Android Studio\jre\bin\management_ext.dll
0x00007ff995f80000 - 0x00007ff995f98000 	C:\WINDOWS\SYSTEM32\CRYPTSP.dll
0x00007ff995890000 - 0x00007ff9958c5000 	C:\WINDOWS\system32\rsaenh.dll
0x00007ff995e30000 - 0x00007ff995e59000 	C:\WINDOWS\SYSTEM32\USERENV.dll
0x00007ff996100000 - 0x00007ff996127000 	C:\WINDOWS\SYSTEM32\bcrypt.dll
0x00007ff995fa0000 - 0x00007ff995fac000 	C:\WINDOWS\SYSTEM32\CRYPTBASE.dll
0x00007ff9953b0000 - 0x00007ff9953dd000 	C:\WINDOWS\SYSTEM32\IPHLPAPI.DLL
0x00007ff9984f0000 - 0x00007ff9984f9000 	C:\WINDOWS\System32\NSI.dll
0x00007ff98f9f0000 - 0x00007ff98fa09000 	C:\WINDOWS\SYSTEM32\dhcpcsvc6.DLL
0x00007ff98fca0000 - 0x00007ff98fcbe000 	C:\WINDOWS\SYSTEM32\dhcpcsvc.DLL
0x00007ff9953e0000 - 0x00007ff9954c7000 	C:\WINDOWS\SYSTEM32\DNSAPI.dll

dbghelp: loaded successfully - version: 4.0.5 - missing functions: none
symbol engine: initialized successfully - sym options: 0x614 - pdb path: .;C:\Program Files\Android\Android Studio\jre\bin;C:\WINDOWS\SYSTEM32;C:\WINDOWS\WinSxS\amd64_microsoft.windows.common-controls_6595b64144ccf1df_6.0.22000.120_none_9d947278b86cc467;C:\Program Files\Android\Android Studio\jre\bin\server;C:\Users\DELL\.gradle\native\8bec1ad78214c89d9ad589b4d07fe93259594b29d510b10fafb7a158f7737e5d\windows-amd64;C:\Users\DELL\.gradle\native\53dbd7edfb1c66fb8903c78663c9afc45aea4f116125fa6feffd364cf09443e8\windows-amd64

VM Arguments:
jvm_args: --add-opens=java.base/java.util=ALL-UNNAMED --add-opens=java.base/java.lang=ALL-UNNAMED --add-opens=java.base/java.lang.invoke=ALL-UNNAMED --add-opens=java.base/java.util=ALL-UNNAMED --add-opens=java.prefs/java.util.prefs=ALL-UNNAMED --add-opens=java.prefs/java.util.prefs=ALL-UNNAMED --add-opens=java.base/java.nio.charset=ALL-UNNAMED --add-opens=java.base/java.net=ALL-UNNAMED --add-opens=java.base/java.util.concurrent.atomic=ALL-UNNAMED -Xmx2048m -Dfile.encoding=UTF-8 -Duser.country=US -Duser.language=en -Duser.variant 
java_command: org.gradle.launcher.daemon.bootstrap.GradleDaemon 7.0.2
java_class_path (initial): C:\Users\DELL\.gradle\wrapper\dists\gradle-7.0.2-bin\857tjihv64xamwrf0h14cai3r\gradle-7.0.2\lib\gradle-launcher-7.0.2.jar
Launcher Type: SUN_STANDARD

[Global flags]
     intx CICompilerCount                          = 4                                         {product} {ergonomic}
     uint ConcGCThreads                            = 2                                         {product} {ergonomic}
     uint G1ConcRefinementThreads                  = 8                                         {product} {ergonomic}
   size_t G1HeapRegionSize                         = 1048576                                   {product} {ergonomic}
    uintx GCDrainStackTargetSize                   = 64                                        {product} {ergonomic}
   size_t InitialHeapSize                          = 123731968                                 {product} {ergonomic}
   size_t MarkStackSize                            = 4194304                                   {product} {ergonomic}
   size_t MaxHeapSize                              = 2147483648                                {product} {command line}
   size_t MaxNewSize                               = 1287651328                                {product} {ergonomic}
   size_t MinHeapDeltaBytes                        = 1048576                                   {product} {ergonomic}
    uintx NonNMethodCodeHeapSize                   = 5836300                                {pd product} {ergonomic}
    uintx NonProfiledCodeHeapSize                  = 122910970                              {pd product} {ergonomic}
    uintx ProfiledCodeHeapSize                     = 122910970                              {pd product} {ergonomic}
    uintx ReservedCodeCacheSize                    = 251658240                              {pd product} {ergonomic}
     bool SegmentedCodeCache                       = true                                      {product} {ergonomic}
     bool UseCompressedClassPointers               = true                                 {lp64_product} {ergonomic}
     bool UseCompressedOops                        = true                                 {lp64_product} {ergonomic}
     bool UseG1GC                                  = true                                      {product} {ergonomic}
     bool UseLargePagesIndividualAllocation        = false                                  {pd product} {ergonomic}

Logging:
Log output configuration:
 #0: stdout all=warning uptime,level,tags
 #1: stderr all=off uptime,level,tags

Environment Variables:
PATH=C:\app\DELL\product\21c\dbhomeXE\bin;D:\db_home\bin;C:\db_home\bin;C:\Program Files (x86)\VMware\VMware Player\bin\;C:\Program Files\Python39\Scripts\;C:\Program Files\Python39\;C:\Program Files\Common Files\Oracle\Java\javapath;C:\WINDOWS\system32;C:\WINDOWS;C:\WINDOWS\System32\Wbem;C:\WINDOWS\System32\WindowsPowerShell\v1.0\;C:\WINDOWS\System32\OpenSSH\;C:\Program Files\Git\cmd;C:\Program Files (x86)\dotnet\;C:\Users\DELL\AppData\Local\Microsoft\WindowsApps;C:\Users\DELL\AppData\Local\Programs\Microsoft VS Code\bin;C:\Program Files\CodeBlocks\MinGW\bin;C:\Program Files\JetBrains\PyCharm Community Edition 2021.2.1\bin;C:\Users\DELL\AppData\Local\atom\bin;%USERPROFILE%\AppData\Local\Microsoft\WindowsApps;
USERNAME=DELL
OS=Windows_NT
PROCESSOR_IDENTIFIER=AMD64 Family 23 Model 96 Stepping 1, AuthenticAMD



---------------  S Y S T E M  ---------------

OS: Windows 10 , 64 bit Build 22000 (10.0.22000.318)
OS uptime: 0 days 10:51 hours

CPU:total 8 (initial active 8) (8 cores per cpu, 1 threads per core) family 23 model 96 stepping 1 microcode 0x0, cmov, cx8, fxsr, mmx, sse, sse2, sse3, ssse3, sse4.1, sse4.2, popcnt, avx, avx2, aes, clmul, mmxext, 3dnowpref, lzcnt, sse4a, tsc, tscinvbit, tscinv, bmi1, bmi2, adx, sha, 

Memory: 4k page, system-wide physical 7545M (1033M free)
TotalPageFile size 7545M (AvailPageFile size 39M)
current process WorkingSet (physical memory assigned to process): 374M, peak: 377M
current process commit charge ("private bytes"): 412M, peak: 447M

vm_info: OpenJDK 64-Bit Server VM (11.0.10+0-b96-7249189) for windows-amd64 JRE (11.0.10+0-b96-7249189), built on Mar 31 2021 21:44:00 by "builder" with MS VC++ 14.0 (VS2015)

END.
